[ 2019-08-12T10:10:17+08:00 ] /abcTest/admin.php/Index/index | INFO: Tag[ route_check ] --START--
[ 2019-08-12T10:10:17+08:00 ] /abcTest/admin.php/Index/index | INFO: Run CheckRoute Behavior [ RunTime:0.001370s ]
[ 2019-08-12T10:10:17+08:00 ] /abcTest/admin.php/Index/index | INFO: Tag[ route_check ] --END-- [ RunTime:0.001618s ]
[ 2019-08-12T10:10:17+08:00 ] /abcTest/admin.php/Index/index | INFO: Tag[ app_begin ] --START--
[ 2019-08-12T10:10:17+08:00 ] /abcTest/admin.php/Index/index | INFO: Run ReadHtmlCache Behavior [ RunTime:0.001260s ]
[ 2019-08-12T10:10:17+08:00 ] /abcTest/admin.php/Index/index | INFO: Tag[ app_begin ] --END-- [ RunTime:0.001471s ]
[ 2019-08-12T10:10:17+08:00 ] /abcTest/admin.php/Index/index | INFO: Tag[ view_template ] --START--
[ 2019-08-12T10:10:17+08:00 ] /abcTest/admin.php/Index/index | INFO: Run LocationTemplate Behavior [ RunTime:0.001236s ]
[ 2019-08-12T10:10:17+08:00 ] /abcTest/admin.php/Index/index | INFO: Tag[ view_template ] --END-- [ RunTime:0.001427s ]
[ 2019-08-12T10:10:17+08:00 ] /abcTest/admin.php/Index/index | INFO: Tag[ view_parse ] --START--
[ 2019-08-12T10:10:17+08:00 ] /abcTest/admin.php/Index/index | NOTIC: [8] Undefined variable: title 4c18d5952d0dbf1eedb8a1ec796fa788.php 第 5 行.
[ 2019-08-12T10:10:17+08:00 ] /abcTest/admin.php/Index/index | INFO: Run ParseTemplate Behavior [ RunTime:0.017135s ]
[ 2019-08-12T10:10:17+08:00 ] /abcTest/admin.php/Index/index | INFO: Tag[ view_parse ] --END-- [ RunTime:0.017328s ]
[ 2019-08-12T10:10:17+08:00 ] /abcTest/admin.php/Index/index | INFO: Tag[ view_filter ] --START--
[ 2019-08-12T10:10:17+08:00 ] /abcTest/admin.php/Index/index | INFO: Run ContentReplace Behavior [ RunTime:0.000762s ]
[ 2019-08-12T10:10:17+08:00 ] /abcTest/admin.php/Index/index | INFO: Run TokenBuild Behavior [ RunTime:0.000868s ]
[ 2019-08-12T10:10:17+08:00 ] /abcTest/admin.php/Index/index | INFO: Run WriteHtmlCache Behavior [ RunTime:0.000550s ]
[ 2019-08-12T10:10:17+08:00 ] /abcTest/admin.php/Index/index | INFO: Run ShowRuntime Behavior [ RunTime:0.001196s ]
[ 2019-08-12T10:10:17+08:00 ] /abcTest/admin.php/Index/index | INFO: Tag[ view_filter ] --END-- [ RunTime:0.003920s ]
[ 2019-08-12T10:10:17+08:00 ] /abcTest/admin.php/Index/index | INFO: Tag[ view_end ] --START--
[ 2019-08-12T10:10:17+08:00 ] /abcTest/admin.php/Index/index | INFO: Run ShowPageTrace Behavior [ RunTime:0.000871s ]
[ 2019-08-12T10:10:17+08:00 ] /abcTest/admin.php/Index/index | INFO: Tag[ view_end ] --END-- [ RunTime:0.001113s ]
[ 2019-08-12T10:10:22+08:00 ] /abcTest/admin.php/Index/resources/images/closelabel.gif | ERR: (ThinkException) 非法操作resources
[ 2019-08-12T10:10:35+08:00 ] /abcTest/admin.php/Index/index | INFO: Tag[ route_check ] --START--
[ 2019-08-12T10:10:35+08:00 ] /abcTest/admin.php/Index/index | INFO: Run CheckRoute Behavior [ RunTime:0.001683s ]
[ 2019-08-12T10:10:35+08:00 ] /abcTest/admin.php/Index/index | INFO: Tag[ route_check ] --END-- [ RunTime:0.001958s ]
[ 2019-08-12T10:10:35+08:00 ] /abcTest/admin.php/Index/index | INFO: Tag[ app_begin ] --START--
[ 2019-08-12T10:10:35+08:00 ] /abcTest/admin.php/Index/index | INFO: Run ReadHtmlCache Behavior [ RunTime:0.001321s ]
[ 2019-08-12T10:10:35+08:00 ] /abcTest/admin.php/Index/index | INFO: Tag[ app_begin ] --END-- [ RunTime:0.001553s ]
[ 2019-08-12T10:10:35+08:00 ] /abcTest/admin.php/Index/index | INFO: Tag[ view_template ] --START--
[ 2019-08-12T10:10:35+08:00 ] /abcTest/admin.php/Index/index | INFO: Run LocationTemplate Behavior [ RunTime:0.001396s ]
[ 2019-08-12T10:10:35+08:00 ] /abcTest/admin.php/Index/index | INFO: Tag[ view_template ] --END-- [ RunTime:0.001638s ]
[ 2019-08-12T10:10:35+08:00 ] /abcTest/admin.php/Index/index | INFO: Tag[ view_parse ] --START--
[ 2019-08-12T10:10:35+08:00 ] /abcTest/admin.php/Index/index | NOTIC: [8] Undefined variable: title 4c18d5952d0dbf1eedb8a1ec796fa788.php 第 5 行.
[ 2019-08-12T10:10:35+08:00 ] /abcTest/admin.php/Index/index | INFO: Run ParseTemplate Behavior [ RunTime:0.017496s ]
[ 2019-08-12T10:10:35+08:00 ] /abcTest/admin.php/Index/index | INFO: Tag[ view_parse ] --END-- [ RunTime:0.017786s ]
[ 2019-08-12T10:10:35+08:00 ] /abcTest/admin.php/Index/index | INFO: Tag[ view_filter ] --START--
[ 2019-08-12T10:10:35+08:00 ] /abcTest/admin.php/Index/index | INFO: Run ContentReplace Behavior [ RunTime:0.001123s ]
[ 2019-08-12T10:10:35+08:00 ] /abcTest/admin.php/Index/index | INFO: Run TokenBuild Behavior [ RunTime:0.001364s ]
[ 2019-08-12T10:10:35+08:00 ] /abcTest/admin.php/Index/index | INFO: Run WriteHtmlCache Behavior [ RunTime:0.000593s ]
[ 2019-08-12T10:10:35+08:00 ] /abcTest/admin.php/Index/index | INFO: Run ShowRuntime Behavior [ RunTime:0.001175s ]
[ 2019-08-12T10:10:35+08:00 ] /abcTest/admin.php/Index/index | INFO: Tag[ view_filter ] --END-- [ RunTime:0.004950s ]
[ 2019-08-12T10:10:35+08:00 ] /abcTest/admin.php/Index/index | INFO: Tag[ view_end ] --START--
[ 2019-08-12T10:10:35+08:00 ] /abcTest/admin.php/Index/index | INFO: Run ShowPageTrace Behavior [ RunTime:0.000835s ]
[ 2019-08-12T10:10:35+08:00 ] /abcTest/admin.php/Index/index | INFO: Tag[ view_end ] --END-- [ RunTime:0.001028s ]
[ 2019-08-12T10:10:39+08:00 ] /abcTest/admin.php/Index/resources/images/closelabel.gif | ERR: (ThinkException) 非法操作resources
[ 2019-08-12T10:11:17+08:00 ] /abcTest/admin.php/Index/index | INFO: Tag[ route_check ] --START--
[ 2019-08-12T10:11:17+08:00 ] /abcTest/admin.php/Index/index | INFO: Run CheckRoute Behavior [ RunTime:0.001698s ]
[ 2019-08-12T10:11:17+08:00 ] /abcTest/admin.php/Index/index | INFO: Tag[ route_check ] --END-- [ RunTime:0.001987s ]
[ 2019-08-12T10:11:17+08:00 ] /abcTest/admin.php/Index/index | INFO: Tag[ app_begin ] --START--
[ 2019-08-12T10:11:17+08:00 ] /abcTest/admin.php/Index/index | INFO: Run ReadHtmlCache Behavior [ RunTime:0.001626s ]
[ 2019-08-12T10:11:17+08:00 ] /abcTest/admin.php/Index/index | INFO: Tag[ app_begin ] --END-- [ RunTime:0.001914s ]
[ 2019-08-12T10:11:17+08:00 ] /abcTest/admin.php/Index/index | NOTIC: [8] Undefined index: username functions.php 第 441 行.
[ 2019-08-12T10:11:17+08:00 ] /abcTest/admin.php/Index/index | INFO: Tag[ view_template ] --START--
[ 2019-08-12T10:11:17+08:00 ] /abcTest/admin.php/Index/index | INFO: Run LocationTemplate Behavior [ RunTime:0.000810s ]
[ 2019-08-12T10:11:17+08:00 ] /abcTest/admin.php/Index/index | INFO: Tag[ view_template ] --END-- [ RunTime:0.001027s ]
[ 2019-08-12T10:11:17+08:00 ] /abcTest/admin.php/Index/index | INFO: Tag[ view_parse ] --START--
[ 2019-08-12T10:11:17+08:00 ] /abcTest/admin.php/Index/index | NOTIC: [8] Undefined variable: title 4c18d5952d0dbf1eedb8a1ec796fa788.php 第 5 行.
[ 2019-08-12T10:11:17+08:00 ] /abcTest/admin.php/Index/index | INFO: Run ParseTemplate Behavior [ RunTime:0.021398s ]
[ 2019-08-12T10:11:17+08:00 ] /abcTest/admin.php/Index/index | INFO: Tag[ view_parse ] --END-- [ RunTime:0.021640s ]
[ 2019-08-12T10:11:17+08:00 ] /abcTest/admin.php/Index/index | INFO: Tag[ view_filter ] --START--
[ 2019-08-12T10:11:17+08:00 ] /abcTest/admin.php/Index/index | INFO: Run ContentReplace Behavior [ RunTime:0.001098s ]
[ 2019-08-12T10:11:17+08:00 ] /abcTest/admin.php/Index/index | INFO: Run TokenBuild Behavior [ RunTime:0.001119s ]
[ 2019-08-12T10:11:17+08:00 ] /abcTest/admin.php/Index/index | INFO: Run WriteHtmlCache Behavior [ RunTime:0.000610s ]
[ 2019-08-12T10:11:17+08:00 ] /abcTest/admin.php/Index/index | INFO: Run ShowRuntime Behavior [ RunTime:0.001374s ]
[ 2019-08-12T10:11:17+08:00 ] /abcTest/admin.php/Index/index | INFO: Tag[ view_filter ] --END-- [ RunTime:0.004876s ]
[ 2019-08-12T10:11:17+08:00 ] /abcTest/admin.php/Index/index | INFO: Tag[ view_end ] --START--
[ 2019-08-12T10:11:17+08:00 ] /abcTest/admin.php/Index/index | INFO: Run ShowPageTrace Behavior [ RunTime:0.001349s ]
[ 2019-08-12T10:11:17+08:00 ] /abcTest/admin.php/Index/index | INFO: Tag[ view_end ] --END-- [ RunTime:0.001649s ]
[ 2019-08-12T10:53:26+08:00 ] /abcTest/admin.php/Index/index | INFO: Tag[ route_check ] --START--
[ 2019-08-12T10:53:26+08:00 ] /abcTest/admin.php/Index/index | INFO: Run CheckRoute Behavior [ RunTime:0.001584s ]
[ 2019-08-12T10:53:26+08:00 ] /abcTest/admin.php/Index/index | INFO: Tag[ route_check ] --END-- [ RunTime:0.001846s ]
[ 2019-08-12T10:53:26+08:00 ] /abcTest/admin.php/Index/index | INFO: Tag[ app_begin ] --START--
[ 2019-08-12T10:53:26+08:00 ] /abcTest/admin.php/Index/index | INFO: Run ReadHtmlCache Behavior [ RunTime:0.001615s ]
[ 2019-08-12T10:53:26+08:00 ] /abcTest/admin.php/Index/index | INFO: Tag[ app_begin ] --END-- [ RunTime:0.001875s ]
[ 2019-08-12T10:53:26+08:00 ] /abcTest/admin.php/Index/index | INFO: Tag[ view_template ] --START--
[ 2019-08-12T10:53:26+08:00 ] /abcTest/admin.php/Index/index | INFO: Run LocationTemplate Behavior [ RunTime:0.001726s ]
[ 2019-08-12T10:53:26+08:00 ] /abcTest/admin.php/Index/index | INFO: Tag[ view_template ] --END-- [ RunTime:0.001990s ]
[ 2019-08-12T10:53:26+08:00 ] /abcTest/admin.php/Index/index | INFO: Tag[ view_parse ] --START--
[ 2019-08-12T10:53:26+08:00 ] /abcTest/admin.php/Index/index | NOTIC: [8] Undefined variable: title 4c18d5952d0dbf1eedb8a1ec796fa788.php 第 5 行.
[ 2019-08-12T10:53:26+08:00 ] /abcTest/admin.php/Index/index | INFO: Run ParseTemplate Behavior [ RunTime:0.017411s ]
[ 2019-08-12T10:53:26+08:00 ] /abcTest/admin.php/Index/index | INFO: Tag[ view_parse ] --END-- [ RunTime:0.017641s ]
[ 2019-08-12T10:53:26+08:00 ] /abcTest/admin.php/Index/index | INFO: Tag[ view_filter ] --START--
[ 2019-08-12T10:53:26+08:00 ] /abcTest/admin.php/Index/index | INFO: Run ContentReplace Behavior [ RunTime:0.000925s ]
[ 2019-08-12T10:53:26+08:00 ] /abcTest/admin.php/Index/index | INFO: Run TokenBuild Behavior [ RunTime:0.000952s ]
[ 2019-08-12T10:53:26+08:00 ] /abcTest/admin.php/Index/index | INFO: Run WriteHtmlCache Behavior [ RunTime:0.000573s ]
[ 2019-08-12T10:53:26+08:00 ] /abcTest/admin.php/Index/index | INFO: Run ShowRuntime Behavior [ RunTime:0.000962s ]
[ 2019-08-12T10:53:26+08:00 ] /abcTest/admin.php/Index/index | INFO: Tag[ view_filter ] --END-- [ RunTime:0.003941s ]
[ 2019-08-12T10:53:26+08:00 ] /abcTest/admin.php/Index/index | INFO: Tag[ view_end ] --START--
[ 2019-08-12T10:53:26+08:00 ] /abcTest/admin.php/Index/index | INFO: Run ShowPageTrace Behavior [ RunTime:0.000698s ]
[ 2019-08-12T10:53:26+08:00 ] /abcTest/admin.php/Index/index | INFO: Tag[ view_end ] --END-- [ RunTime:0.000861s ]
[ 2019-08-12T10:53:29+08:00 ] /abcTest/admin.php/Index/resources/images/closelabel.gif | ERR: (ThinkException) 非法操作resources
[ 2019-08-12T10:53:32+08:00 ] /abcTest/admin.php/Consume/index | INFO: Tag[ route_check ] --START--
[ 2019-08-12T10:53:32+08:00 ] /abcTest/admin.php/Consume/index | INFO: Run CheckRoute Behavior [ RunTime:0.001934s ]
[ 2019-08-12T10:53:32+08:00 ] /abcTest/admin.php/Consume/index | INFO: Tag[ route_check ] --END-- [ RunTime:0.002244s ]
[ 2019-08-12T10:53:32+08:00 ] /abcTest/admin.php/Consume/index | INFO: Tag[ app_begin ] --START--
[ 2019-08-12T10:53:32+08:00 ] /abcTest/admin.php/Consume/index | INFO: Run ReadHtmlCache Behavior [ RunTime:0.001702s ]
[ 2019-08-12T10:53:32+08:00 ] /abcTest/admin.php/Consume/index | INFO: Tag[ app_begin ] --END-- [ RunTime:0.001971s ]
[ 2019-08-12T10:53:32+08:00 ] /abcTest/admin.php/Consume/index | NOTIC: [8] Use of undefined constant Card - assumed 'Card' ConsumeAction.class.php 第 4 行.
[ 2019-08-12T10:53:32+08:00 ] /abcTest/admin.php/Consume/index | SQL: SHOW COLUMNS FROM `t_card` [ RunTime:0.037879s ]
[ 2019-08-12T10:53:32+08:00 ] /abcTest/admin.php/Consume/index | NOTIC: [8] Use of undefined constant Member - assumed 'Member' ConsumeAction.class.php 第 5 行.
[ 2019-08-12T10:53:32+08:00 ] /abcTest/admin.php/Consume/index | SQL: SHOW COLUMNS FROM `t_member` [ RunTime:0.012786s ]
[ 2019-08-12T10:53:32+08:00 ] /abcTest/admin.php/Consume/index | NOTIC: [8] Use of undefined constant Course - assumed 'Course' ConsumeAction.class.php 第 6 行.
[ 2019-08-12T10:53:32+08:00 ] /abcTest/admin.php/Consume/index | SQL: SHOW COLUMNS FROM `t_course` [ RunTime:0.030144s ]
[ 2019-08-12T10:53:32+08:00 ] /abcTest/admin.php/Consume/index | SQL: SELECT COUNT(*) AS tp_count FROM `t_member` LIMIT 1   [ RunTime:0.000815s ]
[ 2019-08-12T10:53:32+08:00 ] /abcTest/admin.php/Consume/index | SQL: select count(vipCardId) from t_member where vipCardId in(select cardID from t_card where validTimes>7) [ RunTime:0.001065s ]
[ 2019-08-12T10:53:32+08:00 ] /abcTest/admin.php/Consume/index | SQL: select count(vipCardId) from t_member where vipCardId in(select cardID  from t_card where validTimes> 0 and validTimes<7) [ RunTime:0.000613s ]
[ 2019-08-12T10:53:32+08:00 ] /abcTest/admin.php/Consume/index | NOTIC: [8] Undefined index: id ConsumeAction.class.php 第 26 行.
[ 2019-08-12T10:53:32+08:00 ] /abcTest/admin.php/Consume/index | SQL: select memId,memName,vipCardId,memSex,memTel,memRegisteDate,memRemarks,validTimes,cardDiscount from t_member,t_card where t_member.vipCardId=t_card.cardID and memId=''  [ RunTime:0.000693s ]
[ 2019-08-12T10:53:32+08:00 ] /abcTest/admin.php/Consume/index | SQL: SELECT `courseID`,`courseName`,`courseTime`,`courseArea`,`courseTeacher`,`coursePrice` FROM `t_course`  [ RunTime:0.000915s ]
[ 2019-08-12T10:53:32+08:00 ] /abcTest/admin.php/Consume/index | INFO: Tag[ view_template ] --START--
[ 2019-08-12T10:53:32+08:00 ] /abcTest/admin.php/Consume/index | INFO: Run LocationTemplate Behavior [ RunTime:0.002072s ]
[ 2019-08-12T10:53:32+08:00 ] /abcTest/admin.php/Consume/index | INFO: Tag[ view_template ] --END-- [ RunTime:0.002347s ]
[ 2019-08-12T10:53:32+08:00 ] /abcTest/admin.php/Consume/index | INFO: Tag[ view_parse ] --START--
[ 2019-08-12T10:53:32+08:00 ] /abcTest/admin.php/Consume/index | NOTIC: [8] Undefined variable: title 84bd527d18d26f138dfaf2f491d4ca55.php 第 5 行.
[ 2019-08-12T10:53:32+08:00 ] /abcTest/admin.php/Consume/index | INFO: Run ParseTemplate Behavior [ RunTime:0.074822s ]
[ 2019-08-12T10:53:32+08:00 ] /abcTest/admin.php/Consume/index | INFO: Tag[ view_parse ] --END-- [ RunTime:0.075090s ]
[ 2019-08-12T10:53:32+08:00 ] /abcTest/admin.php/Consume/index | INFO: Tag[ view_filter ] --START--
[ 2019-08-12T10:53:32+08:00 ] /abcTest/admin.php/Consume/index | INFO: Run ContentReplace Behavior [ RunTime:0.001328s ]
[ 2019-08-12T10:53:32+08:00 ] /abcTest/admin.php/Consume/index | INFO: Run TokenBuild Behavior [ RunTime:0.001370s ]
[ 2019-08-12T10:53:32+08:00 ] /abcTest/admin.php/Consume/index | INFO: Run WriteHtmlCache Behavior [ RunTime:0.000728s ]
[ 2019-08-12T10:53:32+08:00 ] /abcTest/admin.php/Consume/index | INFO: Run ShowRuntime Behavior [ RunTime:0.001490s ]
[ 2019-08-12T10:53:32+08:00 ] /abcTest/admin.php/Consume/index | INFO: Tag[ view_filter ] --END-- [ RunTime:0.005645s ]
[ 2019-08-12T10:53:32+08:00 ] /abcTest/admin.php/Consume/index | INFO: Tag[ view_end ] --START--
[ 2019-08-12T10:53:32+08:00 ] /abcTest/admin.php/Consume/index | INFO: Run ShowPageTrace Behavior [ RunTime:0.001159s ]
[ 2019-08-12T10:53:32+08:00 ] /abcTest/admin.php/Consume/index | INFO: Tag[ view_end ] --END-- [ RunTime:0.001414s ]
[ 2019-08-12T10:53:36+08:00 ] /abcTest/admin.php/Consume/resources/images/closelabel.gif | ERR: (ThinkException) 非法操作resources
[ 2019-08-12T10:54:51+08:00 ] /abcTest/admin.php/Index/index | INFO: Tag[ route_check ] --START--
[ 2019-08-12T10:54:51+08:00 ] /abcTest/admin.php/Index/index | INFO: Run CheckRoute Behavior [ RunTime:0.003496s ]
[ 2019-08-12T10:54:51+08:00 ] /abcTest/admin.php/Index/index | INFO: Tag[ route_check ] --END-- [ RunTime:0.004649s ]
[ 2019-08-12T10:54:51+08:00 ] /abcTest/admin.php/Index/index | INFO: Tag[ app_begin ] --START--
[ 2019-08-12T10:54:51+08:00 ] /abcTest/admin.php/Index/index | INFO: Run ReadHtmlCache Behavior [ RunTime:0.001835s ]
[ 2019-08-12T10:54:51+08:00 ] /abcTest/admin.php/Index/index | INFO: Tag[ app_begin ] --END-- [ RunTime:0.002122s ]
[ 2019-08-12T10:54:51+08:00 ] /abcTest/admin.php/Index/index | NOTIC: [8] Undefined index: username functions.php 第 441 行.
[ 2019-08-12T10:54:51+08:00 ] /abcTest/admin.php/Index/index | INFO: Tag[ view_template ] --START--
[ 2019-08-12T10:54:51+08:00 ] /abcTest/admin.php/Index/index | INFO: Run LocationTemplate Behavior [ RunTime:0.003117s ]
[ 2019-08-12T10:54:51+08:00 ] /abcTest/admin.php/Index/index | INFO: Tag[ view_template ] --END-- [ RunTime:0.003445s ]
[ 2019-08-12T10:54:51+08:00 ] /abcTest/admin.php/Index/index | INFO: Tag[ view_parse ] --START--
[ 2019-08-12T10:54:51+08:00 ] /abcTest/admin.php/Index/index | NOTIC: [8] Undefined variable: title 4c18d5952d0dbf1eedb8a1ec796fa788.php 第 5 行.
[ 2019-08-12T10:54:51+08:00 ] /abcTest/admin.php/Index/index | INFO: Run ParseTemplate Behavior [ RunTime:0.040639s ]
[ 2019-08-12T10:54:51+08:00 ] /abcTest/admin.php/Index/index | INFO: Tag[ view_parse ] --END-- [ RunTime:0.040939s ]
[ 2019-08-12T10:54:51+08:00 ] /abcTest/admin.php/Index/index | INFO: Tag[ view_filter ] --START--
[ 2019-08-12T10:54:51+08:00 ] /abcTest/admin.php/Index/index | INFO: Run ContentReplace Behavior [ RunTime:0.001500s ]
[ 2019-08-12T10:54:51+08:00 ] /abcTest/admin.php/Index/index | INFO: Run TokenBuild Behavior [ RunTime:0.001617s ]
[ 2019-08-12T10:54:51+08:00 ] /abcTest/admin.php/Index/index | INFO: Run WriteHtmlCache Behavior [ RunTime:0.003107s ]
[ 2019-08-12T10:54:51+08:00 ] /abcTest/admin.php/Index/index | INFO: Run ShowRuntime Behavior [ RunTime:0.001747s ]
[ 2019-08-12T10:54:51+08:00 ] /abcTest/admin.php/Index/index | INFO: Tag[ view_filter ] --END-- [ RunTime:0.008733s ]
[ 2019-08-12T10:54:51+08:00 ] /abcTest/admin.php/Index/index | INFO: Tag[ view_end ] --START--
[ 2019-08-12T10:54:51+08:00 ] /abcTest/admin.php/Index/index | INFO: Run ShowPageTrace Behavior [ RunTime:0.001823s ]
[ 2019-08-12T10:54:51+08:00 ] /abcTest/admin.php/Index/index | INFO: Tag[ view_end ] --END-- [ RunTime:0.005754s ]
[ 2019-08-12T11:28:23+08:00 ] /abcTest/admin.php/Index/index | INFO: Tag[ route_check ] --START--
[ 2019-08-12T11:28:23+08:00 ] /abcTest/admin.php/Index/index | INFO: Run CheckRoute Behavior [ RunTime:0.001195s ]
[ 2019-08-12T11:28:23+08:00 ] /abcTest/admin.php/Index/index | INFO: Tag[ route_check ] --END-- [ RunTime:0.001408s ]
[ 2019-08-12T11:28:23+08:00 ] /abcTest/admin.php/Index/index | INFO: Tag[ app_begin ] --START--
[ 2019-08-12T11:28:23+08:00 ] /abcTest/admin.php/Index/index | INFO: Run ReadHtmlCache Behavior [ RunTime:0.000936s ]
[ 2019-08-12T11:28:23+08:00 ] /abcTest/admin.php/Index/index | INFO: Tag[ app_begin ] --END-- [ RunTime:0.001102s ]
[ 2019-08-12T11:28:23+08:00 ] /abcTest/admin.php/Index/index | INFO: Tag[ view_template ] --START--
[ 2019-08-12T11:28:23+08:00 ] /abcTest/admin.php/Index/index | INFO: Run LocationTemplate Behavior [ RunTime:0.001106s ]
[ 2019-08-12T11:28:23+08:00 ] /abcTest/admin.php/Index/index | INFO: Tag[ view_template ] --END-- [ RunTime:0.001283s ]
[ 2019-08-12T11:28:23+08:00 ] /abcTest/admin.php/Index/index | INFO: Tag[ view_parse ] --START--
[ 2019-08-12T11:28:23+08:00 ] /abcTest/admin.php/Index/index | NOTIC: [8] Undefined variable: title 4c18d5952d0dbf1eedb8a1ec796fa788.php 第 5 行.
[ 2019-08-12T11:28:23+08:00 ] /abcTest/admin.php/Index/index | INFO: Run ParseTemplate Behavior [ RunTime:0.029383s ]
[ 2019-08-12T11:28:23+08:00 ] /abcTest/admin.php/Index/index | INFO: Tag[ view_parse ] --END-- [ RunTime:0.029572s ]
[ 2019-08-12T11:28:23+08:00 ] /abcTest/admin.php/Index/index | INFO: Tag[ view_filter ] --START--
[ 2019-08-12T11:28:23+08:00 ] /abcTest/admin.php/Index/index | INFO: Run ContentReplace Behavior [ RunTime:0.000793s ]
[ 2019-08-12T11:28:23+08:00 ] /abcTest/admin.php/Index/index | INFO: Run TokenBuild Behavior [ RunTime:0.000788s ]
[ 2019-08-12T11:28:23+08:00 ] /abcTest/admin.php/Index/index | INFO: Run WriteHtmlCache Behavior [ RunTime:0.000440s ]
[ 2019-08-12T11:28:23+08:00 ] /abcTest/admin.php/Index/index | INFO: Run ShowRuntime Behavior [ RunTime:0.001051s ]
[ 2019-08-12T11:28:23+08:00 ] /abcTest/admin.php/Index/index | INFO: Tag[ view_filter ] --END-- [ RunTime:0.003618s ]
[ 2019-08-12T11:28:23+08:00 ] /abcTest/admin.php/Index/index | INFO: Tag[ view_end ] --START--
[ 2019-08-12T11:28:23+08:00 ] /abcTest/admin.php/Index/index | INFO: Run ShowPageTrace Behavior [ RunTime:0.000968s ]
[ 2019-08-12T11:28:23+08:00 ] /abcTest/admin.php/Index/index | INFO: Tag[ view_end ] --END-- [ RunTime:0.001209s ]
[ 2019-08-12T17:27:33+08:00 ] /abcTest/admin.php/Index/index | INFO: Tag[ route_check ] --START--
[ 2019-08-12T17:27:33+08:00 ] /abcTest/admin.php/Index/index | INFO: Run CheckRoute Behavior [ RunTime:0.002099s ]
[ 2019-08-12T17:27:33+08:00 ] /abcTest/admin.php/Index/index | INFO: Tag[ route_check ] --END-- [ RunTime:0.002397s ]
[ 2019-08-12T17:27:33+08:00 ] /abcTest/admin.php/Index/index | INFO: Tag[ app_begin ] --START--
[ 2019-08-12T17:27:33+08:00 ] /abcTest/admin.php/Index/index | INFO: Run ReadHtmlCache Behavior [ RunTime:0.002032s ]
[ 2019-08-12T17:27:33+08:00 ] /abcTest/admin.php/Index/index | INFO: Tag[ app_begin ] --END-- [ RunTime:0.002294s ]
[ 2019-08-12T17:27:33+08:00 ] /abcTest/admin.php/Index/index | INFO: Tag[ view_template ] --START--
[ 2019-08-12T17:27:33+08:00 ] /abcTest/admin.php/Index/index | INFO: Run LocationTemplate Behavior [ RunTime:0.002686s ]
[ 2019-08-12T17:27:33+08:00 ] /abcTest/admin.php/Index/index | INFO: Tag[ view_template ] --END-- [ RunTime:0.002973s ]
[ 2019-08-12T17:27:33+08:00 ] /abcTest/admin.php/Index/index | INFO: Tag[ view_parse ] --START--
[ 2019-08-12T17:27:33+08:00 ] /abcTest/admin.php/Index/index | NOTIC: [8] Undefined variable: title 4c18d5952d0dbf1eedb8a1ec796fa788.php 第 5 行.
[ 2019-08-12T17:27:33+08:00 ] /abcTest/admin.php/Index/index | INFO: Run ParseTemplate Behavior [ RunTime:0.029216s ]
[ 2019-08-12T17:27:33+08:00 ] /abcTest/admin.php/Index/index | INFO: Tag[ view_parse ] --END-- [ RunTime:0.029485s ]
[ 2019-08-12T17:27:33+08:00 ] /abcTest/admin.php/Index/index | INFO: Tag[ view_filter ] --START--
[ 2019-08-12T17:27:33+08:00 ] /abcTest/admin.php/Index/index | INFO: Run ContentReplace Behavior [ RunTime:0.001682s ]
[ 2019-08-12T17:27:33+08:00 ] /abcTest/admin.php/Index/index | INFO: Run TokenBuild Behavior [ RunTime:0.002208s ]
[ 2019-08-12T17:27:33+08:00 ] /abcTest/admin.php/Index/index | INFO: Run WriteHtmlCache Behavior [ RunTime:0.001343s ]
[ 2019-08-12T17:27:33+08:00 ] /abcTest/admin.php/Index/index | INFO: Run ShowRuntime Behavior [ RunTime:0.002167s ]
[ 2019-08-12T17:27:33+08:00 ] /abcTest/admin.php/Index/index | INFO: Tag[ view_filter ] --END-- [ RunTime:0.008304s ]
[ 2019-08-12T17:27:33+08:00 ] /abcTest/admin.php/Index/index | INFO: Tag[ view_end ] --START--
[ 2019-08-12T17:27:33+08:00 ] /abcTest/admin.php/Index/index | INFO: Run ShowPageTrace Behavior [ RunTime:0.002178s ]
[ 2019-08-12T17:27:33+08:00 ] /abcTest/admin.php/Index/index | INFO: Tag[ view_end ] --END-- [ RunTime:0.002460s ]
[ 2019-08-12T17:27:38+08:00 ] /abcTest/admin.php/CountConsume/index | INFO: Tag[ route_check ] --START--
[ 2019-08-12T17:27:38+08:00 ] /abcTest/admin.php/CountConsume/index | INFO: Run CheckRoute Behavior [ RunTime:0.001523s ]
[ 2019-08-12T17:27:38+08:00 ] /abcTest/admin.php/CountConsume/index | INFO: Tag[ route_check ] --END-- [ RunTime:0.001733s ]
[ 2019-08-12T17:27:38+08:00 ] /abcTest/admin.php/CountConsume/index | INFO: Tag[ app_begin ] --START--
[ 2019-08-12T17:27:38+08:00 ] /abcTest/admin.php/CountConsume/index | INFO: Run ReadHtmlCache Behavior [ RunTime:0.001340s ]
[ 2019-08-12T17:27:38+08:00 ] /abcTest/admin.php/CountConsume/index | INFO: Tag[ app_begin ] --END-- [ RunTime:0.001502s ]
[ 2019-08-12T17:27:38+08:00 ] /abcTest/admin.php/CountConsume/index | INFO: Tag[ view_template ] --START--
[ 2019-08-12T17:27:38+08:00 ] /abcTest/admin.php/CountConsume/index | INFO: Run LocationTemplate Behavior [ RunTime:0.001994s ]
[ 2019-08-12T17:27:38+08:00 ] /abcTest/admin.php/CountConsume/index | INFO: Tag[ view_template ] --END-- [ RunTime:0.002191s ]
[ 2019-08-12T17:27:38+08:00 ] /abcTest/admin.php/CountConsume/index | INFO: Tag[ view_parse ] --START--
[ 2019-08-12T17:27:38+08:00 ] /abcTest/admin.php/CountConsume/index | INFO: Run ParseTemplate Behavior [ RunTime:0.018146s ]
[ 2019-08-12T17:27:38+08:00 ] /abcTest/admin.php/CountConsume/index | INFO: Tag[ view_parse ] --END-- [ RunTime:0.018391s ]
[ 2019-08-12T17:27:38+08:00 ] /abcTest/admin.php/CountConsume/index | INFO: Tag[ view_filter ] --START--
[ 2019-08-12T17:27:38+08:00 ] /abcTest/admin.php/CountConsume/index | INFO: Run ContentReplace Behavior [ RunTime:0.001347s ]
[ 2019-08-12T17:27:38+08:00 ] /abcTest/admin.php/CountConsume/index | INFO: Run TokenBuild Behavior [ RunTime:0.001169s ]
[ 2019-08-12T17:27:38+08:00 ] /abcTest/admin.php/CountConsume/index | INFO: Run WriteHtmlCache Behavior [ RunTime:0.000751s ]
[ 2019-08-12T17:27:38+08:00 ] /abcTest/admin.php/CountConsume/index | INFO: Run ShowRuntime Behavior [ RunTime:0.001967s ]
[ 2019-08-12T17:27:38+08:00 ] /abcTest/admin.php/CountConsume/index | INFO: Tag[ view_filter ] --END-- [ RunTime:0.005750s ]
[ 2019-08-12T17:27:38+08:00 ] /abcTest/admin.php/CountConsume/index | INFO: Tag[ view_end ] --START--
[ 2019-08-12T17:27:38+08:00 ] /abcTest/admin.php/CountConsume/index | INFO: Run ShowPageTrace Behavior [ RunTime:0.001071s ]
[ 2019-08-12T17:27:38+08:00 ] /abcTest/admin.php/CountConsume/index | INFO: Tag[ view_end ] --END-- [ RunTime:0.001243s ]
[ 2019-08-12T17:27:41+08:00 ] /abcTest/admin.php/CountConsume/tt | INFO: Tag[ route_check ] --START--
[ 2019-08-12T17:27:41+08:00 ] /abcTest/admin.php/CountConsume/tt | INFO: Run CheckRoute Behavior [ RunTime:0.002190s ]
[ 2019-08-12T17:27:41+08:00 ] /abcTest/admin.php/CountConsume/tt | INFO: Tag[ route_check ] --END-- [ RunTime:0.002475s ]
[ 2019-08-12T17:27:41+08:00 ] /abcTest/admin.php/CountConsume/tt | INFO: Tag[ app_begin ] --START--
[ 2019-08-12T17:27:41+08:00 ] /abcTest/admin.php/CountConsume/tt | INFO: Run ReadHtmlCache Behavior [ RunTime:0.001666s ]
[ 2019-08-12T17:27:41+08:00 ] /abcTest/admin.php/CountConsume/tt | INFO: Tag[ app_begin ] --END-- [ RunTime:0.001927s ]
[ 2019-08-12T17:27:41+08:00 ] /abcTest/admin.php/CountConsume/tt | NOTIC: [8] Use of undefined constant Consume - assumed 'Consume' CountConsumeAction.class.php 第 8 行.
[ 2019-08-12T17:27:41+08:00 ] /abcTest/admin.php/CountConsume/tt | SQL: SHOW COLUMNS FROM `t_consume` [ RunTime:0.009631s ]
[ 2019-08-12T17:27:41+08:00 ] /abcTest/admin.php/CountConsume/tt | SQL: SELECT courseName,count(t_consume.courseID) from t_consume,t_course where t_course.courseID=t_consume.courseID group by t_consume.courseID [ RunTime:0.001091s ]
[ 2019-08-12T18:36:09+08:00 ] /abcTest/admin.php/Index/index | INFO: Tag[ route_check ] --START--
[ 2019-08-12T18:36:09+08:00 ] /abcTest/admin.php/Index/index | INFO: Run CheckRoute Behavior [ RunTime:0.002814s ]
[ 2019-08-12T18:36:09+08:00 ] /abcTest/admin.php/Index/index | INFO: Tag[ route_check ] --END-- [ RunTime:0.003127s ]
[ 2019-08-12T18:36:09+08:00 ] /abcTest/admin.php/Index/index | INFO: Tag[ app_begin ] --START--
[ 2019-08-12T18:36:09+08:00 ] /abcTest/admin.php/Index/index | INFO: Run ReadHtmlCache Behavior [ RunTime:0.002259s ]
[ 2019-08-12T18:36:09+08:00 ] /abcTest/admin.php/Index/index | INFO: Tag[ app_begin ] --END-- [ RunTime:0.002544s ]
[ 2019-08-12T18:36:09+08:00 ] /abcTest/admin.php/Index/index | INFO: Tag[ view_template ] --START--
[ 2019-08-12T18:36:09+08:00 ] /abcTest/admin.php/Index/index | INFO: Run LocationTemplate Behavior [ RunTime:0.004071s ]
[ 2019-08-12T18:36:09+08:00 ] /abcTest/admin.php/Index/index | INFO: Tag[ view_template ] --END-- [ RunTime:0.004379s ]
[ 2019-08-12T18:36:09+08:00 ] /abcTest/admin.php/Index/index | INFO: Tag[ view_parse ] --START--
[ 2019-08-12T18:36:09+08:00 ] /abcTest/admin.php/Index/index | NOTIC: [8] Undefined variable: title 4c18d5952d0dbf1eedb8a1ec796fa788.php 第 5 行.
[ 2019-08-12T18:36:09+08:00 ] /abcTest/admin.php/Index/index | INFO: Run ParseTemplate Behavior [ RunTime:0.032176s ]
[ 2019-08-12T18:36:09+08:00 ] /abcTest/admin.php/Index/index | INFO: Tag[ view_parse ] --END-- [ RunTime:0.032454s ]
[ 2019-08-12T18:36:09+08:00 ] /abcTest/admin.php/Index/index | INFO: Tag[ view_filter ] --START--
[ 2019-08-12T18:36:09+08:00 ] /abcTest/admin.php/Index/index | INFO: Run ContentReplace Behavior [ RunTime:0.001819s ]
[ 2019-08-12T18:36:09+08:00 ] /abcTest/admin.php/Index/index | INFO: Run TokenBuild Behavior [ RunTime:0.002094s ]
[ 2019-08-12T18:36:09+08:00 ] /abcTest/admin.php/Index/index | INFO: Run WriteHtmlCache Behavior [ RunTime:0.001936s ]
[ 2019-08-12T18:36:09+08:00 ] /abcTest/admin.php/Index/index | INFO: Run ShowRuntime Behavior [ RunTime:0.002743s ]
[ 2019-08-12T18:36:09+08:00 ] /abcTest/admin.php/Index/index | INFO: Tag[ view_filter ] --END-- [ RunTime:0.009454s ]
[ 2019-08-12T18:36:09+08:00 ] /abcTest/admin.php/Index/index | INFO: Tag[ view_end ] --START--
[ 2019-08-12T18:36:09+08:00 ] /abcTest/admin.php/Index/index | INFO: Run ShowPageTrace Behavior [ RunTime:0.002492s ]
[ 2019-08-12T18:36:09+08:00 ] /abcTest/admin.php/Index/index | INFO: Tag[ view_end ] --END-- [ RunTime:0.002767s ]
[ 2019-08-12T18:36:24+08:00 ] /abcTest/admin.php/Index/index | INFO: Tag[ route_check ] --START--
[ 2019-08-12T18:36:24+08:00 ] /abcTest/admin.php/Index/index | INFO: Run CheckRoute Behavior [ RunTime:0.003371s ]
[ 2019-08-12T18:36:24+08:00 ] /abcTest/admin.php/Index/index | INFO: Tag[ route_check ] --END-- [ RunTime:0.003899s ]
[ 2019-08-12T18:36:24+08:00 ] /abcTest/admin.php/Index/index | INFO: Tag[ app_begin ] --START--
[ 2019-08-12T18:36:24+08:00 ] /abcTest/admin.php/Index/index | INFO: Run ReadHtmlCache Behavior [ RunTime:0.004101s ]
[ 2019-08-12T18:36:24+08:00 ] /abcTest/admin.php/Index/index | INFO: Tag[ app_begin ] --END-- [ RunTime:0.004977s ]
[ 2019-08-12T18:36:24+08:00 ] /abcTest/admin.php/Index/index | INFO: Tag[ view_template ] --START--
[ 2019-08-12T18:36:24+08:00 ] /abcTest/admin.php/Index/index | INFO: Run LocationTemplate Behavior [ RunTime:0.003014s ]
[ 2019-08-12T18:36:24+08:00 ] /abcTest/admin.php/Index/index | INFO: Tag[ view_template ] --END-- [ RunTime:0.003528s ]
[ 2019-08-12T18:36:24+08:00 ] /abcTest/admin.php/Index/index | INFO: Tag[ view_parse ] --START--
[ 2019-08-12T18:36:24+08:00 ] /abcTest/admin.php/Index/index | NOTIC: [8] Undefined variable: title 4c18d5952d0dbf1eedb8a1ec796fa788.php 第 5 行.
[ 2019-08-12T18:36:24+08:00 ] /abcTest/admin.php/Index/index | INFO: Run ParseTemplate Behavior [ RunTime:0.035811s ]
[ 2019-08-12T18:36:24+08:00 ] /abcTest/admin.php/Index/index | INFO: Tag[ view_parse ] --END-- [ RunTime:0.037515s ]
[ 2019-08-12T18:36:24+08:00 ] /abcTest/admin.php/Index/index | INFO: Tag[ view_filter ] --START--
[ 2019-08-12T18:36:24+08:00 ] /abcTest/admin.php/Index/index | INFO: Run ContentReplace Behavior [ RunTime:0.002694s ]
[ 2019-08-12T18:36:24+08:00 ] /abcTest/admin.php/Index/index | INFO: Run TokenBuild Behavior [ RunTime:0.003093s ]
[ 2019-08-12T18:36:24+08:00 ] /abcTest/admin.php/Index/index | INFO: Run WriteHtmlCache Behavior [ RunTime:0.001850s ]
[ 2019-08-12T18:36:24+08:00 ] /abcTest/admin.php/Index/index | INFO: Run ShowRuntime Behavior [ RunTime:0.002910s ]
[ 2019-08-12T18:36:24+08:00 ] /abcTest/admin.php/Index/index | INFO: Tag[ view_filter ] --END-- [ RunTime:0.012018s ]
[ 2019-08-12T18:36:24+08:00 ] /abcTest/admin.php/Index/index | INFO: Tag[ view_end ] --START--
[ 2019-08-12T18:36:24+08:00 ] /abcTest/admin.php/Index/index | INFO: Run ShowPageTrace Behavior [ RunTime:0.007475s ]
[ 2019-08-12T18:36:24+08:00 ] /abcTest/admin.php/Index/index | INFO: Tag[ view_end ] --END-- [ RunTime:0.007974s ]
[ 2019-08-12T18:36:28+08:00 ] /abcTest/admin.php/CountConsume/index | INFO: Tag[ route_check ] --START--
[ 2019-08-12T18:36:28+08:00 ] /abcTest/admin.php/CountConsume/index | INFO: Run CheckRoute Behavior [ RunTime:0.002748s ]
[ 2019-08-12T18:36:28+08:00 ] /abcTest/admin.php/CountConsume/index | INFO: Tag[ route_check ] --END-- [ RunTime:0.003447s ]
[ 2019-08-12T18:36:28+08:00 ] /abcTest/admin.php/CountConsume/index | INFO: Tag[ app_begin ] --START--
[ 2019-08-12T18:36:28+08:00 ] /abcTest/admin.php/CountConsume/index | INFO: Run ReadHtmlCache Behavior [ RunTime:0.002903s ]
[ 2019-08-12T18:36:28+08:00 ] /abcTest/admin.php/CountConsume/index | INFO: Tag[ app_begin ] --END-- [ RunTime:0.003491s ]
[ 2019-08-12T18:36:28+08:00 ] /abcTest/admin.php/CountConsume/index | INFO: Tag[ view_template ] --START--
[ 2019-08-12T18:36:28+08:00 ] /abcTest/admin.php/CountConsume/index | INFO: Run LocationTemplate Behavior [ RunTime:0.003614s ]
[ 2019-08-12T18:36:28+08:00 ] /abcTest/admin.php/CountConsume/index | INFO: Tag[ view_template ] --END-- [ RunTime:0.004121s ]
[ 2019-08-12T18:36:28+08:00 ] /abcTest/admin.php/CountConsume/index | INFO: Tag[ view_parse ] --START--
[ 2019-08-12T18:36:28+08:00 ] /abcTest/admin.php/CountConsume/index | INFO: Run ParseTemplate Behavior [ RunTime:0.034395s ]
[ 2019-08-12T18:36:28+08:00 ] /abcTest/admin.php/CountConsume/index | INFO: Tag[ view_parse ] --END-- [ RunTime:0.034901s ]
[ 2019-08-12T18:36:28+08:00 ] /abcTest/admin.php/CountConsume/index | INFO: Tag[ view_filter ] --START--
[ 2019-08-12T18:36:28+08:00 ] /abcTest/admin.php/CountConsume/index | INFO: Run ContentReplace Behavior [ RunTime:0.002199s ]
[ 2019-08-12T18:36:28+08:00 ] /abcTest/admin.php/CountConsume/index | INFO: Run TokenBuild Behavior [ RunTime:0.002587s ]
[ 2019-08-12T18:36:28+08:00 ] /abcTest/admin.php/CountConsume/index | INFO: Run WriteHtmlCache Behavior [ RunTime:0.001559s ]
[ 2019-08-12T18:36:28+08:00 ] /abcTest/admin.php/CountConsume/index | INFO: Run ShowRuntime Behavior [ RunTime:0.003370s ]
[ 2019-08-12T18:36:28+08:00 ] /abcTest/admin.php/CountConsume/index | INFO: Tag[ view_filter ] --END-- [ RunTime:0.010986s ]
[ 2019-08-12T18:36:28+08:00 ] /abcTest/admin.php/CountConsume/index | INFO: Tag[ view_end ] --START--
[ 2019-08-12T18:36:28+08:00 ] /abcTest/admin.php/CountConsume/index | INFO: Run ShowPageTrace Behavior [ RunTime:0.002465s ]
[ 2019-08-12T18:36:28+08:00 ] /abcTest/admin.php/CountConsume/index | INFO: Tag[ view_end ] --END-- [ RunTime:0.003024s ]
[ 2019-08-12T18:36:29+08:00 ] /abcTest/admin.php/CountConsume/tt | INFO: Tag[ route_check ] --START--
[ 2019-08-12T18:36:29+08:00 ] /abcTest/admin.php/CountConsume/tt | INFO: Run CheckRoute Behavior [ RunTime:0.003898s ]
[ 2019-08-12T18:36:29+08:00 ] /abcTest/admin.php/CountConsume/tt | INFO: Tag[ route_check ] --END-- [ RunTime:0.004497s ]
[ 2019-08-12T18:36:29+08:00 ] /abcTest/admin.php/CountConsume/tt | INFO: Tag[ app_begin ] --START--
[ 2019-08-12T18:36:29+08:00 ] /abcTest/admin.php/CountConsume/tt | INFO: Run ReadHtmlCache Behavior [ RunTime:0.002668s ]
[ 2019-08-12T18:36:29+08:00 ] /abcTest/admin.php/CountConsume/tt | INFO: Tag[ app_begin ] --END-- [ RunTime:0.003146s ]
[ 2019-08-12T18:36:29+08:00 ] /abcTest/admin.php/CountConsume/tt | NOTIC: [8] Use of undefined constant Consume - assumed 'Consume' CountConsumeAction.class.php 第 8 行.
[ 2019-08-12T18:36:29+08:00 ] /abcTest/admin.php/CountConsume/tt | SQL: SHOW COLUMNS FROM `t_consume` [ RunTime:0.010062s ]
[ 2019-08-12T18:36:29+08:00 ] /abcTest/admin.php/CountConsume/tt | SQL: SELECT courseName,count(t_consume.courseID) from t_consume,t_course where t_course.courseID=t_consume.courseID group by t_consume.courseID [ RunTime:0.001519s ]
[ 2019-08-12T20:37:16+08:00 ] /abcTest/admin.php/Transfer/index | INFO: Tag[ route_check ] --START--
[ 2019-08-12T20:37:16+08:00 ] /abcTest/admin.php/Transfer/index | INFO: Run CheckRoute Behavior [ RunTime:0.001632s ]
[ 2019-08-12T20:37:16+08:00 ] /abcTest/admin.php/Transfer/index | INFO: Tag[ route_check ] --END-- [ RunTime:0.001829s ]
[ 2019-08-12T20:37:16+08:00 ] /abcTest/admin.php/Transfer/index | INFO: Tag[ app_begin ] --START--
[ 2019-08-12T20:37:16+08:00 ] /abcTest/admin.php/Transfer/index | INFO: Run ReadHtmlCache Behavior [ RunTime:0.001352s ]
[ 2019-08-12T20:37:16+08:00 ] /abcTest/admin.php/Transfer/index | INFO: Tag[ app_begin ] --END-- [ RunTime:0.001524s ]
[ 2019-08-12T20:37:16+08:00 ] /abcTest/admin.php/Transfer/index | NOTIC: [8] Use of undefined constant Member - assumed 'Member' TransferAction.class.php 第 4 行.
[ 2019-08-12T20:37:16+08:00 ] /abcTest/admin.php/Transfer/index | SQL: SHOW COLUMNS FROM `t_member` [ RunTime:0.007577s ]
[ 2019-08-12T20:37:16+08:00 ] /abcTest/admin.php/Transfer/index | NOTIC: [8] Undefined index: id TransferAction.class.php 第 8 行.
[ 2019-08-12T20:37:16+08:00 ] /abcTest/admin.php/Transfer/index | SQL: select memId,memName,vipCardId,memTel,memSex,memHealth,memRemarks from t_member where memId=''  [ RunTime:0.000422s ]
[ 2019-08-12T20:37:16+08:00 ] /abcTest/admin.php/Transfer/index | INFO: Tag[ view_template ] --START--
[ 2019-08-12T20:37:16+08:00 ] /abcTest/admin.php/Transfer/index | INFO: Run LocationTemplate Behavior [ RunTime:0.002089s ]
[ 2019-08-12T20:37:16+08:00 ] /abcTest/admin.php/Transfer/index | INFO: Tag[ view_template ] --END-- [ RunTime:0.002281s ]
[ 2019-08-12T20:37:16+08:00 ] /abcTest/admin.php/Transfer/index | INFO: Tag[ view_parse ] --START--
[ 2019-08-12T20:37:16+08:00 ] /abcTest/admin.php/Transfer/index | NOTIC: [8] Undefined variable: title 38005b54dc8958ae95556e8d6eb74298.php 第 5 行.
[ 2019-08-12T20:37:16+08:00 ] /abcTest/admin.php/Transfer/index | INFO: Run ParseTemplate Behavior [ RunTime:0.072874s ]
[ 2019-08-12T20:37:16+08:00 ] /abcTest/admin.php/Transfer/index | INFO: Tag[ view_parse ] --END-- [ RunTime:0.073045s ]
[ 2019-08-12T20:37:16+08:00 ] /abcTest/admin.php/Transfer/index | INFO: Tag[ view_filter ] --START--
[ 2019-08-12T20:37:16+08:00 ] /abcTest/admin.php/Transfer/index | INFO: Run ContentReplace Behavior [ RunTime:0.001240s ]
[ 2019-08-12T20:37:16+08:00 ] /abcTest/admin.php/Transfer/index | INFO: Run TokenBuild Behavior [ RunTime:0.001217s ]
[ 2019-08-12T20:37:16+08:00 ] /abcTest/admin.php/Transfer/index | INFO: Run WriteHtmlCache Behavior [ RunTime:0.000727s ]
[ 2019-08-12T20:37:16+08:00 ] /abcTest/admin.php/Transfer/index | INFO: Run ShowRuntime Behavior [ RunTime:0.001206s ]
[ 2019-08-12T20:37:16+08:00 ] /abcTest/admin.php/Transfer/index | INFO: Tag[ view_filter ] --END-- [ RunTime:0.004834s ]
[ 2019-08-12T20:37:16+08:00 ] /abcTest/admin.php/Transfer/index | INFO: Tag[ view_end ] --START--
[ 2019-08-12T20:37:16+08:00 ] /abcTest/admin.php/Transfer/index | INFO: Run ShowPageTrace Behavior [ RunTime:0.000975s ]
[ 2019-08-12T20:37:16+08:00 ] /abcTest/admin.php/Transfer/index | INFO: Tag[ view_end ] --END-- [ RunTime:0.001127s ]
[ 2019-08-12T20:37:23+08:00 ] /abcTest/admin.php/Transfer/index | INFO: Tag[ route_check ] --START--
[ 2019-08-12T20:37:23+08:00 ] /abcTest/admin.php/Transfer/index | INFO: Run CheckRoute Behavior [ RunTime:0.001852s ]
[ 2019-08-12T20:37:23+08:00 ] /abcTest/admin.php/Transfer/index | INFO: Tag[ route_check ] --END-- [ RunTime:0.002054s ]
[ 2019-08-12T20:37:23+08:00 ] /abcTest/admin.php/Transfer/index | INFO: Tag[ app_begin ] --START--
[ 2019-08-12T20:37:23+08:00 ] /abcTest/admin.php/Transfer/index | INFO: Run ReadHtmlCache Behavior [ RunTime:0.001191s ]
[ 2019-08-12T20:37:23+08:00 ] /abcTest/admin.php/Transfer/index | INFO: Tag[ app_begin ] --END-- [ RunTime:0.001353s ]
[ 2019-08-12T20:37:23+08:00 ] /abcTest/admin.php/Transfer/index | NOTIC: [8] Use of undefined constant Member - assumed 'Member' TransferAction.class.php 第 4 行.
[ 2019-08-12T20:37:23+08:00 ] /abcTest/admin.php/Transfer/index | SQL: SHOW COLUMNS FROM `t_member` [ RunTime:0.006802s ]
[ 2019-08-12T20:37:23+08:00 ] /abcTest/admin.php/Transfer/index | SQL: select memId,memName,vipCardId,memTel,memSex,memHealth,memRemarks from t_member where memId='100001'  [ RunTime:0.000487s ]
[ 2019-08-12T20:37:23+08:00 ] /abcTest/admin.php/Transfer/index | INFO: Tag[ view_template ] --START--
[ 2019-08-12T20:37:23+08:00 ] /abcTest/admin.php/Transfer/index | INFO: Run LocationTemplate Behavior [ RunTime:0.002436s ]
[ 2019-08-12T20:37:23+08:00 ] /abcTest/admin.php/Transfer/index | INFO: Tag[ view_template ] --END-- [ RunTime:0.002654s ]
[ 2019-08-12T20:37:23+08:00 ] /abcTest/admin.php/Transfer/index | INFO: Tag[ view_parse ] --START--
[ 2019-08-12T20:37:23+08:00 ] /abcTest/admin.php/Transfer/index | NOTIC: [8] Undefined variable: title 38005b54dc8958ae95556e8d6eb74298.php 第 5 行.
[ 2019-08-12T20:37:23+08:00 ] /abcTest/admin.php/Transfer/index | INFO: Run ParseTemplate Behavior [ RunTime:0.018519s ]
[ 2019-08-12T20:37:23+08:00 ] /abcTest/admin.php/Transfer/index | INFO: Tag[ view_parse ] --END-- [ RunTime:0.018726s ]
[ 2019-08-12T20:37:23+08:00 ] /abcTest/admin.php/Transfer/index | INFO: Tag[ view_filter ] --START--
[ 2019-08-12T20:37:23+08:00 ] /abcTest/admin.php/Transfer/index | INFO: Run ContentReplace Behavior [ RunTime:0.001136s ]
[ 2019-08-12T20:37:23+08:00 ] /abcTest/admin.php/Transfer/index | INFO: Run TokenBuild Behavior [ RunTime:0.001214s ]
[ 2019-08-12T20:37:23+08:00 ] /abcTest/admin.php/Transfer/index | INFO: Run WriteHtmlCache Behavior [ RunTime:0.000761s ]
[ 2019-08-12T20:37:23+08:00 ] /abcTest/admin.php/Transfer/index | INFO: Run ShowRuntime Behavior [ RunTime:0.001171s ]
[ 2019-08-12T20:37:23+08:00 ] /abcTest/admin.php/Transfer/index | INFO: Tag[ view_filter ] --END-- [ RunTime:0.004730s ]
[ 2019-08-12T20:37:23+08:00 ] /abcTest/admin.php/Transfer/index | INFO: Tag[ view_end ] --START--
[ 2019-08-12T20:37:23+08:00 ] /abcTest/admin.php/Transfer/index | INFO: Run ShowPageTrace Behavior [ RunTime:0.000906s ]
[ 2019-08-12T20:37:23+08:00 ] /abcTest/admin.php/Transfer/index | INFO: Tag[ view_end ] --END-- [ RunTime:0.001053s ]
[ 2019-08-12T20:37:31+08:00 ] /abcTest/admin.php/Transfer/index | INFO: Tag[ route_check ] --START--
[ 2019-08-12T20:37:31+08:00 ] /abcTest/admin.php/Transfer/index | INFO: Run CheckRoute Behavior [ RunTime:0.001439s ]
[ 2019-08-12T20:37:31+08:00 ] /abcTest/admin.php/Transfer/index | INFO: Tag[ route_check ] --END-- [ RunTime:0.001651s ]
[ 2019-08-12T20:37:31+08:00 ] /abcTest/admin.php/Transfer/index | INFO: Tag[ app_begin ] --START--
[ 2019-08-12T20:37:31+08:00 ] /abcTest/admin.php/Transfer/index | INFO: Run ReadHtmlCache Behavior [ RunTime:0.001610s ]
[ 2019-08-12T20:37:31+08:00 ] /abcTest/admin.php/Transfer/index | INFO: Tag[ app_begin ] --END-- [ RunTime:0.001798s ]
[ 2019-08-12T20:37:31+08:00 ] /abcTest/admin.php/Transfer/index | NOTIC: [8] Use of undefined constant Member - assumed 'Member' TransferAction.class.php 第 4 行.
[ 2019-08-12T20:37:31+08:00 ] /abcTest/admin.php/Transfer/index | SQL: SHOW COLUMNS FROM `t_member` [ RunTime:0.007191s ]
[ 2019-08-12T20:37:31+08:00 ] /abcTest/admin.php/Transfer/index | SQL: select memId,memName,vipCardId,memTel,memSex,memHealth,memRemarks from t_member where memId='100002'  [ RunTime:0.000784s ]
[ 2019-08-12T20:37:31+08:00 ] /abcTest/admin.php/Transfer/index | INFO: Tag[ view_template ] --START--
[ 2019-08-12T20:37:31+08:00 ] /abcTest/admin.php/Transfer/index | INFO: Run LocationTemplate Behavior [ RunTime:0.001656s ]
[ 2019-08-12T20:37:31+08:00 ] /abcTest/admin.php/Transfer/index | INFO: Tag[ view_template ] --END-- [ RunTime:0.001846s ]
[ 2019-08-12T20:37:31+08:00 ] /abcTest/admin.php/Transfer/index | INFO: Tag[ view_parse ] --START--
[ 2019-08-12T20:37:32+08:00 ] /abcTest/admin.php/Transfer/index | NOTIC: [8] Undefined variable: title 38005b54dc8958ae95556e8d6eb74298.php 第 5 行.
[ 2019-08-12T20:37:32+08:00 ] /abcTest/admin.php/Transfer/index | INFO: Run ParseTemplate Behavior [ RunTime:0.017180s ]
[ 2019-08-12T20:37:32+08:00 ] /abcTest/admin.php/Transfer/index | INFO: Tag[ view_parse ] --END-- [ RunTime:0.017400s ]
[ 2019-08-12T20:37:32+08:00 ] /abcTest/admin.php/Transfer/index | INFO: Tag[ view_filter ] --START--
[ 2019-08-12T20:37:32+08:00 ] /abcTest/admin.php/Transfer/index | INFO: Run ContentReplace Behavior [ RunTime:0.001347s ]
[ 2019-08-12T20:37:32+08:00 ] /abcTest/admin.php/Transfer/index | INFO: Run TokenBuild Behavior [ RunTime:0.001330s ]
[ 2019-08-12T20:37:32+08:00 ] /abcTest/admin.php/Transfer/index | INFO: Run WriteHtmlCache Behavior [ RunTime:0.000687s ]
[ 2019-08-12T20:37:32+08:00 ] /abcTest/admin.php/Transfer/index | INFO: Run ShowRuntime Behavior [ RunTime:0.001294s ]
[ 2019-08-12T20:37:32+08:00 ] /abcTest/admin.php/Transfer/index | INFO: Tag[ view_filter ] --END-- [ RunTime:0.005136s ]
[ 2019-08-12T20:37:32+08:00 ] /abcTest/admin.php/Transfer/index | INFO: Tag[ view_end ] --START--
[ 2019-08-12T20:37:32+08:00 ] /abcTest/admin.php/Transfer/index | INFO: Run ShowPageTrace Behavior [ RunTime:0.000958s ]
[ 2019-08-12T20:37:32+08:00 ] /abcTest/admin.php/Transfer/index | INFO: Tag[ view_end ] --END-- [ RunTime:0.001115s ]
[ 2019-08-12T20:37:41+08:00 ] /abcTest/admin.php/Transfer/searchOldMem | INFO: Tag[ route_check ] --START--
[ 2019-08-12T20:37:41+08:00 ] /abcTest/admin.php/Transfer/searchOldMem | INFO: Run CheckRoute Behavior [ RunTime:0.001484s ]
[ 2019-08-12T20:37:41+08:00 ] /abcTest/admin.php/Transfer/searchOldMem | INFO: Tag[ route_check ] --END-- [ RunTime:0.001688s ]
[ 2019-08-12T20:37:41+08:00 ] /abcTest/admin.php/Transfer/searchOldMem | INFO: Tag[ app_begin ] --START--
[ 2019-08-12T20:37:41+08:00 ] /abcTest/admin.php/Transfer/searchOldMem | INFO: Run ReadHtmlCache Behavior [ RunTime:0.001128s ]
[ 2019-08-12T20:37:41+08:00 ] /abcTest/admin.php/Transfer/searchOldMem | INFO: Tag[ app_begin ] --END-- [ RunTime:0.001284s ]
[ 2019-08-12T20:37:41+08:00 ] /abcTest/admin.php/Transfer/searchOldMem | NOTIC: [8] Use of undefined constant Member - assumed 'Member' TransferAction.class.php 第 55 行.
[ 2019-08-12T20:37:41+08:00 ] /abcTest/admin.php/Transfer/searchOldMem | SQL: SHOW COLUMNS FROM `t_member` [ RunTime:0.007826s ]
[ 2019-08-12T20:37:41+08:00 ] /abcTest/admin.php/Transfer/searchOldMem | SQL: select memName,vipCardId,memTel,memSex,memAddr from t_member where memId='100001'  [ RunTime:0.000710s ]
