[ 2019-08-14T16:37:44+08:00 ] /abcTest/admin.php/Index/index | INFO: Tag[ route_check ] --START--
[ 2019-08-14T16:37:44+08:00 ] /abcTest/admin.php/Index/index | INFO: Run CheckRoute Behavior [ RunTime:0.002529s ]
[ 2019-08-14T16:37:44+08:00 ] /abcTest/admin.php/Index/index | INFO: Tag[ route_check ] --END-- [ RunTime:0.002967s ]
[ 2019-08-14T16:37:44+08:00 ] /abcTest/admin.php/Index/index | INFO: Tag[ app_begin ] --START--
[ 2019-08-14T16:37:44+08:00 ] /abcTest/admin.php/Index/index | INFO: Run ReadHtmlCache Behavior [ RunTime:0.002794s ]
[ 2019-08-14T16:37:44+08:00 ] /abcTest/admin.php/Index/index | INFO: Tag[ app_begin ] --END-- [ RunTime:0.003212s ]
[ 2019-08-14T16:37:44+08:00 ] /abcTest/admin.php/Index/index | INFO: Tag[ view_template ] --START--
[ 2019-08-14T16:37:44+08:00 ] /abcTest/admin.php/Index/index | INFO: Run LocationTemplate Behavior [ RunTime:0.002452s ]
[ 2019-08-14T16:37:44+08:00 ] /abcTest/admin.php/Index/index | INFO: Tag[ view_template ] --END-- [ RunTime:0.002860s ]
[ 2019-08-14T16:37:44+08:00 ] /abcTest/admin.php/Index/index | INFO: Tag[ view_parse ] --START--
[ 2019-08-14T16:37:44+08:00 ] /abcTest/admin.php/Index/index | NOTIC: [8] Undefined variable: title 4c18d5952d0dbf1eedb8a1ec796fa788.php 第 5 行.
[ 2019-08-14T16:37:44+08:00 ] /abcTest/admin.php/Index/index | INFO: Run ParseTemplate Behavior [ RunTime:0.028939s ]
[ 2019-08-14T16:37:44+08:00 ] /abcTest/admin.php/Index/index | INFO: Tag[ view_parse ] --END-- [ RunTime:0.029322s ]
[ 2019-08-14T16:37:44+08:00 ] /abcTest/admin.php/Index/index | INFO: Tag[ view_filter ] --START--
[ 2019-08-14T16:37:44+08:00 ] /abcTest/admin.php/Index/index | INFO: Run ContentReplace Behavior [ RunTime:0.001575s ]
[ 2019-08-14T16:37:44+08:00 ] /abcTest/admin.php/Index/index | INFO: Run TokenBuild Behavior [ RunTime:0.001678s ]
[ 2019-08-14T16:37:44+08:00 ] /abcTest/admin.php/Index/index | INFO: Run WriteHtmlCache Behavior [ RunTime:0.000951s ]
[ 2019-08-14T16:37:44+08:00 ] /abcTest/admin.php/Index/index | INFO: Run ShowRuntime Behavior [ RunTime:0.002127s ]
[ 2019-08-14T16:37:44+08:00 ] /abcTest/admin.php/Index/index | INFO: Tag[ view_filter ] --END-- [ RunTime:0.007351s ]
[ 2019-08-14T16:37:44+08:00 ] /abcTest/admin.php/Index/index | INFO: Tag[ view_end ] --START--
[ 2019-08-14T16:37:44+08:00 ] /abcTest/admin.php/Index/index | INFO: Run ShowPageTrace Behavior [ RunTime:0.001518s ]
[ 2019-08-14T16:37:44+08:00 ] /abcTest/admin.php/Index/index | INFO: Tag[ view_end ] --END-- [ RunTime:0.001877s ]
[ 2019-08-14T19:22:33+08:00 ] /abcTest/admin.php/Index/index | INFO: Tag[ route_check ] --START--
[ 2019-08-14T19:22:33+08:00 ] /abcTest/admin.php/Index/index | INFO: Run CheckRoute Behavior [ RunTime:0.002917s ]
[ 2019-08-14T19:22:33+08:00 ] /abcTest/admin.php/Index/index | INFO: Tag[ route_check ] --END-- [ RunTime:0.003352s ]
[ 2019-08-14T19:22:33+08:00 ] /abcTest/admin.php/Index/index | INFO: Tag[ app_begin ] --START--
[ 2019-08-14T19:22:33+08:00 ] /abcTest/admin.php/Index/index | INFO: Run ReadHtmlCache Behavior [ RunTime:0.002997s ]
[ 2019-08-14T19:22:33+08:00 ] /abcTest/admin.php/Index/index | INFO: Tag[ app_begin ] --END-- [ RunTime:0.003610s ]
[ 2019-08-14T19:22:33+08:00 ] /abcTest/admin.php/Index/index | INFO: Tag[ view_template ] --START--
[ 2019-08-14T19:22:33+08:00 ] /abcTest/admin.php/Index/index | INFO: Run LocationTemplate Behavior [ RunTime:0.004282s ]
[ 2019-08-14T19:22:33+08:00 ] /abcTest/admin.php/Index/index | INFO: Tag[ view_template ] --END-- [ RunTime:0.004760s ]
[ 2019-08-14T19:22:33+08:00 ] /abcTest/admin.php/Index/index | INFO: Tag[ view_parse ] --START--
[ 2019-08-14T19:22:33+08:00 ] /abcTest/admin.php/Index/index | NOTIC: [8] Undefined variable: title 4c18d5952d0dbf1eedb8a1ec796fa788.php 第 5 行.
[ 2019-08-14T19:22:33+08:00 ] /abcTest/admin.php/Index/index | INFO: Run ParseTemplate Behavior [ RunTime:0.038302s ]
[ 2019-08-14T19:22:33+08:00 ] /abcTest/admin.php/Index/index | INFO: Tag[ view_parse ] --END-- [ RunTime:0.038746s ]
[ 2019-08-14T19:22:33+08:00 ] /abcTest/admin.php/Index/index | INFO: Tag[ view_filter ] --START--
[ 2019-08-14T19:22:33+08:00 ] /abcTest/admin.php/Index/index | INFO: Run ContentReplace Behavior [ RunTime:0.002563s ]
[ 2019-08-14T19:22:33+08:00 ] /abcTest/admin.php/Index/index | INFO: Run TokenBuild Behavior [ RunTime:0.002581s ]
[ 2019-08-14T19:22:33+08:00 ] /abcTest/admin.php/Index/index | INFO: Run WriteHtmlCache Behavior [ RunTime:0.001805s ]
[ 2019-08-14T19:22:33+08:00 ] /abcTest/admin.php/Index/index | INFO: Run ShowRuntime Behavior [ RunTime:0.004011s ]
[ 2019-08-14T19:22:33+08:00 ] /abcTest/admin.php/Index/index | INFO: Tag[ view_filter ] --END-- [ RunTime:0.012183s ]
[ 2019-08-14T19:22:33+08:00 ] /abcTest/admin.php/Index/index | INFO: Tag[ view_end ] --START--
[ 2019-08-14T19:22:33+08:00 ] /abcTest/admin.php/Index/index | INFO: Run ShowPageTrace Behavior [ RunTime:0.002968s ]
[ 2019-08-14T19:22:33+08:00 ] /abcTest/admin.php/Index/index | INFO: Tag[ view_end ] --END-- [ RunTime:0.003580s ]
[ 2019-08-14T21:06:34+08:00 ] /abcTest/admin.php/Index/index | INFO: Tag[ route_check ] --START--
[ 2019-08-14T21:06:34+08:00 ] /abcTest/admin.php/Index/index | INFO: Run CheckRoute Behavior [ RunTime:0.004727s ]
[ 2019-08-14T21:06:34+08:00 ] /abcTest/admin.php/Index/index | INFO: Tag[ route_check ] --END-- [ RunTime:0.005165s ]
[ 2019-08-14T21:06:34+08:00 ] /abcTest/admin.php/Index/index | INFO: Tag[ app_begin ] --START--
[ 2019-08-14T21:06:34+08:00 ] /abcTest/admin.php/Index/index | INFO: Run ReadHtmlCache Behavior [ RunTime:0.003078s ]
[ 2019-08-14T21:06:34+08:00 ] /abcTest/admin.php/Index/index | INFO: Tag[ app_begin ] --END-- [ RunTime:0.003472s ]
[ 2019-08-14T21:06:34+08:00 ] /abcTest/admin.php/Index/index | INFO: Tag[ view_template ] --START--
[ 2019-08-14T21:06:34+08:00 ] /abcTest/admin.php/Index/index | INFO: Run LocationTemplate Behavior [ RunTime:0.004193s ]
[ 2019-08-14T21:06:34+08:00 ] /abcTest/admin.php/Index/index | INFO: Tag[ view_template ] --END-- [ RunTime:0.004634s ]
[ 2019-08-14T21:06:34+08:00 ] /abcTest/admin.php/Index/index | INFO: Tag[ view_parse ] --START--
[ 2019-08-14T21:06:34+08:00 ] /abcTest/admin.php/Index/index | NOTIC: [8] Undefined variable: title 4c18d5952d0dbf1eedb8a1ec796fa788.php 第 5 行.
[ 2019-08-14T21:06:34+08:00 ] /abcTest/admin.php/Index/index | INFO: Run ParseTemplate Behavior [ RunTime:0.043796s ]
[ 2019-08-14T21:06:34+08:00 ] /abcTest/admin.php/Index/index | INFO: Tag[ view_parse ] --END-- [ RunTime:0.044348s ]
[ 2019-08-14T21:06:34+08:00 ] /abcTest/admin.php/Index/index | INFO: Tag[ view_filter ] --START--
[ 2019-08-14T21:06:34+08:00 ] /abcTest/admin.php/Index/index | INFO: Run ContentReplace Behavior [ RunTime:0.002771s ]
[ 2019-08-14T21:06:34+08:00 ] /abcTest/admin.php/Index/index | INFO: Run TokenBuild Behavior [ RunTime:0.002913s ]
[ 2019-08-14T21:06:34+08:00 ] /abcTest/admin.php/Index/index | INFO: Run WriteHtmlCache Behavior [ RunTime:0.002196s ]
[ 2019-08-14T21:06:34+08:00 ] /abcTest/admin.php/Index/index | INFO: Run ShowRuntime Behavior [ RunTime:0.003272s ]
[ 2019-08-14T21:06:34+08:00 ] /abcTest/admin.php/Index/index | INFO: Tag[ view_filter ] --END-- [ RunTime:0.012487s ]
[ 2019-08-14T21:06:34+08:00 ] /abcTest/admin.php/Index/index | INFO: Tag[ view_end ] --START--
[ 2019-08-14T21:06:34+08:00 ] /abcTest/admin.php/Index/index | INFO: Run ShowPageTrace Behavior [ RunTime:0.002460s ]
[ 2019-08-14T21:06:34+08:00 ] /abcTest/admin.php/Index/index | INFO: Tag[ view_end ] --END-- [ RunTime:0.002857s ]
[ 2019-08-14T21:06:40+08:00 ] /abcTest/admin.php/Member/index | INFO: Tag[ route_check ] --START--
[ 2019-08-14T21:06:40+08:00 ] /abcTest/admin.php/Member/index | INFO: Run CheckRoute Behavior [ RunTime:0.004085s ]
[ 2019-08-14T21:06:40+08:00 ] /abcTest/admin.php/Member/index | INFO: Tag[ route_check ] --END-- [ RunTime:0.004510s ]
[ 2019-08-14T21:06:40+08:00 ] /abcTest/admin.php/Member/index | INFO: Tag[ app_begin ] --START--
[ 2019-08-14T21:06:40+08:00 ] /abcTest/admin.php/Member/index | INFO: Run ReadHtmlCache Behavior [ RunTime:0.003674s ]
[ 2019-08-14T21:06:40+08:00 ] /abcTest/admin.php/Member/index | INFO: Tag[ app_begin ] --END-- [ RunTime:0.004081s ]
[ 2019-08-14T21:06:40+08:00 ] /abcTest/admin.php/Member/index | NOTIC: [8] Use of undefined constant Member - assumed 'Member' MemberAction.class.php 第 6 行.
[ 2019-08-14T21:06:40+08:00 ] /abcTest/admin.php/Member/index | SQL: SHOW COLUMNS FROM `t_member` [ RunTime:0.041411s ]
[ 2019-08-14T21:06:40+08:00 ] /abcTest/admin.php/Member/index | SQL: SELECT COUNT(*) AS tp_count FROM `t_member` LIMIT 1   [ RunTime:0.000906s ]
[ 2019-08-14T21:06:40+08:00 ] /abcTest/admin.php/Member/index | SQL: SELECT `memId`,`memName`,`memSex`,`memAddr`,`memHealth`,`memIdCard`,`memTel`,`memRegisteDate` FROM `t_member` ORDER BY memId asc  [ RunTime:0.000870s ]
[ 2019-08-14T21:06:40+08:00 ] /abcTest/admin.php/Member/index | INFO: Tag[ view_template ] --START--
[ 2019-08-14T21:06:40+08:00 ] /abcTest/admin.php/Member/index | INFO: Run LocationTemplate Behavior [ RunTime:0.009917s ]
[ 2019-08-14T21:06:40+08:00 ] /abcTest/admin.php/Member/index | INFO: Tag[ view_template ] --END-- [ RunTime:0.010360s ]
[ 2019-08-14T21:06:40+08:00 ] /abcTest/admin.php/Member/index | INFO: Tag[ view_parse ] --START--
[ 2019-08-14T21:06:40+08:00 ] /abcTest/admin.php/Member/index | NOTIC: [8] Undefined variable: title 3cee509fada8262edd7bf89285b287db.php 第 5 行.
[ 2019-08-14T21:06:40+08:00 ] /abcTest/admin.php/Member/index | INFO: Run ParseTemplate Behavior [ RunTime:0.052757s ]
[ 2019-08-14T21:06:40+08:00 ] /abcTest/admin.php/Member/index | INFO: Tag[ view_parse ] --END-- [ RunTime:0.053200s ]
[ 2019-08-14T21:06:40+08:00 ] /abcTest/admin.php/Member/index | INFO: Tag[ view_filter ] --START--
[ 2019-08-14T21:06:40+08:00 ] /abcTest/admin.php/Member/index | INFO: Run ContentReplace Behavior [ RunTime:0.003208s ]
[ 2019-08-14T21:06:40+08:00 ] /abcTest/admin.php/Member/index | INFO: Run TokenBuild Behavior [ RunTime:0.003807s ]
[ 2019-08-14T21:06:40+08:00 ] /abcTest/admin.php/Member/index | INFO: Run WriteHtmlCache Behavior [ RunTime:0.002567s ]
[ 2019-08-14T21:06:40+08:00 ] /abcTest/admin.php/Member/index | INFO: Run ShowRuntime Behavior [ RunTime:0.003594s ]
[ 2019-08-14T21:06:40+08:00 ] /abcTest/admin.php/Member/index | INFO: Tag[ view_filter ] --END-- [ RunTime:0.014410s ]
[ 2019-08-14T21:06:40+08:00 ] /abcTest/admin.php/Member/index | INFO: Tag[ view_end ] --START--
[ 2019-08-14T21:06:40+08:00 ] /abcTest/admin.php/Member/index | INFO: Run ShowPageTrace Behavior [ RunTime:0.002997s ]
[ 2019-08-14T21:06:40+08:00 ] /abcTest/admin.php/Member/index | INFO: Tag[ view_end ] --END-- [ RunTime:0.003362s ]
[ 2019-08-14T21:06:45+08:00 ] /abcTest/admin.php/Card/index | INFO: Tag[ route_check ] --START--
[ 2019-08-14T21:06:45+08:00 ] /abcTest/admin.php/Card/index | INFO: Run CheckRoute Behavior [ RunTime:0.003585s ]
[ 2019-08-14T21:06:45+08:00 ] /abcTest/admin.php/Card/index | INFO: Tag[ route_check ] --END-- [ RunTime:0.004073s ]
[ 2019-08-14T21:06:45+08:00 ] /abcTest/admin.php/Card/index | INFO: Tag[ app_begin ] --START--
[ 2019-08-14T21:06:45+08:00 ] /abcTest/admin.php/Card/index | INFO: Run ReadHtmlCache Behavior [ RunTime:0.003952s ]
[ 2019-08-14T21:06:45+08:00 ] /abcTest/admin.php/Card/index | INFO: Tag[ app_begin ] --END-- [ RunTime:0.004402s ]
[ 2019-08-14T21:06:45+08:00 ] /abcTest/admin.php/Card/index | NOTIC: [8] Use of undefined constant Card - assumed 'Card' CardAction.class.php 第 4 行.
[ 2019-08-14T21:06:45+08:00 ] /abcTest/admin.php/Card/index | SQL: SHOW COLUMNS FROM `t_card` [ RunTime:0.013591s ]
[ 2019-08-14T21:06:45+08:00 ] /abcTest/admin.php/Card/index | SQL: SELECT `cardID`,`cardName`,`validTimes`,`cardPrice`,`cardDiscount`,`startTime`,`endTime` FROM `t_card` ORDER BY cardID asc  [ RunTime:0.001572s ]
[ 2019-08-14T21:06:45+08:00 ] /abcTest/admin.php/Card/index | INFO: Tag[ view_template ] --START--
[ 2019-08-14T21:06:45+08:00 ] /abcTest/admin.php/Card/index | INFO: Run LocationTemplate Behavior [ RunTime:0.003876s ]
[ 2019-08-14T21:06:45+08:00 ] /abcTest/admin.php/Card/index | INFO: Tag[ view_template ] --END-- [ RunTime:0.004279s ]
[ 2019-08-14T21:06:45+08:00 ] /abcTest/admin.php/Card/index | INFO: Tag[ view_parse ] --START--
[ 2019-08-14T21:06:45+08:00 ] /abcTest/admin.php/Card/index | NOTIC: [8] Undefined variable: title b25313e8e9308df3a7c3768fbe3d1422.php 第 5 行.
[ 2019-08-14T21:06:45+08:00 ] /abcTest/admin.php/Card/index | INFO: Run ParseTemplate Behavior [ RunTime:0.072361s ]
[ 2019-08-14T21:06:45+08:00 ] /abcTest/admin.php/Card/index | INFO: Tag[ view_parse ] --END-- [ RunTime:0.072815s ]
[ 2019-08-14T21:06:45+08:00 ] /abcTest/admin.php/Card/index | INFO: Tag[ view_filter ] --START--
[ 2019-08-14T21:06:45+08:00 ] /abcTest/admin.php/Card/index | INFO: Run ContentReplace Behavior [ RunTime:0.002320s ]
[ 2019-08-14T21:06:45+08:00 ] /abcTest/admin.php/Card/index | INFO: Run TokenBuild Behavior [ RunTime:0.002699s ]
[ 2019-08-14T21:06:45+08:00 ] /abcTest/admin.php/Card/index | INFO: Run WriteHtmlCache Behavior [ RunTime:0.001615s ]
[ 2019-08-14T21:06:45+08:00 ] /abcTest/admin.php/Card/index | INFO: Run ShowRuntime Behavior [ RunTime:0.003467s ]
[ 2019-08-14T21:06:45+08:00 ] /abcTest/admin.php/Card/index | INFO: Tag[ view_filter ] --END-- [ RunTime:0.011171s ]
[ 2019-08-14T21:06:45+08:00 ] /abcTest/admin.php/Card/index | INFO: Tag[ view_end ] --START--
[ 2019-08-14T21:06:45+08:00 ] /abcTest/admin.php/Card/index | INFO: Run ShowPageTrace Behavior [ RunTime:0.002497s ]
[ 2019-08-14T21:06:45+08:00 ] /abcTest/admin.php/Card/index | INFO: Tag[ view_end ] --END-- [ RunTime:0.002912s ]
[ 2019-08-14T21:06:51+08:00 ] /abcTest/admin.php/Coach/index | INFO: Tag[ route_check ] --START--
[ 2019-08-14T21:06:51+08:00 ] /abcTest/admin.php/Coach/index | INFO: Run CheckRoute Behavior [ RunTime:0.004367s ]
[ 2019-08-14T21:06:51+08:00 ] /abcTest/admin.php/Coach/index | INFO: Tag[ route_check ] --END-- [ RunTime:0.004825s ]
[ 2019-08-14T21:06:51+08:00 ] /abcTest/admin.php/Coach/index | INFO: Tag[ app_begin ] --START--
[ 2019-08-14T21:06:51+08:00 ] /abcTest/admin.php/Coach/index | INFO: Run ReadHtmlCache Behavior [ RunTime:0.003921s ]
[ 2019-08-14T21:06:51+08:00 ] /abcTest/admin.php/Coach/index | INFO: Tag[ app_begin ] --END-- [ RunTime:0.004331s ]
[ 2019-08-14T21:06:51+08:00 ] /abcTest/admin.php/Coach/index | SQL: SHOW COLUMNS FROM `t_coach` [ RunTime:0.012865s ]
[ 2019-08-14T21:06:51+08:00 ] /abcTest/admin.php/Coach/index | SQL: SELECT `coaName`,`coaSex`,`coaIdCardNo`,`coaNation`,`coaPolitic`,`coaEducation`,`coaTel`,`coaPosition`,`coaSchool`,`coaRemarks` FROM `t_coach` ORDER BY coaID asc  [ RunTime:0.001215s ]
[ 2019-08-14T21:06:51+08:00 ] /abcTest/admin.php/Coach/index | INFO: Tag[ view_template ] --START--
[ 2019-08-14T21:06:51+08:00 ] /abcTest/admin.php/Coach/index | INFO: Run LocationTemplate Behavior [ RunTime:0.005372s ]
[ 2019-08-14T21:06:51+08:00 ] /abcTest/admin.php/Coach/index | INFO: Tag[ view_template ] --END-- [ RunTime:0.005812s ]
[ 2019-08-14T21:06:51+08:00 ] /abcTest/admin.php/Coach/index | INFO: Tag[ view_parse ] --START--
[ 2019-08-14T21:06:51+08:00 ] /abcTest/admin.php/Coach/index | NOTIC: [8] Undefined variable: title c0b4f8b64c1eb1997bb34efa106d73f2.php 第 5 行.
[ 2019-08-14T21:06:51+08:00 ] /abcTest/admin.php/Coach/index | INFO: Run ParseTemplate Behavior [ RunTime:0.067040s ]
[ 2019-08-14T21:06:51+08:00 ] /abcTest/admin.php/Coach/index | INFO: Tag[ view_parse ] --END-- [ RunTime:0.067443s ]
[ 2019-08-14T21:06:51+08:00 ] /abcTest/admin.php/Coach/index | INFO: Tag[ view_filter ] --START--
[ 2019-08-14T21:06:51+08:00 ] /abcTest/admin.php/Coach/index | INFO: Run ContentReplace Behavior [ RunTime:0.003327s ]
[ 2019-08-14T21:06:51+08:00 ] /abcTest/admin.php/Coach/index | INFO: Run TokenBuild Behavior [ RunTime:0.003716s ]
[ 2019-08-14T21:06:51+08:00 ] /abcTest/admin.php/Coach/index | INFO: Run WriteHtmlCache Behavior [ RunTime:0.002539s ]
[ 2019-08-14T21:06:51+08:00 ] /abcTest/admin.php/Coach/index | INFO: Run ShowRuntime Behavior [ RunTime:0.004470s ]
[ 2019-08-14T21:06:51+08:00 ] /abcTest/admin.php/Coach/index | INFO: Tag[ view_filter ] --END-- [ RunTime:0.015195s ]
[ 2019-08-14T21:06:51+08:00 ] /abcTest/admin.php/Coach/index | INFO: Tag[ view_end ] --START--
[ 2019-08-14T21:06:51+08:00 ] /abcTest/admin.php/Coach/index | INFO: Run ShowPageTrace Behavior [ RunTime:0.003228s ]
[ 2019-08-14T21:06:51+08:00 ] /abcTest/admin.php/Coach/index | INFO: Tag[ view_end ] --END-- [ RunTime:0.003614s ]
[ 2019-08-14T21:06:57+08:00 ] /abcTest/admin.php/Course/index | INFO: Tag[ route_check ] --START--
[ 2019-08-14T21:06:57+08:00 ] /abcTest/admin.php/Course/index | INFO: Run CheckRoute Behavior [ RunTime:0.003166s ]
[ 2019-08-14T21:06:57+08:00 ] /abcTest/admin.php/Course/index | INFO: Tag[ route_check ] --END-- [ RunTime:0.003594s ]
[ 2019-08-14T21:06:57+08:00 ] /abcTest/admin.php/Course/index | INFO: Tag[ app_begin ] --START--
[ 2019-08-14T21:06:57+08:00 ] /abcTest/admin.php/Course/index | INFO: Run ReadHtmlCache Behavior [ RunTime:0.002908s ]
[ 2019-08-14T21:06:57+08:00 ] /abcTest/admin.php/Course/index | INFO: Tag[ app_begin ] --END-- [ RunTime:0.003537s ]
[ 2019-08-14T21:06:57+08:00 ] /abcTest/admin.php/Course/index | NOTIC: [8] Undefined index: id CourseAction.class.php 第 4 行.
[ 2019-08-14T21:06:57+08:00 ] /abcTest/admin.php/Course/index | NOTIC: [8] Use of undefined constant Course - assumed 'Course' CourseAction.class.php 第 5 行.
[ 2019-08-14T21:06:57+08:00 ] /abcTest/admin.php/Course/index | SQL: SHOW COLUMNS FROM `t_course` [ RunTime:0.071252s ]
[ 2019-08-14T21:06:57+08:00 ] /abcTest/admin.php/Course/index | SQL: SELECT `courseID`,`courseName`,`courseContent`,`courseTime`,`courseArea`,`courseTeacher`,`coursePrice` FROM `t_course` ORDER BY courseID asc  [ RunTime:0.001204s ]
[ 2019-08-14T21:06:57+08:00 ] /abcTest/admin.php/Course/index | SQL: SELECT `courseContent` FROM `t_course` WHERE courseID='' LIMIT 1   [ RunTime:0.000760s ]
[ 2019-08-14T21:06:57+08:00 ] /abcTest/admin.php/Course/index | INFO: Tag[ view_template ] --START--
[ 2019-08-14T21:06:57+08:00 ] /abcTest/admin.php/Course/index | INFO: Run LocationTemplate Behavior [ RunTime:0.003536s ]
[ 2019-08-14T21:06:57+08:00 ] /abcTest/admin.php/Course/index | INFO: Tag[ view_template ] --END-- [ RunTime:0.003924s ]
[ 2019-08-14T21:06:57+08:00 ] /abcTest/admin.php/Course/index | INFO: Tag[ view_parse ] --START--
[ 2019-08-14T21:06:58+08:00 ] /abcTest/admin.php/Course/index | NOTIC: [8] Undefined variable: title 6f0ada55359106615047b4a70d624b08.php 第 5 行.
[ 2019-08-14T21:06:58+08:00 ] /abcTest/admin.php/Course/index | INFO: Run ParseTemplate Behavior [ RunTime:0.045313s ]
[ 2019-08-14T21:06:58+08:00 ] /abcTest/admin.php/Course/index | INFO: Tag[ view_parse ] --END-- [ RunTime:0.045707s ]
[ 2019-08-14T21:06:58+08:00 ] /abcTest/admin.php/Course/index | INFO: Tag[ view_filter ] --START--
[ 2019-08-14T21:06:58+08:00 ] /abcTest/admin.php/Course/index | INFO: Run ContentReplace Behavior [ RunTime:0.003069s ]
[ 2019-08-14T21:06:58+08:00 ] /abcTest/admin.php/Course/index | INFO: Run TokenBuild Behavior [ RunTime:0.002824s ]
[ 2019-08-14T21:06:58+08:00 ] /abcTest/admin.php/Course/index | INFO: Run WriteHtmlCache Behavior [ RunTime:0.001692s ]
[ 2019-08-14T21:06:58+08:00 ] /abcTest/admin.php/Course/index | INFO: Run ShowRuntime Behavior [ RunTime:0.003623s ]
[ 2019-08-14T21:06:58+08:00 ] /abcTest/admin.php/Course/index | INFO: Tag[ view_filter ] --END-- [ RunTime:0.012301s ]
[ 2019-08-14T21:06:58+08:00 ] /abcTest/admin.php/Course/index | INFO: Tag[ view_end ] --START--
[ 2019-08-14T21:06:58+08:00 ] /abcTest/admin.php/Course/index | INFO: Run ShowPageTrace Behavior [ RunTime:0.002530s ]
[ 2019-08-14T21:06:58+08:00 ] /abcTest/admin.php/Course/index | INFO: Tag[ view_end ] --END-- [ RunTime:0.002905s ]
[ 2019-08-14T21:07:04+08:00 ] /abcTest/admin.php/Consume/index | INFO: Tag[ route_check ] --START--
[ 2019-08-14T21:07:04+08:00 ] /abcTest/admin.php/Consume/index | INFO: Run CheckRoute Behavior [ RunTime:0.004370s ]
[ 2019-08-14T21:07:04+08:00 ] /abcTest/admin.php/Consume/index | INFO: Tag[ route_check ] --END-- [ RunTime:0.004811s ]
[ 2019-08-14T21:07:04+08:00 ] /abcTest/admin.php/Consume/index | INFO: Tag[ app_begin ] --START--
[ 2019-08-14T21:07:04+08:00 ] /abcTest/admin.php/Consume/index | INFO: Run ReadHtmlCache Behavior [ RunTime:0.004342s ]
[ 2019-08-14T21:07:04+08:00 ] /abcTest/admin.php/Consume/index | INFO: Tag[ app_begin ] --END-- [ RunTime:0.004761s ]
[ 2019-08-14T21:07:04+08:00 ] /abcTest/admin.php/Consume/index | NOTIC: [8] Use of undefined constant Card - assumed 'Card' ConsumeAction.class.php 第 4 行.
[ 2019-08-14T21:07:04+08:00 ] /abcTest/admin.php/Consume/index | SQL: SHOW COLUMNS FROM `t_card` [ RunTime:0.014364s ]
[ 2019-08-14T21:07:04+08:00 ] /abcTest/admin.php/Consume/index | NOTIC: [8] Use of undefined constant Member - assumed 'Member' ConsumeAction.class.php 第 5 行.
[ 2019-08-14T21:07:05+08:00 ] /abcTest/admin.php/Consume/index | SQL: SHOW COLUMNS FROM `t_member` [ RunTime:0.013655s ]
[ 2019-08-14T21:07:05+08:00 ] /abcTest/admin.php/Consume/index | NOTIC: [8] Use of undefined constant Course - assumed 'Course' ConsumeAction.class.php 第 6 行.
[ 2019-08-14T21:07:05+08:00 ] /abcTest/admin.php/Consume/index | SQL: SHOW COLUMNS FROM `t_course` [ RunTime:0.015102s ]
[ 2019-08-14T21:07:05+08:00 ] /abcTest/admin.php/Consume/index | SQL: SELECT COUNT(*) AS tp_count FROM `t_member` LIMIT 1   [ RunTime:0.000934s ]
[ 2019-08-14T21:07:05+08:00 ] /abcTest/admin.php/Consume/index | SQL: select count(vipCardId) from t_member where vipCardId in(select cardID from t_card where validTimes>7) [ RunTime:0.001315s ]
[ 2019-08-14T21:07:05+08:00 ] /abcTest/admin.php/Consume/index | SQL: select count(vipCardId) from t_member where vipCardId in(select cardID  from t_card where validTimes> 0 and validTimes<7) [ RunTime:0.001313s ]
[ 2019-08-14T21:07:05+08:00 ] /abcTest/admin.php/Consume/index | NOTIC: [8] Undefined index: id ConsumeAction.class.php 第 26 行.
[ 2019-08-14T21:07:05+08:00 ] /abcTest/admin.php/Consume/index | SQL: select memId,memName,vipCardId,memSex,memTel,memRegisteDate,memRemarks,validTimes,cardDiscount from t_member,t_card where t_member.vipCardId=t_card.cardID and memId=''  [ RunTime:0.001182s ]
[ 2019-08-14T21:07:05+08:00 ] /abcTest/admin.php/Consume/index | SQL: SELECT `courseID`,`courseName`,`courseTime`,`courseArea`,`courseTeacher`,`coursePrice` FROM `t_course`  [ RunTime:0.001168s ]
[ 2019-08-14T21:07:05+08:00 ] /abcTest/admin.php/Consume/index | INFO: Tag[ view_template ] --START--
[ 2019-08-14T21:07:05+08:00 ] /abcTest/admin.php/Consume/index | INFO: Run LocationTemplate Behavior [ RunTime:0.005063s ]
[ 2019-08-14T21:07:05+08:00 ] /abcTest/admin.php/Consume/index | INFO: Tag[ view_template ] --END-- [ RunTime:0.005507s ]
[ 2019-08-14T21:07:05+08:00 ] /abcTest/admin.php/Consume/index | INFO: Tag[ view_parse ] --START--
[ 2019-08-14T21:07:05+08:00 ] /abcTest/admin.php/Consume/index | NOTIC: [8] Undefined variable: title 84bd527d18d26f138dfaf2f491d4ca55.php 第 5 行.
[ 2019-08-14T21:07:05+08:00 ] /abcTest/admin.php/Consume/index | INFO: Run ParseTemplate Behavior [ RunTime:0.075545s ]
[ 2019-08-14T21:07:05+08:00 ] /abcTest/admin.php/Consume/index | INFO: Tag[ view_parse ] --END-- [ RunTime:0.075942s ]
[ 2019-08-14T21:07:05+08:00 ] /abcTest/admin.php/Consume/index | INFO: Tag[ view_filter ] --START--
[ 2019-08-14T21:07:05+08:00 ] /abcTest/admin.php/Consume/index | INFO: Run ContentReplace Behavior [ RunTime:0.003585s ]
[ 2019-08-14T21:07:05+08:00 ] /abcTest/admin.php/Consume/index | INFO: Run TokenBuild Behavior [ RunTime:0.003372s ]
[ 2019-08-14T21:07:05+08:00 ] /abcTest/admin.php/Consume/index | INFO: Run WriteHtmlCache Behavior [ RunTime:0.003247s ]
[ 2019-08-14T21:07:05+08:00 ] /abcTest/admin.php/Consume/index | INFO: Run ShowRuntime Behavior [ RunTime:0.003733s ]
[ 2019-08-14T21:07:05+08:00 ] /abcTest/admin.php/Consume/index | INFO: Tag[ view_filter ] --END-- [ RunTime:0.014992s ]
[ 2019-08-14T21:07:05+08:00 ] /abcTest/admin.php/Consume/index | INFO: Tag[ view_end ] --START--
[ 2019-08-14T21:07:05+08:00 ] /abcTest/admin.php/Consume/index | INFO: Run ShowPageTrace Behavior [ RunTime:0.003264s ]
[ 2019-08-14T21:07:05+08:00 ] /abcTest/admin.php/Consume/index | INFO: Tag[ view_end ] --END-- [ RunTime:0.003655s ]
[ 2019-08-14T21:07:31+08:00 ] /abcTest/admin.php/CountConsume/index | INFO: Tag[ route_check ] --START--
[ 2019-08-14T21:07:31+08:00 ] /abcTest/admin.php/CountConsume/index | INFO: Run CheckRoute Behavior [ RunTime:0.003332s ]
[ 2019-08-14T21:07:31+08:00 ] /abcTest/admin.php/CountConsume/index | INFO: Tag[ route_check ] --END-- [ RunTime:0.003764s ]
[ 2019-08-14T21:07:31+08:00 ] /abcTest/admin.php/CountConsume/index | INFO: Tag[ app_begin ] --START--
[ 2019-08-14T21:07:31+08:00 ] /abcTest/admin.php/CountConsume/index | INFO: Run ReadHtmlCache Behavior [ RunTime:0.003098s ]
[ 2019-08-14T21:07:31+08:00 ] /abcTest/admin.php/CountConsume/index | INFO: Tag[ app_begin ] --END-- [ RunTime:0.003505s ]
[ 2019-08-14T21:07:31+08:00 ] /abcTest/admin.php/CountConsume/index | INFO: Tag[ view_template ] --START--
[ 2019-08-14T21:07:31+08:00 ] /abcTest/admin.php/CountConsume/index | INFO: Run LocationTemplate Behavior [ RunTime:0.003605s ]
[ 2019-08-14T21:07:31+08:00 ] /abcTest/admin.php/CountConsume/index | INFO: Tag[ view_template ] --END-- [ RunTime:0.004013s ]
[ 2019-08-14T21:07:31+08:00 ] /abcTest/admin.php/CountConsume/index | INFO: Tag[ view_parse ] --START--
[ 2019-08-14T21:07:31+08:00 ] /abcTest/admin.php/CountConsume/index | INFO: Run ParseTemplate Behavior [ RunTime:0.055987s ]
[ 2019-08-14T21:07:31+08:00 ] /abcTest/admin.php/CountConsume/index | INFO: Tag[ view_parse ] --END-- [ RunTime:0.056416s ]
[ 2019-08-14T21:07:31+08:00 ] /abcTest/admin.php/CountConsume/index | INFO: Tag[ view_filter ] --START--
[ 2019-08-14T21:07:31+08:00 ] /abcTest/admin.php/CountConsume/index | INFO: Run ContentReplace Behavior [ RunTime:0.002291s ]
[ 2019-08-14T21:07:31+08:00 ] /abcTest/admin.php/CountConsume/index | INFO: Run TokenBuild Behavior [ RunTime:0.002198s ]
[ 2019-08-14T21:07:31+08:00 ] /abcTest/admin.php/CountConsume/index | INFO: Run WriteHtmlCache Behavior [ RunTime:0.002001s ]
[ 2019-08-14T21:07:31+08:00 ] /abcTest/admin.php/CountConsume/index | INFO: Run ShowRuntime Behavior [ RunTime:0.002825s ]
[ 2019-08-14T21:07:31+08:00 ] /abcTest/admin.php/CountConsume/index | INFO: Tag[ view_filter ] --END-- [ RunTime:0.010436s ]
[ 2019-08-14T21:07:31+08:00 ] /abcTest/admin.php/CountConsume/index | INFO: Tag[ view_end ] --START--
[ 2019-08-14T21:07:31+08:00 ] /abcTest/admin.php/CountConsume/index | INFO: Run ShowPageTrace Behavior [ RunTime:0.002327s ]
[ 2019-08-14T21:07:31+08:00 ] /abcTest/admin.php/CountConsume/index | INFO: Tag[ view_end ] --END-- [ RunTime:0.002746s ]
[ 2019-08-14T21:07:33+08:00 ] /abcTest/admin.php/CountConsume/tt | INFO: Tag[ route_check ] --START--
[ 2019-08-14T21:07:33+08:00 ] /abcTest/admin.php/CountConsume/tt | INFO: Run CheckRoute Behavior [ RunTime:0.004108s ]
[ 2019-08-14T21:07:33+08:00 ] /abcTest/admin.php/CountConsume/tt | INFO: Tag[ route_check ] --END-- [ RunTime:0.004572s ]
[ 2019-08-14T21:07:33+08:00 ] /abcTest/admin.php/CountConsume/tt | INFO: Tag[ app_begin ] --START--
[ 2019-08-14T21:07:33+08:00 ] /abcTest/admin.php/CountConsume/tt | INFO: Run ReadHtmlCache Behavior [ RunTime:0.002861s ]
[ 2019-08-14T21:07:33+08:00 ] /abcTest/admin.php/CountConsume/tt | INFO: Tag[ app_begin ] --END-- [ RunTime:0.003232s ]
[ 2019-08-14T21:07:33+08:00 ] /abcTest/admin.php/CountConsume/tt | NOTIC: [8] Use of undefined constant Consume - assumed 'Consume' CountConsumeAction.class.php 第 8 行.
[ 2019-08-14T21:07:33+08:00 ] /abcTest/admin.php/CountConsume/tt | SQL: SHOW COLUMNS FROM `t_consume` [ RunTime:0.014009s ]
[ 2019-08-14T21:07:33+08:00 ] /abcTest/admin.php/CountConsume/tt | SQL: SELECT courseName,count(t_consume.courseID) from t_consume,t_course where t_course.courseID=t_consume.courseID group by t_consume.courseID [ RunTime:0.001934s ]
[ 2019-08-14T21:07:41+08:00 ] /abcTest/admin.php/CountConsume/show | INFO: Tag[ route_check ] --START--
[ 2019-08-14T21:07:41+08:00 ] /abcTest/admin.php/CountConsume/show | INFO: Run CheckRoute Behavior [ RunTime:0.003447s ]
[ 2019-08-14T21:07:41+08:00 ] /abcTest/admin.php/CountConsume/show | INFO: Tag[ route_check ] --END-- [ RunTime:0.003912s ]
[ 2019-08-14T21:07:41+08:00 ] /abcTest/admin.php/CountConsume/show | INFO: Tag[ app_begin ] --START--
[ 2019-08-14T21:07:41+08:00 ] /abcTest/admin.php/CountConsume/show | INFO: Run ReadHtmlCache Behavior [ RunTime:0.002952s ]
[ 2019-08-14T21:07:41+08:00 ] /abcTest/admin.php/CountConsume/show | INFO: Tag[ app_begin ] --END-- [ RunTime:0.003434s ]
[ 2019-08-14T21:07:41+08:00 ] /abcTest/admin.php/CountConsume/show | NOTIC: [8] Use of undefined constant Consume - assumed 'Consume' CountConsumeAction.class.php 第 14 行.
[ 2019-08-14T21:07:41+08:00 ] /abcTest/admin.php/CountConsume/show | SQL: SHOW COLUMNS FROM `t_consume` [ RunTime:0.013636s ]
[ 2019-08-14T21:07:41+08:00 ] /abcTest/admin.php/CountConsume/show | SQL: SELECT DATE_FORMAT( consumeTime,  '%Y-%m' ) AS TIME, SUM( price ) 
      FROM t_consume, t_course
      WHERE t_course.courseID = t_consume.courseID
      AND userID =  '100001'
      GROUP BY TIME [ RunTime:0.001722s ]
[ 2019-08-14T21:07:47+08:00 ] /abcTest/admin.php/CountConsume/info | INFO: Tag[ route_check ] --START--
[ 2019-08-14T21:07:47+08:00 ] /abcTest/admin.php/CountConsume/info | INFO: Run CheckRoute Behavior [ RunTime:0.004316s ]
[ 2019-08-14T21:07:47+08:00 ] /abcTest/admin.php/CountConsume/info | INFO: Tag[ route_check ] --END-- [ RunTime:0.004772s ]
[ 2019-08-14T21:07:47+08:00 ] /abcTest/admin.php/CountConsume/info | INFO: Tag[ app_begin ] --START--
[ 2019-08-14T21:07:47+08:00 ] /abcTest/admin.php/CountConsume/info | INFO: Run ReadHtmlCache Behavior [ RunTime:0.002868s ]
[ 2019-08-14T21:07:47+08:00 ] /abcTest/admin.php/CountConsume/info | INFO: Tag[ app_begin ] --END-- [ RunTime:0.003234s ]
[ 2019-08-14T21:07:47+08:00 ] /abcTest/admin.php/CountConsume/info | NOTIC: [8] Use of undefined constant Consume - assumed 'Consume' CountConsumeAction.class.php 第 27 行.
[ 2019-08-14T21:07:47+08:00 ] /abcTest/admin.php/CountConsume/info | SQL: SHOW COLUMNS FROM `t_consume` [ RunTime:0.013432s ]
[ 2019-08-14T21:07:47+08:00 ] /abcTest/admin.php/CountConsume/info | SQL: SELECT courseName, price, DATE_FORMAT( consumeTime,  '%Y-%m-%d' )
      FROM t_consume, t_course
      WHERE t_consume.courseID = t_course.courseID
      AND DATE_FORMAT( consumeTime,  '%Y-%m' ) =  '2019-08'
      AND userID =  '100001' [ RunTime:0.001494s ]
[ 2019-08-14T21:14:07+08:00 ] /abcTest/admin.php/Index/index | INFO: Tag[ route_check ] --START--
[ 2019-08-14T21:14:07+08:00 ] /abcTest/admin.php/Index/index | INFO: Run CheckRoute Behavior [ RunTime:0.002730s ]
[ 2019-08-14T21:14:07+08:00 ] /abcTest/admin.php/Index/index | INFO: Tag[ route_check ] --END-- [ RunTime:0.003151s ]
[ 2019-08-14T21:14:07+08:00 ] /abcTest/admin.php/Index/index | INFO: Tag[ app_begin ] --START--
[ 2019-08-14T21:14:07+08:00 ] /abcTest/admin.php/Index/index | INFO: Run ReadHtmlCache Behavior [ RunTime:0.005263s ]
[ 2019-08-14T21:14:07+08:00 ] /abcTest/admin.php/Index/index | INFO: Tag[ app_begin ] --END-- [ RunTime:0.005673s ]
[ 2019-08-14T21:14:07+08:00 ] /abcTest/admin.php/Index/index | INFO: Tag[ view_template ] --START--
[ 2019-08-14T21:14:07+08:00 ] /abcTest/admin.php/Index/index | INFO: Run LocationTemplate Behavior [ RunTime:0.014082s ]
[ 2019-08-14T21:14:07+08:00 ] /abcTest/admin.php/Index/index | INFO: Tag[ view_template ] --END-- [ RunTime:0.014714s ]
[ 2019-08-14T21:14:07+08:00 ] /abcTest/admin.php/Index/index | INFO: Tag[ view_parse ] --START--
[ 2019-08-14T21:14:07+08:00 ] /abcTest/admin.php/Index/index | NOTIC: [8] Undefined variable: title 4c18d5952d0dbf1eedb8a1ec796fa788.php 第 5 行.
[ 2019-08-14T21:14:07+08:00 ] /abcTest/admin.php/Index/index | INFO: Run ParseTemplate Behavior [ RunTime:0.083826s ]
[ 2019-08-14T21:14:07+08:00 ] /abcTest/admin.php/Index/index | INFO: Tag[ view_parse ] --END-- [ RunTime:0.084428s ]
[ 2019-08-14T21:14:07+08:00 ] /abcTest/admin.php/Index/index | INFO: Tag[ view_filter ] --START--
[ 2019-08-14T21:14:07+08:00 ] /abcTest/admin.php/Index/index | INFO: Run ContentReplace Behavior [ RunTime:0.003730s ]
[ 2019-08-14T21:14:07+08:00 ] /abcTest/admin.php/Index/index | INFO: Run TokenBuild Behavior [ RunTime:0.004052s ]
[ 2019-08-14T21:14:07+08:00 ] /abcTest/admin.php/Index/index | INFO: Run WriteHtmlCache Behavior [ RunTime:0.002558s ]
[ 2019-08-14T21:14:07+08:00 ] /abcTest/admin.php/Index/index | INFO: Run ShowRuntime Behavior [ RunTime:0.004010s ]
[ 2019-08-14T21:14:07+08:00 ] /abcTest/admin.php/Index/index | INFO: Tag[ view_filter ] --END-- [ RunTime:0.016814s ]
[ 2019-08-14T21:14:07+08:00 ] /abcTest/admin.php/Index/index | INFO: Tag[ view_end ] --START--
[ 2019-08-14T21:14:07+08:00 ] /abcTest/admin.php/Index/index | INFO: Run ShowPageTrace Behavior [ RunTime:0.002881s ]
[ 2019-08-14T21:14:07+08:00 ] /abcTest/admin.php/Index/index | INFO: Tag[ view_end ] --END-- [ RunTime:0.003356s ]
[ 2019-08-14T21:14:12+08:00 ] /abcTest/admin.php/Member/index | INFO: Tag[ route_check ] --START--
[ 2019-08-14T21:14:12+08:00 ] /abcTest/admin.php/Member/index | INFO: Run CheckRoute Behavior [ RunTime:0.004915s ]
[ 2019-08-14T21:14:12+08:00 ] /abcTest/admin.php/Member/index | INFO: Tag[ route_check ] --END-- [ RunTime:0.005400s ]
[ 2019-08-14T21:14:12+08:00 ] /abcTest/admin.php/Member/index | INFO: Tag[ app_begin ] --START--
[ 2019-08-14T21:14:12+08:00 ] /abcTest/admin.php/Member/index | INFO: Run ReadHtmlCache Behavior [ RunTime:0.002956s ]
[ 2019-08-14T21:14:12+08:00 ] /abcTest/admin.php/Member/index | INFO: Tag[ app_begin ] --END-- [ RunTime:0.003365s ]
[ 2019-08-14T21:14:12+08:00 ] /abcTest/admin.php/Member/index | NOTIC: [8] Use of undefined constant Member - assumed 'Member' MemberAction.class.php 第 6 行.
[ 2019-08-14T21:14:12+08:00 ] /abcTest/admin.php/Member/index | SQL: SHOW COLUMNS FROM `t_member` [ RunTime:0.065878s ]
[ 2019-08-14T21:14:12+08:00 ] /abcTest/admin.php/Member/index | SQL: SELECT COUNT(*) AS tp_count FROM `t_member` LIMIT 1   [ RunTime:0.000814s ]
[ 2019-08-14T21:14:12+08:00 ] /abcTest/admin.php/Member/index | SQL: SELECT `memId`,`memName`,`memSex`,`memAddr`,`memHealth`,`memIdCard`,`memTel`,`memRegisteDate` FROM `t_member` ORDER BY memId asc  [ RunTime:0.001294s ]
[ 2019-08-14T21:14:12+08:00 ] /abcTest/admin.php/Member/index | INFO: Tag[ view_template ] --START--
[ 2019-08-14T21:14:12+08:00 ] /abcTest/admin.php/Member/index | INFO: Run LocationTemplate Behavior [ RunTime:0.004666s ]
[ 2019-08-14T21:14:12+08:00 ] /abcTest/admin.php/Member/index | INFO: Tag[ view_template ] --END-- [ RunTime:0.005124s ]
[ 2019-08-14T21:14:12+08:00 ] /abcTest/admin.php/Member/index | INFO: Tag[ view_parse ] --START--
[ 2019-08-14T21:14:12+08:00 ] /abcTest/admin.php/Member/index | NOTIC: [8] Undefined variable: title 3cee509fada8262edd7bf89285b287db.php 第 5 行.
[ 2019-08-14T21:14:12+08:00 ] /abcTest/admin.php/Member/index | INFO: Run ParseTemplate Behavior [ RunTime:0.060181s ]
[ 2019-08-14T21:14:12+08:00 ] /abcTest/admin.php/Member/index | INFO: Tag[ view_parse ] --END-- [ RunTime:0.060621s ]
[ 2019-08-14T21:14:12+08:00 ] /abcTest/admin.php/Member/index | INFO: Tag[ view_filter ] --START--
[ 2019-08-14T21:14:12+08:00 ] /abcTest/admin.php/Member/index | INFO: Run ContentReplace Behavior [ RunTime:0.003820s ]
[ 2019-08-14T21:14:12+08:00 ] /abcTest/admin.php/Member/index | INFO: Run TokenBuild Behavior [ RunTime:0.004050s ]
[ 2019-08-14T21:14:12+08:00 ] /abcTest/admin.php/Member/index | INFO: Run WriteHtmlCache Behavior [ RunTime:0.002694s ]
[ 2019-08-14T21:14:12+08:00 ] /abcTest/admin.php/Member/index | INFO: Run ShowRuntime Behavior [ RunTime:0.004596s ]
[ 2019-08-14T21:14:12+08:00 ] /abcTest/admin.php/Member/index | INFO: Tag[ view_filter ] --END-- [ RunTime:0.016466s ]
[ 2019-08-14T21:14:12+08:00 ] /abcTest/admin.php/Member/index | INFO: Tag[ view_end ] --START--
[ 2019-08-14T21:14:12+08:00 ] /abcTest/admin.php/Member/index | INFO: Run ShowPageTrace Behavior [ RunTime:0.003069s ]
[ 2019-08-14T21:14:12+08:00 ] /abcTest/admin.php/Member/index | INFO: Tag[ view_end ] --END-- [ RunTime:0.003965s ]
