[ 2012-05-17T08:37:12+08:00 ] /xxx/index.php | INFO: Tag[ app_begin ] --START--
[ 2012-05-17T08:37:12+08:00 ] /xxx/index.php | INFO: Run ReadHtmlCache Behavior [ RunTime:0.000745s ]
[ 2012-05-17T08:37:12+08:00 ] /xxx/index.php | INFO: Tag[ app_begin ] --END-- [ RunTime:0.000865s ]
[ 2012-05-17T08:37:12+08:00 ] /xxx/index.php | SQL: SHOW COLUMNS FROM `think_article` [ RunTime:0.040430s ]
[ 2012-05-17T08:37:12+08:00 ] /xxx/index.php | SQL: SELECT `id`,`subject`,`message`,`createtime` FROM `think_article` ORDER BY id desc  [ RunTime:0.000453s ]
[ 2012-05-17T08:37:12+08:00 ] /xxx/index.php | INFO: Tag[ view_template ] --START--
[ 2012-05-17T08:37:12+08:00 ] /xxx/index.php | INFO: Run LocationTemplate Behavior [ RunTime:0.000909s ]
[ 2012-05-17T08:37:12+08:00 ] /xxx/index.php | INFO: Tag[ view_template ] --END-- [ RunTime:0.000996s ]
[ 2012-05-17T08:37:12+08:00 ] /xxx/index.php | INFO: Tag[ view_parse ] --START--
[ 2012-05-17T08:37:12+08:00 ] /xxx/index.php | INFO: Run ParseTemplate Behavior [ RunTime:0.014245s ]
[ 2012-05-17T08:37:12+08:00 ] /xxx/index.php | INFO: Tag[ view_parse ] --END-- [ RunTime:0.014344s ]
[ 2012-05-17T08:37:12+08:00 ] /xxx/index.php | INFO: Tag[ view_filter ] --START--
[ 2012-05-17T08:37:12+08:00 ] /xxx/index.php | INFO: Run ContentReplace Behavior [ RunTime:0.000486s ]
[ 2012-05-17T08:37:12+08:00 ] /xxx/index.php | INFO: Run TokenBuild Behavior [ RunTime:0.000626s ]
[ 2012-05-17T08:37:12+08:00 ] /xxx/index.php | INFO: Run WriteHtmlCache Behavior [ RunTime:0.000312s ]
[ 2012-05-17T08:37:12+08:00 ] /xxx/index.php | INFO: Run ShowRuntime Behavior [ RunTime:0.000589s ]
[ 2012-05-17T08:37:12+08:00 ] /xxx/index.php | INFO: Tag[ view_filter ] --END-- [ RunTime:0.002233s ]
[ 2012-05-17T08:37:12+08:00 ] /xxx/index.php | INFO: Tag[ view_end ] --START--
[ 2012-05-17T08:37:12+08:00 ] /xxx/index.php | INFO: Run ShowPageTrace Behavior [ RunTime:0.000495s ]
[ 2012-05-17T08:37:12+08:00 ] /xxx/index.php | INFO: Tag[ view_end ] --END-- [ RunTime:0.000572s ]
[ 2012-05-17T10:03:32+08:00 ] /xxx/ | INFO: Tag[ app_begin ] --START--
[ 2012-05-17T10:03:32+08:00 ] /xxx/ | INFO: Run ReadHtmlCache Behavior [ RunTime:0.000752s ]
[ 2012-05-17T10:03:32+08:00 ] /xxx/ | INFO: Tag[ app_begin ] --END-- [ RunTime:0.000872s ]
[ 2012-05-17T10:03:32+08:00 ] /xxx/ | SQL: SHOW COLUMNS FROM `think_article` [ RunTime:0.003980s ]
[ 2012-05-17T10:03:32+08:00 ] /xxx/ | SQL: SELECT `id`,`subject`,`message`,`createtime` FROM `think_article` ORDER BY id desc  [ RunTime:0.000334s ]
[ 2012-05-17T10:03:32+08:00 ] /xxx/ | INFO: Tag[ view_template ] --START--
[ 2012-05-17T10:03:32+08:00 ] /xxx/ | INFO: Run LocationTemplate Behavior [ RunTime:0.001138s ]
[ 2012-05-17T10:03:32+08:00 ] /xxx/ | INFO: Tag[ view_template ] --END-- [ RunTime:0.001284s ]
[ 2012-05-17T10:03:32+08:00 ] /xxx/ | INFO: Tag[ view_parse ] --START--
[ 2012-05-17T10:03:32+08:00 ] /xxx/ | INFO: Run ParseTemplate Behavior [ RunTime:0.016983s ]
[ 2012-05-17T10:03:32+08:00 ] /xxx/ | INFO: Tag[ view_parse ] --END-- [ RunTime:0.017172s ]
[ 2012-05-17T10:03:32+08:00 ] /xxx/ | INFO: Tag[ view_filter ] --START--
[ 2012-05-17T10:03:32+08:00 ] /xxx/ | INFO: Run ContentReplace Behavior [ RunTime:0.000759s ]
[ 2012-05-17T10:03:32+08:00 ] /xxx/ | INFO: Run TokenBuild Behavior [ RunTime:0.000981s ]
[ 2012-05-17T10:03:32+08:00 ] /xxx/ | INFO: Run WriteHtmlCache Behavior [ RunTime:0.000494s ]
[ 2012-05-17T10:03:32+08:00 ] /xxx/ | INFO: Run ShowRuntime Behavior [ RunTime:0.000973s ]
[ 2012-05-17T10:03:32+08:00 ] /xxx/ | INFO: Tag[ view_filter ] --END-- [ RunTime:0.003590s ]
[ 2012-05-17T10:03:32+08:00 ] /xxx/ | INFO: Tag[ view_end ] --START--
[ 2012-05-17T10:03:32+08:00 ] /xxx/ | INFO: Run ShowPageTrace Behavior [ RunTime:0.000793s ]
[ 2012-05-17T10:03:32+08:00 ] /xxx/ | INFO: Tag[ view_end ] --END-- [ RunTime:0.000928s ]
[ 2012-05-17T10:09:58+08:00 ] /xxx/ | INFO: Tag[ app_begin ] --START--
[ 2012-05-17T10:09:58+08:00 ] /xxx/ | INFO: Run ReadHtmlCache Behavior [ RunTime:0.000924s ]
[ 2012-05-17T10:09:58+08:00 ] /xxx/ | INFO: Tag[ app_begin ] --END-- [ RunTime:0.001073s ]
[ 2012-05-17T10:09:58+08:00 ] /xxx/ | SQL: SHOW COLUMNS FROM `think_article` [ RunTime:0.005138s ]
[ 2012-05-17T10:09:58+08:00 ] /xxx/ | SQL: SELECT `id`,`subject`,`message`,`createtime` FROM `think_article` ORDER BY id desc  [ RunTime:0.000355s ]
[ 2012-05-17T10:09:58+08:00 ] /xxx/ | INFO: Tag[ view_template ] --START--
[ 2012-05-17T10:09:58+08:00 ] /xxx/ | INFO: Run LocationTemplate Behavior [ RunTime:0.000837s ]
[ 2012-05-17T10:09:58+08:00 ] /xxx/ | INFO: Tag[ view_template ] --END-- [ RunTime:0.000927s ]
[ 2012-05-17T10:09:58+08:00 ] /xxx/ | INFO: Tag[ view_parse ] --START--
[ 2012-05-17T10:09:58+08:00 ] /xxx/ | INFO: Run ParseTemplate Behavior [ RunTime:0.010395s ]
[ 2012-05-17T10:09:58+08:00 ] /xxx/ | INFO: Tag[ view_parse ] --END-- [ RunTime:0.010493s ]
[ 2012-05-17T10:09:58+08:00 ] /xxx/ | INFO: Tag[ view_filter ] --START--
[ 2012-05-17T10:09:58+08:00 ] /xxx/ | INFO: Run ContentReplace Behavior [ RunTime:0.000468s ]
[ 2012-05-17T10:09:58+08:00 ] /xxx/ | INFO: Run TokenBuild Behavior [ RunTime:0.000568s ]
[ 2012-05-17T10:09:58+08:00 ] /xxx/ | INFO: Run WriteHtmlCache Behavior [ RunTime:0.000344s ]
[ 2012-05-17T10:09:58+08:00 ] /xxx/ | INFO: Run ShowRuntime Behavior [ RunTime:0.000635s ]
[ 2012-05-17T10:09:58+08:00 ] /xxx/ | INFO: Tag[ view_filter ] --END-- [ RunTime:0.002265s ]
[ 2012-05-17T10:09:58+08:00 ] /xxx/ | INFO: Tag[ view_end ] --START--
[ 2012-05-17T10:09:58+08:00 ] /xxx/ | INFO: Run ShowPageTrace Behavior [ RunTime:0.000526s ]
[ 2012-05-17T10:09:58+08:00 ] /xxx/ | INFO: Tag[ view_end ] --END-- [ RunTime:0.000603s ]
