[ 2019-08-06T09:03:16+08:00 ] /abcTest/index.php/Login/index | INFO: Tag[ route_check ] --START--
[ 2019-08-06T09:03:16+08:00 ] /abcTest/index.php/Login/index | INFO: Run CheckRoute Behavior [ RunTime:0.003650s ]
[ 2019-08-06T09:03:16+08:00 ] /abcTest/index.php/Login/index | INFO: Tag[ route_check ] --END-- [ RunTime:0.051272s ]
[ 2019-08-06T09:03:16+08:00 ] /abcTest/index.php/Login/index | INFO: Tag[ app_begin ] --START--
[ 2019-08-06T09:03:16+08:00 ] /abcTest/index.php/Login/index | INFO: Run ReadHtmlCache Behavior [ RunTime:0.002177s ]
[ 2019-08-06T09:03:16+08:00 ] /abcTest/index.php/Login/index | INFO: Tag[ app_begin ] --END-- [ RunTime:0.002387s ]
[ 2019-08-06T09:03:16+08:00 ] /abcTest/index.php/Login/index | INFO: Tag[ view_template ] --START--
[ 2019-08-06T09:03:16+08:00 ] /abcTest/index.php/Login/index | INFO: Run LocationTemplate Behavior [ RunTime:0.002440s ]
[ 2019-08-06T09:03:16+08:00 ] /abcTest/index.php/Login/index | INFO: Tag[ view_template ] --END-- [ RunTime:0.002646s ]
[ 2019-08-06T09:03:16+08:00 ] /abcTest/index.php/Login/index | INFO: Tag[ view_parse ] --START--
[ 2019-08-06T09:03:16+08:00 ] /abcTest/index.php/Login/index | INFO: Run ParseTemplate Behavior [ RunTime:0.057403s ]
[ 2019-08-06T09:03:16+08:00 ] /abcTest/index.php/Login/index | INFO: Tag[ view_parse ] --END-- [ RunTime:0.057727s ]
[ 2019-08-06T09:03:16+08:00 ] /abcTest/index.php/Login/index | INFO: Tag[ view_filter ] --START--
[ 2019-08-06T09:03:16+08:00 ] /abcTest/index.php/Login/index | INFO: Run ContentReplace Behavior [ RunTime:0.001566s ]
[ 2019-08-06T09:03:16+08:00 ] /abcTest/index.php/Login/index | INFO: Run TokenBuild Behavior [ RunTime:0.001683s ]
[ 2019-08-06T09:03:16+08:00 ] /abcTest/index.php/Login/index | INFO: Run WriteHtmlCache Behavior [ RunTime:0.001261s ]
[ 2019-08-06T09:03:16+08:00 ] /abcTest/index.php/Login/index | INFO: Run ShowRuntime Behavior [ RunTime:0.001795s ]
[ 2019-08-06T09:03:16+08:00 ] /abcTest/index.php/Login/index | INFO: Tag[ view_filter ] --END-- [ RunTime:0.006885s ]
[ 2019-08-06T09:03:16+08:00 ] /abcTest/index.php/Login/index | INFO: Tag[ view_end ] --START--
[ 2019-08-06T09:03:16+08:00 ] /abcTest/index.php/Login/index | INFO: Run ShowPageTrace Behavior [ RunTime:0.001608s ]
[ 2019-08-06T09:03:16+08:00 ] /abcTest/index.php/Login/index | INFO: Tag[ view_end ] --END-- [ RunTime:0.001846s ]
[ 2019-08-06T09:03:45+08:00 ] /abcTest/index.php/Login/checkLogin | INFO: Tag[ route_check ] --START--
[ 2019-08-06T09:03:45+08:00 ] /abcTest/index.php/Login/checkLogin | INFO: Run CheckRoute Behavior [ RunTime:0.001205s ]
[ 2019-08-06T09:03:45+08:00 ] /abcTest/index.php/Login/checkLogin | INFO: Tag[ route_check ] --END-- [ RunTime:0.001415s ]
[ 2019-08-06T09:03:45+08:00 ] /abcTest/index.php/Login/checkLogin | INFO: Tag[ app_begin ] --START--
[ 2019-08-06T09:03:45+08:00 ] /abcTest/index.php/Login/checkLogin | INFO: Run ReadHtmlCache Behavior [ RunTime:0.000934s ]
[ 2019-08-06T09:03:45+08:00 ] /abcTest/index.php/Login/checkLogin | INFO: Tag[ app_begin ] --END-- [ RunTime:0.001098s ]
[ 2019-08-06T09:03:45+08:00 ] /abcTest/index.php/Login/checkLogin | SQL: SHOW COLUMNS FROM `t_user` [ RunTime:0.085142s ]
[ 2019-08-06T09:03:45+08:00 ] /abcTest/index.php/Login/checkLogin | SQL: SELECT * FROM `t_user` WHERE userId ='777' LIMIT 1   [ RunTime:0.096934s ]
[ 2019-08-06T09:03:45+08:00 ] /abcTest/index.php/Login/checkLogin | SQL: SELECT `userRole` FROM `t_user` WHERE userId ='777' LIMIT 1   [ RunTime:0.000431s ]
[ 2019-08-06T09:03:45+08:00 ] /abcTest/index.php/Login/checkLogin | NOTIC: [8] Use of undefined constant username - assumed 'username' LoginAction.class.php 第 27 行.
[ 2019-08-06T09:03:45+08:00 ] /abcTest/index.php/Login/checkLogin | INFO: Tag[ view_template ] --START--
[ 2019-08-06T09:03:45+08:00 ] /abcTest/index.php/Login/checkLogin | INFO: Run LocationTemplate Behavior [ RunTime:0.021152s ]
[ 2019-08-06T09:03:45+08:00 ] /abcTest/index.php/Login/checkLogin | INFO: Tag[ view_template ] --END-- [ RunTime:0.021386s ]
[ 2019-08-06T09:03:45+08:00 ] /abcTest/index.php/Login/checkLogin | INFO: Tag[ view_parse ] --START--
[ 2019-08-06T09:03:45+08:00 ] /abcTest/index.php/Login/checkLogin | INFO: Run ParseTemplate Behavior [ RunTime:0.068586s ]
[ 2019-08-06T09:03:45+08:00 ] /abcTest/index.php/Login/checkLogin | INFO: Tag[ view_parse ] --END-- [ RunTime:0.068890s ]
[ 2019-08-06T09:03:45+08:00 ] /abcTest/index.php/Login/checkLogin | INFO: Tag[ view_filter ] --START--
[ 2019-08-06T09:03:45+08:00 ] /abcTest/index.php/Login/checkLogin | INFO: Run ContentReplace Behavior [ RunTime:0.000977s ]
[ 2019-08-06T09:03:45+08:00 ] /abcTest/index.php/Login/checkLogin | INFO: Run TokenBuild Behavior [ RunTime:0.000809s ]
[ 2019-08-06T09:03:45+08:00 ] /abcTest/index.php/Login/checkLogin | INFO: Run WriteHtmlCache Behavior [ RunTime:0.000483s ]
[ 2019-08-06T09:03:45+08:00 ] /abcTest/index.php/Login/checkLogin | INFO: Run ShowRuntime Behavior [ RunTime:0.001097s ]
[ 2019-08-06T09:03:45+08:00 ] /abcTest/index.php/Login/checkLogin | INFO: Tag[ view_filter ] --END-- [ RunTime:0.003895s ]
[ 2019-08-06T09:03:45+08:00 ] /abcTest/index.php/Login/checkLogin | INFO: Tag[ view_end ] --START--
[ 2019-08-06T09:03:45+08:00 ] /abcTest/index.php/Login/checkLogin | INFO: Run ShowPageTrace Behavior [ RunTime:0.000901s ]
[ 2019-08-06T09:03:45+08:00 ] /abcTest/index.php/Login/checkLogin | INFO: Tag[ view_end ] --END-- [ RunTime:0.001091s ]
[ 2019-08-06T17:21:24+08:00 ] /abcTest/index.php/Login/index | INFO: Tag[ route_check ] --START--
[ 2019-08-06T17:21:24+08:00 ] /abcTest/index.php/Login/index | INFO: Run CheckRoute Behavior [ RunTime:0.002481s ]
[ 2019-08-06T17:21:24+08:00 ] /abcTest/index.php/Login/index | INFO: Tag[ route_check ] --END-- [ RunTime:0.002765s ]
[ 2019-08-06T17:21:24+08:00 ] /abcTest/index.php/Login/index | INFO: Tag[ app_begin ] --START--
[ 2019-08-06T17:21:24+08:00 ] /abcTest/index.php/Login/index | INFO: Run ReadHtmlCache Behavior [ RunTime:0.001488s ]
[ 2019-08-06T17:21:24+08:00 ] /abcTest/index.php/Login/index | INFO: Tag[ app_begin ] --END-- [ RunTime:0.001702s ]
[ 2019-08-06T17:21:24+08:00 ] /abcTest/index.php/Login/index | INFO: Tag[ view_template ] --START--
[ 2019-08-06T17:21:24+08:00 ] /abcTest/index.php/Login/index | INFO: Run LocationTemplate Behavior [ RunTime:0.002358s ]
[ 2019-08-06T17:21:24+08:00 ] /abcTest/index.php/Login/index | INFO: Tag[ view_template ] --END-- [ RunTime:0.002650s ]
[ 2019-08-06T17:21:24+08:00 ] /abcTest/index.php/Login/index | INFO: Tag[ view_parse ] --START--
[ 2019-08-06T17:21:24+08:00 ] /abcTest/index.php/Login/index | INFO: Run ParseTemplate Behavior [ RunTime:0.107695s ]
[ 2019-08-06T17:21:24+08:00 ] /abcTest/index.php/Login/index | INFO: Tag[ view_parse ] --END-- [ RunTime:0.107920s ]
[ 2019-08-06T17:21:24+08:00 ] /abcTest/index.php/Login/index | INFO: Tag[ view_filter ] --START--
[ 2019-08-06T17:21:24+08:00 ] /abcTest/index.php/Login/index | INFO: Run ContentReplace Behavior [ RunTime:0.000844s ]
[ 2019-08-06T17:21:24+08:00 ] /abcTest/index.php/Login/index | INFO: Run TokenBuild Behavior [ RunTime:0.001061s ]
[ 2019-08-06T17:21:24+08:00 ] /abcTest/index.php/Login/index | INFO: Run WriteHtmlCache Behavior [ RunTime:0.001234s ]
[ 2019-08-06T17:21:24+08:00 ] /abcTest/index.php/Login/index | INFO: Run ShowRuntime Behavior [ RunTime:0.001351s ]
[ 2019-08-06T17:21:24+08:00 ] /abcTest/index.php/Login/index | INFO: Tag[ view_filter ] --END-- [ RunTime:0.004967s ]
[ 2019-08-06T17:21:24+08:00 ] /abcTest/index.php/Login/index | INFO: Tag[ view_end ] --START--
[ 2019-08-06T17:21:24+08:00 ] /abcTest/index.php/Login/index | INFO: Run ShowPageTrace Behavior [ RunTime:0.000891s ]
[ 2019-08-06T17:21:24+08:00 ] /abcTest/index.php/Login/index | INFO: Tag[ view_end ] --END-- [ RunTime:0.001051s ]
[ 2019-08-06T17:21:27+08:00 ] /abcTest/index.php/Login/index | INFO: Tag[ route_check ] --START--
[ 2019-08-06T17:21:27+08:00 ] /abcTest/index.php/Login/index | INFO: Run CheckRoute Behavior [ RunTime:0.001315s ]
[ 2019-08-06T17:21:27+08:00 ] /abcTest/index.php/Login/index | INFO: Tag[ route_check ] --END-- [ RunTime:0.001552s ]
[ 2019-08-06T17:21:27+08:00 ] /abcTest/index.php/Login/index | INFO: Tag[ app_begin ] --START--
[ 2019-08-06T17:21:27+08:00 ] /abcTest/index.php/Login/index | INFO: Run ReadHtmlCache Behavior [ RunTime:0.001320s ]
[ 2019-08-06T17:21:27+08:00 ] /abcTest/index.php/Login/index | INFO: Tag[ app_begin ] --END-- [ RunTime:0.001540s ]
[ 2019-08-06T17:21:27+08:00 ] /abcTest/index.php/Login/index | INFO: Tag[ view_template ] --START--
[ 2019-08-06T17:21:27+08:00 ] /abcTest/index.php/Login/index | INFO: Run LocationTemplate Behavior [ RunTime:0.001208s ]
[ 2019-08-06T17:21:27+08:00 ] /abcTest/index.php/Login/index | INFO: Tag[ view_template ] --END-- [ RunTime:0.001449s ]
[ 2019-08-06T17:21:27+08:00 ] /abcTest/index.php/Login/index | INFO: Tag[ view_parse ] --START--
[ 2019-08-06T17:21:27+08:00 ] /abcTest/index.php/Login/index | INFO: Run ParseTemplate Behavior [ RunTime:0.014656s ]
[ 2019-08-06T17:21:27+08:00 ] /abcTest/index.php/Login/index | INFO: Tag[ view_parse ] --END-- [ RunTime:0.014916s ]
[ 2019-08-06T17:21:27+08:00 ] /abcTest/index.php/Login/index | INFO: Tag[ view_filter ] --START--
[ 2019-08-06T17:21:27+08:00 ] /abcTest/index.php/Login/index | INFO: Run ContentReplace Behavior [ RunTime:0.000945s ]
[ 2019-08-06T17:21:27+08:00 ] /abcTest/index.php/Login/index | INFO: Run TokenBuild Behavior [ RunTime:0.001132s ]
[ 2019-08-06T17:21:27+08:00 ] /abcTest/index.php/Login/index | INFO: Run WriteHtmlCache Behavior [ RunTime:0.000571s ]
[ 2019-08-06T17:21:27+08:00 ] /abcTest/index.php/Login/index | INFO: Run ShowRuntime Behavior [ RunTime:0.001306s ]
[ 2019-08-06T17:21:27+08:00 ] /abcTest/index.php/Login/index | INFO: Tag[ view_filter ] --END-- [ RunTime:0.004547s ]
[ 2019-08-06T17:21:27+08:00 ] /abcTest/index.php/Login/index | INFO: Tag[ view_end ] --START--
[ 2019-08-06T17:21:27+08:00 ] /abcTest/index.php/Login/index | INFO: Run ShowPageTrace Behavior [ RunTime:0.000914s ]
[ 2019-08-06T17:21:27+08:00 ] /abcTest/index.php/Login/index | INFO: Tag[ view_end ] --END-- [ RunTime:0.001124s ]
[ 2019-08-06T17:21:40+08:00 ] /abcTest/index.php/Login/checkLogin | INFO: Tag[ route_check ] --START--
[ 2019-08-06T17:21:40+08:00 ] /abcTest/index.php/Login/checkLogin | INFO: Run CheckRoute Behavior [ RunTime:0.002040s ]
[ 2019-08-06T17:21:40+08:00 ] /abcTest/index.php/Login/checkLogin | INFO: Tag[ route_check ] --END-- [ RunTime:0.002299s ]
[ 2019-08-06T17:21:40+08:00 ] /abcTest/index.php/Login/checkLogin | INFO: Tag[ app_begin ] --START--
[ 2019-08-06T17:21:40+08:00 ] /abcTest/index.php/Login/checkLogin | INFO: Run ReadHtmlCache Behavior [ RunTime:0.001113s ]
[ 2019-08-06T17:21:40+08:00 ] /abcTest/index.php/Login/checkLogin | INFO: Tag[ app_begin ] --END-- [ RunTime:0.001282s ]
[ 2019-08-06T17:21:40+08:00 ] /abcTest/index.php/Login/checkLogin | SQL: SHOW COLUMNS FROM `t_user` [ RunTime:0.110752s ]
[ 2019-08-06T17:21:40+08:00 ] /abcTest/index.php/Login/checkLogin | SQL: SELECT * FROM `t_user` WHERE userId ='777' LIMIT 1   [ RunTime:0.010814s ]
[ 2019-08-06T17:21:40+08:00 ] /abcTest/index.php/Login/checkLogin | SQL: SELECT `userRole` FROM `t_user` WHERE userId ='777' LIMIT 1   [ RunTime:0.000329s ]
[ 2019-08-06T17:21:40+08:00 ] /abcTest/index.php/Login/checkLogin | NOTIC: [8] Use of undefined constant username - assumed 'username' LoginAction.class.php 第 27 行.
[ 2019-08-06T17:21:40+08:00 ] /abcTest/index.php/Login/checkLogin | INFO: Tag[ view_template ] --START--
[ 2019-08-06T17:21:40+08:00 ] /abcTest/index.php/Login/checkLogin | INFO: Run LocationTemplate Behavior [ RunTime:0.001478s ]
[ 2019-08-06T17:21:40+08:00 ] /abcTest/index.php/Login/checkLogin | INFO: Tag[ view_template ] --END-- [ RunTime:0.001647s ]
[ 2019-08-06T17:21:40+08:00 ] /abcTest/index.php/Login/checkLogin | INFO: Tag[ view_parse ] --START--
[ 2019-08-06T17:21:40+08:00 ] /abcTest/index.php/Login/checkLogin | INFO: Run ParseTemplate Behavior [ RunTime:0.064214s ]
[ 2019-08-06T17:21:40+08:00 ] /abcTest/index.php/Login/checkLogin | INFO: Tag[ view_parse ] --END-- [ RunTime:0.064409s ]
[ 2019-08-06T17:21:40+08:00 ] /abcTest/index.php/Login/checkLogin | INFO: Tag[ view_filter ] --START--
[ 2019-08-06T17:21:40+08:00 ] /abcTest/index.php/Login/checkLogin | INFO: Run ContentReplace Behavior [ RunTime:0.000921s ]
[ 2019-08-06T17:21:40+08:00 ] /abcTest/index.php/Login/checkLogin | INFO: Run TokenBuild Behavior [ RunTime:0.000875s ]
[ 2019-08-06T17:21:40+08:00 ] /abcTest/index.php/Login/checkLogin | INFO: Run WriteHtmlCache Behavior [ RunTime:0.000536s ]
[ 2019-08-06T17:21:40+08:00 ] /abcTest/index.php/Login/checkLogin | INFO: Run ShowRuntime Behavior [ RunTime:0.000997s ]
[ 2019-08-06T17:21:40+08:00 ] /abcTest/index.php/Login/checkLogin | INFO: Tag[ view_filter ] --END-- [ RunTime:0.003752s ]
[ 2019-08-06T17:21:40+08:00 ] /abcTest/index.php/Login/checkLogin | INFO: Tag[ view_end ] --START--
[ 2019-08-06T17:21:40+08:00 ] /abcTest/index.php/Login/checkLogin | INFO: Run ShowPageTrace Behavior [ RunTime:0.000864s ]
[ 2019-08-06T17:21:40+08:00 ] /abcTest/index.php/Login/checkLogin | INFO: Tag[ view_end ] --END-- [ RunTime:0.001020s ]
