[ 2019-08-07T08:35:49+08:00 ] /abcTest/index.php/Login/index | INFO: Tag[ route_check ] --START--
[ 2019-08-07T08:35:49+08:00 ] /abcTest/index.php/Login/index | INFO: Run CheckRoute Behavior [ RunTime:0.003853s ]
[ 2019-08-07T08:35:49+08:00 ] /abcTest/index.php/Login/index | INFO: Tag[ route_check ] --END-- [ RunTime:0.103811s ]
[ 2019-08-07T08:35:49+08:00 ] /abcTest/index.php/Login/index | INFO: Tag[ app_begin ] --START--
[ 2019-08-07T08:35:49+08:00 ] /abcTest/index.php/Login/index | INFO: Run ReadHtmlCache Behavior [ RunTime:0.002372s ]
[ 2019-08-07T08:35:49+08:00 ] /abcTest/index.php/Login/index | INFO: Tag[ app_begin ] --END-- [ RunTime:0.002669s ]
[ 2019-08-07T08:35:49+08:00 ] /abcTest/index.php/Login/index | INFO: Tag[ view_template ] --START--
[ 2019-08-07T08:35:49+08:00 ] /abcTest/index.php/Login/index | INFO: Run LocationTemplate Behavior [ RunTime:0.027775s ]
[ 2019-08-07T08:35:49+08:00 ] /abcTest/index.php/Login/index | INFO: Tag[ view_template ] --END-- [ RunTime:0.028171s ]
[ 2019-08-07T08:35:49+08:00 ] /abcTest/index.php/Login/index | INFO: Tag[ view_parse ] --START--
[ 2019-08-07T08:35:49+08:00 ] /abcTest/index.php/Login/index | INFO: Run ParseTemplate Behavior [ RunTime:0.123004s ]
[ 2019-08-07T08:35:49+08:00 ] /abcTest/index.php/Login/index | INFO: Tag[ view_parse ] --END-- [ RunTime:0.123322s ]
[ 2019-08-07T08:35:49+08:00 ] /abcTest/index.php/Login/index | INFO: Tag[ view_filter ] --START--
[ 2019-08-07T08:35:49+08:00 ] /abcTest/index.php/Login/index | INFO: Run ContentReplace Behavior [ RunTime:0.026431s ]
[ 2019-08-07T08:35:49+08:00 ] /abcTest/index.php/Login/index | INFO: Run TokenBuild Behavior [ RunTime:0.033986s ]
[ 2019-08-07T08:35:49+08:00 ] /abcTest/index.php/Login/index | INFO: Run WriteHtmlCache Behavior [ RunTime:0.028361s ]
[ 2019-08-07T08:35:49+08:00 ] /abcTest/index.php/Login/index | INFO: Run ShowRuntime Behavior [ RunTime:0.028044s ]
[ 2019-08-07T08:35:49+08:00 ] /abcTest/index.php/Login/index | INFO: Tag[ view_filter ] --END-- [ RunTime:0.117725s ]
[ 2019-08-07T08:35:49+08:00 ] /abcTest/index.php/Login/index | INFO: Tag[ view_end ] --START--
[ 2019-08-07T08:35:49+08:00 ] /abcTest/index.php/Login/index | INFO: Run ShowPageTrace Behavior [ RunTime:0.002024s ]
[ 2019-08-07T08:35:49+08:00 ] /abcTest/index.php/Login/index | INFO: Tag[ view_end ] --END-- [ RunTime:0.002308s ]
[ 2019-08-07T08:35:58+08:00 ] /abcTest/index.php/Login/checkLogin | INFO: Tag[ route_check ] --START--
[ 2019-08-07T08:35:58+08:00 ] /abcTest/index.php/Login/checkLogin | INFO: Run CheckRoute Behavior [ RunTime:0.002090s ]
[ 2019-08-07T08:35:58+08:00 ] /abcTest/index.php/Login/checkLogin | INFO: Tag[ route_check ] --END-- [ RunTime:0.002354s ]
[ 2019-08-07T08:35:58+08:00 ] /abcTest/index.php/Login/checkLogin | INFO: Tag[ app_begin ] --START--
[ 2019-08-07T08:35:58+08:00 ] /abcTest/index.php/Login/checkLogin | INFO: Run ReadHtmlCache Behavior [ RunTime:0.001761s ]
[ 2019-08-07T08:35:58+08:00 ] /abcTest/index.php/Login/checkLogin | INFO: Tag[ app_begin ] --END-- [ RunTime:0.002013s ]
[ 2019-08-07T08:36:00+08:00 ] /abcTest/index.php/Login/checkLogin | SQL: SHOW COLUMNS FROM `t_user` [ RunTime:0.824066s ]
[ 2019-08-07T08:36:00+08:00 ] /abcTest/index.php/Login/checkLogin | SQL: SELECT * FROM `t_user` WHERE userId ='777' LIMIT 1   [ RunTime:0.172813s ]
[ 2019-08-07T08:36:00+08:00 ] /abcTest/index.php/Login/checkLogin | SQL: SELECT `userRole` FROM `t_user` WHERE userId ='777' LIMIT 1   [ RunTime:0.000521s ]
[ 2019-08-07T08:36:00+08:00 ] /abcTest/index.php/Login/checkLogin | NOTIC: [8] Use of undefined constant username - assumed 'username' LoginAction.class.php 第 27 行.
[ 2019-08-07T08:36:00+08:00 ] /abcTest/index.php/Login/checkLogin | INFO: Tag[ view_template ] --START--
[ 2019-08-07T08:36:00+08:00 ] /abcTest/index.php/Login/checkLogin | INFO: Run LocationTemplate Behavior [ RunTime:0.001795s ]
[ 2019-08-07T08:36:00+08:00 ] /abcTest/index.php/Login/checkLogin | INFO: Tag[ view_template ] --END-- [ RunTime:0.002011s ]
[ 2019-08-07T08:36:00+08:00 ] /abcTest/index.php/Login/checkLogin | INFO: Tag[ view_parse ] --START--
[ 2019-08-07T08:36:00+08:00 ] /abcTest/index.php/Login/checkLogin | INFO: Run ParseTemplate Behavior [ RunTime:0.132407s ]
[ 2019-08-07T08:36:00+08:00 ] /abcTest/index.php/Login/checkLogin | INFO: Tag[ view_parse ] --END-- [ RunTime:0.132670s ]
[ 2019-08-07T08:36:00+08:00 ] /abcTest/index.php/Login/checkLogin | INFO: Tag[ view_filter ] --START--
[ 2019-08-07T08:36:00+08:00 ] /abcTest/index.php/Login/checkLogin | INFO: Run ContentReplace Behavior [ RunTime:0.001133s ]
[ 2019-08-07T08:36:00+08:00 ] /abcTest/index.php/Login/checkLogin | INFO: Run TokenBuild Behavior [ RunTime:0.001196s ]
[ 2019-08-07T08:36:00+08:00 ] /abcTest/index.php/Login/checkLogin | INFO: Run WriteHtmlCache Behavior [ RunTime:0.000754s ]
[ 2019-08-07T08:36:00+08:00 ] /abcTest/index.php/Login/checkLogin | INFO: Run ShowRuntime Behavior [ RunTime:0.001430s ]
[ 2019-08-07T08:36:00+08:00 ] /abcTest/index.php/Login/checkLogin | INFO: Tag[ view_filter ] --END-- [ RunTime:0.005117s ]
[ 2019-08-07T08:36:00+08:00 ] /abcTest/index.php/Login/checkLogin | INFO: Tag[ view_end ] --START--
[ 2019-08-07T08:36:00+08:00 ] /abcTest/index.php/Login/checkLogin | INFO: Run ShowPageTrace Behavior [ RunTime:0.001300s ]
[ 2019-08-07T08:36:00+08:00 ] /abcTest/index.php/Login/checkLogin | INFO: Tag[ view_end ] --END-- [ RunTime:0.001545s ]
[ 2019-08-07T16:36:21+08:00 ] /abcTest/index.php/Login/index | INFO: Tag[ route_check ] --START--
[ 2019-08-07T16:36:21+08:00 ] /abcTest/index.php/Login/index | INFO: Run CheckRoute Behavior [ RunTime:0.003170s ]
[ 2019-08-07T16:36:21+08:00 ] /abcTest/index.php/Login/index | INFO: Tag[ route_check ] --END-- [ RunTime:0.003740s ]
[ 2019-08-07T16:36:21+08:00 ] /abcTest/index.php/Login/index | INFO: Tag[ app_begin ] --START--
[ 2019-08-07T16:36:21+08:00 ] /abcTest/index.php/Login/index | INFO: Run ReadHtmlCache Behavior [ RunTime:0.002548s ]
[ 2019-08-07T16:36:21+08:00 ] /abcTest/index.php/Login/index | INFO: Tag[ app_begin ] --END-- [ RunTime:0.002946s ]
[ 2019-08-07T16:36:21+08:00 ] /abcTest/index.php/Login/index | INFO: Tag[ view_template ] --START--
[ 2019-08-07T16:36:21+08:00 ] /abcTest/index.php/Login/index | INFO: Run LocationTemplate Behavior [ RunTime:0.004042s ]
[ 2019-08-07T16:36:21+08:00 ] /abcTest/index.php/Login/index | INFO: Tag[ view_template ] --END-- [ RunTime:0.004528s ]
[ 2019-08-07T16:36:21+08:00 ] /abcTest/index.php/Login/index | INFO: Tag[ view_parse ] --START--
[ 2019-08-07T16:36:22+08:00 ] /abcTest/index.php/Login/index | INFO: Run ParseTemplate Behavior [ RunTime:0.079950s ]
[ 2019-08-07T16:36:22+08:00 ] /abcTest/index.php/Login/index | INFO: Tag[ view_parse ] --END-- [ RunTime:0.080379s ]
[ 2019-08-07T16:36:22+08:00 ] /abcTest/index.php/Login/index | INFO: Tag[ view_filter ] --START--
[ 2019-08-07T16:36:22+08:00 ] /abcTest/index.php/Login/index | INFO: Run ContentReplace Behavior [ RunTime:0.002169s ]
[ 2019-08-07T16:36:22+08:00 ] /abcTest/index.php/Login/index | INFO: Run TokenBuild Behavior [ RunTime:0.002708s ]
[ 2019-08-07T16:36:22+08:00 ] /abcTest/index.php/Login/index | INFO: Run WriteHtmlCache Behavior [ RunTime:0.001641s ]
[ 2019-08-07T16:36:22+08:00 ] /abcTest/index.php/Login/index | INFO: Run ShowRuntime Behavior [ RunTime:0.002585s ]
[ 2019-08-07T16:36:22+08:00 ] /abcTest/index.php/Login/index | INFO: Tag[ view_filter ] --END-- [ RunTime:0.010323s ]
[ 2019-08-07T16:36:22+08:00 ] /abcTest/index.php/Login/index | INFO: Tag[ view_end ] --START--
[ 2019-08-07T16:36:22+08:00 ] /abcTest/index.php/Login/index | INFO: Run ShowPageTrace Behavior [ RunTime:0.002471s ]
[ 2019-08-07T16:36:22+08:00 ] /abcTest/index.php/Login/index | INFO: Tag[ view_end ] --END-- [ RunTime:0.003238s ]
