[ 2019-08-17T15:42:45+08:00 ] /abcTest/index.php/Login/index | INFO: Tag[ route_check ] --START--
[ 2019-08-17T15:42:45+08:00 ] /abcTest/index.php/Login/index | INFO: Run CheckRoute Behavior [ RunTime:0.002592s ]
[ 2019-08-17T15:42:45+08:00 ] /abcTest/index.php/Login/index | INFO: Tag[ route_check ] --END-- [ RunTime:0.002845s ]
[ 2019-08-17T15:42:45+08:00 ] /abcTest/index.php/Login/index | INFO: Tag[ app_begin ] --START--
[ 2019-08-17T15:42:45+08:00 ] /abcTest/index.php/Login/index | INFO: Run ReadHtmlCache Behavior [ RunTime:0.002219s ]
[ 2019-08-17T15:42:45+08:00 ] /abcTest/index.php/Login/index | INFO: Tag[ app_begin ] --END-- [ RunTime:0.002431s ]
[ 2019-08-17T15:42:45+08:00 ] /abcTest/index.php/Login/index | INFO: Tag[ view_template ] --START--
[ 2019-08-17T15:42:45+08:00 ] /abcTest/index.php/Login/index | INFO: Run LocationTemplate Behavior [ RunTime:0.002175s ]
[ 2019-08-17T15:42:45+08:00 ] /abcTest/index.php/Login/index | INFO: Tag[ view_template ] --END-- [ RunTime:0.002372s ]
[ 2019-08-17T15:42:45+08:00 ] /abcTest/index.php/Login/index | INFO: Tag[ view_parse ] --START--
[ 2019-08-17T15:42:45+08:00 ] /abcTest/index.php/Login/index | INFO: Run ParseTemplate Behavior [ RunTime:0.018826s ]
[ 2019-08-17T15:42:45+08:00 ] /abcTest/index.php/Login/index | INFO: Tag[ view_parse ] --END-- [ RunTime:0.019051s ]
[ 2019-08-17T15:42:45+08:00 ] /abcTest/index.php/Login/index | INFO: Tag[ view_filter ] --START--
[ 2019-08-17T15:42:45+08:00 ] /abcTest/index.php/Login/index | INFO: Run ContentReplace Behavior [ RunTime:0.001697s ]
[ 2019-08-17T15:42:45+08:00 ] /abcTest/index.php/Login/index | INFO: Run TokenBuild Behavior [ RunTime:0.001623s ]
[ 2019-08-17T15:42:45+08:00 ] /abcTest/index.php/Login/index | INFO: Run WriteHtmlCache Behavior [ RunTime:0.001169s ]
[ 2019-08-17T15:42:45+08:00 ] /abcTest/index.php/Login/index | INFO: Run ShowRuntime Behavior [ RunTime:0.001720s ]
[ 2019-08-17T15:42:45+08:00 ] /abcTest/index.php/Login/index | INFO: Tag[ view_filter ] --END-- [ RunTime:0.006672s ]
[ 2019-08-17T15:42:45+08:00 ] /abcTest/index.php/Login/index | INFO: Tag[ view_end ] --START--
[ 2019-08-17T15:42:45+08:00 ] /abcTest/index.php/Login/index | INFO: Run ShowPageTrace Behavior [ RunTime:0.001416s ]
[ 2019-08-17T15:42:45+08:00 ] /abcTest/index.php/Login/index | INFO: Tag[ view_end ] --END-- [ RunTime:0.001570s ]
[ 2019-08-17T15:44:18+08:00 ] /abcTest/index.php/Login/checkLogin | INFO: Tag[ route_check ] --START--
[ 2019-08-17T15:44:18+08:00 ] /abcTest/index.php/Login/checkLogin | INFO: Run CheckRoute Behavior [ RunTime:0.001959s ]
[ 2019-08-17T15:44:18+08:00 ] /abcTest/index.php/Login/checkLogin | INFO: Tag[ route_check ] --END-- [ RunTime:0.002161s ]
[ 2019-08-17T15:44:18+08:00 ] /abcTest/index.php/Login/checkLogin | INFO: Tag[ app_begin ] --START--
[ 2019-08-17T15:44:18+08:00 ] /abcTest/index.php/Login/checkLogin | INFO: Run ReadHtmlCache Behavior [ RunTime:0.001773s ]
[ 2019-08-17T15:44:18+08:00 ] /abcTest/index.php/Login/checkLogin | INFO: Tag[ app_begin ] --END-- [ RunTime:0.001931s ]
[ 2019-08-17T15:44:18+08:00 ] /abcTest/index.php/Login/checkLogin | SQL: SHOW COLUMNS FROM `t_user` [ RunTime:0.009356s ]
[ 2019-08-17T15:44:18+08:00 ] /abcTest/index.php/Login/checkLogin | SQL: SELECT * FROM `t_user` WHERE userId ='100001' LIMIT 1   [ RunTime:0.000663s ]
[ 2019-08-17T15:44:18+08:00 ] /abcTest/index.php/Login/checkLogin | SQL: SELECT `userRole` FROM `t_user` WHERE userId ='100001' LIMIT 1   [ RunTime:0.000248s ]
[ 2019-08-17T15:44:18+08:00 ] /abcTest/index.php/Login/checkLogin | INFO: Tag[ view_template ] --START--
[ 2019-08-17T15:44:18+08:00 ] /abcTest/index.php/Login/checkLogin | INFO: Run LocationTemplate Behavior [ RunTime:0.002267s ]
[ 2019-08-17T15:44:18+08:00 ] /abcTest/index.php/Login/checkLogin | INFO: Tag[ view_template ] --END-- [ RunTime:0.002466s ]
[ 2019-08-17T15:44:18+08:00 ] /abcTest/index.php/Login/checkLogin | INFO: Tag[ view_parse ] --START--
[ 2019-08-17T15:44:18+08:00 ] /abcTest/index.php/Login/checkLogin | INFO: Run ParseTemplate Behavior [ RunTime:0.023692s ]
[ 2019-08-17T15:44:18+08:00 ] /abcTest/index.php/Login/checkLogin | INFO: Tag[ view_parse ] --END-- [ RunTime:0.023924s ]
[ 2019-08-17T15:44:18+08:00 ] /abcTest/index.php/Login/checkLogin | INFO: Tag[ view_filter ] --START--
[ 2019-08-17T15:44:18+08:00 ] /abcTest/index.php/Login/checkLogin | INFO: Run ContentReplace Behavior [ RunTime:0.001881s ]
[ 2019-08-17T15:44:18+08:00 ] /abcTest/index.php/Login/checkLogin | INFO: Run TokenBuild Behavior [ RunTime:0.002077s ]
[ 2019-08-17T15:44:18+08:00 ] /abcTest/index.php/Login/checkLogin | INFO: Run WriteHtmlCache Behavior [ RunTime:0.001734s ]
[ 2019-08-17T15:44:18+08:00 ] /abcTest/index.php/Login/checkLogin | INFO: Run ShowRuntime Behavior [ RunTime:0.003085s ]
[ 2019-08-17T15:44:18+08:00 ] /abcTest/index.php/Login/checkLogin | INFO: Tag[ view_filter ] --END-- [ RunTime:0.009413s ]
[ 2019-08-17T15:44:18+08:00 ] /abcTest/index.php/Login/checkLogin | INFO: Tag[ view_end ] --START--
[ 2019-08-17T15:44:18+08:00 ] /abcTest/index.php/Login/checkLogin | INFO: Run ShowPageTrace Behavior [ RunTime:0.002458s ]
[ 2019-08-17T15:44:18+08:00 ] /abcTest/index.php/Login/checkLogin | INFO: Tag[ view_end ] --END-- [ RunTime:0.002706s ]
[ 2019-08-17T15:44:18+08:00 ] /abcTest/index.php/Login/checkLogin | NOTIC: [8] Use of undefined constant username - assumed 'username' LoginAction.class.php 第 32 行.
[ 2019-08-17T15:44:22+08:00 ] /abcTest/index.php/UserIndex/index | INFO: Tag[ route_check ] --START--
[ 2019-08-17T15:44:22+08:00 ] /abcTest/index.php/UserIndex/index | INFO: Run CheckRoute Behavior [ RunTime:0.002672s ]
[ 2019-08-17T15:44:22+08:00 ] /abcTest/index.php/UserIndex/index | INFO: Tag[ route_check ] --END-- [ RunTime:0.002947s ]
[ 2019-08-17T15:44:22+08:00 ] /abcTest/index.php/UserIndex/index | INFO: Tag[ app_begin ] --START--
[ 2019-08-17T15:44:22+08:00 ] /abcTest/index.php/UserIndex/index | INFO: Run ReadHtmlCache Behavior [ RunTime:0.002809s ]
[ 2019-08-17T15:44:22+08:00 ] /abcTest/index.php/UserIndex/index | INFO: Tag[ app_begin ] --END-- [ RunTime:0.003159s ]
[ 2019-08-17T15:44:22+08:00 ] /abcTest/index.php/UserIndex/index | NOTIC: [8] Use of undefined constant Course - assumed 'Course' UserIndexAction.class.php 第 6 行.
[ 2019-08-17T15:44:22+08:00 ] /abcTest/index.php/UserIndex/index | SQL: SHOW COLUMNS FROM `t_course` [ RunTime:0.010243s ]
[ 2019-08-17T15:44:22+08:00 ] /abcTest/index.php/UserIndex/index | NOTIC: [8] Use of undefined constant Member - assumed 'Member' UserIndexAction.class.php 第 7 行.
[ 2019-08-17T15:44:22+08:00 ] /abcTest/index.php/UserIndex/index | SQL: SHOW COLUMNS FROM `t_member` [ RunTime:0.010024s ]
[ 2019-08-17T15:44:22+08:00 ] /abcTest/index.php/UserIndex/index | NOTIC: [8] Use of undefined constant Card - assumed 'Card' UserIndexAction.class.php 第 8 行.
[ 2019-08-17T15:44:22+08:00 ] /abcTest/index.php/UserIndex/index | SQL: SHOW COLUMNS FROM `t_card` [ RunTime:0.009453s ]
[ 2019-08-17T15:44:22+08:00 ] /abcTest/index.php/UserIndex/index | SQL: select t_consume.courseID,courseName,courseTime,courseArea,courseTeacher,coursePrice,memRemarks,cardDiscount,t_card.cardID from t_course,t_member,t_consume,t_card where t_member.memId=t_consume.userID and t_consume.courseID=t_course.courseID and t_member.vipCardId=t_card.cardID and t_consume.userID='100001' [ RunTime:0.000827s ]
[ 2019-08-17T15:44:22+08:00 ] /abcTest/index.php/UserIndex/index | SQL: select courseID,courseName,courseTime,courseArea,courseTeacher,coursePrice from t_course [ RunTime:0.000610s ]
[ 2019-08-17T15:44:22+08:00 ] /abcTest/index.php/UserIndex/index | SQL: select memName,memTel from t_member where memId='100001' [ RunTime:0.000305s ]
[ 2019-08-17T15:44:22+08:00 ] /abcTest/index.php/UserIndex/index | SQL: select startTime,endTime from t_card where cardID in(select vipCardId from t_member where memId='100001') [ RunTime:0.000341s ]
[ 2019-08-17T15:44:22+08:00 ] /abcTest/index.php/UserIndex/index | NOTIC: [8] Undefined variable: name UserIndexAction.class.php 第 31 行.
[ 2019-08-17T15:44:22+08:00 ] /abcTest/index.php/UserIndex/index | NOTIC: [8] Undefined variable: tel UserIndexAction.class.php 第 32 行.
[ 2019-08-17T15:44:22+08:00 ] /abcTest/index.php/UserIndex/index | NOTIC: [8] Undefined variable: startTime UserIndexAction.class.php 第 33 行.
[ 2019-08-17T15:44:22+08:00 ] /abcTest/index.php/UserIndex/index | NOTIC: [8] Undefined variable: endTime UserIndexAction.class.php 第 34 行.
[ 2019-08-17T15:44:22+08:00 ] /abcTest/index.php/UserIndex/index | INFO: Tag[ view_template ] --START--
[ 2019-08-17T15:44:22+08:00 ] /abcTest/index.php/UserIndex/index | INFO: Run LocationTemplate Behavior [ RunTime:0.003313s ]
[ 2019-08-17T15:44:22+08:00 ] /abcTest/index.php/UserIndex/index | INFO: Tag[ view_template ] --END-- [ RunTime:0.003588s ]
[ 2019-08-17T15:44:22+08:00 ] /abcTest/index.php/UserIndex/index | INFO: Tag[ view_parse ] --START--
[ 2019-08-17T15:44:22+08:00 ] /abcTest/index.php/UserIndex/index | INFO: Run ParseTemplate Behavior [ RunTime:0.039411s ]
[ 2019-08-17T15:44:22+08:00 ] /abcTest/index.php/UserIndex/index | INFO: Tag[ view_parse ] --END-- [ RunTime:0.039687s ]
[ 2019-08-17T15:44:22+08:00 ] /abcTest/index.php/UserIndex/index | INFO: Tag[ view_filter ] --START--
[ 2019-08-17T15:44:22+08:00 ] /abcTest/index.php/UserIndex/index | INFO: Run ContentReplace Behavior [ RunTime:0.001991s ]
[ 2019-08-17T15:44:22+08:00 ] /abcTest/index.php/UserIndex/index | INFO: Run TokenBuild Behavior [ RunTime:0.002931s ]
[ 2019-08-17T15:44:22+08:00 ] /abcTest/index.php/UserIndex/index | INFO: Run WriteHtmlCache Behavior [ RunTime:0.001568s ]
[ 2019-08-17T15:44:22+08:00 ] /abcTest/index.php/UserIndex/index | INFO: Run ShowRuntime Behavior [ RunTime:0.002780s ]
[ 2019-08-17T15:44:22+08:00 ] /abcTest/index.php/UserIndex/index | INFO: Tag[ view_filter ] --END-- [ RunTime:0.009936s ]
[ 2019-08-17T15:44:22+08:00 ] /abcTest/index.php/UserIndex/index | INFO: Tag[ view_end ] --START--
[ 2019-08-17T15:44:22+08:00 ] /abcTest/index.php/UserIndex/index | INFO: Run ShowPageTrace Behavior [ RunTime:0.002045s ]
[ 2019-08-17T15:44:22+08:00 ] /abcTest/index.php/UserIndex/index | INFO: Tag[ view_end ] --END-- [ RunTime:0.002270s ]
[ 2019-08-17T15:44:27+08:00 ] /abcTest/index.php/js/index.js | ERR: (ThinkException) 无法加载模块js
[ 2019-08-17T15:44:28+08:00 ] /abcTest/index.php/js/app.js | ERR: (ThinkException) 无法加载模块js
[ 2019-08-17T15:45:02+08:00 ] /abcTest/index.php/Login/index | INFO: Tag[ route_check ] --START--
[ 2019-08-17T15:45:02+08:00 ] /abcTest/index.php/Login/index | INFO: Run CheckRoute Behavior [ RunTime:0.002322s ]
[ 2019-08-17T15:45:02+08:00 ] /abcTest/index.php/Login/index | INFO: Tag[ route_check ] --END-- [ RunTime:0.002580s ]
[ 2019-08-17T15:45:02+08:00 ] /abcTest/index.php/Login/index | INFO: Tag[ app_begin ] --START--
[ 2019-08-17T15:45:02+08:00 ] /abcTest/index.php/Login/index | INFO: Run ReadHtmlCache Behavior [ RunTime:0.002448s ]
[ 2019-08-17T15:45:02+08:00 ] /abcTest/index.php/Login/index | INFO: Tag[ app_begin ] --END-- [ RunTime:0.002658s ]
[ 2019-08-17T15:45:02+08:00 ] /abcTest/index.php/Login/index | INFO: Tag[ view_template ] --START--
[ 2019-08-17T15:45:02+08:00 ] /abcTest/index.php/Login/index | INFO: Run LocationTemplate Behavior [ RunTime:0.003470s ]
[ 2019-08-17T15:45:02+08:00 ] /abcTest/index.php/Login/index | INFO: Tag[ view_template ] --END-- [ RunTime:0.003680s ]
[ 2019-08-17T15:45:02+08:00 ] /abcTest/index.php/Login/index | INFO: Tag[ view_parse ] --START--
[ 2019-08-17T15:45:02+08:00 ] /abcTest/index.php/Login/index | INFO: Run ParseTemplate Behavior [ RunTime:0.017722s ]
[ 2019-08-17T15:45:02+08:00 ] /abcTest/index.php/Login/index | INFO: Tag[ view_parse ] --END-- [ RunTime:0.017944s ]
[ 2019-08-17T15:45:02+08:00 ] /abcTest/index.php/Login/index | INFO: Tag[ view_filter ] --START--
[ 2019-08-17T15:45:02+08:00 ] /abcTest/index.php/Login/index | INFO: Run ContentReplace Behavior [ RunTime:0.001748s ]
[ 2019-08-17T15:45:02+08:00 ] /abcTest/index.php/Login/index | INFO: Run TokenBuild Behavior [ RunTime:0.001719s ]
[ 2019-08-17T15:45:02+08:00 ] /abcTest/index.php/Login/index | INFO: Run WriteHtmlCache Behavior [ RunTime:0.001287s ]
[ 2019-08-17T15:45:02+08:00 ] /abcTest/index.php/Login/index | INFO: Run ShowRuntime Behavior [ RunTime:0.001930s ]
[ 2019-08-17T15:45:02+08:00 ] /abcTest/index.php/Login/index | INFO: Tag[ view_filter ] --END-- [ RunTime:0.007150s ]
[ 2019-08-17T15:45:02+08:00 ] /abcTest/index.php/Login/index | INFO: Tag[ view_end ] --START--
[ 2019-08-17T15:45:02+08:00 ] /abcTest/index.php/Login/index | INFO: Run ShowPageTrace Behavior [ RunTime:0.001687s ]
[ 2019-08-17T15:45:02+08:00 ] /abcTest/index.php/Login/index | INFO: Tag[ view_end ] --END-- [ RunTime:0.001849s ]
[ 2019-08-17T15:46:00+08:00 ] /abcTest/index.php/Login/checkLogin | INFO: Tag[ route_check ] --START--
[ 2019-08-17T15:46:00+08:00 ] /abcTest/index.php/Login/checkLogin | INFO: Run CheckRoute Behavior [ RunTime:0.004346s ]
[ 2019-08-17T15:46:00+08:00 ] /abcTest/index.php/Login/checkLogin | INFO: Tag[ route_check ] --END-- [ RunTime:0.004714s ]
[ 2019-08-17T15:46:00+08:00 ] /abcTest/index.php/Login/checkLogin | INFO: Tag[ app_begin ] --START--
[ 2019-08-17T15:46:00+08:00 ] /abcTest/index.php/Login/checkLogin | INFO: Run ReadHtmlCache Behavior [ RunTime:0.003376s ]
[ 2019-08-17T15:46:00+08:00 ] /abcTest/index.php/Login/checkLogin | INFO: Tag[ app_begin ] --END-- [ RunTime:0.003760s ]
[ 2019-08-17T15:46:00+08:00 ] /abcTest/index.php/Login/checkLogin | SQL: SHOW COLUMNS FROM `t_user` [ RunTime:0.009192s ]
[ 2019-08-17T15:46:00+08:00 ] /abcTest/index.php/Login/checkLogin | SQL: SELECT * FROM `t_user` WHERE userId ='100002' LIMIT 1   [ RunTime:0.000611s ]
[ 2019-08-17T15:46:00+08:00 ] /abcTest/index.php/Login/checkLogin | SQL: SELECT `userRole` FROM `t_user` WHERE userId ='100002' LIMIT 1   [ RunTime:0.000754s ]
[ 2019-08-17T15:46:00+08:00 ] /abcTest/index.php/Login/checkLogin | INFO: Tag[ view_template ] --START--
[ 2019-08-17T15:46:00+08:00 ] /abcTest/index.php/Login/checkLogin | INFO: Run LocationTemplate Behavior [ RunTime:0.003356s ]
[ 2019-08-17T15:46:00+08:00 ] /abcTest/index.php/Login/checkLogin | INFO: Tag[ view_template ] --END-- [ RunTime:0.003620s ]
[ 2019-08-17T15:46:00+08:00 ] /abcTest/index.php/Login/checkLogin | INFO: Tag[ view_parse ] --START--
[ 2019-08-17T15:46:00+08:00 ] /abcTest/index.php/Login/checkLogin | INFO: Run ParseTemplate Behavior [ RunTime:0.024106s ]
[ 2019-08-17T15:46:00+08:00 ] /abcTest/index.php/Login/checkLogin | INFO: Tag[ view_parse ] --END-- [ RunTime:0.024353s ]
[ 2019-08-17T15:46:00+08:00 ] /abcTest/index.php/Login/checkLogin | INFO: Tag[ view_filter ] --START--
[ 2019-08-17T15:46:00+08:00 ] /abcTest/index.php/Login/checkLogin | INFO: Run ContentReplace Behavior [ RunTime:0.002296s ]
[ 2019-08-17T15:46:00+08:00 ] /abcTest/index.php/Login/checkLogin | INFO: Run TokenBuild Behavior [ RunTime:0.002343s ]
[ 2019-08-17T15:46:00+08:00 ] /abcTest/index.php/Login/checkLogin | INFO: Run WriteHtmlCache Behavior [ RunTime:0.001616s ]
[ 2019-08-17T15:46:00+08:00 ] /abcTest/index.php/Login/checkLogin | INFO: Run ShowRuntime Behavior [ RunTime:0.002552s ]
[ 2019-08-17T15:46:00+08:00 ] /abcTest/index.php/Login/checkLogin | INFO: Tag[ view_filter ] --END-- [ RunTime:0.009365s ]
[ 2019-08-17T15:46:00+08:00 ] /abcTest/index.php/Login/checkLogin | INFO: Tag[ view_end ] --START--
[ 2019-08-17T15:46:00+08:00 ] /abcTest/index.php/Login/checkLogin | INFO: Run ShowPageTrace Behavior [ RunTime:0.002085s ]
[ 2019-08-17T15:46:00+08:00 ] /abcTest/index.php/Login/checkLogin | INFO: Tag[ view_end ] --END-- [ RunTime:0.002279s ]
[ 2019-08-17T15:46:00+08:00 ] /abcTest/index.php/Login/checkLogin | NOTIC: [8] Use of undefined constant username - assumed 'username' LoginAction.class.php 第 32 行.
[ 2019-08-17T15:46:04+08:00 ] /abcTest/index.php/UserIndex/index | INFO: Tag[ route_check ] --START--
[ 2019-08-17T15:46:04+08:00 ] /abcTest/index.php/UserIndex/index | INFO: Run CheckRoute Behavior [ RunTime:0.002921s ]
[ 2019-08-17T15:46:04+08:00 ] /abcTest/index.php/UserIndex/index | INFO: Tag[ route_check ] --END-- [ RunTime:0.003221s ]
[ 2019-08-17T15:46:04+08:00 ] /abcTest/index.php/UserIndex/index | INFO: Tag[ app_begin ] --START--
[ 2019-08-17T15:46:04+08:00 ] /abcTest/index.php/UserIndex/index | INFO: Run ReadHtmlCache Behavior [ RunTime:0.002893s ]
[ 2019-08-17T15:46:04+08:00 ] /abcTest/index.php/UserIndex/index | INFO: Tag[ app_begin ] --END-- [ RunTime:0.003135s ]
[ 2019-08-17T15:46:04+08:00 ] /abcTest/index.php/UserIndex/index | NOTIC: [8] Use of undefined constant Course - assumed 'Course' UserIndexAction.class.php 第 6 行.
[ 2019-08-17T15:46:04+08:00 ] /abcTest/index.php/UserIndex/index | SQL: SHOW COLUMNS FROM `t_course` [ RunTime:0.007923s ]
[ 2019-08-17T15:46:04+08:00 ] /abcTest/index.php/UserIndex/index | NOTIC: [8] Use of undefined constant Member - assumed 'Member' UserIndexAction.class.php 第 7 行.
[ 2019-08-17T15:46:04+08:00 ] /abcTest/index.php/UserIndex/index | SQL: SHOW COLUMNS FROM `t_member` [ RunTime:0.008135s ]
[ 2019-08-17T15:46:04+08:00 ] /abcTest/index.php/UserIndex/index | NOTIC: [8] Use of undefined constant Card - assumed 'Card' UserIndexAction.class.php 第 8 行.
[ 2019-08-17T15:46:04+08:00 ] /abcTest/index.php/UserIndex/index | SQL: SHOW COLUMNS FROM `t_card` [ RunTime:0.009287s ]
[ 2019-08-17T15:46:04+08:00 ] /abcTest/index.php/UserIndex/index | SQL: select t_consume.courseID,courseName,courseTime,courseArea,courseTeacher,coursePrice,memRemarks,cardDiscount,t_card.cardID from t_course,t_member,t_consume,t_card where t_member.memId=t_consume.userID and t_consume.courseID=t_course.courseID and t_member.vipCardId=t_card.cardID and t_consume.userID='100002' [ RunTime:0.000880s ]
[ 2019-08-17T15:46:04+08:00 ] /abcTest/index.php/UserIndex/index | SQL: select courseID,courseName,courseTime,courseArea,courseTeacher,coursePrice from t_course [ RunTime:0.000248s ]
[ 2019-08-17T15:46:04+08:00 ] /abcTest/index.php/UserIndex/index | SQL: select memName,memTel from t_member where memId='100002' [ RunTime:0.000201s ]
[ 2019-08-17T15:46:04+08:00 ] /abcTest/index.php/UserIndex/index | SQL: select startTime,endTime from t_card where cardID in(select vipCardId from t_member where memId='100002') [ RunTime:0.000262s ]
[ 2019-08-17T15:46:04+08:00 ] /abcTest/index.php/UserIndex/index | INFO: Tag[ view_template ] --START--
[ 2019-08-17T15:46:04+08:00 ] /abcTest/index.php/UserIndex/index | INFO: Run LocationTemplate Behavior [ RunTime:0.003102s ]
[ 2019-08-17T15:46:04+08:00 ] /abcTest/index.php/UserIndex/index | INFO: Tag[ view_template ] --END-- [ RunTime:0.003317s ]
[ 2019-08-17T15:46:04+08:00 ] /abcTest/index.php/UserIndex/index | INFO: Tag[ view_parse ] --START--
[ 2019-08-17T15:46:04+08:00 ] /abcTest/index.php/UserIndex/index | INFO: Run ParseTemplate Behavior [ RunTime:0.035601s ]
[ 2019-08-17T15:46:04+08:00 ] /abcTest/index.php/UserIndex/index | INFO: Tag[ view_parse ] --END-- [ RunTime:0.035863s ]
[ 2019-08-17T15:46:04+08:00 ] /abcTest/index.php/UserIndex/index | INFO: Tag[ view_filter ] --START--
[ 2019-08-17T15:46:04+08:00 ] /abcTest/index.php/UserIndex/index | INFO: Run ContentReplace Behavior [ RunTime:0.003306s ]
[ 2019-08-17T15:46:04+08:00 ] /abcTest/index.php/UserIndex/index | INFO: Run TokenBuild Behavior [ RunTime:0.002244s ]
[ 2019-08-17T15:46:04+08:00 ] /abcTest/index.php/UserIndex/index | INFO: Run WriteHtmlCache Behavior [ RunTime:0.001641s ]
[ 2019-08-17T15:46:04+08:00 ] /abcTest/index.php/UserIndex/index | INFO: Run ShowRuntime Behavior [ RunTime:0.003041s ]
[ 2019-08-17T15:46:04+08:00 ] /abcTest/index.php/UserIndex/index | INFO: Tag[ view_filter ] --END-- [ RunTime:0.010878s ]
[ 2019-08-17T15:46:04+08:00 ] /abcTest/index.php/UserIndex/index | INFO: Tag[ view_end ] --START--
[ 2019-08-17T15:46:04+08:00 ] /abcTest/index.php/UserIndex/index | INFO: Run ShowPageTrace Behavior [ RunTime:0.002636s ]
[ 2019-08-17T15:46:04+08:00 ] /abcTest/index.php/UserIndex/index | INFO: Tag[ view_end ] --END-- [ RunTime:0.002949s ]
[ 2019-08-17T15:46:08+08:00 ] /abcTest/index.php/js/index.js | ERR: (ThinkException) 无法加载模块js
[ 2019-08-17T15:46:09+08:00 ] /abcTest/index.php/js/app.js | ERR: (ThinkException) 无法加载模块js
[ 2019-08-17T15:49:17+08:00 ] /abcTest/index.php/UserIndex/index | INFO: Tag[ route_check ] --START--
[ 2019-08-17T15:49:17+08:00 ] /abcTest/index.php/UserIndex/index | INFO: Run CheckRoute Behavior [ RunTime:0.002958s ]
[ 2019-08-17T15:49:17+08:00 ] /abcTest/index.php/UserIndex/index | INFO: Tag[ route_check ] --END-- [ RunTime:0.003225s ]
[ 2019-08-17T15:49:17+08:00 ] /abcTest/index.php/UserIndex/index | INFO: Tag[ app_begin ] --START--
[ 2019-08-17T15:49:17+08:00 ] /abcTest/index.php/UserIndex/index | INFO: Run ReadHtmlCache Behavior [ RunTime:0.002512s ]
[ 2019-08-17T15:49:17+08:00 ] /abcTest/index.php/UserIndex/index | INFO: Tag[ app_begin ] --END-- [ RunTime:0.002736s ]
[ 2019-08-17T15:49:17+08:00 ] /abcTest/index.php/UserIndex/index | NOTIC: [8] Use of undefined constant Course - assumed 'Course' UserIndexAction.class.php 第 6 行.
[ 2019-08-17T15:49:17+08:00 ] /abcTest/index.php/UserIndex/index | SQL: SHOW COLUMNS FROM `t_course` [ RunTime:0.008270s ]
[ 2019-08-17T15:49:17+08:00 ] /abcTest/index.php/UserIndex/index | NOTIC: [8] Use of undefined constant Member - assumed 'Member' UserIndexAction.class.php 第 7 行.
[ 2019-08-17T15:49:17+08:00 ] /abcTest/index.php/UserIndex/index | SQL: SHOW COLUMNS FROM `t_member` [ RunTime:0.008612s ]
[ 2019-08-17T15:49:17+08:00 ] /abcTest/index.php/UserIndex/index | NOTIC: [8] Use of undefined constant Card - assumed 'Card' UserIndexAction.class.php 第 8 行.
[ 2019-08-17T15:49:17+08:00 ] /abcTest/index.php/UserIndex/index | SQL: SHOW COLUMNS FROM `t_card` [ RunTime:0.009797s ]
[ 2019-08-17T15:49:17+08:00 ] /abcTest/index.php/UserIndex/index | SQL: select t_consume.courseID,courseName,courseTime,courseArea,courseTeacher,coursePrice,memRemarks,cardDiscount,t_card.cardID from t_course,t_member,t_consume,t_card where t_member.memId=t_consume.userID and t_consume.courseID=t_course.courseID and t_member.vipCardId=t_card.cardID and t_consume.userID='100002' [ RunTime:0.001083s ]
[ 2019-08-17T15:49:17+08:00 ] /abcTest/index.php/UserIndex/index | SQL: select courseID,courseName,courseTime,courseArea,courseTeacher,coursePrice from t_course [ RunTime:0.000375s ]
[ 2019-08-17T15:49:17+08:00 ] /abcTest/index.php/UserIndex/index | SQL: select memName,memTel from t_member where memId='100002' [ RunTime:0.000440s ]
[ 2019-08-17T15:49:17+08:00 ] /abcTest/index.php/UserIndex/index | SQL: select startTime,endTime from t_card where cardID in(select vipCardId from t_member where memId='100002') [ RunTime:0.000290s ]
[ 2019-08-17T15:49:17+08:00 ] /abcTest/index.php/UserIndex/index | INFO: Tag[ view_template ] --START--
[ 2019-08-17T15:49:17+08:00 ] /abcTest/index.php/UserIndex/index | INFO: Run LocationTemplate Behavior [ RunTime:0.002725s ]
[ 2019-08-17T15:49:17+08:00 ] /abcTest/index.php/UserIndex/index | INFO: Tag[ view_template ] --END-- [ RunTime:0.002924s ]
[ 2019-08-17T15:49:17+08:00 ] /abcTest/index.php/UserIndex/index | INFO: Tag[ view_parse ] --START--
[ 2019-08-17T15:49:17+08:00 ] /abcTest/index.php/UserIndex/index | INFO: Run ParseTemplate Behavior [ RunTime:0.037600s ]
[ 2019-08-17T15:49:17+08:00 ] /abcTest/index.php/UserIndex/index | INFO: Tag[ view_parse ] --END-- [ RunTime:0.037819s ]
[ 2019-08-17T15:49:17+08:00 ] /abcTest/index.php/UserIndex/index | INFO: Tag[ view_filter ] --START--
[ 2019-08-17T15:49:17+08:00 ] /abcTest/index.php/UserIndex/index | INFO: Run ContentReplace Behavior [ RunTime:0.002939s ]
[ 2019-08-17T15:49:17+08:00 ] /abcTest/index.php/UserIndex/index | INFO: Run TokenBuild Behavior [ RunTime:0.002580s ]
[ 2019-08-17T15:49:17+08:00 ] /abcTest/index.php/UserIndex/index | INFO: Run WriteHtmlCache Behavior [ RunTime:0.001336s ]
[ 2019-08-17T15:49:17+08:00 ] /abcTest/index.php/UserIndex/index | INFO: Run ShowRuntime Behavior [ RunTime:0.002084s ]
[ 2019-08-17T15:49:17+08:00 ] /abcTest/index.php/UserIndex/index | INFO: Tag[ view_filter ] --END-- [ RunTime:0.009439s ]
[ 2019-08-17T15:49:17+08:00 ] /abcTest/index.php/UserIndex/index | INFO: Tag[ view_end ] --START--
[ 2019-08-17T15:49:17+08:00 ] /abcTest/index.php/UserIndex/index | INFO: Run ShowPageTrace Behavior [ RunTime:0.001855s ]
[ 2019-08-17T15:49:17+08:00 ] /abcTest/index.php/UserIndex/index | INFO: Tag[ view_end ] --END-- [ RunTime:0.002034s ]
[ 2019-08-17T15:49:21+08:00 ] /abcTest/index.php/js/index.js | ERR: (ThinkException) 无法加载模块js
[ 2019-08-17T15:49:22+08:00 ] /abcTest/index.php/js/app.js | ERR: (ThinkException) 无法加载模块js
[ 2019-08-17T15:52:18+08:00 ] /abcTest/index.php/UserIndex/index | INFO: Tag[ route_check ] --START--
[ 2019-08-17T15:52:18+08:00 ] /abcTest/index.php/UserIndex/index | INFO: Run CheckRoute Behavior [ RunTime:0.002914s ]
[ 2019-08-17T15:52:18+08:00 ] /abcTest/index.php/UserIndex/index | INFO: Tag[ route_check ] --END-- [ RunTime:0.003169s ]
[ 2019-08-17T15:52:18+08:00 ] /abcTest/index.php/UserIndex/index | INFO: Tag[ app_begin ] --START--
[ 2019-08-17T15:52:18+08:00 ] /abcTest/index.php/UserIndex/index | INFO: Run ReadHtmlCache Behavior [ RunTime:0.002429s ]
[ 2019-08-17T15:52:18+08:00 ] /abcTest/index.php/UserIndex/index | INFO: Tag[ app_begin ] --END-- [ RunTime:0.002639s ]
[ 2019-08-17T15:52:18+08:00 ] /abcTest/index.php/UserIndex/index | NOTIC: [8] Use of undefined constant Course - assumed 'Course' UserIndexAction.class.php 第 6 行.
[ 2019-08-17T15:52:18+08:00 ] /abcTest/index.php/UserIndex/index | SQL: SHOW COLUMNS FROM `t_course` [ RunTime:0.008860s ]
[ 2019-08-17T15:52:18+08:00 ] /abcTest/index.php/UserIndex/index | NOTIC: [8] Use of undefined constant Member - assumed 'Member' UserIndexAction.class.php 第 7 行.
[ 2019-08-17T15:52:18+08:00 ] /abcTest/index.php/UserIndex/index | SQL: SHOW COLUMNS FROM `t_member` [ RunTime:0.007662s ]
[ 2019-08-17T15:52:18+08:00 ] /abcTest/index.php/UserIndex/index | NOTIC: [8] Use of undefined constant Card - assumed 'Card' UserIndexAction.class.php 第 8 行.
[ 2019-08-17T15:52:18+08:00 ] /abcTest/index.php/UserIndex/index | SQL: SHOW COLUMNS FROM `t_card` [ RunTime:0.008732s ]
[ 2019-08-17T15:52:18+08:00 ] /abcTest/index.php/UserIndex/index | SQL: select t_consume.courseID,courseName,courseTime,courseArea,courseTeacher,coursePrice,memRemarks,cardDiscount,t_card.cardID from t_course,t_member,t_consume,t_card where t_member.memId=t_consume.userID and t_consume.courseID=t_course.courseID and t_member.vipCardId=t_card.cardID and t_consume.userID='100002' [ RunTime:0.001007s ]
[ 2019-08-17T15:52:18+08:00 ] /abcTest/index.php/UserIndex/index | SQL: select courseID,courseName,courseTime,courseArea,courseTeacher,coursePrice from t_course [ RunTime:0.000381s ]
[ 2019-08-17T15:52:18+08:00 ] /abcTest/index.php/UserIndex/index | SQL: select memName,memTel from t_member where memId='100002' [ RunTime:0.000252s ]
[ 2019-08-17T15:52:18+08:00 ] /abcTest/index.php/UserIndex/index | SQL: select startTime,endTime from t_card where cardID in(select vipCardId from t_member where memId='100002') [ RunTime:0.000316s ]
[ 2019-08-17T15:52:18+08:00 ] /abcTest/index.php/UserIndex/index | INFO: Tag[ view_template ] --START--
[ 2019-08-17T15:52:18+08:00 ] /abcTest/index.php/UserIndex/index | INFO: Run LocationTemplate Behavior [ RunTime:0.003200s ]
[ 2019-08-17T15:52:18+08:00 ] /abcTest/index.php/UserIndex/index | INFO: Tag[ view_template ] --END-- [ RunTime:0.003440s ]
[ 2019-08-17T15:52:18+08:00 ] /abcTest/index.php/UserIndex/index | INFO: Tag[ view_parse ] --START--
[ 2019-08-17T15:52:18+08:00 ] /abcTest/index.php/UserIndex/index | INFO: Run ParseTemplate Behavior [ RunTime:0.037904s ]
[ 2019-08-17T15:52:18+08:00 ] /abcTest/index.php/UserIndex/index | INFO: Tag[ view_parse ] --END-- [ RunTime:0.038141s ]
[ 2019-08-17T15:52:18+08:00 ] /abcTest/index.php/UserIndex/index | INFO: Tag[ view_filter ] --START--
[ 2019-08-17T15:52:18+08:00 ] /abcTest/index.php/UserIndex/index | INFO: Run ContentReplace Behavior [ RunTime:0.002688s ]
[ 2019-08-17T15:52:18+08:00 ] /abcTest/index.php/UserIndex/index | INFO: Run TokenBuild Behavior [ RunTime:0.002249s ]
[ 2019-08-17T15:52:18+08:00 ] /abcTest/index.php/UserIndex/index | INFO: Run WriteHtmlCache Behavior [ RunTime:0.001566s ]
[ 2019-08-17T15:52:18+08:00 ] /abcTest/index.php/UserIndex/index | INFO: Run ShowRuntime Behavior [ RunTime:0.002695s ]
[ 2019-08-17T15:52:18+08:00 ] /abcTest/index.php/UserIndex/index | INFO: Tag[ view_filter ] --END-- [ RunTime:0.009762s ]
[ 2019-08-17T15:52:18+08:00 ] /abcTest/index.php/UserIndex/index | INFO: Tag[ view_end ] --START--
[ 2019-08-17T15:52:18+08:00 ] /abcTest/index.php/UserIndex/index | INFO: Run ShowPageTrace Behavior [ RunTime:0.002413s ]
[ 2019-08-17T15:52:18+08:00 ] /abcTest/index.php/UserIndex/index | INFO: Tag[ view_end ] --END-- [ RunTime:0.002636s ]
[ 2019-08-17T15:52:23+08:00 ] /abcTest/index.php/js/app.js | ERR: (ThinkException) 无法加载模块js
[ 2019-08-17T15:52:24+08:00 ] /abcTest/index.php/js/index.js | ERR: (ThinkException) 无法加载模块js
[ 2019-08-17T15:53:24+08:00 ] /abcTest/index.php/UserIndex/index | INFO: Tag[ route_check ] --START--
[ 2019-08-17T15:53:24+08:00 ] /abcTest/index.php/UserIndex/index | INFO: Run CheckRoute Behavior [ RunTime:0.001283s ]
[ 2019-08-17T15:53:24+08:00 ] /abcTest/index.php/UserIndex/index | INFO: Tag[ route_check ] --END-- [ RunTime:0.001496s ]
[ 2019-08-17T15:53:24+08:00 ] /abcTest/index.php/UserIndex/index | INFO: Tag[ app_begin ] --START--
[ 2019-08-17T15:53:24+08:00 ] /abcTest/index.php/UserIndex/index | INFO: Run ReadHtmlCache Behavior [ RunTime:0.000935s ]
[ 2019-08-17T15:53:24+08:00 ] /abcTest/index.php/UserIndex/index | INFO: Tag[ app_begin ] --END-- [ RunTime:0.001099s ]
[ 2019-08-17T15:53:24+08:00 ] /abcTest/index.php/UserIndex/index | NOTIC: [8] Use of undefined constant Course - assumed 'Course' UserIndexAction.class.php 第 6 行.
[ 2019-08-17T15:53:24+08:00 ] /abcTest/index.php/UserIndex/index | SQL: SHOW COLUMNS FROM `t_course` [ RunTime:0.008972s ]
[ 2019-08-17T15:53:24+08:00 ] /abcTest/index.php/UserIndex/index | NOTIC: [8] Use of undefined constant Member - assumed 'Member' UserIndexAction.class.php 第 7 行.
[ 2019-08-17T15:53:24+08:00 ] /abcTest/index.php/UserIndex/index | SQL: SHOW COLUMNS FROM `t_member` [ RunTime:0.008072s ]
[ 2019-08-17T15:53:24+08:00 ] /abcTest/index.php/UserIndex/index | NOTIC: [8] Use of undefined constant Card - assumed 'Card' UserIndexAction.class.php 第 8 行.
[ 2019-08-17T15:53:24+08:00 ] /abcTest/index.php/UserIndex/index | SQL: SHOW COLUMNS FROM `t_card` [ RunTime:0.009511s ]
[ 2019-08-17T15:53:24+08:00 ] /abcTest/index.php/UserIndex/index | SQL: select t_consume.courseID,courseName,courseTime,courseArea,courseTeacher,coursePrice,memRemarks,cardDiscount,t_card.cardID from t_course,t_member,t_consume,t_card where t_member.memId=t_consume.userID and t_consume.courseID=t_course.courseID and t_member.vipCardId=t_card.cardID and t_consume.userID='100002' [ RunTime:0.000846s ]
[ 2019-08-17T15:53:24+08:00 ] /abcTest/index.php/UserIndex/index | SQL: select courseID,courseName,courseTime,courseArea,courseTeacher,coursePrice from t_course [ RunTime:0.000265s ]
[ 2019-08-17T15:53:24+08:00 ] /abcTest/index.php/UserIndex/index | SQL: select memName,memTel from t_member where memId='100002' [ RunTime:0.000202s ]
[ 2019-08-17T15:53:24+08:00 ] /abcTest/index.php/UserIndex/index | SQL: select startTime,endTime from t_card where cardID in(select vipCardId from t_member where memId='100002') [ RunTime:0.000288s ]
[ 2019-08-17T15:53:24+08:00 ] /abcTest/index.php/UserIndex/index | INFO: Tag[ view_template ] --START--
[ 2019-08-17T15:53:24+08:00 ] /abcTest/index.php/UserIndex/index | INFO: Run LocationTemplate Behavior [ RunTime:0.001682s ]
[ 2019-08-17T15:53:24+08:00 ] /abcTest/index.php/UserIndex/index | INFO: Tag[ view_template ] --END-- [ RunTime:0.001887s ]
[ 2019-08-17T15:53:24+08:00 ] /abcTest/index.php/UserIndex/index | INFO: Tag[ view_parse ] --START--
[ 2019-08-17T15:53:24+08:00 ] /abcTest/index.php/UserIndex/index | INFO: Run ParseTemplate Behavior [ RunTime:0.032547s ]
[ 2019-08-17T15:53:24+08:00 ] /abcTest/index.php/UserIndex/index | INFO: Tag[ view_parse ] --END-- [ RunTime:0.032767s ]
[ 2019-08-17T15:53:24+08:00 ] /abcTest/index.php/UserIndex/index | INFO: Tag[ view_filter ] --START--
[ 2019-08-17T15:53:24+08:00 ] /abcTest/index.php/UserIndex/index | INFO: Run ContentReplace Behavior [ RunTime:0.001460s ]
[ 2019-08-17T15:53:24+08:00 ] /abcTest/index.php/UserIndex/index | INFO: Run TokenBuild Behavior [ RunTime:0.001581s ]
[ 2019-08-17T15:53:24+08:00 ] /abcTest/index.php/UserIndex/index | INFO: Run WriteHtmlCache Behavior [ RunTime:0.000710s ]
[ 2019-08-17T15:53:24+08:00 ] /abcTest/index.php/UserIndex/index | INFO: Run ShowRuntime Behavior [ RunTime:0.001249s ]
[ 2019-08-17T15:53:24+08:00 ] /abcTest/index.php/UserIndex/index | INFO: Tag[ view_filter ] --END-- [ RunTime:0.005533s ]
[ 2019-08-17T15:53:24+08:00 ] /abcTest/index.php/UserIndex/index | INFO: Tag[ view_end ] --START--
[ 2019-08-17T15:53:24+08:00 ] /abcTest/index.php/UserIndex/index | INFO: Run ShowPageTrace Behavior [ RunTime:0.001081s ]
[ 2019-08-17T15:53:24+08:00 ] /abcTest/index.php/UserIndex/index | INFO: Tag[ view_end ] --END-- [ RunTime:0.001252s ]
[ 2019-08-17T15:53:29+08:00 ] /abcTest/index.php/js/app.js | ERR: (ThinkException) 无法加载模块js
[ 2019-08-17T15:53:30+08:00 ] /abcTest/index.php/js/index.js | ERR: (ThinkException) 无法加载模块js
[ 2019-08-17T15:59:20+08:00 ] /abcTest/index.php/UserIndex/index | INFO: Tag[ route_check ] --START--
[ 2019-08-17T15:59:20+08:00 ] /abcTest/index.php/UserIndex/index | INFO: Run CheckRoute Behavior [ RunTime:0.002964s ]
[ 2019-08-17T15:59:20+08:00 ] /abcTest/index.php/UserIndex/index | INFO: Tag[ route_check ] --END-- [ RunTime:0.003252s ]
[ 2019-08-17T15:59:20+08:00 ] /abcTest/index.php/UserIndex/index | INFO: Tag[ app_begin ] --START--
[ 2019-08-17T15:59:20+08:00 ] /abcTest/index.php/UserIndex/index | INFO: Run ReadHtmlCache Behavior [ RunTime:0.002187s ]
[ 2019-08-17T15:59:20+08:00 ] /abcTest/index.php/UserIndex/index | INFO: Tag[ app_begin ] --END-- [ RunTime:0.002401s ]
[ 2019-08-17T15:59:20+08:00 ] /abcTest/index.php/UserIndex/index | NOTIC: [8] Use of undefined constant Course - assumed 'Course' UserIndexAction.class.php 第 6 行.
[ 2019-08-17T15:59:20+08:00 ] /abcTest/index.php/UserIndex/index | SQL: SHOW COLUMNS FROM `t_course` [ RunTime:0.007145s ]
[ 2019-08-17T15:59:20+08:00 ] /abcTest/index.php/UserIndex/index | NOTIC: [8] Use of undefined constant Member - assumed 'Member' UserIndexAction.class.php 第 7 行.
[ 2019-08-17T15:59:20+08:00 ] /abcTest/index.php/UserIndex/index | SQL: SHOW COLUMNS FROM `t_member` [ RunTime:0.009144s ]
[ 2019-08-17T15:59:20+08:00 ] /abcTest/index.php/UserIndex/index | NOTIC: [8] Use of undefined constant Card - assumed 'Card' UserIndexAction.class.php 第 8 行.
[ 2019-08-17T15:59:20+08:00 ] /abcTest/index.php/UserIndex/index | SQL: SHOW COLUMNS FROM `t_card` [ RunTime:0.010228s ]
[ 2019-08-17T15:59:20+08:00 ] /abcTest/index.php/UserIndex/index | SQL: select t_consume.courseID,courseName,courseTime,courseArea,courseTeacher,coursePrice,memRemarks,cardDiscount,t_card.cardID from t_course,t_member,t_consume,t_card where t_member.memId=t_consume.userID and t_consume.courseID=t_course.courseID and t_member.vipCardId=t_card.cardID and t_consume.userID='100002' [ RunTime:0.001061s ]
[ 2019-08-17T15:59:20+08:00 ] /abcTest/index.php/UserIndex/index | SQL: select courseID,courseName,courseTime,courseArea,courseTeacher,coursePrice from t_course [ RunTime:0.000304s ]
[ 2019-08-17T15:59:20+08:00 ] /abcTest/index.php/UserIndex/index | SQL: select memName,memTel from t_member where memId='100002' [ RunTime:0.000253s ]
[ 2019-08-17T15:59:20+08:00 ] /abcTest/index.php/UserIndex/index | SQL: select startTime,endTime from t_card where cardID in(select vipCardId from t_member where memId='100002') [ RunTime:0.000268s ]
[ 2019-08-17T15:59:20+08:00 ] /abcTest/index.php/UserIndex/index | INFO: Tag[ view_template ] --START--
[ 2019-08-17T15:59:20+08:00 ] /abcTest/index.php/UserIndex/index | INFO: Run LocationTemplate Behavior [ RunTime:0.002679s ]
[ 2019-08-17T15:59:20+08:00 ] /abcTest/index.php/UserIndex/index | INFO: Tag[ view_template ] --END-- [ RunTime:0.002922s ]
[ 2019-08-17T15:59:20+08:00 ] /abcTest/index.php/UserIndex/index | INFO: Tag[ view_parse ] --START--
[ 2019-08-17T15:59:20+08:00 ] /abcTest/index.php/UserIndex/index | INFO: Run ParseTemplate Behavior [ RunTime:0.035131s ]
[ 2019-08-17T15:59:20+08:00 ] /abcTest/index.php/UserIndex/index | INFO: Tag[ view_parse ] --END-- [ RunTime:0.035378s ]
[ 2019-08-17T15:59:20+08:00 ] /abcTest/index.php/UserIndex/index | INFO: Tag[ view_filter ] --START--
[ 2019-08-17T15:59:20+08:00 ] /abcTest/index.php/UserIndex/index | INFO: Run ContentReplace Behavior [ RunTime:0.002616s ]
[ 2019-08-17T15:59:20+08:00 ] /abcTest/index.php/UserIndex/index | INFO: Run TokenBuild Behavior [ RunTime:0.002229s ]
[ 2019-08-17T15:59:20+08:00 ] /abcTest/index.php/UserIndex/index | INFO: Run WriteHtmlCache Behavior [ RunTime:0.001404s ]
[ 2019-08-17T15:59:20+08:00 ] /abcTest/index.php/UserIndex/index | INFO: Run ShowRuntime Behavior [ RunTime:0.001780s ]
[ 2019-08-17T15:59:20+08:00 ] /abcTest/index.php/UserIndex/index | INFO: Tag[ view_filter ] --END-- [ RunTime:0.008821s ]
[ 2019-08-17T15:59:20+08:00 ] /abcTest/index.php/UserIndex/index | INFO: Tag[ view_end ] --START--
[ 2019-08-17T15:59:20+08:00 ] /abcTest/index.php/UserIndex/index | INFO: Run ShowPageTrace Behavior [ RunTime:0.001597s ]
[ 2019-08-17T15:59:20+08:00 ] /abcTest/index.php/UserIndex/index | INFO: Tag[ view_end ] --END-- [ RunTime:0.001764s ]
[ 2019-08-17T15:59:24+08:00 ] /abcTest/index.php/js/index.js | ERR: (ThinkException) 无法加载模块js
[ 2019-08-17T15:59:25+08:00 ] /abcTest/index.php/js/app.js | ERR: (ThinkException) 无法加载模块js
[ 2019-08-17T16:00:41+08:00 ] /abcTest/index.php/UserIndex/index | INFO: Tag[ route_check ] --START--
[ 2019-08-17T16:00:41+08:00 ] /abcTest/index.php/UserIndex/index | INFO: Run CheckRoute Behavior [ RunTime:0.002495s ]
[ 2019-08-17T16:00:41+08:00 ] /abcTest/index.php/UserIndex/index | INFO: Tag[ route_check ] --END-- [ RunTime:0.002752s ]
[ 2019-08-17T16:00:41+08:00 ] /abcTest/index.php/UserIndex/index | INFO: Tag[ app_begin ] --START--
[ 2019-08-17T16:00:41+08:00 ] /abcTest/index.php/UserIndex/index | INFO: Run ReadHtmlCache Behavior [ RunTime:0.002371s ]
[ 2019-08-17T16:00:41+08:00 ] /abcTest/index.php/UserIndex/index | INFO: Tag[ app_begin ] --END-- [ RunTime:0.002608s ]
[ 2019-08-17T16:00:41+08:00 ] /abcTest/index.php/UserIndex/index | NOTIC: [8] Use of undefined constant Course - assumed 'Course' UserIndexAction.class.php 第 6 行.
[ 2019-08-17T16:00:41+08:00 ] /abcTest/index.php/UserIndex/index | SQL: SHOW COLUMNS FROM `t_course` [ RunTime:0.008336s ]
[ 2019-08-17T16:00:41+08:00 ] /abcTest/index.php/UserIndex/index | NOTIC: [8] Use of undefined constant Member - assumed 'Member' UserIndexAction.class.php 第 7 行.
[ 2019-08-17T16:00:41+08:00 ] /abcTest/index.php/UserIndex/index | SQL: SHOW COLUMNS FROM `t_member` [ RunTime:0.008545s ]
[ 2019-08-17T16:00:41+08:00 ] /abcTest/index.php/UserIndex/index | NOTIC: [8] Use of undefined constant Card - assumed 'Card' UserIndexAction.class.php 第 8 行.
[ 2019-08-17T16:00:41+08:00 ] /abcTest/index.php/UserIndex/index | SQL: SHOW COLUMNS FROM `t_card` [ RunTime:0.009269s ]
[ 2019-08-17T16:00:41+08:00 ] /abcTest/index.php/UserIndex/index | SQL: select t_consume.courseID,courseName,courseTime,courseArea,courseTeacher,coursePrice,memRemarks,cardDiscount,t_card.cardID from t_course,t_member,t_consume,t_card where t_member.memId=t_consume.userID and t_consume.courseID=t_course.courseID and t_member.vipCardId=t_card.cardID and t_consume.userID='100002' [ RunTime:0.000874s ]
[ 2019-08-17T16:00:41+08:00 ] /abcTest/index.php/UserIndex/index | SQL: select courseID,courseName,courseTime,courseArea,courseTeacher,coursePrice from t_course [ RunTime:0.000584s ]
[ 2019-08-17T16:00:41+08:00 ] /abcTest/index.php/UserIndex/index | SQL: select memName,memTel from t_member where memId='100002' [ RunTime:0.000446s ]
[ 2019-08-17T16:00:41+08:00 ] /abcTest/index.php/UserIndex/index | SQL: select startTime,endTime from t_card where cardID in(select vipCardId from t_member where memId='100002') [ RunTime:0.000381s ]
[ 2019-08-17T16:00:41+08:00 ] /abcTest/index.php/UserIndex/index | INFO: Tag[ view_template ] --START--
[ 2019-08-17T16:00:41+08:00 ] /abcTest/index.php/UserIndex/index | INFO: Run LocationTemplate Behavior [ RunTime:0.002656s ]
[ 2019-08-17T16:00:41+08:00 ] /abcTest/index.php/UserIndex/index | INFO: Tag[ view_template ] --END-- [ RunTime:0.002884s ]
[ 2019-08-17T16:00:41+08:00 ] /abcTest/index.php/UserIndex/index | INFO: Tag[ view_parse ] --START--
[ 2019-08-17T16:00:41+08:00 ] /abcTest/index.php/UserIndex/index | INFO: Run ParseTemplate Behavior [ RunTime:0.037079s ]
[ 2019-08-17T16:00:41+08:00 ] /abcTest/index.php/UserIndex/index | INFO: Tag[ view_parse ] --END-- [ RunTime:0.037306s ]
[ 2019-08-17T16:00:41+08:00 ] /abcTest/index.php/UserIndex/index | INFO: Tag[ view_filter ] --START--
[ 2019-08-17T16:00:41+08:00 ] /abcTest/index.php/UserIndex/index | INFO: Run ContentReplace Behavior [ RunTime:0.001843s ]
[ 2019-08-17T16:00:41+08:00 ] /abcTest/index.php/UserIndex/index | INFO: Run TokenBuild Behavior [ RunTime:0.002284s ]
[ 2019-08-17T16:00:41+08:00 ] /abcTest/index.php/UserIndex/index | INFO: Run WriteHtmlCache Behavior [ RunTime:0.001831s ]
[ 2019-08-17T16:00:41+08:00 ] /abcTest/index.php/UserIndex/index | INFO: Run ShowRuntime Behavior [ RunTime:0.002041s ]
[ 2019-08-17T16:00:41+08:00 ] /abcTest/index.php/UserIndex/index | INFO: Tag[ view_filter ] --END-- [ RunTime:0.008696s ]
[ 2019-08-17T16:00:41+08:00 ] /abcTest/index.php/UserIndex/index | INFO: Tag[ view_end ] --START--
[ 2019-08-17T16:00:41+08:00 ] /abcTest/index.php/UserIndex/index | INFO: Run ShowPageTrace Behavior [ RunTime:0.001387s ]
[ 2019-08-17T16:00:41+08:00 ] /abcTest/index.php/UserIndex/index | INFO: Tag[ view_end ] --END-- [ RunTime:0.001541s ]
[ 2019-08-17T16:00:46+08:00 ] /abcTest/index.php/js/index.js | ERR: (ThinkException) 无法加载模块js
[ 2019-08-17T16:00:47+08:00 ] /abcTest/index.php/js/app.js | ERR: (ThinkException) 无法加载模块js
[ 2019-08-17T16:02:26+08:00 ] /abcTest/index.php/UserIndex/index | INFO: Tag[ route_check ] --START--
[ 2019-08-17T16:02:26+08:00 ] /abcTest/index.php/UserIndex/index | INFO: Run CheckRoute Behavior [ RunTime:0.002322s ]
[ 2019-08-17T16:02:26+08:00 ] /abcTest/index.php/UserIndex/index | INFO: Tag[ route_check ] --END-- [ RunTime:0.002655s ]
[ 2019-08-17T16:02:26+08:00 ] /abcTest/index.php/UserIndex/index | INFO: Tag[ app_begin ] --START--
[ 2019-08-17T16:02:26+08:00 ] /abcTest/index.php/UserIndex/index | INFO: Run ReadHtmlCache Behavior [ RunTime:0.001864s ]
[ 2019-08-17T16:02:26+08:00 ] /abcTest/index.php/UserIndex/index | INFO: Tag[ app_begin ] --END-- [ RunTime:0.002142s ]
[ 2019-08-17T16:02:26+08:00 ] /abcTest/index.php/UserIndex/index | NOTIC: [8] Use of undefined constant Course - assumed 'Course' UserIndexAction.class.php 第 6 行.
[ 2019-08-17T16:02:26+08:00 ] /abcTest/index.php/UserIndex/index | SQL: SHOW COLUMNS FROM `t_course` [ RunTime:0.008201s ]
[ 2019-08-17T16:02:26+08:00 ] /abcTest/index.php/UserIndex/index | NOTIC: [8] Use of undefined constant Member - assumed 'Member' UserIndexAction.class.php 第 7 行.
[ 2019-08-17T16:02:26+08:00 ] /abcTest/index.php/UserIndex/index | SQL: SHOW COLUMNS FROM `t_member` [ RunTime:0.010915s ]
[ 2019-08-17T16:02:26+08:00 ] /abcTest/index.php/UserIndex/index | NOTIC: [8] Use of undefined constant Card - assumed 'Card' UserIndexAction.class.php 第 8 行.
[ 2019-08-17T16:02:26+08:00 ] /abcTest/index.php/UserIndex/index | SQL: SHOW COLUMNS FROM `t_card` [ RunTime:0.009773s ]
[ 2019-08-17T16:02:26+08:00 ] /abcTest/index.php/UserIndex/index | SQL: select t_consume.courseID,courseName,courseTime,courseArea,courseTeacher,coursePrice,memRemarks,cardDiscount,t_card.cardID from t_course,t_member,t_consume,t_card where t_member.memId=t_consume.userID and t_consume.courseID=t_course.courseID and t_member.vipCardId=t_card.cardID and t_consume.userID='100002' [ RunTime:0.001084s ]
[ 2019-08-17T16:02:26+08:00 ] /abcTest/index.php/UserIndex/index | SQL: select courseID,courseName,courseTime,courseArea,courseTeacher,coursePrice from t_course [ RunTime:0.000672s ]
[ 2019-08-17T16:02:26+08:00 ] /abcTest/index.php/UserIndex/index | SQL: select memName,memTel from t_member where memId='100002' [ RunTime:0.000287s ]
[ 2019-08-17T16:02:26+08:00 ] /abcTest/index.php/UserIndex/index | SQL: select startTime,endTime from t_card where cardID in(select vipCardId from t_member where memId='100002') [ RunTime:0.000308s ]
[ 2019-08-17T16:02:26+08:00 ] /abcTest/index.php/UserIndex/index | INFO: Tag[ view_template ] --START--
[ 2019-08-17T16:02:26+08:00 ] /abcTest/index.php/UserIndex/index | INFO: Run LocationTemplate Behavior [ RunTime:0.001695s ]
[ 2019-08-17T16:02:26+08:00 ] /abcTest/index.php/UserIndex/index | INFO: Tag[ view_template ] --END-- [ RunTime:0.001896s ]
[ 2019-08-17T16:02:26+08:00 ] /abcTest/index.php/UserIndex/index | INFO: Tag[ view_parse ] --START--
[ 2019-08-17T16:02:26+08:00 ] /abcTest/index.php/UserIndex/index | INFO: Run ParseTemplate Behavior [ RunTime:0.036709s ]
[ 2019-08-17T16:02:26+08:00 ] /abcTest/index.php/UserIndex/index | INFO: Tag[ view_parse ] --END-- [ RunTime:0.036942s ]
[ 2019-08-17T16:02:26+08:00 ] /abcTest/index.php/UserIndex/index | INFO: Tag[ view_filter ] --START--
[ 2019-08-17T16:02:26+08:00 ] /abcTest/index.php/UserIndex/index | INFO: Run ContentReplace Behavior [ RunTime:0.001324s ]
[ 2019-08-17T16:02:26+08:00 ] /abcTest/index.php/UserIndex/index | INFO: Run TokenBuild Behavior [ RunTime:0.002089s ]
[ 2019-08-17T16:02:26+08:00 ] /abcTest/index.php/UserIndex/index | INFO: Run WriteHtmlCache Behavior [ RunTime:0.001291s ]
[ 2019-08-17T16:02:26+08:00 ] /abcTest/index.php/UserIndex/index | INFO: Run ShowRuntime Behavior [ RunTime:0.001518s ]
[ 2019-08-17T16:02:26+08:00 ] /abcTest/index.php/UserIndex/index | INFO: Tag[ view_filter ] --END-- [ RunTime:0.007067s ]
[ 2019-08-17T16:02:26+08:00 ] /abcTest/index.php/UserIndex/index | INFO: Tag[ view_end ] --START--
[ 2019-08-17T16:02:26+08:00 ] /abcTest/index.php/UserIndex/index | INFO: Run ShowPageTrace Behavior [ RunTime:0.001516s ]
[ 2019-08-17T16:02:26+08:00 ] /abcTest/index.php/UserIndex/index | INFO: Tag[ view_end ] --END-- [ RunTime:0.001714s ]
[ 2019-08-17T16:02:30+08:00 ] /abcTest/index.php/js/app.js | ERR: (ThinkException) 无法加载模块js
[ 2019-08-17T16:02:31+08:00 ] /abcTest/index.php/js/index.js | ERR: (ThinkException) 无法加载模块js
[ 2019-08-17T16:03:11+08:00 ] /abcTest/index.php/UserIndex/index | INFO: Tag[ route_check ] --START--
[ 2019-08-17T16:03:11+08:00 ] /abcTest/index.php/UserIndex/index | INFO: Run CheckRoute Behavior [ RunTime:0.001951s ]
[ 2019-08-17T16:03:11+08:00 ] /abcTest/index.php/UserIndex/index | INFO: Tag[ route_check ] --END-- [ RunTime:0.002132s ]
[ 2019-08-17T16:03:11+08:00 ] /abcTest/index.php/UserIndex/index | INFO: Tag[ app_begin ] --START--
[ 2019-08-17T16:03:11+08:00 ] /abcTest/index.php/UserIndex/index | INFO: Run ReadHtmlCache Behavior [ RunTime:0.001566s ]
[ 2019-08-17T16:03:11+08:00 ] /abcTest/index.php/UserIndex/index | INFO: Tag[ app_begin ] --END-- [ RunTime:0.001697s ]
[ 2019-08-17T16:03:11+08:00 ] /abcTest/index.php/UserIndex/index | NOTIC: [8] Use of undefined constant Course - assumed 'Course' UserIndexAction.class.php 第 6 行.
[ 2019-08-17T16:03:11+08:00 ] /abcTest/index.php/UserIndex/index | SQL: SHOW COLUMNS FROM `t_course` [ RunTime:0.007638s ]
[ 2019-08-17T16:03:11+08:00 ] /abcTest/index.php/UserIndex/index | NOTIC: [8] Use of undefined constant Member - assumed 'Member' UserIndexAction.class.php 第 7 行.
[ 2019-08-17T16:03:11+08:00 ] /abcTest/index.php/UserIndex/index | SQL: SHOW COLUMNS FROM `t_member` [ RunTime:0.007931s ]
[ 2019-08-17T16:03:11+08:00 ] /abcTest/index.php/UserIndex/index | NOTIC: [8] Use of undefined constant Card - assumed 'Card' UserIndexAction.class.php 第 8 行.
[ 2019-08-17T16:03:11+08:00 ] /abcTest/index.php/UserIndex/index | SQL: SHOW COLUMNS FROM `t_card` [ RunTime:0.007397s ]
[ 2019-08-17T16:03:11+08:00 ] /abcTest/index.php/UserIndex/index | SQL: select t_consume.courseID,courseName,courseTime,courseArea,courseTeacher,coursePrice,memRemarks,cardDiscount,t_card.cardID from t_course,t_member,t_consume,t_card where t_member.memId=t_consume.userID and t_consume.courseID=t_course.courseID and t_member.vipCardId=t_card.cardID and t_consume.userID='100002' [ RunTime:0.001135s ]
[ 2019-08-17T16:03:11+08:00 ] /abcTest/index.php/UserIndex/index | SQL: select courseID,courseName,courseTime,courseArea,courseTeacher,coursePrice from t_course [ RunTime:0.000488s ]
[ 2019-08-17T16:03:11+08:00 ] /abcTest/index.php/UserIndex/index | SQL: select memName,memTel from t_member where memId='100002' [ RunTime:0.000320s ]
[ 2019-08-17T16:03:11+08:00 ] /abcTest/index.php/UserIndex/index | SQL: select startTime,endTime from t_card where cardID in(select vipCardId from t_member where memId='100002') [ RunTime:0.000274s ]
[ 2019-08-17T16:03:11+08:00 ] /abcTest/index.php/UserIndex/index | INFO: Tag[ view_template ] --START--
[ 2019-08-17T16:03:11+08:00 ] /abcTest/index.php/UserIndex/index | INFO: Run LocationTemplate Behavior [ RunTime:0.002382s ]
[ 2019-08-17T16:03:11+08:00 ] /abcTest/index.php/UserIndex/index | INFO: Tag[ view_template ] --END-- [ RunTime:0.002595s ]
[ 2019-08-17T16:03:11+08:00 ] /abcTest/index.php/UserIndex/index | INFO: Tag[ view_parse ] --START--
[ 2019-08-17T16:03:11+08:00 ] /abcTest/index.php/UserIndex/index | INFO: Run ParseTemplate Behavior [ RunTime:0.029747s ]
[ 2019-08-17T16:03:11+08:00 ] /abcTest/index.php/UserIndex/index | INFO: Tag[ view_parse ] --END-- [ RunTime:0.029969s ]
[ 2019-08-17T16:03:11+08:00 ] /abcTest/index.php/UserIndex/index | INFO: Tag[ view_filter ] --START--
[ 2019-08-17T16:03:11+08:00 ] /abcTest/index.php/UserIndex/index | INFO: Run ContentReplace Behavior [ RunTime:0.001995s ]
[ 2019-08-17T16:03:11+08:00 ] /abcTest/index.php/UserIndex/index | INFO: Run TokenBuild Behavior [ RunTime:0.001772s ]
[ 2019-08-17T16:03:11+08:00 ] /abcTest/index.php/UserIndex/index | INFO: Run WriteHtmlCache Behavior [ RunTime:0.001056s ]
[ 2019-08-17T16:03:11+08:00 ] /abcTest/index.php/UserIndex/index | INFO: Run ShowRuntime Behavior [ RunTime:0.001545s ]
[ 2019-08-17T16:03:11+08:00 ] /abcTest/index.php/UserIndex/index | INFO: Tag[ view_filter ] --END-- [ RunTime:0.006837s ]
[ 2019-08-17T16:03:11+08:00 ] /abcTest/index.php/UserIndex/index | INFO: Tag[ view_end ] --START--
[ 2019-08-17T16:03:11+08:00 ] /abcTest/index.php/UserIndex/index | INFO: Run ShowPageTrace Behavior [ RunTime:0.001319s ]
[ 2019-08-17T16:03:11+08:00 ] /abcTest/index.php/UserIndex/index | INFO: Tag[ view_end ] --END-- [ RunTime:0.001468s ]
[ 2019-08-17T16:03:15+08:00 ] /abcTest/index.php/js/index.js | ERR: (ThinkException) 无法加载模块js
[ 2019-08-17T16:03:16+08:00 ] /abcTest/index.php/js/app.js | ERR: (ThinkException) 无法加载模块js
[ 2019-08-17T16:04:00+08:00 ] /abcTest/index.php/Login/index | INFO: Tag[ route_check ] --START--
[ 2019-08-17T16:04:00+08:00 ] /abcTest/index.php/Login/index | INFO: Run CheckRoute Behavior [ RunTime:0.002243s ]
[ 2019-08-17T16:04:00+08:00 ] /abcTest/index.php/Login/index | INFO: Tag[ route_check ] --END-- [ RunTime:0.002566s ]
[ 2019-08-17T16:04:00+08:00 ] /abcTest/index.php/Login/index | INFO: Tag[ app_begin ] --START--
[ 2019-08-17T16:04:00+08:00 ] /abcTest/index.php/Login/index | INFO: Run ReadHtmlCache Behavior [ RunTime:0.001586s ]
[ 2019-08-17T16:04:00+08:00 ] /abcTest/index.php/Login/index | INFO: Tag[ app_begin ] --END-- [ RunTime:0.001851s ]
[ 2019-08-17T16:04:00+08:00 ] /abcTest/index.php/Login/index | INFO: Tag[ view_template ] --START--
[ 2019-08-17T16:04:00+08:00 ] /abcTest/index.php/Login/index | INFO: Run LocationTemplate Behavior [ RunTime:0.001992s ]
[ 2019-08-17T16:04:00+08:00 ] /abcTest/index.php/Login/index | INFO: Tag[ view_template ] --END-- [ RunTime:0.002314s ]
[ 2019-08-17T16:04:00+08:00 ] /abcTest/index.php/Login/index | INFO: Tag[ view_parse ] --START--
[ 2019-08-17T16:04:00+08:00 ] /abcTest/index.php/Login/index | INFO: Run ParseTemplate Behavior [ RunTime:0.017037s ]
[ 2019-08-17T16:04:00+08:00 ] /abcTest/index.php/Login/index | INFO: Tag[ view_parse ] --END-- [ RunTime:0.017339s ]
[ 2019-08-17T16:04:00+08:00 ] /abcTest/index.php/Login/index | INFO: Tag[ view_filter ] --START--
[ 2019-08-17T16:04:00+08:00 ] /abcTest/index.php/Login/index | INFO: Run ContentReplace Behavior [ RunTime:0.001016s ]
[ 2019-08-17T16:04:00+08:00 ] /abcTest/index.php/Login/index | INFO: Run TokenBuild Behavior [ RunTime:0.001376s ]
[ 2019-08-17T16:04:00+08:00 ] /abcTest/index.php/Login/index | INFO: Run WriteHtmlCache Behavior [ RunTime:0.001126s ]
[ 2019-08-17T16:04:00+08:00 ] /abcTest/index.php/Login/index | INFO: Run ShowRuntime Behavior [ RunTime:0.001919s ]
[ 2019-08-17T16:04:00+08:00 ] /abcTest/index.php/Login/index | INFO: Tag[ view_filter ] --END-- [ RunTime:0.006258s ]
[ 2019-08-17T16:04:00+08:00 ] /abcTest/index.php/Login/index | INFO: Tag[ view_end ] --START--
[ 2019-08-17T16:04:00+08:00 ] /abcTest/index.php/Login/index | INFO: Run ShowPageTrace Behavior [ RunTime:0.001645s ]
[ 2019-08-17T16:04:00+08:00 ] /abcTest/index.php/Login/index | INFO: Tag[ view_end ] --END-- [ RunTime:0.001963s ]
[ 2019-08-17T16:06:00+08:00 ] /abcTest/index.php/Login/index | INFO: Tag[ route_check ] --START--
[ 2019-08-17T16:06:00+08:00 ] /abcTest/index.php/Login/index | INFO: Run CheckRoute Behavior [ RunTime:0.002412s ]
[ 2019-08-17T16:06:00+08:00 ] /abcTest/index.php/Login/index | INFO: Tag[ route_check ] --END-- [ RunTime:0.002712s ]
[ 2019-08-17T16:06:00+08:00 ] /abcTest/index.php/Login/index | INFO: Tag[ app_begin ] --START--
[ 2019-08-17T16:06:00+08:00 ] /abcTest/index.php/Login/index | INFO: Run ReadHtmlCache Behavior [ RunTime:0.001634s ]
[ 2019-08-17T16:06:00+08:00 ] /abcTest/index.php/Login/index | INFO: Tag[ app_begin ] --END-- [ RunTime:0.001881s ]
[ 2019-08-17T16:06:00+08:00 ] /abcTest/index.php/Login/index | INFO: Tag[ view_template ] --START--
[ 2019-08-17T16:06:00+08:00 ] /abcTest/index.php/Login/index | INFO: Run LocationTemplate Behavior [ RunTime:0.001987s ]
[ 2019-08-17T16:06:00+08:00 ] /abcTest/index.php/Login/index | INFO: Tag[ view_template ] --END-- [ RunTime:0.002313s ]
[ 2019-08-17T16:06:00+08:00 ] /abcTest/index.php/Login/index | INFO: Tag[ view_parse ] --START--
[ 2019-08-17T16:06:00+08:00 ] /abcTest/index.php/Login/index | INFO: Run ParseTemplate Behavior [ RunTime:0.020573s ]
[ 2019-08-17T16:06:00+08:00 ] /abcTest/index.php/Login/index | INFO: Tag[ view_parse ] --END-- [ RunTime:0.020860s ]
[ 2019-08-17T16:06:00+08:00 ] /abcTest/index.php/Login/index | INFO: Tag[ view_filter ] --START--
[ 2019-08-17T16:06:00+08:00 ] /abcTest/index.php/Login/index | INFO: Run ContentReplace Behavior [ RunTime:0.001334s ]
[ 2019-08-17T16:06:00+08:00 ] /abcTest/index.php/Login/index | INFO: Run TokenBuild Behavior [ RunTime:0.001643s ]
[ 2019-08-17T16:06:00+08:00 ] /abcTest/index.php/Login/index | INFO: Run WriteHtmlCache Behavior [ RunTime:0.001050s ]
[ 2019-08-17T16:06:00+08:00 ] /abcTest/index.php/Login/index | INFO: Run ShowRuntime Behavior [ RunTime:0.003664s ]
[ 2019-08-17T16:06:00+08:00 ] /abcTest/index.php/Login/index | INFO: Tag[ view_filter ] --END-- [ RunTime:0.008425s ]
[ 2019-08-17T16:06:00+08:00 ] /abcTest/index.php/Login/index | INFO: Tag[ view_end ] --START--
[ 2019-08-17T16:06:00+08:00 ] /abcTest/index.php/Login/index | INFO: Run ShowPageTrace Behavior [ RunTime:0.001994s ]
[ 2019-08-17T16:06:00+08:00 ] /abcTest/index.php/Login/index | INFO: Tag[ view_end ] --END-- [ RunTime:0.002259s ]
[ 2019-08-17T16:37:31+08:00 ] /abcTest/index.php/Login/index | INFO: Tag[ route_check ] --START--
[ 2019-08-17T16:37:31+08:00 ] /abcTest/index.php/Login/index | INFO: Run CheckRoute Behavior [ RunTime:0.002709s ]
[ 2019-08-17T16:37:31+08:00 ] /abcTest/index.php/Login/index | INFO: Tag[ route_check ] --END-- [ RunTime:0.003005s ]
[ 2019-08-17T16:37:31+08:00 ] /abcTest/index.php/Login/index | INFO: Tag[ app_begin ] --START--
[ 2019-08-17T16:37:31+08:00 ] /abcTest/index.php/Login/index | INFO: Run ReadHtmlCache Behavior [ RunTime:0.001805s ]
[ 2019-08-17T16:37:31+08:00 ] /abcTest/index.php/Login/index | INFO: Tag[ app_begin ] --END-- [ RunTime:0.002052s ]
[ 2019-08-17T16:37:31+08:00 ] /abcTest/index.php/Login/index | INFO: Tag[ view_template ] --START--
[ 2019-08-17T16:37:31+08:00 ] /abcTest/index.php/Login/index | INFO: Run LocationTemplate Behavior [ RunTime:0.002054s ]
[ 2019-08-17T16:37:31+08:00 ] /abcTest/index.php/Login/index | INFO: Tag[ view_template ] --END-- [ RunTime:0.002338s ]
[ 2019-08-17T16:37:31+08:00 ] /abcTest/index.php/Login/index | INFO: Tag[ view_parse ] --START--
[ 2019-08-17T16:37:31+08:00 ] /abcTest/index.php/Login/index | INFO: Run ParseTemplate Behavior [ RunTime:0.013684s ]
[ 2019-08-17T16:37:31+08:00 ] /abcTest/index.php/Login/index | INFO: Tag[ view_parse ] --END-- [ RunTime:0.013957s ]
[ 2019-08-17T16:37:31+08:00 ] /abcTest/index.php/Login/index | INFO: Tag[ view_filter ] --START--
[ 2019-08-17T16:37:31+08:00 ] /abcTest/index.php/Login/index | INFO: Run ContentReplace Behavior [ RunTime:0.001769s ]
[ 2019-08-17T16:37:31+08:00 ] /abcTest/index.php/Login/index | INFO: Run TokenBuild Behavior [ RunTime:0.001248s ]
[ 2019-08-17T16:37:31+08:00 ] /abcTest/index.php/Login/index | INFO: Run WriteHtmlCache Behavior [ RunTime:0.000679s ]
[ 2019-08-17T16:37:31+08:00 ] /abcTest/index.php/Login/index | INFO: Run ShowRuntime Behavior [ RunTime:0.001199s ]
[ 2019-08-17T16:37:31+08:00 ] /abcTest/index.php/Login/index | INFO: Tag[ view_filter ] --END-- [ RunTime:0.005413s ]
[ 2019-08-17T16:37:31+08:00 ] /abcTest/index.php/Login/index | INFO: Tag[ view_end ] --START--
[ 2019-08-17T16:37:31+08:00 ] /abcTest/index.php/Login/index | INFO: Run ShowPageTrace Behavior [ RunTime:0.000880s ]
[ 2019-08-17T16:37:31+08:00 ] /abcTest/index.php/Login/index | INFO: Tag[ view_end ] --END-- [ RunTime:0.001032s ]
[ 2019-08-17T16:37:40+08:00 ] /abcTest/index.php/Login/checkLogin | INFO: Tag[ route_check ] --START--
[ 2019-08-17T16:37:40+08:00 ] /abcTest/index.php/Login/checkLogin | INFO: Run CheckRoute Behavior [ RunTime:0.001802s ]
[ 2019-08-17T16:37:40+08:00 ] /abcTest/index.php/Login/checkLogin | INFO: Tag[ route_check ] --END-- [ RunTime:0.002014s ]
[ 2019-08-17T16:37:40+08:00 ] /abcTest/index.php/Login/checkLogin | INFO: Tag[ app_begin ] --START--
[ 2019-08-17T16:37:40+08:00 ] /abcTest/index.php/Login/checkLogin | INFO: Run ReadHtmlCache Behavior [ RunTime:0.001229s ]
[ 2019-08-17T16:37:40+08:00 ] /abcTest/index.php/Login/checkLogin | INFO: Tag[ app_begin ] --END-- [ RunTime:0.001407s ]
[ 2019-08-17T16:37:40+08:00 ] /abcTest/index.php/Login/checkLogin | SQL: SHOW COLUMNS FROM `t_user` [ RunTime:0.009552s ]
[ 2019-08-17T16:37:40+08:00 ] /abcTest/index.php/Login/checkLogin | SQL: SELECT * FROM `t_user` WHERE userId ='777' LIMIT 1   [ RunTime:0.035786s ]
[ 2019-08-17T16:37:40+08:00 ] /abcTest/index.php/Login/checkLogin | SQL: SELECT `userRole` FROM `t_user` WHERE userId ='777' LIMIT 1   [ RunTime:0.000533s ]
[ 2019-08-17T16:37:40+08:00 ] /abcTest/index.php/Login/checkLogin | INFO: Tag[ view_template ] --START--
[ 2019-08-17T16:37:40+08:00 ] /abcTest/index.php/Login/checkLogin | INFO: Run LocationTemplate Behavior [ RunTime:0.001298s ]
[ 2019-08-17T16:37:40+08:00 ] /abcTest/index.php/Login/checkLogin | INFO: Tag[ view_template ] --END-- [ RunTime:0.001456s ]
[ 2019-08-17T16:37:40+08:00 ] /abcTest/index.php/Login/checkLogin | INFO: Tag[ view_parse ] --START--
[ 2019-08-17T16:37:40+08:00 ] /abcTest/index.php/Login/checkLogin | INFO: Run ParseTemplate Behavior [ RunTime:0.016847s ]
[ 2019-08-17T16:37:40+08:00 ] /abcTest/index.php/Login/checkLogin | INFO: Tag[ view_parse ] --END-- [ RunTime:0.017098s ]
[ 2019-08-17T16:37:40+08:00 ] /abcTest/index.php/Login/checkLogin | INFO: Tag[ view_filter ] --START--
[ 2019-08-17T16:37:40+08:00 ] /abcTest/index.php/Login/checkLogin | INFO: Run ContentReplace Behavior [ RunTime:0.001131s ]
[ 2019-08-17T16:37:40+08:00 ] /abcTest/index.php/Login/checkLogin | INFO: Run TokenBuild Behavior [ RunTime:0.001005s ]
[ 2019-08-17T16:37:40+08:00 ] /abcTest/index.php/Login/checkLogin | INFO: Run WriteHtmlCache Behavior [ RunTime:0.000600s ]
[ 2019-08-17T16:37:40+08:00 ] /abcTest/index.php/Login/checkLogin | INFO: Run ShowRuntime Behavior [ RunTime:0.001122s ]
[ 2019-08-17T16:37:40+08:00 ] /abcTest/index.php/Login/checkLogin | INFO: Tag[ view_filter ] --END-- [ RunTime:0.004374s ]
[ 2019-08-17T16:37:40+08:00 ] /abcTest/index.php/Login/checkLogin | INFO: Tag[ view_end ] --START--
[ 2019-08-17T16:37:40+08:00 ] /abcTest/index.php/Login/checkLogin | INFO: Run ShowPageTrace Behavior [ RunTime:0.000889s ]
[ 2019-08-17T16:37:40+08:00 ] /abcTest/index.php/Login/checkLogin | INFO: Tag[ view_end ] --END-- [ RunTime:0.001055s ]
[ 2019-08-17T16:37:40+08:00 ] /abcTest/index.php/Login/checkLogin | NOTIC: [8] Use of undefined constant adminName - assumed 'adminName' LoginAction.class.php 第 41 行.
