[ 2019-08-11T12:57:19+08:00 ] /abcTest/index.php/Login/index | INFO: Tag[ route_check ] --START--
[ 2019-08-11T12:57:19+08:00 ] /abcTest/index.php/Login/index | INFO: Run CheckRoute Behavior [ RunTime:0.006960s ]
[ 2019-08-11T12:57:19+08:00 ] /abcTest/index.php/Login/index | INFO: Tag[ route_check ] --END-- [ RunTime:0.007490s ]
[ 2019-08-11T12:57:19+08:00 ] /abcTest/index.php/Login/index | INFO: Tag[ app_begin ] --START--
[ 2019-08-11T12:57:19+08:00 ] /abcTest/index.php/Login/index | INFO: Run ReadHtmlCache Behavior [ RunTime:0.002965s ]
[ 2019-08-11T12:57:19+08:00 ] /abcTest/index.php/Login/index | INFO: Tag[ app_begin ] --END-- [ RunTime:0.003349s ]
[ 2019-08-11T12:57:19+08:00 ] /abcTest/index.php/Login/index | INFO: Tag[ view_template ] --START--
[ 2019-08-11T12:57:19+08:00 ] /abcTest/index.php/Login/index | INFO: Run LocationTemplate Behavior [ RunTime:0.003680s ]
[ 2019-08-11T12:57:19+08:00 ] /abcTest/index.php/Login/index | INFO: Tag[ view_template ] --END-- [ RunTime:0.004151s ]
[ 2019-08-11T12:57:19+08:00 ] /abcTest/index.php/Login/index | INFO: Tag[ view_parse ] --START--
[ 2019-08-11T12:57:19+08:00 ] /abcTest/index.php/Login/index | INFO: Run ParseTemplate Behavior [ RunTime:0.055586s ]
[ 2019-08-11T12:57:19+08:00 ] /abcTest/index.php/Login/index | INFO: Tag[ view_parse ] --END-- [ RunTime:0.056036s ]
[ 2019-08-11T12:57:19+08:00 ] /abcTest/index.php/Login/index | INFO: Tag[ view_filter ] --START--
[ 2019-08-11T12:57:19+08:00 ] /abcTest/index.php/Login/index | INFO: Run ContentReplace Behavior [ RunTime:0.002222s ]
[ 2019-08-11T12:57:19+08:00 ] /abcTest/index.php/Login/index | INFO: Run TokenBuild Behavior [ RunTime:0.002976s ]
[ 2019-08-11T12:57:19+08:00 ] /abcTest/index.php/Login/index | INFO: Run WriteHtmlCache Behavior [ RunTime:0.002142s ]
[ 2019-08-11T12:57:19+08:00 ] /abcTest/index.php/Login/index | INFO: Run ShowRuntime Behavior [ RunTime:0.002814s ]
[ 2019-08-11T12:57:19+08:00 ] /abcTest/index.php/Login/index | INFO: Tag[ view_filter ] --END-- [ RunTime:0.011318s ]
[ 2019-08-11T12:57:19+08:00 ] /abcTest/index.php/Login/index | INFO: Tag[ view_end ] --START--
[ 2019-08-11T12:57:19+08:00 ] /abcTest/index.php/Login/index | INFO: Run ShowPageTrace Behavior [ RunTime:0.002108s ]
[ 2019-08-11T12:57:19+08:00 ] /abcTest/index.php/Login/index | INFO: Tag[ view_end ] --END-- [ RunTime:0.002477s ]
[ 2019-08-11T12:57:42+08:00 ] /abcTest/index.php/Login/checkLogin | INFO: Tag[ route_check ] --START--
[ 2019-08-11T12:57:42+08:00 ] /abcTest/index.php/Login/checkLogin | INFO: Run CheckRoute Behavior [ RunTime:0.001616s ]
[ 2019-08-11T12:57:42+08:00 ] /abcTest/index.php/Login/checkLogin | INFO: Tag[ route_check ] --END-- [ RunTime:0.001886s ]
[ 2019-08-11T12:57:42+08:00 ] /abcTest/index.php/Login/checkLogin | INFO: Tag[ app_begin ] --START--
[ 2019-08-11T12:57:42+08:00 ] /abcTest/index.php/Login/checkLogin | INFO: Run ReadHtmlCache Behavior [ RunTime:0.001278s ]
[ 2019-08-11T12:57:42+08:00 ] /abcTest/index.php/Login/checkLogin | INFO: Tag[ app_begin ] --END-- [ RunTime:0.001507s ]
[ 2019-08-11T12:57:42+08:00 ] /abcTest/index.php/Login/checkLogin | SQL: SHOW COLUMNS FROM `t_user` [ RunTime:0.011693s ]
[ 2019-08-11T12:57:42+08:00 ] /abcTest/index.php/Login/checkLogin | SQL: SELECT * FROM `t_user` WHERE userId ='777' LIMIT 1   [ RunTime:0.042930s ]
[ 2019-08-11T12:57:42+08:00 ] /abcTest/index.php/Login/checkLogin | SQL: SELECT `userRole` FROM `t_user` WHERE userId ='777' LIMIT 1   [ RunTime:0.000631s ]
[ 2019-08-11T12:57:42+08:00 ] /abcTest/index.php/Login/checkLogin | NOTIC: [8] Use of undefined constant username - assumed 'username' LoginAction.class.php 第 27 行.
[ 2019-08-11T12:57:42+08:00 ] /abcTest/index.php/Login/checkLogin | INFO: Tag[ view_template ] --START--
[ 2019-08-11T12:57:42+08:00 ] /abcTest/index.php/Login/checkLogin | INFO: Run LocationTemplate Behavior [ RunTime:0.008245s ]
[ 2019-08-11T12:57:42+08:00 ] /abcTest/index.php/Login/checkLogin | INFO: Tag[ view_template ] --END-- [ RunTime:0.008515s ]
[ 2019-08-11T12:57:42+08:00 ] /abcTest/index.php/Login/checkLogin | INFO: Tag[ view_parse ] --START--
[ 2019-08-11T12:57:42+08:00 ] /abcTest/index.php/Login/checkLogin | INFO: Run ParseTemplate Behavior [ RunTime:0.072620s ]
[ 2019-08-11T12:57:42+08:00 ] /abcTest/index.php/Login/checkLogin | INFO: Tag[ view_parse ] --END-- [ RunTime:0.073191s ]
[ 2019-08-11T12:57:42+08:00 ] /abcTest/index.php/Login/checkLogin | INFO: Tag[ view_filter ] --START--
[ 2019-08-11T12:57:42+08:00 ] /abcTest/index.php/Login/checkLogin | INFO: Run ContentReplace Behavior [ RunTime:0.001497s ]
[ 2019-08-11T12:57:42+08:00 ] /abcTest/index.php/Login/checkLogin | INFO: Run TokenBuild Behavior [ RunTime:0.001160s ]
[ 2019-08-11T12:57:42+08:00 ] /abcTest/index.php/Login/checkLogin | INFO: Run WriteHtmlCache Behavior [ RunTime:0.000721s ]
[ 2019-08-11T12:57:42+08:00 ] /abcTest/index.php/Login/checkLogin | INFO: Run ShowRuntime Behavior [ RunTime:0.001696s ]
[ 2019-08-11T12:57:42+08:00 ] /abcTest/index.php/Login/checkLogin | INFO: Tag[ view_filter ] --END-- [ RunTime:0.005979s ]
[ 2019-08-11T12:57:42+08:00 ] /abcTest/index.php/Login/checkLogin | INFO: Tag[ view_end ] --START--
[ 2019-08-11T12:57:42+08:00 ] /abcTest/index.php/Login/checkLogin | INFO: Run ShowPageTrace Behavior [ RunTime:0.001092s ]
[ 2019-08-11T12:57:42+08:00 ] /abcTest/index.php/Login/checkLogin | INFO: Tag[ view_end ] --END-- [ RunTime:0.001336s ]
[ 2019-08-11T15:09:23+08:00 ] /abcTest/index.php/Login/index | INFO: Tag[ route_check ] --START--
[ 2019-08-11T15:09:23+08:00 ] /abcTest/index.php/Login/index | INFO: Run CheckRoute Behavior [ RunTime:0.002791s ]
[ 2019-08-11T15:09:23+08:00 ] /abcTest/index.php/Login/index | INFO: Tag[ route_check ] --END-- [ RunTime:0.003245s ]
[ 2019-08-11T15:09:23+08:00 ] /abcTest/index.php/Login/index | INFO: Tag[ app_begin ] --START--
[ 2019-08-11T15:09:23+08:00 ] /abcTest/index.php/Login/index | INFO: Run ReadHtmlCache Behavior [ RunTime:0.002041s ]
[ 2019-08-11T15:09:23+08:00 ] /abcTest/index.php/Login/index | INFO: Tag[ app_begin ] --END-- [ RunTime:0.002406s ]
[ 2019-08-11T15:09:23+08:00 ] /abcTest/index.php/Login/index | INFO: Tag[ view_template ] --START--
[ 2019-08-11T15:09:23+08:00 ] /abcTest/index.php/Login/index | INFO: Run LocationTemplate Behavior [ RunTime:0.003032s ]
[ 2019-08-11T15:09:23+08:00 ] /abcTest/index.php/Login/index | INFO: Tag[ view_template ] --END-- [ RunTime:0.003475s ]
[ 2019-08-11T15:09:23+08:00 ] /abcTest/index.php/Login/index | INFO: Tag[ view_parse ] --START--
[ 2019-08-11T15:09:23+08:00 ] /abcTest/index.php/Login/index | INFO: Run ParseTemplate Behavior [ RunTime:0.027696s ]
[ 2019-08-11T15:09:23+08:00 ] /abcTest/index.php/Login/index | INFO: Tag[ view_parse ] --END-- [ RunTime:0.028115s ]
[ 2019-08-11T15:09:23+08:00 ] /abcTest/index.php/Login/index | INFO: Tag[ view_filter ] --START--
[ 2019-08-11T15:09:23+08:00 ] /abcTest/index.php/Login/index | INFO: Run ContentReplace Behavior [ RunTime:0.002124s ]
[ 2019-08-11T15:09:23+08:00 ] /abcTest/index.php/Login/index | INFO: Run TokenBuild Behavior [ RunTime:0.002742s ]
[ 2019-08-11T15:09:23+08:00 ] /abcTest/index.php/Login/index | INFO: Run WriteHtmlCache Behavior [ RunTime:0.001487s ]
[ 2019-08-11T15:09:23+08:00 ] /abcTest/index.php/Login/index | INFO: Run ShowRuntime Behavior [ RunTime:0.002160s ]
[ 2019-08-11T15:09:23+08:00 ] /abcTest/index.php/Login/index | INFO: Tag[ view_filter ] --END-- [ RunTime:0.009820s ]
[ 2019-08-11T15:09:23+08:00 ] /abcTest/index.php/Login/index | INFO: Tag[ view_end ] --START--
[ 2019-08-11T15:09:23+08:00 ] /abcTest/index.php/Login/index | INFO: Run ShowPageTrace Behavior [ RunTime:0.001554s ]
[ 2019-08-11T15:09:23+08:00 ] /abcTest/index.php/Login/index | INFO: Tag[ view_end ] --END-- [ RunTime:0.001917s ]
[ 2019-08-11T15:09:31+08:00 ] /abcTest/index.php/Login/checkLogin | INFO: Tag[ route_check ] --START--
[ 2019-08-11T15:09:31+08:00 ] /abcTest/index.php/Login/checkLogin | INFO: Run CheckRoute Behavior [ RunTime:0.004391s ]
[ 2019-08-11T15:09:31+08:00 ] /abcTest/index.php/Login/checkLogin | INFO: Tag[ route_check ] --END-- [ RunTime:0.004877s ]
[ 2019-08-11T15:09:31+08:00 ] /abcTest/index.php/Login/checkLogin | INFO: Tag[ app_begin ] --START--
[ 2019-08-11T15:09:31+08:00 ] /abcTest/index.php/Login/checkLogin | INFO: Run ReadHtmlCache Behavior [ RunTime:0.002661s ]
[ 2019-08-11T15:09:31+08:00 ] /abcTest/index.php/Login/checkLogin | INFO: Tag[ app_begin ] --END-- [ RunTime:0.003059s ]
[ 2019-08-11T15:09:31+08:00 ] /abcTest/index.php/Login/checkLogin | SQL: SHOW COLUMNS FROM `t_user` [ RunTime:0.014756s ]
[ 2019-08-11T15:09:31+08:00 ] /abcTest/index.php/Login/checkLogin | SQL: SELECT * FROM `t_user` WHERE userId ='777' LIMIT 1   [ RunTime:0.019726s ]
[ 2019-08-11T15:09:31+08:00 ] /abcTest/index.php/Login/checkLogin | SQL: SELECT `userRole` FROM `t_user` WHERE userId ='777' LIMIT 1   [ RunTime:0.000931s ]
[ 2019-08-11T15:09:31+08:00 ] /abcTest/index.php/Login/checkLogin | NOTIC: [8] Use of undefined constant username - assumed 'username' LoginAction.class.php 第 27 行.
[ 2019-08-11T15:09:31+08:00 ] /abcTest/index.php/Login/checkLogin | INFO: Tag[ view_template ] --START--
[ 2019-08-11T15:09:31+08:00 ] /abcTest/index.php/Login/checkLogin | INFO: Run LocationTemplate Behavior [ RunTime:0.002978s ]
[ 2019-08-11T15:09:31+08:00 ] /abcTest/index.php/Login/checkLogin | INFO: Tag[ view_template ] --END-- [ RunTime:0.003446s ]
[ 2019-08-11T15:09:31+08:00 ] /abcTest/index.php/Login/checkLogin | INFO: Tag[ view_parse ] --START--
[ 2019-08-11T15:09:32+08:00 ] /abcTest/index.php/Login/checkLogin | INFO: Run ParseTemplate Behavior [ RunTime:0.035117s ]
[ 2019-08-11T15:09:32+08:00 ] /abcTest/index.php/Login/checkLogin | INFO: Tag[ view_parse ] --END-- [ RunTime:0.035692s ]
[ 2019-08-11T15:09:32+08:00 ] /abcTest/index.php/Login/checkLogin | INFO: Tag[ view_filter ] --START--
[ 2019-08-11T15:09:32+08:00 ] /abcTest/index.php/Login/checkLogin | INFO: Run ContentReplace Behavior [ RunTime:0.002118s ]
[ 2019-08-11T15:09:32+08:00 ] /abcTest/index.php/Login/checkLogin | INFO: Run TokenBuild Behavior [ RunTime:0.001997s ]
[ 2019-08-11T15:09:32+08:00 ] /abcTest/index.php/Login/checkLogin | INFO: Run WriteHtmlCache Behavior [ RunTime:0.001733s ]
[ 2019-08-11T15:09:32+08:00 ] /abcTest/index.php/Login/checkLogin | INFO: Run ShowRuntime Behavior [ RunTime:0.002700s ]
[ 2019-08-11T15:09:32+08:00 ] /abcTest/index.php/Login/checkLogin | INFO: Tag[ view_filter ] --END-- [ RunTime:0.009668s ]
[ 2019-08-11T15:09:32+08:00 ] /abcTest/index.php/Login/checkLogin | INFO: Tag[ view_end ] --START--
[ 2019-08-11T15:09:32+08:00 ] /abcTest/index.php/Login/checkLogin | INFO: Run ShowPageTrace Behavior [ RunTime:0.001900s ]
[ 2019-08-11T15:09:32+08:00 ] /abcTest/index.php/Login/checkLogin | INFO: Tag[ view_end ] --END-- [ RunTime:0.002261s ]
[ 2019-08-11T17:08:23+08:00 ] /abcTest/index.php/Login/index | INFO: Tag[ route_check ] --START--
[ 2019-08-11T17:08:23+08:00 ] /abcTest/index.php/Login/index | INFO: Run CheckRoute Behavior [ RunTime:0.003035s ]
[ 2019-08-11T17:08:23+08:00 ] /abcTest/index.php/Login/index | INFO: Tag[ route_check ] --END-- [ RunTime:0.003488s ]
[ 2019-08-11T17:08:23+08:00 ] /abcTest/index.php/Login/index | INFO: Tag[ app_begin ] --START--
[ 2019-08-11T17:08:23+08:00 ] /abcTest/index.php/Login/index | INFO: Run ReadHtmlCache Behavior [ RunTime:0.002759s ]
[ 2019-08-11T17:08:23+08:00 ] /abcTest/index.php/Login/index | INFO: Tag[ app_begin ] --END-- [ RunTime:0.003187s ]
[ 2019-08-11T17:08:23+08:00 ] /abcTest/index.php/Login/index | INFO: Tag[ view_template ] --START--
[ 2019-08-11T17:08:23+08:00 ] /abcTest/index.php/Login/index | INFO: Run LocationTemplate Behavior [ RunTime:0.004186s ]
[ 2019-08-11T17:08:23+08:00 ] /abcTest/index.php/Login/index | INFO: Tag[ view_template ] --END-- [ RunTime:0.004625s ]
[ 2019-08-11T17:08:23+08:00 ] /abcTest/index.php/Login/index | INFO: Tag[ view_parse ] --START--
[ 2019-08-11T17:08:23+08:00 ] /abcTest/index.php/Login/index | INFO: Run ParseTemplate Behavior [ RunTime:0.032704s ]
[ 2019-08-11T17:08:23+08:00 ] /abcTest/index.php/Login/index | INFO: Tag[ view_parse ] --END-- [ RunTime:0.033139s ]
[ 2019-08-11T17:08:23+08:00 ] /abcTest/index.php/Login/index | INFO: Tag[ view_filter ] --START--
[ 2019-08-11T17:08:23+08:00 ] /abcTest/index.php/Login/index | INFO: Run ContentReplace Behavior [ RunTime:0.002644s ]
[ 2019-08-11T17:08:23+08:00 ] /abcTest/index.php/Login/index | INFO: Run TokenBuild Behavior [ RunTime:0.002764s ]
[ 2019-08-11T17:08:23+08:00 ] /abcTest/index.php/Login/index | INFO: Run WriteHtmlCache Behavior [ RunTime:0.001812s ]
[ 2019-08-11T17:08:23+08:00 ] /abcTest/index.php/Login/index | INFO: Run ShowRuntime Behavior [ RunTime:0.003310s ]
[ 2019-08-11T17:08:23+08:00 ] /abcTest/index.php/Login/index | INFO: Tag[ view_filter ] --END-- [ RunTime:0.011673s ]
[ 2019-08-11T17:08:23+08:00 ] /abcTest/index.php/Login/index | INFO: Tag[ view_end ] --START--
[ 2019-08-11T17:08:23+08:00 ] /abcTest/index.php/Login/index | INFO: Run ShowPageTrace Behavior [ RunTime:0.002518s ]
[ 2019-08-11T17:08:23+08:00 ] /abcTest/index.php/Login/index | INFO: Tag[ view_end ] --END-- [ RunTime:0.002887s ]
[ 2019-08-11T17:08:31+08:00 ] /abcTest/index.php/Login/checkLogin | INFO: Tag[ route_check ] --START--
[ 2019-08-11T17:08:31+08:00 ] /abcTest/index.php/Login/checkLogin | INFO: Run CheckRoute Behavior [ RunTime:0.004371s ]
[ 2019-08-11T17:08:31+08:00 ] /abcTest/index.php/Login/checkLogin | INFO: Tag[ route_check ] --END-- [ RunTime:0.004855s ]
[ 2019-08-11T17:08:31+08:00 ] /abcTest/index.php/Login/checkLogin | INFO: Tag[ app_begin ] --START--
[ 2019-08-11T17:08:31+08:00 ] /abcTest/index.php/Login/checkLogin | INFO: Run ReadHtmlCache Behavior [ RunTime:0.002927s ]
[ 2019-08-11T17:08:31+08:00 ] /abcTest/index.php/Login/checkLogin | INFO: Tag[ app_begin ] --END-- [ RunTime:0.003298s ]
[ 2019-08-11T17:08:31+08:00 ] /abcTest/index.php/Login/checkLogin | SQL: SHOW COLUMNS FROM `t_user` [ RunTime:0.013650s ]
[ 2019-08-11T17:08:31+08:00 ] /abcTest/index.php/Login/checkLogin | SQL: SELECT * FROM `t_user` WHERE userId ='777' LIMIT 1   [ RunTime:0.000896s ]
[ 2019-08-11T17:08:31+08:00 ] /abcTest/index.php/Login/checkLogin | SQL: SELECT `userRole` FROM `t_user` WHERE userId ='777' LIMIT 1   [ RunTime:0.000772s ]
[ 2019-08-11T17:08:31+08:00 ] /abcTest/index.php/Login/checkLogin | NOTIC: [8] Use of undefined constant username - assumed 'username' LoginAction.class.php 第 27 行.
[ 2019-08-11T17:08:31+08:00 ] /abcTest/index.php/Login/checkLogin | INFO: Tag[ view_template ] --START--
[ 2019-08-11T17:08:31+08:00 ] /abcTest/index.php/Login/checkLogin | INFO: Run LocationTemplate Behavior [ RunTime:0.003445s ]
[ 2019-08-11T17:08:31+08:00 ] /abcTest/index.php/Login/checkLogin | INFO: Tag[ view_template ] --END-- [ RunTime:0.003829s ]
[ 2019-08-11T17:08:31+08:00 ] /abcTest/index.php/Login/checkLogin | INFO: Tag[ view_parse ] --START--
[ 2019-08-11T17:08:31+08:00 ] /abcTest/index.php/Login/checkLogin | INFO: Run ParseTemplate Behavior [ RunTime:0.052307s ]
[ 2019-08-11T17:08:31+08:00 ] /abcTest/index.php/Login/checkLogin | INFO: Tag[ view_parse ] --END-- [ RunTime:0.052770s ]
[ 2019-08-11T17:08:31+08:00 ] /abcTest/index.php/Login/checkLogin | INFO: Tag[ view_filter ] --START--
[ 2019-08-11T17:08:31+08:00 ] /abcTest/index.php/Login/checkLogin | INFO: Run ContentReplace Behavior [ RunTime:0.002920s ]
[ 2019-08-11T17:08:31+08:00 ] /abcTest/index.php/Login/checkLogin | INFO: Run TokenBuild Behavior [ RunTime:0.003068s ]
[ 2019-08-11T17:08:31+08:00 ] /abcTest/index.php/Login/checkLogin | INFO: Run WriteHtmlCache Behavior [ RunTime:0.002173s ]
[ 2019-08-11T17:08:31+08:00 ] /abcTest/index.php/Login/checkLogin | INFO: Run ShowRuntime Behavior [ RunTime:0.004062s ]
[ 2019-08-11T17:08:31+08:00 ] /abcTest/index.php/Login/checkLogin | INFO: Tag[ view_filter ] --END-- [ RunTime:0.013486s ]
[ 2019-08-11T17:08:31+08:00 ] /abcTest/index.php/Login/checkLogin | INFO: Tag[ view_end ] --START--
[ 2019-08-11T17:08:31+08:00 ] /abcTest/index.php/Login/checkLogin | INFO: Run ShowPageTrace Behavior [ RunTime:0.002897s ]
[ 2019-08-11T17:08:31+08:00 ] /abcTest/index.php/Login/checkLogin | INFO: Tag[ view_end ] --END-- [ RunTime:0.003264s ]
[ 2019-08-11T17:27:23+08:00 ] /abcTest/index.php/Login/index | INFO: Tag[ route_check ] --START--
[ 2019-08-11T17:27:23+08:00 ] /abcTest/index.php/Login/index | INFO: Run CheckRoute Behavior [ RunTime:0.003942s ]
[ 2019-08-11T17:27:23+08:00 ] /abcTest/index.php/Login/index | INFO: Tag[ route_check ] --END-- [ RunTime:0.004396s ]
[ 2019-08-11T17:27:23+08:00 ] /abcTest/index.php/Login/index | INFO: Tag[ app_begin ] --START--
[ 2019-08-11T17:27:23+08:00 ] /abcTest/index.php/Login/index | INFO: Run ReadHtmlCache Behavior [ RunTime:0.002708s ]
[ 2019-08-11T17:27:23+08:00 ] /abcTest/index.php/Login/index | INFO: Tag[ app_begin ] --END-- [ RunTime:0.003077s ]
[ 2019-08-11T17:27:23+08:00 ] /abcTest/index.php/Login/index | INFO: Tag[ view_template ] --START--
[ 2019-08-11T17:27:23+08:00 ] /abcTest/index.php/Login/index | INFO: Run LocationTemplate Behavior [ RunTime:0.003847s ]
[ 2019-08-11T17:27:23+08:00 ] /abcTest/index.php/Login/index | INFO: Tag[ view_template ] --END-- [ RunTime:0.004250s ]
[ 2019-08-11T17:27:23+08:00 ] /abcTest/index.php/Login/index | INFO: Tag[ view_parse ] --START--
[ 2019-08-11T17:27:23+08:00 ] /abcTest/index.php/Login/index | INFO: Run ParseTemplate Behavior [ RunTime:0.034136s ]
[ 2019-08-11T17:27:23+08:00 ] /abcTest/index.php/Login/index | INFO: Tag[ view_parse ] --END-- [ RunTime:0.034557s ]
[ 2019-08-11T17:27:23+08:00 ] /abcTest/index.php/Login/index | INFO: Tag[ view_filter ] --START--
[ 2019-08-11T17:27:23+08:00 ] /abcTest/index.php/Login/index | INFO: Run ContentReplace Behavior [ RunTime:0.002116s ]
[ 2019-08-11T17:27:23+08:00 ] /abcTest/index.php/Login/index | INFO: Run TokenBuild Behavior [ RunTime:0.002515s ]
[ 2019-08-11T17:27:23+08:00 ] /abcTest/index.php/Login/index | INFO: Run WriteHtmlCache Behavior [ RunTime:0.001685s ]
[ 2019-08-11T17:27:23+08:00 ] /abcTest/index.php/Login/index | INFO: Run ShowRuntime Behavior [ RunTime:0.003838s ]
[ 2019-08-11T17:27:23+08:00 ] /abcTest/index.php/Login/index | INFO: Tag[ view_filter ] --END-- [ RunTime:0.011595s ]
[ 2019-08-11T17:27:23+08:00 ] /abcTest/index.php/Login/index | INFO: Tag[ view_end ] --START--
[ 2019-08-11T17:27:23+08:00 ] /abcTest/index.php/Login/index | INFO: Run ShowPageTrace Behavior [ RunTime:0.002507s ]
[ 2019-08-11T17:27:23+08:00 ] /abcTest/index.php/Login/index | INFO: Tag[ view_end ] --END-- [ RunTime:0.002890s ]
[ 2019-08-11T17:27:25+08:00 ] /abcTest/index.php/Login/index | INFO: Tag[ route_check ] --START--
[ 2019-08-11T17:27:25+08:00 ] /abcTest/index.php/Login/index | INFO: Run CheckRoute Behavior [ RunTime:0.003428s ]
[ 2019-08-11T17:27:25+08:00 ] /abcTest/index.php/Login/index | INFO: Tag[ route_check ] --END-- [ RunTime:0.003996s ]
[ 2019-08-11T17:27:25+08:00 ] /abcTest/index.php/Login/index | INFO: Tag[ app_begin ] --START--
[ 2019-08-11T17:27:25+08:00 ] /abcTest/index.php/Login/index | INFO: Run ReadHtmlCache Behavior [ RunTime:0.003246s ]
[ 2019-08-11T17:27:25+08:00 ] /abcTest/index.php/Login/index | INFO: Tag[ app_begin ] --END-- [ RunTime:0.003832s ]
[ 2019-08-11T17:27:25+08:00 ] /abcTest/index.php/Login/index | INFO: Tag[ view_template ] --START--
[ 2019-08-11T17:27:25+08:00 ] /abcTest/index.php/Login/index | INFO: Run LocationTemplate Behavior [ RunTime:0.004476s ]
[ 2019-08-11T17:27:25+08:00 ] /abcTest/index.php/Login/index | INFO: Tag[ view_template ] --END-- [ RunTime:0.004952s ]
[ 2019-08-11T17:27:25+08:00 ] /abcTest/index.php/Login/index | INFO: Tag[ view_parse ] --START--
[ 2019-08-11T17:27:25+08:00 ] /abcTest/index.php/Login/index | INFO: Run ParseTemplate Behavior [ RunTime:0.033696s ]
[ 2019-08-11T17:27:25+08:00 ] /abcTest/index.php/Login/index | INFO: Tag[ view_parse ] --END-- [ RunTime:0.034153s ]
[ 2019-08-11T17:27:25+08:00 ] /abcTest/index.php/Login/index | INFO: Tag[ view_filter ] --START--
[ 2019-08-11T17:27:25+08:00 ] /abcTest/index.php/Login/index | INFO: Run ContentReplace Behavior [ RunTime:0.002942s ]
[ 2019-08-11T17:27:25+08:00 ] /abcTest/index.php/Login/index | INFO: Run TokenBuild Behavior [ RunTime:0.004252s ]
[ 2019-08-11T17:27:25+08:00 ] /abcTest/index.php/Login/index | INFO: Run WriteHtmlCache Behavior [ RunTime:0.004171s ]
[ 2019-08-11T17:27:25+08:00 ] /abcTest/index.php/Login/index | INFO: Run ShowRuntime Behavior [ RunTime:0.004742s ]
[ 2019-08-11T17:27:25+08:00 ] /abcTest/index.php/Login/index | INFO: Tag[ view_filter ] --END-- [ RunTime:0.017870s ]
[ 2019-08-11T17:27:25+08:00 ] /abcTest/index.php/Login/index | INFO: Tag[ view_end ] --START--
[ 2019-08-11T17:27:25+08:00 ] /abcTest/index.php/Login/index | INFO: Run ShowPageTrace Behavior [ RunTime:0.004529s ]
[ 2019-08-11T17:27:25+08:00 ] /abcTest/index.php/Login/index | INFO: Tag[ view_end ] --END-- [ RunTime:0.005138s ]
[ 2019-08-11T17:27:32+08:00 ] /abcTest/index.php/Login/checkLogin | INFO: Tag[ route_check ] --START--
[ 2019-08-11T17:27:32+08:00 ] /abcTest/index.php/Login/checkLogin | INFO: Run CheckRoute Behavior [ RunTime:0.002904s ]
[ 2019-08-11T17:27:32+08:00 ] /abcTest/index.php/Login/checkLogin | INFO: Tag[ route_check ] --END-- [ RunTime:0.003344s ]
[ 2019-08-11T17:27:32+08:00 ] /abcTest/index.php/Login/checkLogin | INFO: Tag[ app_begin ] --START--
[ 2019-08-11T17:27:32+08:00 ] /abcTest/index.php/Login/checkLogin | INFO: Run ReadHtmlCache Behavior [ RunTime:0.003302s ]
[ 2019-08-11T17:27:32+08:00 ] /abcTest/index.php/Login/checkLogin | INFO: Tag[ app_begin ] --END-- [ RunTime:0.003741s ]
[ 2019-08-11T17:27:32+08:00 ] /abcTest/index.php/Login/checkLogin | SQL: SHOW COLUMNS FROM `t_user` [ RunTime:0.012951s ]
[ 2019-08-11T17:27:32+08:00 ] /abcTest/index.php/Login/checkLogin | SQL: SELECT * FROM `t_user` WHERE userId ='777' LIMIT 1   [ RunTime:0.001121s ]
[ 2019-08-11T17:27:32+08:00 ] /abcTest/index.php/Login/checkLogin | SQL: SELECT `userRole` FROM `t_user` WHERE userId ='777' LIMIT 1   [ RunTime:0.000934s ]
[ 2019-08-11T17:27:32+08:00 ] /abcTest/index.php/Login/checkLogin | NOTIC: [8] Use of undefined constant username - assumed 'username' LoginAction.class.php 第 27 行.
[ 2019-08-11T17:27:32+08:00 ] /abcTest/index.php/Login/checkLogin | INFO: Tag[ view_template ] --START--
[ 2019-08-11T17:27:32+08:00 ] /abcTest/index.php/Login/checkLogin | INFO: Run LocationTemplate Behavior [ RunTime:0.003374s ]
[ 2019-08-11T17:27:32+08:00 ] /abcTest/index.php/Login/checkLogin | INFO: Tag[ view_template ] --END-- [ RunTime:0.003852s ]
[ 2019-08-11T17:27:32+08:00 ] /abcTest/index.php/Login/checkLogin | INFO: Tag[ view_parse ] --START--
[ 2019-08-11T17:27:32+08:00 ] /abcTest/index.php/Login/checkLogin | INFO: Run ParseTemplate Behavior [ RunTime:0.040742s ]
[ 2019-08-11T17:27:32+08:00 ] /abcTest/index.php/Login/checkLogin | INFO: Tag[ view_parse ] --END-- [ RunTime:0.041218s ]
[ 2019-08-11T17:27:32+08:00 ] /abcTest/index.php/Login/checkLogin | INFO: Tag[ view_filter ] --START--
[ 2019-08-11T17:27:32+08:00 ] /abcTest/index.php/Login/checkLogin | INFO: Run ContentReplace Behavior [ RunTime:0.002139s ]
[ 2019-08-11T17:27:32+08:00 ] /abcTest/index.php/Login/checkLogin | INFO: Run TokenBuild Behavior [ RunTime:0.002546s ]
[ 2019-08-11T17:27:32+08:00 ] /abcTest/index.php/Login/checkLogin | INFO: Run WriteHtmlCache Behavior [ RunTime:0.001666s ]
[ 2019-08-11T17:27:32+08:00 ] /abcTest/index.php/Login/checkLogin | INFO: Run ShowRuntime Behavior [ RunTime:0.002710s ]
[ 2019-08-11T17:27:32+08:00 ] /abcTest/index.php/Login/checkLogin | INFO: Tag[ view_filter ] --END-- [ RunTime:0.010144s ]
[ 2019-08-11T17:27:32+08:00 ] /abcTest/index.php/Login/checkLogin | INFO: Tag[ view_end ] --START--
[ 2019-08-11T17:27:32+08:00 ] /abcTest/index.php/Login/checkLogin | INFO: Run ShowPageTrace Behavior [ RunTime:0.002464s ]
[ 2019-08-11T17:27:32+08:00 ] /abcTest/index.php/Login/checkLogin | INFO: Tag[ view_end ] --END-- [ RunTime:0.002909s ]
[ 2019-08-11T18:03:56+08:00 ] /abcTest/index.php/Login/userIndex | INFO: Tag[ route_check ] --START--
[ 2019-08-11T18:03:56+08:00 ] /abcTest/index.php/Login/userIndex | INFO: Run CheckRoute Behavior [ RunTime:0.003234s ]
[ 2019-08-11T18:03:56+08:00 ] /abcTest/index.php/Login/userIndex | INFO: Tag[ route_check ] --END-- [ RunTime:0.003786s ]
[ 2019-08-11T18:03:56+08:00 ] /abcTest/index.php/Login/userIndex | INFO: Tag[ app_begin ] --START--
[ 2019-08-11T18:03:56+08:00 ] /abcTest/index.php/Login/userIndex | INFO: Run ReadHtmlCache Behavior [ RunTime:0.003698s ]
[ 2019-08-11T18:03:56+08:00 ] /abcTest/index.php/Login/userIndex | INFO: Tag[ app_begin ] --END-- [ RunTime:0.004217s ]
[ 2019-08-11T18:03:56+08:00 ] /abcTest/index.php/Login/userIndex | INFO: Tag[ view_template ] --START--
[ 2019-08-11T18:03:56+08:00 ] /abcTest/index.php/Login/userIndex | INFO: Run LocationTemplate Behavior [ RunTime:0.005270s ]
[ 2019-08-11T18:03:56+08:00 ] /abcTest/index.php/Login/userIndex | INFO: Tag[ view_template ] --END-- [ RunTime:0.006381s ]
[ 2019-08-11T18:03:56+08:00 ] /abcTest/index.php/Login/userIndex | INFO: Tag[ view_parse ] --START--
[ 2019-08-11T18:03:56+08:00 ] /abcTest/index.php/Login/userIndex | INFO: Run ParseTemplate Behavior [ RunTime:0.092534s ]
[ 2019-08-11T18:03:56+08:00 ] /abcTest/index.php/Login/userIndex | INFO: Tag[ view_parse ] --END-- [ RunTime:0.093366s ]
[ 2019-08-11T18:03:56+08:00 ] /abcTest/index.php/Login/userIndex | INFO: Tag[ view_filter ] --START--
[ 2019-08-11T18:03:56+08:00 ] /abcTest/index.php/Login/userIndex | INFO: Run ContentReplace Behavior [ RunTime:0.003545s ]
[ 2019-08-11T18:03:56+08:00 ] /abcTest/index.php/Login/userIndex | INFO: Run TokenBuild Behavior [ RunTime:0.004711s ]
[ 2019-08-11T18:03:56+08:00 ] /abcTest/index.php/Login/userIndex | INFO: Run WriteHtmlCache Behavior [ RunTime:0.003040s ]
[ 2019-08-11T18:03:57+08:00 ] /abcTest/index.php/Login/userIndex | INFO: Run ShowRuntime Behavior [ RunTime:0.004332s ]
[ 2019-08-11T18:03:57+08:00 ] /abcTest/index.php/Login/userIndex | INFO: Tag[ view_filter ] --END-- [ RunTime:0.017105s ]
[ 2019-08-11T18:03:57+08:00 ] /abcTest/index.php/Login/userIndex | INFO: Tag[ view_end ] --START--
[ 2019-08-11T18:03:57+08:00 ] /abcTest/index.php/Login/userIndex | INFO: Run ShowPageTrace Behavior [ RunTime:0.005251s ]
[ 2019-08-11T18:03:57+08:00 ] /abcTest/index.php/Login/userIndex | INFO: Tag[ view_end ] --END-- [ RunTime:0.006212s ]
[ 2019-08-11T18:04:00+08:00 ] /abcTest/index.php/js/app.js | ERR: (ThinkException) 无法加载模块js
[ 2019-08-11T18:04:01+08:00 ] /abcTest/index.php/js/index.js | ERR: (ThinkException) 无法加载模块js
[ 2019-08-11T18:04:02+08:00 ] /abcTest/index.php/img/thumbnails/picjumbo.com_IMG_3241.jpg | ERR: (ThinkException) 无法加载模块img
[ 2019-08-11T18:04:03+08:00 ] /abcTest/index.php/img/profile/picjumbo.com_HNCK4153_resize.jpg | ERR: (ThinkException) 无法加载模块img
[ 2019-08-11T18:04:04+08:00 ] /abcTest/index.php/img/thumbnails/picjumbo.com_IMG_4566.jpg | ERR: (ThinkException) 无法加载模块img
[ 2019-08-11T18:04:05+08:00 ] /abcTest/index.php/img/profile/profile-1.jpg | ERR: (ThinkException) 无法加载模块img
[ 2019-08-11T18:14:47+08:00 ] /abcTest/index.php/Login/userIndex | INFO: Tag[ route_check ] --START--
[ 2019-08-11T18:14:47+08:00 ] /abcTest/index.php/Login/userIndex | INFO: Run CheckRoute Behavior [ RunTime:0.004626s ]
[ 2019-08-11T18:14:47+08:00 ] /abcTest/index.php/Login/userIndex | INFO: Tag[ route_check ] --END-- [ RunTime:0.005113s ]
[ 2019-08-11T18:14:47+08:00 ] /abcTest/index.php/Login/userIndex | INFO: Tag[ app_begin ] --START--
[ 2019-08-11T18:14:47+08:00 ] /abcTest/index.php/Login/userIndex | INFO: Run ReadHtmlCache Behavior [ RunTime:0.004426s ]
[ 2019-08-11T18:14:47+08:00 ] /abcTest/index.php/Login/userIndex | INFO: Tag[ app_begin ] --END-- [ RunTime:0.004852s ]
[ 2019-08-11T18:14:47+08:00 ] /abcTest/index.php/Login/userIndex | INFO: Tag[ view_template ] --START--
[ 2019-08-11T18:14:47+08:00 ] /abcTest/index.php/Login/userIndex | INFO: Run LocationTemplate Behavior [ RunTime:0.004716s ]
[ 2019-08-11T18:14:47+08:00 ] /abcTest/index.php/Login/userIndex | INFO: Tag[ view_template ] --END-- [ RunTime:0.005225s ]
[ 2019-08-11T18:14:47+08:00 ] /abcTest/index.php/Login/userIndex | INFO: Tag[ view_parse ] --START--
[ 2019-08-11T18:14:47+08:00 ] /abcTest/index.php/Login/userIndex | INFO: Run ParseTemplate Behavior [ RunTime:0.040141s ]
[ 2019-08-11T18:14:47+08:00 ] /abcTest/index.php/Login/userIndex | INFO: Tag[ view_parse ] --END-- [ RunTime:0.040622s ]
[ 2019-08-11T18:14:47+08:00 ] /abcTest/index.php/Login/userIndex | INFO: Tag[ view_filter ] --START--
[ 2019-08-11T18:14:47+08:00 ] /abcTest/index.php/Login/userIndex | INFO: Run ContentReplace Behavior [ RunTime:0.003734s ]
[ 2019-08-11T18:14:47+08:00 ] /abcTest/index.php/Login/userIndex | INFO: Run TokenBuild Behavior [ RunTime:0.003242s ]
[ 2019-08-11T18:14:47+08:00 ] /abcTest/index.php/Login/userIndex | INFO: Run WriteHtmlCache Behavior [ RunTime:0.002280s ]
[ 2019-08-11T18:14:47+08:00 ] /abcTest/index.php/Login/userIndex | INFO: Run ShowRuntime Behavior [ RunTime:0.003530s ]
[ 2019-08-11T18:14:47+08:00 ] /abcTest/index.php/Login/userIndex | INFO: Tag[ view_filter ] --END-- [ RunTime:0.014047s ]
[ 2019-08-11T18:14:47+08:00 ] /abcTest/index.php/Login/userIndex | INFO: Tag[ view_end ] --START--
[ 2019-08-11T18:14:47+08:00 ] /abcTest/index.php/Login/userIndex | INFO: Run ShowPageTrace Behavior [ RunTime:0.002696s ]
[ 2019-08-11T18:14:47+08:00 ] /abcTest/index.php/Login/userIndex | INFO: Tag[ view_end ] --END-- [ RunTime:0.003091s ]
[ 2019-08-11T18:14:50+08:00 ] /abcTest/index.php/js/app.js | ERR: (ThinkException) 无法加载模块js
[ 2019-08-11T18:14:51+08:00 ] /abcTest/index.php/img/profile/picjumbo.com_HNCK4153_resize.jpg | ERR: (ThinkException) 无法加载模块img
[ 2019-08-11T18:14:52+08:00 ] /abcTest/index.php/js/index.js | ERR: (ThinkException) 无法加载模块js
[ 2019-08-11T18:20:14+08:00 ] /abcTest/index.php/Login/userIndex | INFO: Tag[ route_check ] --START--
[ 2019-08-11T18:20:14+08:00 ] /abcTest/index.php/Login/userIndex | INFO: Run CheckRoute Behavior [ RunTime:0.004120s ]
[ 2019-08-11T18:20:14+08:00 ] /abcTest/index.php/Login/userIndex | INFO: Tag[ route_check ] --END-- [ RunTime:0.004583s ]
[ 2019-08-11T18:20:14+08:00 ] /abcTest/index.php/Login/userIndex | INFO: Tag[ app_begin ] --START--
[ 2019-08-11T18:20:14+08:00 ] /abcTest/index.php/Login/userIndex | INFO: Run ReadHtmlCache Behavior [ RunTime:0.002448s ]
[ 2019-08-11T18:20:14+08:00 ] /abcTest/index.php/Login/userIndex | INFO: Tag[ app_begin ] --END-- [ RunTime:0.002829s ]
[ 2019-08-11T18:20:14+08:00 ] /abcTest/index.php/Login/userIndex | INFO: Tag[ view_template ] --START--
[ 2019-08-11T18:20:14+08:00 ] /abcTest/index.php/Login/userIndex | INFO: Run LocationTemplate Behavior [ RunTime:0.002276s ]
[ 2019-08-11T18:20:14+08:00 ] /abcTest/index.php/Login/userIndex | INFO: Tag[ view_template ] --END-- [ RunTime:0.002715s ]
[ 2019-08-11T18:20:14+08:00 ] /abcTest/index.php/Login/userIndex | INFO: Tag[ view_parse ] --START--
[ 2019-08-11T18:20:14+08:00 ] /abcTest/index.php/Login/userIndex | INFO: Run ParseTemplate Behavior [ RunTime:0.035376s ]
[ 2019-08-11T18:20:14+08:00 ] /abcTest/index.php/Login/userIndex | INFO: Tag[ view_parse ] --END-- [ RunTime:0.035814s ]
[ 2019-08-11T18:20:14+08:00 ] /abcTest/index.php/Login/userIndex | INFO: Tag[ view_filter ] --START--
[ 2019-08-11T18:20:14+08:00 ] /abcTest/index.php/Login/userIndex | INFO: Run ContentReplace Behavior [ RunTime:0.001994s ]
[ 2019-08-11T18:20:14+08:00 ] /abcTest/index.php/Login/userIndex | INFO: Run TokenBuild Behavior [ RunTime:0.002069s ]
[ 2019-08-11T18:20:14+08:00 ] /abcTest/index.php/Login/userIndex | INFO: Run WriteHtmlCache Behavior [ RunTime:0.001329s ]
[ 2019-08-11T18:20:14+08:00 ] /abcTest/index.php/Login/userIndex | INFO: Run ShowRuntime Behavior [ RunTime:0.003484s ]
[ 2019-08-11T18:20:14+08:00 ] /abcTest/index.php/Login/userIndex | INFO: Tag[ view_filter ] --END-- [ RunTime:0.010113s ]
[ 2019-08-11T18:20:14+08:00 ] /abcTest/index.php/Login/userIndex | INFO: Tag[ view_end ] --START--
[ 2019-08-11T18:20:14+08:00 ] /abcTest/index.php/Login/userIndex | INFO: Run ShowPageTrace Behavior [ RunTime:0.002648s ]
[ 2019-08-11T18:20:14+08:00 ] /abcTest/index.php/Login/userIndex | INFO: Tag[ view_end ] --END-- [ RunTime:0.003435s ]
[ 2019-08-11T18:20:17+08:00 ] /abcTest/index.php/js/app.js | ERR: (ThinkException) 无法加载模块js
[ 2019-08-11T18:20:18+08:00 ] /abcTest/index.php/js/index.js | ERR: (ThinkException) 无法加载模块js
[ 2019-08-11T18:20:19+08:00 ] /abcTest/index.php/img/profile/picjumbo.com_HNCK4153_resize.jpg | ERR: (ThinkException) 无法加载模块img
