[ 2019-09-05T16:31:11+08:00 ] /abcTest/index.php/Login/index | INFO: Tag[ route_check ] --START--
[ 2019-09-05T16:31:11+08:00 ] /abcTest/index.php/Login/index | INFO: Run CheckRoute Behavior [ RunTime:0.025600s ]
[ 2019-09-05T16:31:11+08:00 ] /abcTest/index.php/Login/index | INFO: Tag[ route_check ] --END-- [ RunTime:0.036923s ]
[ 2019-09-05T16:31:11+08:00 ] /abcTest/index.php/Login/index | NOTIC: [8192] preg_replace(): The /e modifier is deprecated, use preg_replace_callback instead Dispatcher.class.php 第 125 行.
[ 2019-09-05T16:31:11+08:00 ] /abcTest/index.php/Login/index | INFO: Tag[ app_begin ] --START--
[ 2019-09-05T16:31:11+08:00 ] /abcTest/index.php/Login/index | INFO: Run ReadHtmlCache Behavior [ RunTime:0.004478s ]
[ 2019-09-05T16:31:11+08:00 ] /abcTest/index.php/Login/index | INFO: Tag[ app_begin ] --END-- [ RunTime:0.004981s ]
[ 2019-09-05T16:31:11+08:00 ] /abcTest/index.php/Login/index | INFO: Tag[ view_template ] --START--
[ 2019-09-05T16:31:11+08:00 ] /abcTest/index.php/Login/index | INFO: Run LocationTemplate Behavior [ RunTime:0.004352s ]
[ 2019-09-05T16:31:11+08:00 ] /abcTest/index.php/Login/index | INFO: Tag[ view_template ] --END-- [ RunTime:0.005102s ]
[ 2019-09-05T16:31:11+08:00 ] /abcTest/index.php/Login/index | INFO: Tag[ view_parse ] --START--
[ 2019-09-05T16:31:11+08:00 ] /abcTest/index.php/Login/index | NOTIC: [8192] preg_replace(): The /e modifier is deprecated, use preg_replace_callback instead ThinkTemplate.class.php 第 186 行.
[ 2019-09-05T16:31:11+08:00 ] /abcTest/index.php/Login/index | NOTIC: [8192] preg_replace(): The /e modifier is deprecated, use preg_replace_callback instead ThinkTemplate.class.php 第 406 行.
[ 2019-09-05T16:31:11+08:00 ] /abcTest/index.php/Login/index | NOTIC: [8192] preg_replace(): The /e modifier is deprecated, use preg_replace_callback instead ThinkTemplate.class.php 第 406 行.
[ 2019-09-05T16:31:11+08:00 ] /abcTest/index.php/Login/index | NOTIC: [8192] preg_replace(): The /e modifier is deprecated, use preg_replace_callback instead ThinkTemplate.class.php 第 406 行.
[ 2019-09-05T16:31:11+08:00 ] /abcTest/index.php/Login/index | NOTIC: [8192] preg_replace(): The /e modifier is deprecated, use preg_replace_callback instead ThinkTemplate.class.php 第 406 行.
[ 2019-09-05T16:31:11+08:00 ] /abcTest/index.php/Login/index | NOTIC: [8192] preg_replace(): The /e modifier is deprecated, use preg_replace_callback instead ThinkTemplate.class.php 第 406 行.
[ 2019-09-05T16:31:11+08:00 ] /abcTest/index.php/Login/index | NOTIC: [8192] preg_replace(): The /e modifier is deprecated, use preg_replace_callback instead ThinkTemplate.class.php 第 406 行.
[ 2019-09-05T16:31:11+08:00 ] /abcTest/index.php/Login/index | NOTIC: [8192] preg_replace(): The /e modifier is deprecated, use preg_replace_callback instead ThinkTemplate.class.php 第 406 行.
[ 2019-09-05T16:31:11+08:00 ] /abcTest/index.php/Login/index | NOTIC: [8192] preg_replace(): The /e modifier is deprecated, use preg_replace_callback instead ThinkTemplate.class.php 第 406 行.
[ 2019-09-05T16:31:11+08:00 ] /abcTest/index.php/Login/index | NOTIC: [8192] preg_replace(): The /e modifier is deprecated, use preg_replace_callback instead ThinkTemplate.class.php 第 406 行.
[ 2019-09-05T16:31:11+08:00 ] /abcTest/index.php/Login/index | NOTIC: [8192] preg_replace(): The /e modifier is deprecated, use preg_replace_callback instead ThinkTemplate.class.php 第 402 行.
[ 2019-09-05T16:31:11+08:00 ] /abcTest/index.php/Login/index | NOTIC: [8192] preg_replace(): The /e modifier is deprecated, use preg_replace_callback instead ThinkTemplate.class.php 第 402 行.
[ 2019-09-05T16:31:11+08:00 ] /abcTest/index.php/Login/index | NOTIC: [8192] preg_replace(): The /e modifier is deprecated, use preg_replace_callback instead ThinkTemplate.class.php 第 406 行.
[ 2019-09-05T16:31:11+08:00 ] /abcTest/index.php/Login/index | NOTIC: [8192] preg_replace(): The /e modifier is deprecated, use preg_replace_callback instead ThinkTemplate.class.php 第 406 行.
[ 2019-09-05T16:31:11+08:00 ] /abcTest/index.php/Login/index | NOTIC: [8192] preg_replace(): The /e modifier is deprecated, use preg_replace_callback instead ThinkTemplate.class.php 第 406 行.
[ 2019-09-05T16:31:11+08:00 ] /abcTest/index.php/Login/index | NOTIC: [8192] preg_replace(): The /e modifier is deprecated, use preg_replace_callback instead ThinkTemplate.class.php 第 402 行.
[ 2019-09-05T16:31:11+08:00 ] /abcTest/index.php/Login/index | NOTIC: [8192] preg_replace(): The /e modifier is deprecated, use preg_replace_callback instead ThinkTemplate.class.php 第 406 行.
[ 2019-09-05T16:31:11+08:00 ] /abcTest/index.php/Login/index | NOTIC: [8192] preg_replace(): The /e modifier is deprecated, use preg_replace_callback instead ThinkTemplate.class.php 第 406 行.
[ 2019-09-05T16:31:11+08:00 ] /abcTest/index.php/Login/index | NOTIC: [8192] preg_replace(): The /e modifier is deprecated, use preg_replace_callback instead ThinkTemplate.class.php 第 406 行.
[ 2019-09-05T16:31:11+08:00 ] /abcTest/index.php/Login/index | NOTIC: [8192] preg_replace(): The /e modifier is deprecated, use preg_replace_callback instead ThinkTemplate.class.php 第 406 行.
[ 2019-09-05T16:31:11+08:00 ] /abcTest/index.php/Login/index | NOTIC: [8192] preg_replace(): The /e modifier is deprecated, use preg_replace_callback instead ThinkTemplate.class.php 第 406 行.
[ 2019-09-05T16:31:11+08:00 ] /abcTest/index.php/Login/index | NOTIC: [8192] preg_replace(): The /e modifier is deprecated, use preg_replace_callback instead ThinkTemplate.class.php 第 406 行.
[ 2019-09-05T16:31:11+08:00 ] /abcTest/index.php/Login/index | NOTIC: [8192] preg_replace(): The /e modifier is deprecated, use preg_replace_callback instead ThinkTemplate.class.php 第 406 行.
[ 2019-09-05T16:31:11+08:00 ] /abcTest/index.php/Login/index | NOTIC: [8192] preg_replace(): The /e modifier is deprecated, use preg_replace_callback instead ThinkTemplate.class.php 第 406 行.
[ 2019-09-05T16:31:11+08:00 ] /abcTest/index.php/Login/index | NOTIC: [8192] preg_replace(): The /e modifier is deprecated, use preg_replace_callback instead ThinkTemplate.class.php 第 406 行.
[ 2019-09-05T16:31:11+08:00 ] /abcTest/index.php/Login/index | NOTIC: [8192] preg_replace(): The /e modifier is deprecated, use preg_replace_callback instead ThinkTemplate.class.php 第 406 行.
[ 2019-09-05T16:31:11+08:00 ] /abcTest/index.php/Login/index | NOTIC: [8192] preg_replace(): The /e modifier is deprecated, use preg_replace_callback instead ThinkTemplate.class.php 第 406 行.
[ 2019-09-05T16:31:11+08:00 ] /abcTest/index.php/Login/index | NOTIC: [8192] preg_replace(): The /e modifier is deprecated, use preg_replace_callback instead ThinkTemplate.class.php 第 406 行.
[ 2019-09-05T16:31:11+08:00 ] /abcTest/index.php/Login/index | NOTIC: [8192] preg_replace(): The /e modifier is deprecated, use preg_replace_callback instead ThinkTemplate.class.php 第 406 行.
[ 2019-09-05T16:31:11+08:00 ] /abcTest/index.php/Login/index | NOTIC: [8192] preg_replace(): The /e modifier is deprecated, use preg_replace_callback instead ThinkTemplate.class.php 第 406 行.
[ 2019-09-05T16:31:11+08:00 ] /abcTest/index.php/Login/index | NOTIC: [8192] preg_replace(): The /e modifier is deprecated, use preg_replace_callback instead ThinkTemplate.class.php 第 406 行.
[ 2019-09-05T16:31:11+08:00 ] /abcTest/index.php/Login/index | NOTIC: [8192] preg_replace(): The /e modifier is deprecated, use preg_replace_callback instead ThinkTemplate.class.php 第 406 行.
[ 2019-09-05T16:31:11+08:00 ] /abcTest/index.php/Login/index | NOTIC: [8192] preg_replace(): The /e modifier is deprecated, use preg_replace_callback instead ThinkTemplate.class.php 第 406 行.
[ 2019-09-05T16:31:11+08:00 ] /abcTest/index.php/Login/index | NOTIC: [8192] preg_replace(): The /e modifier is deprecated, use preg_replace_callback instead ThinkTemplate.class.php 第 406 行.
[ 2019-09-05T16:31:11+08:00 ] /abcTest/index.php/Login/index | NOTIC: [8192] preg_replace(): The /e modifier is deprecated, use preg_replace_callback instead ThinkTemplate.class.php 第 406 行.
[ 2019-09-05T16:31:11+08:00 ] /abcTest/index.php/Login/index | NOTIC: [8192] preg_replace(): The /e modifier is deprecated, use preg_replace_callback instead ThinkTemplate.class.php 第 406 行.
[ 2019-09-05T16:31:11+08:00 ] /abcTest/index.php/Login/index | NOTIC: [8192] preg_replace(): The /e modifier is deprecated, use preg_replace_callback instead ThinkTemplate.class.php 第 406 行.
[ 2019-09-05T16:31:11+08:00 ] /abcTest/index.php/Login/index | NOTIC: [8192] preg_replace(): The /e modifier is deprecated, use preg_replace_callback instead ThinkTemplate.class.php 第 406 行.
[ 2019-09-05T16:31:11+08:00 ] /abcTest/index.php/Login/index | NOTIC: [8192] preg_replace(): The /e modifier is deprecated, use preg_replace_callback instead ThinkTemplate.class.php 第 406 行.
[ 2019-09-05T16:31:11+08:00 ] /abcTest/index.php/Login/index | NOTIC: [8192] preg_replace(): The /e modifier is deprecated, use preg_replace_callback instead ThinkTemplate.class.php 第 406 行.
[ 2019-09-05T16:31:11+08:00 ] /abcTest/index.php/Login/index | NOTIC: [8192] preg_replace(): The /e modifier is deprecated, use preg_replace_callback instead ThinkTemplate.class.php 第 406 行.
[ 2019-09-05T16:31:11+08:00 ] /abcTest/index.php/Login/index | NOTIC: [8192] preg_replace(): The /e modifier is deprecated, use preg_replace_callback instead ThinkTemplate.class.php 第 406 行.
[ 2019-09-05T16:31:11+08:00 ] /abcTest/index.php/Login/index | NOTIC: [8192] preg_replace(): The /e modifier is deprecated, use preg_replace_callback instead ThinkTemplate.class.php 第 406 行.
[ 2019-09-05T16:31:11+08:00 ] /abcTest/index.php/Login/index | NOTIC: [8192] preg_replace(): The /e modifier is deprecated, use preg_replace_callback instead ThinkTemplate.class.php 第 406 行.
[ 2019-09-05T16:31:11+08:00 ] /abcTest/index.php/Login/index | NOTIC: [8192] preg_replace(): The /e modifier is deprecated, use preg_replace_callback instead ThinkTemplate.class.php 第 406 行.
[ 2019-09-05T16:31:11+08:00 ] /abcTest/index.php/Login/index | NOTIC: [8192] preg_replace(): The /e modifier is deprecated, use preg_replace_callback instead ThinkTemplate.class.php 第 406 行.
[ 2019-09-05T16:31:11+08:00 ] /abcTest/index.php/Login/index | NOTIC: [8192] preg_replace(): The /e modifier is deprecated, use preg_replace_callback instead ThinkTemplate.class.php 第 406 行.
[ 2019-09-05T16:31:11+08:00 ] /abcTest/index.php/Login/index | NOTIC: [8192] preg_replace(): The /e modifier is deprecated, use preg_replace_callback instead ThinkTemplate.class.php 第 406 行.
[ 2019-09-05T16:31:11+08:00 ] /abcTest/index.php/Login/index | NOTIC: [8192] preg_replace(): The /e modifier is deprecated, use preg_replace_callback instead ThinkTemplate.class.php 第 406 行.
[ 2019-09-05T16:31:11+08:00 ] /abcTest/index.php/Login/index | NOTIC: [8192] preg_replace(): The /e modifier is deprecated, use preg_replace_callback instead ThinkTemplate.class.php 第 406 行.
[ 2019-09-05T16:31:11+08:00 ] /abcTest/index.php/Login/index | NOTIC: [8192] preg_replace(): The /e modifier is deprecated, use preg_replace_callback instead ThinkTemplate.class.php 第 406 行.
[ 2019-09-05T16:31:11+08:00 ] /abcTest/index.php/Login/index | NOTIC: [8192] preg_replace(): The /e modifier is deprecated, use preg_replace_callback instead ThinkTemplate.class.php 第 406 行.
[ 2019-09-05T16:31:11+08:00 ] /abcTest/index.php/Login/index | NOTIC: [8192] preg_replace(): The /e modifier is deprecated, use preg_replace_callback instead ThinkTemplate.class.php 第 406 行.
[ 2019-09-05T16:31:11+08:00 ] /abcTest/index.php/Login/index | NOTIC: [8192] preg_replace(): The /e modifier is deprecated, use preg_replace_callback instead ThinkTemplate.class.php 第 406 行.
[ 2019-09-05T16:31:11+08:00 ] /abcTest/index.php/Login/index | NOTIC: [8192] preg_replace(): The /e modifier is deprecated, use preg_replace_callback instead ThinkTemplate.class.php 第 406 行.
[ 2019-09-05T16:31:11+08:00 ] /abcTest/index.php/Login/index | NOTIC: [8192] preg_replace(): The /e modifier is deprecated, use preg_replace_callback instead ThinkTemplate.class.php 第 406 行.
[ 2019-09-05T16:31:11+08:00 ] /abcTest/index.php/Login/index | NOTIC: [8192] preg_replace(): The /e modifier is deprecated, use preg_replace_callback instead ThinkTemplate.class.php 第 406 行.
[ 2019-09-05T16:31:11+08:00 ] /abcTest/index.php/Login/index | NOTIC: [8192] preg_replace(): The /e modifier is deprecated, use preg_replace_callback instead ThinkTemplate.class.php 第 406 行.
[ 2019-09-05T16:31:11+08:00 ] /abcTest/index.php/Login/index | NOTIC: [8192] preg_replace(): The /e modifier is deprecated, use preg_replace_callback instead ThinkTemplate.class.php 第 406 行.
[ 2019-09-05T16:31:11+08:00 ] /abcTest/index.php/Login/index | NOTIC: [8192] preg_replace(): The /e modifier is deprecated, use preg_replace_callback instead ThinkTemplate.class.php 第 406 行.
[ 2019-09-05T16:31:11+08:00 ] /abcTest/index.php/Login/index | NOTIC: [8192] preg_replace(): The /e modifier is deprecated, use preg_replace_callback instead ThinkTemplate.class.php 第 406 行.
[ 2019-09-05T16:31:11+08:00 ] /abcTest/index.php/Login/index | NOTIC: [8192] preg_replace(): The /e modifier is deprecated, use preg_replace_callback instead ThinkTemplate.class.php 第 406 行.
[ 2019-09-05T16:31:11+08:00 ] /abcTest/index.php/Login/index | NOTIC: [8192] preg_replace(): The /e modifier is deprecated, use preg_replace_callback instead ThinkTemplate.class.php 第 406 行.
[ 2019-09-05T16:31:11+08:00 ] /abcTest/index.php/Login/index | NOTIC: [8192] preg_replace(): The /e modifier is deprecated, use preg_replace_callback instead ThinkTemplate.class.php 第 406 行.
[ 2019-09-05T16:31:11+08:00 ] /abcTest/index.php/Login/index | NOTIC: [8192] preg_replace(): The /e modifier is deprecated, use preg_replace_callback instead ThinkTemplate.class.php 第 406 行.
[ 2019-09-05T16:31:11+08:00 ] /abcTest/index.php/Login/index | NOTIC: [8192] preg_replace(): The /e modifier is deprecated, use preg_replace_callback instead ThinkTemplate.class.php 第 406 行.
[ 2019-09-05T16:31:11+08:00 ] /abcTest/index.php/Login/index | NOTIC: [8192] preg_replace(): The /e modifier is deprecated, use preg_replace_callback instead ThinkTemplate.class.php 第 406 行.
[ 2019-09-05T16:31:11+08:00 ] /abcTest/index.php/Login/index | NOTIC: [8192] preg_replace(): The /e modifier is deprecated, use preg_replace_callback instead ThinkTemplate.class.php 第 406 行.
[ 2019-09-05T16:31:11+08:00 ] /abcTest/index.php/Login/index | NOTIC: [8192] preg_replace(): The /e modifier is deprecated, use preg_replace_callback instead ThinkTemplate.class.php 第 406 行.
[ 2019-09-05T16:31:11+08:00 ] /abcTest/index.php/Login/index | NOTIC: [8192] preg_replace(): The /e modifier is deprecated, use preg_replace_callback instead ThinkTemplate.class.php 第 406 行.
[ 2019-09-05T16:31:11+08:00 ] /abcTest/index.php/Login/index | NOTIC: [8192] preg_replace(): The /e modifier is deprecated, use preg_replace_callback instead ThinkTemplate.class.php 第 406 行.
[ 2019-09-05T16:31:11+08:00 ] /abcTest/index.php/Login/index | NOTIC: [8192] preg_replace(): The /e modifier is deprecated, use preg_replace_callback instead ThinkTemplate.class.php 第 406 行.
[ 2019-09-05T16:31:11+08:00 ] /abcTest/index.php/Login/index | NOTIC: [8192] preg_replace(): The /e modifier is deprecated, use preg_replace_callback instead ThinkTemplate.class.php 第 406 行.
[ 2019-09-05T16:31:11+08:00 ] /abcTest/index.php/Login/index | NOTIC: [8192] preg_replace(): The /e modifier is deprecated, use preg_replace_callback instead ThinkTemplate.class.php 第 406 行.
[ 2019-09-05T16:31:11+08:00 ] /abcTest/index.php/Login/index | NOTIC: [8192] preg_replace(): The /e modifier is deprecated, use preg_replace_callback instead ThinkTemplate.class.php 第 406 行.
[ 2019-09-05T16:31:11+08:00 ] /abcTest/index.php/Login/index | NOTIC: [8192] preg_replace(): The /e modifier is deprecated, use preg_replace_callback instead ThinkTemplate.class.php 第 406 行.
[ 2019-09-05T16:31:11+08:00 ] /abcTest/index.php/Login/index | NOTIC: [8192] preg_replace(): The /e modifier is deprecated, use preg_replace_callback instead ThinkTemplate.class.php 第 406 行.
[ 2019-09-05T16:31:11+08:00 ] /abcTest/index.php/Login/index | NOTIC: [8192] preg_replace(): The /e modifier is deprecated, use preg_replace_callback instead ThinkTemplate.class.php 第 406 行.
[ 2019-09-05T16:31:11+08:00 ] /abcTest/index.php/Login/index | NOTIC: [8192] preg_replace(): The /e modifier is deprecated, use preg_replace_callback instead ThinkTemplate.class.php 第 406 行.
[ 2019-09-05T16:31:11+08:00 ] /abcTest/index.php/Login/index | NOTIC: [8192] preg_replace(): The /e modifier is deprecated, use preg_replace_callback instead ThinkTemplate.class.php 第 406 行.
[ 2019-09-05T16:31:11+08:00 ] /abcTest/index.php/Login/index | NOTIC: [8192] preg_replace(): The /e modifier is deprecated, use preg_replace_callback instead ThinkTemplate.class.php 第 406 行.
[ 2019-09-05T16:31:11+08:00 ] /abcTest/index.php/Login/index | NOTIC: [8192] preg_replace(): The /e modifier is deprecated, use preg_replace_callback instead ThinkTemplate.class.php 第 406 行.
[ 2019-09-05T16:31:11+08:00 ] /abcTest/index.php/Login/index | NOTIC: [8192] preg_replace(): The /e modifier is deprecated, use preg_replace_callback instead ThinkTemplate.class.php 第 402 行.
[ 2019-09-05T16:31:11+08:00 ] /abcTest/index.php/Login/index | NOTIC: [8192] preg_replace(): The /e modifier is deprecated, use preg_replace_callback instead ThinkTemplate.class.php 第 402 行.
[ 2019-09-05T16:31:11+08:00 ] /abcTest/index.php/Login/index | NOTIC: [8192] preg_replace(): The /e modifier is deprecated, use preg_replace_callback instead ThinkTemplate.class.php 第 402 行.
[ 2019-09-05T16:31:11+08:00 ] /abcTest/index.php/Login/index | NOTIC: [8192] preg_replace(): The /e modifier is deprecated, use preg_replace_callback instead ThinkTemplate.class.php 第 402 行.
[ 2019-09-05T16:31:11+08:00 ] /abcTest/index.php/Login/index | NOTIC: [8192] preg_replace(): The /e modifier is deprecated, use preg_replace_callback instead ThinkTemplate.class.php 第 402 行.
[ 2019-09-05T16:31:11+08:00 ] /abcTest/index.php/Login/index | NOTIC: [8192] preg_replace(): The /e modifier is deprecated, use preg_replace_callback instead ThinkTemplate.class.php 第 402 行.
[ 2019-09-05T16:31:11+08:00 ] /abcTest/index.php/Login/index | NOTIC: [8192] preg_replace(): The /e modifier is deprecated, use preg_replace_callback instead ThinkTemplate.class.php 第 406 行.
[ 2019-09-05T16:31:11+08:00 ] /abcTest/index.php/Login/index | NOTIC: [8192] preg_replace(): The /e modifier is deprecated, use preg_replace_callback instead ThinkTemplate.class.php 第 406 行.
[ 2019-09-05T16:31:11+08:00 ] /abcTest/index.php/Login/index | NOTIC: [8192] preg_replace(): The /e modifier is deprecated, use preg_replace_callback instead ThinkTemplate.class.php 第 406 行.
[ 2019-09-05T16:31:11+08:00 ] /abcTest/index.php/Login/index | NOTIC: [8192] preg_replace(): The /e modifier is deprecated, use preg_replace_callback instead ThinkTemplate.class.php 第 220 行.
[ 2019-09-05T16:31:11+08:00 ] /abcTest/index.php/Login/index | NOTIC: [8192] preg_replace(): The /e modifier is deprecated, use preg_replace_callback instead ThinkTemplate.class.php 第 154 行.
[ 2019-09-05T16:31:11+08:00 ] /abcTest/index.php/Login/index | INFO: Run ParseTemplate Behavior [ RunTime:0.084149s ]
[ 2019-09-05T16:31:11+08:00 ] /abcTest/index.php/Login/index | INFO: Tag[ view_parse ] --END-- [ RunTime:0.084692s ]
[ 2019-09-05T16:31:11+08:00 ] /abcTest/index.php/Login/index | INFO: Tag[ view_filter ] --START--
[ 2019-09-05T16:31:11+08:00 ] /abcTest/index.php/Login/index | INFO: Run ContentReplace Behavior [ RunTime:0.018339s ]
[ 2019-09-05T16:31:11+08:00 ] /abcTest/index.php/Login/index | INFO: Run TokenBuild Behavior [ RunTime:0.009466s ]
[ 2019-09-05T16:31:11+08:00 ] /abcTest/index.php/Login/index | INFO: Run WriteHtmlCache Behavior [ RunTime:0.002331s ]
[ 2019-09-05T16:31:11+08:00 ] /abcTest/index.php/Login/index | INFO: Run ShowRuntime Behavior [ RunTime:0.005224s ]
[ 2019-09-05T16:31:11+08:00 ] /abcTest/index.php/Login/index | INFO: Tag[ view_filter ] --END-- [ RunTime:0.036658s ]
[ 2019-09-05T16:31:11+08:00 ] /abcTest/index.php/Login/index | INFO: Tag[ view_end ] --START--
[ 2019-09-05T16:31:11+08:00 ] /abcTest/index.php/Login/index | INFO: Run ShowPageTrace Behavior [ RunTime:0.009501s ]
[ 2019-09-05T16:31:11+08:00 ] /abcTest/index.php/Login/index | INFO: Tag[ view_end ] --END-- [ RunTime:0.010015s ]
[ 2019-09-05T16:31:19+08:00 ] /abcTest/index.php/Login/checkLogin | INFO: Tag[ route_check ] --START--
[ 2019-09-05T16:31:19+08:00 ] /abcTest/index.php/Login/checkLogin | INFO: Run CheckRoute Behavior [ RunTime:0.002643s ]
[ 2019-09-05T16:31:19+08:00 ] /abcTest/index.php/Login/checkLogin | INFO: Tag[ route_check ] --END-- [ RunTime:0.003136s ]
[ 2019-09-05T16:31:19+08:00 ] /abcTest/index.php/Login/checkLogin | NOTIC: [8192] preg_replace(): The /e modifier is deprecated, use preg_replace_callback instead Dispatcher.class.php 第 125 行.
[ 2019-09-05T16:31:19+08:00 ] /abcTest/index.php/Login/checkLogin | INFO: Tag[ app_begin ] --START--
[ 2019-09-05T16:31:19+08:00 ] /abcTest/index.php/Login/checkLogin | INFO: Run ReadHtmlCache Behavior [ RunTime:0.002781s ]
[ 2019-09-05T16:31:19+08:00 ] /abcTest/index.php/Login/checkLogin | INFO: Tag[ app_begin ] --END-- [ RunTime:0.003252s ]
[ 2019-09-05T16:31:19+08:00 ] /abcTest/index.php/Login/checkLogin | NOTIC: [8192] mysql_connect(): The mysql extension is deprecated and will be removed in the future: use mysqli or PDO instead DbMysql.class.php 第 67 行.
[ 2019-09-05T16:31:19+08:00 ] /abcTest/index.php/Login/checkLogin | SQL: SHOW COLUMNS FROM `t_user` [ RunTime:0.051305s ]
[ 2019-09-05T16:31:19+08:00 ] /abcTest/index.php/Login/checkLogin | NOTIC: [8192] preg_replace(): The /e modifier is deprecated, use preg_replace_callback instead Db.class.php 第 660 行.
[ 2019-09-05T16:31:19+08:00 ] /abcTest/index.php/Login/checkLogin | SQL: SELECT * FROM `t_user` WHERE userId ='777' LIMIT 1   [ RunTime:0.001338s ]
[ 2019-09-05T16:31:19+08:00 ] /abcTest/index.php/Login/checkLogin | NOTIC: [8192] preg_replace(): The /e modifier is deprecated, use preg_replace_callback instead Db.class.php 第 660 行.
[ 2019-09-05T16:31:19+08:00 ] /abcTest/index.php/Login/checkLogin | SQL: SELECT `userRole` FROM `t_user` WHERE userId ='777' LIMIT 1   [ RunTime:0.000731s ]
[ 2019-09-05T16:31:19+08:00 ] /abcTest/index.php/Login/checkLogin | INFO: Tag[ view_template ] --START--
[ 2019-09-05T16:31:19+08:00 ] /abcTest/index.php/Login/checkLogin | INFO: Run LocationTemplate Behavior [ RunTime:0.002410s ]
[ 2019-09-05T16:31:19+08:00 ] /abcTest/index.php/Login/checkLogin | INFO: Tag[ view_template ] --END-- [ RunTime:0.002861s ]
[ 2019-09-05T16:31:19+08:00 ] /abcTest/index.php/Login/checkLogin | INFO: Tag[ view_parse ] --START--
[ 2019-09-05T16:31:20+08:00 ] /abcTest/index.php/Login/checkLogin | NOTIC: [8192] preg_replace(): The /e modifier is deprecated, use preg_replace_callback instead ThinkTemplate.class.php 第 186 行.
[ 2019-09-05T16:31:20+08:00 ] /abcTest/index.php/Login/checkLogin | NOTIC: [8192] preg_replace(): The /e modifier is deprecated, use preg_replace_callback instead ThinkTemplate.class.php 第 406 行.
[ 2019-09-05T16:31:20+08:00 ] /abcTest/index.php/Login/checkLogin | NOTIC: [8192] preg_replace(): The /e modifier is deprecated, use preg_replace_callback instead ThinkTemplate.class.php 第 406 行.
[ 2019-09-05T16:31:20+08:00 ] /abcTest/index.php/Login/checkLogin | NOTIC: [8192] preg_replace(): The /e modifier is deprecated, use preg_replace_callback instead ThinkTemplate.class.php 第 406 行.
[ 2019-09-05T16:31:20+08:00 ] /abcTest/index.php/Login/checkLogin | NOTIC: [8192] preg_replace(): The /e modifier is deprecated, use preg_replace_callback instead ThinkTemplate.class.php 第 406 行.
[ 2019-09-05T16:31:20+08:00 ] /abcTest/index.php/Login/checkLogin | NOTIC: [8192] preg_replace(): The /e modifier is deprecated, use preg_replace_callback instead ThinkTemplate.class.php 第 406 行.
[ 2019-09-05T16:31:20+08:00 ] /abcTest/index.php/Login/checkLogin | NOTIC: [8192] preg_replace(): The /e modifier is deprecated, use preg_replace_callback instead ThinkTemplate.class.php 第 406 行.
[ 2019-09-05T16:31:20+08:00 ] /abcTest/index.php/Login/checkLogin | NOTIC: [8192] preg_replace(): The /e modifier is deprecated, use preg_replace_callback instead ThinkTemplate.class.php 第 406 行.
[ 2019-09-05T16:31:20+08:00 ] /abcTest/index.php/Login/checkLogin | NOTIC: [8192] preg_replace(): The /e modifier is deprecated, use preg_replace_callback instead ThinkTemplate.class.php 第 406 行.
[ 2019-09-05T16:31:20+08:00 ] /abcTest/index.php/Login/checkLogin | NOTIC: [8192] preg_replace(): The /e modifier is deprecated, use preg_replace_callback instead ThinkTemplate.class.php 第 406 行.
[ 2019-09-05T16:31:20+08:00 ] /abcTest/index.php/Login/checkLogin | NOTIC: [8192] preg_replace(): The /e modifier is deprecated, use preg_replace_callback instead ThinkTemplate.class.php 第 402 行.
[ 2019-09-05T16:31:20+08:00 ] /abcTest/index.php/Login/checkLogin | NOTIC: [8192] preg_replace(): The /e modifier is deprecated, use preg_replace_callback instead ThinkTemplate.class.php 第 402 行.
[ 2019-09-05T16:31:20+08:00 ] /abcTest/index.php/Login/checkLogin | NOTIC: [8192] preg_replace(): The /e modifier is deprecated, use preg_replace_callback instead ThinkTemplate.class.php 第 406 行.
[ 2019-09-05T16:31:20+08:00 ] /abcTest/index.php/Login/checkLogin | NOTIC: [8192] preg_replace(): The /e modifier is deprecated, use preg_replace_callback instead ThinkTemplate.class.php 第 406 行.
[ 2019-09-05T16:31:20+08:00 ] /abcTest/index.php/Login/checkLogin | NOTIC: [8192] preg_replace(): The /e modifier is deprecated, use preg_replace_callback instead ThinkTemplate.class.php 第 406 行.
[ 2019-09-05T16:31:20+08:00 ] /abcTest/index.php/Login/checkLogin | NOTIC: [8192] preg_replace(): The /e modifier is deprecated, use preg_replace_callback instead ThinkTemplate.class.php 第 402 行.
[ 2019-09-05T16:31:20+08:00 ] /abcTest/index.php/Login/checkLogin | NOTIC: [8192] preg_replace(): The /e modifier is deprecated, use preg_replace_callback instead ThinkTemplate.class.php 第 406 行.
[ 2019-09-05T16:31:20+08:00 ] /abcTest/index.php/Login/checkLogin | NOTIC: [8192] preg_replace(): The /e modifier is deprecated, use preg_replace_callback instead ThinkTemplate.class.php 第 406 行.
[ 2019-09-05T16:31:20+08:00 ] /abcTest/index.php/Login/checkLogin | NOTIC: [8192] preg_replace(): The /e modifier is deprecated, use preg_replace_callback instead ThinkTemplate.class.php 第 406 行.
[ 2019-09-05T16:31:20+08:00 ] /abcTest/index.php/Login/checkLogin | NOTIC: [8192] preg_replace(): The /e modifier is deprecated, use preg_replace_callback instead ThinkTemplate.class.php 第 406 行.
[ 2019-09-05T16:31:20+08:00 ] /abcTest/index.php/Login/checkLogin | NOTIC: [8192] preg_replace(): The /e modifier is deprecated, use preg_replace_callback instead ThinkTemplate.class.php 第 406 行.
[ 2019-09-05T16:31:20+08:00 ] /abcTest/index.php/Login/checkLogin | NOTIC: [8192] preg_replace(): The /e modifier is deprecated, use preg_replace_callback instead ThinkTemplate.class.php 第 406 行.
[ 2019-09-05T16:31:20+08:00 ] /abcTest/index.php/Login/checkLogin | NOTIC: [8192] preg_replace(): The /e modifier is deprecated, use preg_replace_callback instead ThinkTemplate.class.php 第 406 行.
[ 2019-09-05T16:31:20+08:00 ] /abcTest/index.php/Login/checkLogin | NOTIC: [8192] preg_replace(): The /e modifier is deprecated, use preg_replace_callback instead ThinkTemplate.class.php 第 406 行.
[ 2019-09-05T16:31:20+08:00 ] /abcTest/index.php/Login/checkLogin | NOTIC: [8192] preg_replace(): The /e modifier is deprecated, use preg_replace_callback instead ThinkTemplate.class.php 第 406 行.
[ 2019-09-05T16:31:20+08:00 ] /abcTest/index.php/Login/checkLogin | NOTIC: [8192] preg_replace(): The /e modifier is deprecated, use preg_replace_callback instead ThinkTemplate.class.php 第 406 行.
[ 2019-09-05T16:31:20+08:00 ] /abcTest/index.php/Login/checkLogin | NOTIC: [8192] preg_replace(): The /e modifier is deprecated, use preg_replace_callback instead ThinkTemplate.class.php 第 406 行.
[ 2019-09-05T16:31:20+08:00 ] /abcTest/index.php/Login/checkLogin | NOTIC: [8192] preg_replace(): The /e modifier is deprecated, use preg_replace_callback instead ThinkTemplate.class.php 第 406 行.
[ 2019-09-05T16:31:20+08:00 ] /abcTest/index.php/Login/checkLogin | NOTIC: [8192] preg_replace(): The /e modifier is deprecated, use preg_replace_callback instead ThinkTemplate.class.php 第 406 行.
[ 2019-09-05T16:31:20+08:00 ] /abcTest/index.php/Login/checkLogin | NOTIC: [8192] preg_replace(): The /e modifier is deprecated, use preg_replace_callback instead ThinkTemplate.class.php 第 406 行.
[ 2019-09-05T16:31:20+08:00 ] /abcTest/index.php/Login/checkLogin | NOTIC: [8192] preg_replace(): The /e modifier is deprecated, use preg_replace_callback instead ThinkTemplate.class.php 第 406 行.
[ 2019-09-05T16:31:20+08:00 ] /abcTest/index.php/Login/checkLogin | NOTIC: [8192] preg_replace(): The /e modifier is deprecated, use preg_replace_callback instead ThinkTemplate.class.php 第 406 行.
[ 2019-09-05T16:31:20+08:00 ] /abcTest/index.php/Login/checkLogin | NOTIC: [8192] preg_replace(): The /e modifier is deprecated, use preg_replace_callback instead ThinkTemplate.class.php 第 406 行.
[ 2019-09-05T16:31:20+08:00 ] /abcTest/index.php/Login/checkLogin | NOTIC: [8192] preg_replace(): The /e modifier is deprecated, use preg_replace_callback instead ThinkTemplate.class.php 第 406 行.
[ 2019-09-05T16:31:20+08:00 ] /abcTest/index.php/Login/checkLogin | NOTIC: [8192] preg_replace(): The /e modifier is deprecated, use preg_replace_callback instead ThinkTemplate.class.php 第 406 行.
[ 2019-09-05T16:31:20+08:00 ] /abcTest/index.php/Login/checkLogin | NOTIC: [8192] preg_replace(): The /e modifier is deprecated, use preg_replace_callback instead ThinkTemplate.class.php 第 406 行.
[ 2019-09-05T16:31:20+08:00 ] /abcTest/index.php/Login/checkLogin | NOTIC: [8192] preg_replace(): The /e modifier is deprecated, use preg_replace_callback instead ThinkTemplate.class.php 第 406 行.
[ 2019-09-05T16:31:20+08:00 ] /abcTest/index.php/Login/checkLogin | NOTIC: [8192] preg_replace(): The /e modifier is deprecated, use preg_replace_callback instead ThinkTemplate.class.php 第 406 行.
[ 2019-09-05T16:31:20+08:00 ] /abcTest/index.php/Login/checkLogin | NOTIC: [8192] preg_replace(): The /e modifier is deprecated, use preg_replace_callback instead ThinkTemplate.class.php 第 406 行.
[ 2019-09-05T16:31:20+08:00 ] /abcTest/index.php/Login/checkLogin | NOTIC: [8192] preg_replace(): The /e modifier is deprecated, use preg_replace_callback instead ThinkTemplate.class.php 第 406 行.
[ 2019-09-05T16:31:20+08:00 ] /abcTest/index.php/Login/checkLogin | NOTIC: [8192] preg_replace(): The /e modifier is deprecated, use preg_replace_callback instead ThinkTemplate.class.php 第 406 行.
[ 2019-09-05T16:31:20+08:00 ] /abcTest/index.php/Login/checkLogin | NOTIC: [8192] preg_replace(): The /e modifier is deprecated, use preg_replace_callback instead ThinkTemplate.class.php 第 406 行.
[ 2019-09-05T16:31:20+08:00 ] /abcTest/index.php/Login/checkLogin | NOTIC: [8192] preg_replace(): The /e modifier is deprecated, use preg_replace_callback instead ThinkTemplate.class.php 第 406 行.
[ 2019-09-05T16:31:20+08:00 ] /abcTest/index.php/Login/checkLogin | NOTIC: [8192] preg_replace(): The /e modifier is deprecated, use preg_replace_callback instead ThinkTemplate.class.php 第 406 行.
[ 2019-09-05T16:31:20+08:00 ] /abcTest/index.php/Login/checkLogin | NOTIC: [8192] preg_replace(): The /e modifier is deprecated, use preg_replace_callback instead ThinkTemplate.class.php 第 406 行.
[ 2019-09-05T16:31:20+08:00 ] /abcTest/index.php/Login/checkLogin | NOTIC: [8192] preg_replace(): The /e modifier is deprecated, use preg_replace_callback instead ThinkTemplate.class.php 第 406 行.
[ 2019-09-05T16:31:20+08:00 ] /abcTest/index.php/Login/checkLogin | NOTIC: [8192] preg_replace(): The /e modifier is deprecated, use preg_replace_callback instead ThinkTemplate.class.php 第 406 行.
[ 2019-09-05T16:31:20+08:00 ] /abcTest/index.php/Login/checkLogin | NOTIC: [8192] preg_replace(): The /e modifier is deprecated, use preg_replace_callback instead ThinkTemplate.class.php 第 406 行.
[ 2019-09-05T16:31:20+08:00 ] /abcTest/index.php/Login/checkLogin | NOTIC: [8192] preg_replace(): The /e modifier is deprecated, use preg_replace_callback instead ThinkTemplate.class.php 第 406 行.
[ 2019-09-05T16:31:20+08:00 ] /abcTest/index.php/Login/checkLogin | NOTIC: [8192] preg_replace(): The /e modifier is deprecated, use preg_replace_callback instead ThinkTemplate.class.php 第 406 行.
[ 2019-09-05T16:31:20+08:00 ] /abcTest/index.php/Login/checkLogin | NOTIC: [8192] preg_replace(): The /e modifier is deprecated, use preg_replace_callback instead ThinkTemplate.class.php 第 406 行.
[ 2019-09-05T16:31:20+08:00 ] /abcTest/index.php/Login/checkLogin | NOTIC: [8192] preg_replace(): The /e modifier is deprecated, use preg_replace_callback instead ThinkTemplate.class.php 第 406 行.
[ 2019-09-05T16:31:20+08:00 ] /abcTest/index.php/Login/checkLogin | NOTIC: [8192] preg_replace(): The /e modifier is deprecated, use preg_replace_callback instead ThinkTemplate.class.php 第 406 行.
[ 2019-09-05T16:31:20+08:00 ] /abcTest/index.php/Login/checkLogin | NOTIC: [8192] preg_replace(): The /e modifier is deprecated, use preg_replace_callback instead ThinkTemplate.class.php 第 406 行.
[ 2019-09-05T16:31:20+08:00 ] /abcTest/index.php/Login/checkLogin | NOTIC: [8192] preg_replace(): The /e modifier is deprecated, use preg_replace_callback instead ThinkTemplate.class.php 第 406 行.
[ 2019-09-05T16:31:20+08:00 ] /abcTest/index.php/Login/checkLogin | NOTIC: [8192] preg_replace(): The /e modifier is deprecated, use preg_replace_callback instead ThinkTemplate.class.php 第 406 行.
[ 2019-09-05T16:31:20+08:00 ] /abcTest/index.php/Login/checkLogin | NOTIC: [8192] preg_replace(): The /e modifier is deprecated, use preg_replace_callback instead ThinkTemplate.class.php 第 406 行.
[ 2019-09-05T16:31:20+08:00 ] /abcTest/index.php/Login/checkLogin | NOTIC: [8192] preg_replace(): The /e modifier is deprecated, use preg_replace_callback instead ThinkTemplate.class.php 第 406 行.
[ 2019-09-05T16:31:20+08:00 ] /abcTest/index.php/Login/checkLogin | NOTIC: [8192] preg_replace(): The /e modifier is deprecated, use preg_replace_callback instead ThinkTemplate.class.php 第 406 行.
[ 2019-09-05T16:31:20+08:00 ] /abcTest/index.php/Login/checkLogin | NOTIC: [8192] preg_replace(): The /e modifier is deprecated, use preg_replace_callback instead ThinkTemplate.class.php 第 406 行.
[ 2019-09-05T16:31:20+08:00 ] /abcTest/index.php/Login/checkLogin | NOTIC: [8192] preg_replace(): The /e modifier is deprecated, use preg_replace_callback instead ThinkTemplate.class.php 第 406 行.
[ 2019-09-05T16:31:20+08:00 ] /abcTest/index.php/Login/checkLogin | NOTIC: [8192] preg_replace(): The /e modifier is deprecated, use preg_replace_callback instead ThinkTemplate.class.php 第 406 行.
[ 2019-09-05T16:31:20+08:00 ] /abcTest/index.php/Login/checkLogin | NOTIC: [8192] preg_replace(): The /e modifier is deprecated, use preg_replace_callback instead ThinkTemplate.class.php 第 406 行.
[ 2019-09-05T16:31:20+08:00 ] /abcTest/index.php/Login/checkLogin | NOTIC: [8192] preg_replace(): The /e modifier is deprecated, use preg_replace_callback instead ThinkTemplate.class.php 第 406 行.
[ 2019-09-05T16:31:20+08:00 ] /abcTest/index.php/Login/checkLogin | NOTIC: [8192] preg_replace(): The /e modifier is deprecated, use preg_replace_callback instead ThinkTemplate.class.php 第 406 行.
[ 2019-09-05T16:31:20+08:00 ] /abcTest/index.php/Login/checkLogin | NOTIC: [8192] preg_replace(): The /e modifier is deprecated, use preg_replace_callback instead ThinkTemplate.class.php 第 406 行.
[ 2019-09-05T16:31:20+08:00 ] /abcTest/index.php/Login/checkLogin | NOTIC: [8192] preg_replace(): The /e modifier is deprecated, use preg_replace_callback instead ThinkTemplate.class.php 第 406 行.
[ 2019-09-05T16:31:20+08:00 ] /abcTest/index.php/Login/checkLogin | NOTIC: [8192] preg_replace(): The /e modifier is deprecated, use preg_replace_callback instead ThinkTemplate.class.php 第 406 行.
[ 2019-09-05T16:31:20+08:00 ] /abcTest/index.php/Login/checkLogin | NOTIC: [8192] preg_replace(): The /e modifier is deprecated, use preg_replace_callback instead ThinkTemplate.class.php 第 406 行.
[ 2019-09-05T16:31:20+08:00 ] /abcTest/index.php/Login/checkLogin | NOTIC: [8192] preg_replace(): The /e modifier is deprecated, use preg_replace_callback instead ThinkTemplate.class.php 第 406 行.
[ 2019-09-05T16:31:20+08:00 ] /abcTest/index.php/Login/checkLogin | NOTIC: [8192] preg_replace(): The /e modifier is deprecated, use preg_replace_callback instead ThinkTemplate.class.php 第 406 行.
[ 2019-09-05T16:31:20+08:00 ] /abcTest/index.php/Login/checkLogin | NOTIC: [8192] preg_replace(): The /e modifier is deprecated, use preg_replace_callback instead ThinkTemplate.class.php 第 406 行.
[ 2019-09-05T16:31:20+08:00 ] /abcTest/index.php/Login/checkLogin | NOTIC: [8192] preg_replace(): The /e modifier is deprecated, use preg_replace_callback instead ThinkTemplate.class.php 第 406 行.
[ 2019-09-05T16:31:20+08:00 ] /abcTest/index.php/Login/checkLogin | NOTIC: [8192] preg_replace(): The /e modifier is deprecated, use preg_replace_callback instead ThinkTemplate.class.php 第 406 行.
[ 2019-09-05T16:31:20+08:00 ] /abcTest/index.php/Login/checkLogin | NOTIC: [8192] preg_replace(): The /e modifier is deprecated, use preg_replace_callback instead ThinkTemplate.class.php 第 406 行.
[ 2019-09-05T16:31:20+08:00 ] /abcTest/index.php/Login/checkLogin | NOTIC: [8192] preg_replace(): The /e modifier is deprecated, use preg_replace_callback instead ThinkTemplate.class.php 第 406 行.
[ 2019-09-05T16:31:20+08:00 ] /abcTest/index.php/Login/checkLogin | NOTIC: [8192] preg_replace(): The /e modifier is deprecated, use preg_replace_callback instead ThinkTemplate.class.php 第 406 行.
[ 2019-09-05T16:31:20+08:00 ] /abcTest/index.php/Login/checkLogin | NOTIC: [8192] preg_replace(): The /e modifier is deprecated, use preg_replace_callback instead ThinkTemplate.class.php 第 406 行.
[ 2019-09-05T16:31:20+08:00 ] /abcTest/index.php/Login/checkLogin | NOTIC: [8192] preg_replace(): The /e modifier is deprecated, use preg_replace_callback instead ThinkTemplate.class.php 第 406 行.
[ 2019-09-05T16:31:20+08:00 ] /abcTest/index.php/Login/checkLogin | NOTIC: [8192] preg_replace(): The /e modifier is deprecated, use preg_replace_callback instead ThinkTemplate.class.php 第 406 行.
[ 2019-09-05T16:31:20+08:00 ] /abcTest/index.php/Login/checkLogin | NOTIC: [8192] preg_replace(): The /e modifier is deprecated, use preg_replace_callback instead ThinkTemplate.class.php 第 406 行.
[ 2019-09-05T16:31:20+08:00 ] /abcTest/index.php/Login/checkLogin | NOTIC: [8192] preg_replace(): The /e modifier is deprecated, use preg_replace_callback instead ThinkTemplate.class.php 第 406 行.
[ 2019-09-05T16:31:20+08:00 ] /abcTest/index.php/Login/checkLogin | NOTIC: [8192] preg_replace(): The /e modifier is deprecated, use preg_replace_callback instead ThinkTemplate.class.php 第 402 行.
[ 2019-09-05T16:31:20+08:00 ] /abcTest/index.php/Login/checkLogin | NOTIC: [8192] preg_replace(): The /e modifier is deprecated, use preg_replace_callback instead ThinkTemplate.class.php 第 402 行.
[ 2019-09-05T16:31:20+08:00 ] /abcTest/index.php/Login/checkLogin | NOTIC: [8192] preg_replace(): The /e modifier is deprecated, use preg_replace_callback instead ThinkTemplate.class.php 第 402 行.
[ 2019-09-05T16:31:20+08:00 ] /abcTest/index.php/Login/checkLogin | NOTIC: [8192] preg_replace(): The /e modifier is deprecated, use preg_replace_callback instead ThinkTemplate.class.php 第 402 行.
[ 2019-09-05T16:31:20+08:00 ] /abcTest/index.php/Login/checkLogin | NOTIC: [8192] preg_replace(): The /e modifier is deprecated, use preg_replace_callback instead ThinkTemplate.class.php 第 402 行.
[ 2019-09-05T16:31:20+08:00 ] /abcTest/index.php/Login/checkLogin | NOTIC: [8192] preg_replace(): The /e modifier is deprecated, use preg_replace_callback instead ThinkTemplate.class.php 第 402 行.
[ 2019-09-05T16:31:20+08:00 ] /abcTest/index.php/Login/checkLogin | NOTIC: [8192] preg_replace(): The /e modifier is deprecated, use preg_replace_callback instead ThinkTemplate.class.php 第 406 行.
[ 2019-09-05T16:31:20+08:00 ] /abcTest/index.php/Login/checkLogin | NOTIC: [8192] preg_replace(): The /e modifier is deprecated, use preg_replace_callback instead ThinkTemplate.class.php 第 406 行.
[ 2019-09-05T16:31:20+08:00 ] /abcTest/index.php/Login/checkLogin | NOTIC: [8192] preg_replace(): The /e modifier is deprecated, use preg_replace_callback instead ThinkTemplate.class.php 第 406 行.
[ 2019-09-05T16:31:20+08:00 ] /abcTest/index.php/Login/checkLogin | NOTIC: [8192] preg_replace(): The /e modifier is deprecated, use preg_replace_callback instead ThinkTemplate.class.php 第 220 行.
[ 2019-09-05T16:31:20+08:00 ] /abcTest/index.php/Login/checkLogin | NOTIC: [8192] preg_replace(): The /e modifier is deprecated, use preg_replace_callback instead ThinkTemplate.class.php 第 154 行.
[ 2019-09-05T16:31:20+08:00 ] /abcTest/index.php/Login/checkLogin | INFO: Run ParseTemplate Behavior [ RunTime:0.122788s ]
[ 2019-09-05T16:31:20+08:00 ] /abcTest/index.php/Login/checkLogin | INFO: Tag[ view_parse ] --END-- [ RunTime:0.123375s ]
[ 2019-09-05T16:31:20+08:00 ] /abcTest/index.php/Login/checkLogin | INFO: Tag[ view_filter ] --START--
[ 2019-09-05T16:31:20+08:00 ] /abcTest/index.php/Login/checkLogin | INFO: Run ContentReplace Behavior [ RunTime:0.001880s ]
[ 2019-09-05T16:31:20+08:00 ] /abcTest/index.php/Login/checkLogin | INFO: Run TokenBuild Behavior [ RunTime:0.002021s ]
[ 2019-09-05T16:31:20+08:00 ] /abcTest/index.php/Login/checkLogin | INFO: Run WriteHtmlCache Behavior [ RunTime:0.001072s ]
[ 2019-09-05T16:31:20+08:00 ] /abcTest/index.php/Login/checkLogin | INFO: Run ShowRuntime Behavior [ RunTime:0.002308s ]
[ 2019-09-05T16:31:20+08:00 ] /abcTest/index.php/Login/checkLogin | INFO: Tag[ view_filter ] --END-- [ RunTime:0.008652s ]
[ 2019-09-05T16:31:20+08:00 ] /abcTest/index.php/Login/checkLogin | INFO: Tag[ view_end ] --START--
[ 2019-09-05T16:31:20+08:00 ] /abcTest/index.php/Login/checkLogin | INFO: Run ShowPageTrace Behavior [ RunTime:0.001837s ]
[ 2019-09-05T16:31:20+08:00 ] /abcTest/index.php/Login/checkLogin | INFO: Tag[ view_end ] --END-- [ RunTime:0.002305s ]
[ 2019-09-05T16:31:20+08:00 ] /abcTest/index.php/Login/checkLogin | NOTIC: [8] Use of undefined constant adminName - assumed 'adminName' LoginAction.class.php 第 41 行.
[ 2019-09-05T21:06:50+08:00 ] /abcTest/index.php/Login/index | INFO: Tag[ route_check ] --START--
[ 2019-09-05T21:06:50+08:00 ] /abcTest/index.php/Login/index | INFO: Run CheckRoute Behavior [ RunTime:0.005002s ]
[ 2019-09-05T21:06:50+08:00 ] /abcTest/index.php/Login/index | INFO: Tag[ route_check ] --END-- [ RunTime:0.005689s ]
[ 2019-09-05T21:06:50+08:00 ] /abcTest/index.php/Login/index | NOTIC: [8192] preg_replace(): The /e modifier is deprecated, use preg_replace_callback instead Dispatcher.class.php 第 125 行.
[ 2019-09-05T21:06:50+08:00 ] /abcTest/index.php/Login/index | INFO: Tag[ app_begin ] --START--
[ 2019-09-05T21:06:50+08:00 ] /abcTest/index.php/Login/index | INFO: Run ReadHtmlCache Behavior [ RunTime:0.003685s ]
[ 2019-09-05T21:06:50+08:00 ] /abcTest/index.php/Login/index | INFO: Tag[ app_begin ] --END-- [ RunTime:0.004154s ]
[ 2019-09-05T21:06:50+08:00 ] /abcTest/index.php/Login/index | INFO: Tag[ view_template ] --START--
[ 2019-09-05T21:06:50+08:00 ] /abcTest/index.php/Login/index | INFO: Run LocationTemplate Behavior [ RunTime:0.004473s ]
[ 2019-09-05T21:06:50+08:00 ] /abcTest/index.php/Login/index | INFO: Tag[ view_template ] --END-- [ RunTime:0.005239s ]
[ 2019-09-05T21:06:50+08:00 ] /abcTest/index.php/Login/index | INFO: Tag[ view_parse ] --START--
[ 2019-09-05T21:06:50+08:00 ] /abcTest/index.php/Login/index | NOTIC: [8192] preg_replace(): The /e modifier is deprecated, use preg_replace_callback instead ThinkTemplate.class.php 第 186 行.
[ 2019-09-05T21:06:50+08:00 ] /abcTest/index.php/Login/index | NOTIC: [8192] preg_replace(): The /e modifier is deprecated, use preg_replace_callback instead ThinkTemplate.class.php 第 406 行.
[ 2019-09-05T21:06:50+08:00 ] /abcTest/index.php/Login/index | NOTIC: [8192] preg_replace(): The /e modifier is deprecated, use preg_replace_callback instead ThinkTemplate.class.php 第 406 行.
[ 2019-09-05T21:06:50+08:00 ] /abcTest/index.php/Login/index | NOTIC: [8192] preg_replace(): The /e modifier is deprecated, use preg_replace_callback instead ThinkTemplate.class.php 第 406 行.
[ 2019-09-05T21:06:50+08:00 ] /abcTest/index.php/Login/index | NOTIC: [8192] preg_replace(): The /e modifier is deprecated, use preg_replace_callback instead ThinkTemplate.class.php 第 406 行.
[ 2019-09-05T21:06:50+08:00 ] /abcTest/index.php/Login/index | NOTIC: [8192] preg_replace(): The /e modifier is deprecated, use preg_replace_callback instead ThinkTemplate.class.php 第 406 行.
[ 2019-09-05T21:06:50+08:00 ] /abcTest/index.php/Login/index | NOTIC: [8192] preg_replace(): The /e modifier is deprecated, use preg_replace_callback instead ThinkTemplate.class.php 第 406 行.
[ 2019-09-05T21:06:50+08:00 ] /abcTest/index.php/Login/index | NOTIC: [8192] preg_replace(): The /e modifier is deprecated, use preg_replace_callback instead ThinkTemplate.class.php 第 406 行.
[ 2019-09-05T21:06:50+08:00 ] /abcTest/index.php/Login/index | NOTIC: [8192] preg_replace(): The /e modifier is deprecated, use preg_replace_callback instead ThinkTemplate.class.php 第 406 行.
[ 2019-09-05T21:06:50+08:00 ] /abcTest/index.php/Login/index | NOTIC: [8192] preg_replace(): The /e modifier is deprecated, use preg_replace_callback instead ThinkTemplate.class.php 第 406 行.
[ 2019-09-05T21:06:50+08:00 ] /abcTest/index.php/Login/index | NOTIC: [8192] preg_replace(): The /e modifier is deprecated, use preg_replace_callback instead ThinkTemplate.class.php 第 402 行.
[ 2019-09-05T21:06:50+08:00 ] /abcTest/index.php/Login/index | NOTIC: [8192] preg_replace(): The /e modifier is deprecated, use preg_replace_callback instead ThinkTemplate.class.php 第 402 行.
[ 2019-09-05T21:06:50+08:00 ] /abcTest/index.php/Login/index | NOTIC: [8192] preg_replace(): The /e modifier is deprecated, use preg_replace_callback instead ThinkTemplate.class.php 第 406 行.
[ 2019-09-05T21:06:50+08:00 ] /abcTest/index.php/Login/index | NOTIC: [8192] preg_replace(): The /e modifier is deprecated, use preg_replace_callback instead ThinkTemplate.class.php 第 406 行.
[ 2019-09-05T21:06:50+08:00 ] /abcTest/index.php/Login/index | NOTIC: [8192] preg_replace(): The /e modifier is deprecated, use preg_replace_callback instead ThinkTemplate.class.php 第 406 行.
[ 2019-09-05T21:06:50+08:00 ] /abcTest/index.php/Login/index | NOTIC: [8192] preg_replace(): The /e modifier is deprecated, use preg_replace_callback instead ThinkTemplate.class.php 第 402 行.
[ 2019-09-05T21:06:50+08:00 ] /abcTest/index.php/Login/index | NOTIC: [8192] preg_replace(): The /e modifier is deprecated, use preg_replace_callback instead ThinkTemplate.class.php 第 406 行.
[ 2019-09-05T21:06:50+08:00 ] /abcTest/index.php/Login/index | NOTIC: [8192] preg_replace(): The /e modifier is deprecated, use preg_replace_callback instead ThinkTemplate.class.php 第 406 行.
[ 2019-09-05T21:06:50+08:00 ] /abcTest/index.php/Login/index | NOTIC: [8192] preg_replace(): The /e modifier is deprecated, use preg_replace_callback instead ThinkTemplate.class.php 第 406 行.
[ 2019-09-05T21:06:50+08:00 ] /abcTest/index.php/Login/index | NOTIC: [8192] preg_replace(): The /e modifier is deprecated, use preg_replace_callback instead ThinkTemplate.class.php 第 406 行.
[ 2019-09-05T21:06:50+08:00 ] /abcTest/index.php/Login/index | NOTIC: [8192] preg_replace(): The /e modifier is deprecated, use preg_replace_callback instead ThinkTemplate.class.php 第 406 行.
[ 2019-09-05T21:06:50+08:00 ] /abcTest/index.php/Login/index | NOTIC: [8192] preg_replace(): The /e modifier is deprecated, use preg_replace_callback instead ThinkTemplate.class.php 第 406 行.
[ 2019-09-05T21:06:50+08:00 ] /abcTest/index.php/Login/index | NOTIC: [8192] preg_replace(): The /e modifier is deprecated, use preg_replace_callback instead ThinkTemplate.class.php 第 406 行.
[ 2019-09-05T21:06:50+08:00 ] /abcTest/index.php/Login/index | NOTIC: [8192] preg_replace(): The /e modifier is deprecated, use preg_replace_callback instead ThinkTemplate.class.php 第 406 行.
[ 2019-09-05T21:06:50+08:00 ] /abcTest/index.php/Login/index | NOTIC: [8192] preg_replace(): The /e modifier is deprecated, use preg_replace_callback instead ThinkTemplate.class.php 第 406 行.
[ 2019-09-05T21:06:50+08:00 ] /abcTest/index.php/Login/index | NOTIC: [8192] preg_replace(): The /e modifier is deprecated, use preg_replace_callback instead ThinkTemplate.class.php 第 406 行.
[ 2019-09-05T21:06:50+08:00 ] /abcTest/index.php/Login/index | NOTIC: [8192] preg_replace(): The /e modifier is deprecated, use preg_replace_callback instead ThinkTemplate.class.php 第 406 行.
[ 2019-09-05T21:06:50+08:00 ] /abcTest/index.php/Login/index | NOTIC: [8192] preg_replace(): The /e modifier is deprecated, use preg_replace_callback instead ThinkTemplate.class.php 第 406 行.
[ 2019-09-05T21:06:50+08:00 ] /abcTest/index.php/Login/index | NOTIC: [8192] preg_replace(): The /e modifier is deprecated, use preg_replace_callback instead ThinkTemplate.class.php 第 406 行.
[ 2019-09-05T21:06:50+08:00 ] /abcTest/index.php/Login/index | NOTIC: [8192] preg_replace(): The /e modifier is deprecated, use preg_replace_callback instead ThinkTemplate.class.php 第 406 行.
[ 2019-09-05T21:06:50+08:00 ] /abcTest/index.php/Login/index | NOTIC: [8192] preg_replace(): The /e modifier is deprecated, use preg_replace_callback instead ThinkTemplate.class.php 第 406 行.
[ 2019-09-05T21:06:50+08:00 ] /abcTest/index.php/Login/index | NOTIC: [8192] preg_replace(): The /e modifier is deprecated, use preg_replace_callback instead ThinkTemplate.class.php 第 406 行.
[ 2019-09-05T21:06:50+08:00 ] /abcTest/index.php/Login/index | NOTIC: [8192] preg_replace(): The /e modifier is deprecated, use preg_replace_callback instead ThinkTemplate.class.php 第 406 行.
[ 2019-09-05T21:06:50+08:00 ] /abcTest/index.php/Login/index | NOTIC: [8192] preg_replace(): The /e modifier is deprecated, use preg_replace_callback instead ThinkTemplate.class.php 第 406 行.
[ 2019-09-05T21:06:50+08:00 ] /abcTest/index.php/Login/index | NOTIC: [8192] preg_replace(): The /e modifier is deprecated, use preg_replace_callback instead ThinkTemplate.class.php 第 406 行.
[ 2019-09-05T21:06:50+08:00 ] /abcTest/index.php/Login/index | NOTIC: [8192] preg_replace(): The /e modifier is deprecated, use preg_replace_callback instead ThinkTemplate.class.php 第 406 行.
[ 2019-09-05T21:06:50+08:00 ] /abcTest/index.php/Login/index | NOTIC: [8192] preg_replace(): The /e modifier is deprecated, use preg_replace_callback instead ThinkTemplate.class.php 第 406 行.
[ 2019-09-05T21:06:50+08:00 ] /abcTest/index.php/Login/index | NOTIC: [8192] preg_replace(): The /e modifier is deprecated, use preg_replace_callback instead ThinkTemplate.class.php 第 406 行.
[ 2019-09-05T21:06:50+08:00 ] /abcTest/index.php/Login/index | NOTIC: [8192] preg_replace(): The /e modifier is deprecated, use preg_replace_callback instead ThinkTemplate.class.php 第 406 行.
[ 2019-09-05T21:06:50+08:00 ] /abcTest/index.php/Login/index | NOTIC: [8192] preg_replace(): The /e modifier is deprecated, use preg_replace_callback instead ThinkTemplate.class.php 第 406 行.
[ 2019-09-05T21:06:50+08:00 ] /abcTest/index.php/Login/index | NOTIC: [8192] preg_replace(): The /e modifier is deprecated, use preg_replace_callback instead ThinkTemplate.class.php 第 406 行.
[ 2019-09-05T21:06:50+08:00 ] /abcTest/index.php/Login/index | NOTIC: [8192] preg_replace(): The /e modifier is deprecated, use preg_replace_callback instead ThinkTemplate.class.php 第 406 行.
[ 2019-09-05T21:06:50+08:00 ] /abcTest/index.php/Login/index | NOTIC: [8192] preg_replace(): The /e modifier is deprecated, use preg_replace_callback instead ThinkTemplate.class.php 第 406 行.
[ 2019-09-05T21:06:50+08:00 ] /abcTest/index.php/Login/index | NOTIC: [8192] preg_replace(): The /e modifier is deprecated, use preg_replace_callback instead ThinkTemplate.class.php 第 406 行.
[ 2019-09-05T21:06:50+08:00 ] /abcTest/index.php/Login/index | NOTIC: [8192] preg_replace(): The /e modifier is deprecated, use preg_replace_callback instead ThinkTemplate.class.php 第 406 行.
[ 2019-09-05T21:06:50+08:00 ] /abcTest/index.php/Login/index | NOTIC: [8192] preg_replace(): The /e modifier is deprecated, use preg_replace_callback instead ThinkTemplate.class.php 第 406 行.
[ 2019-09-05T21:06:50+08:00 ] /abcTest/index.php/Login/index | NOTIC: [8192] preg_replace(): The /e modifier is deprecated, use preg_replace_callback instead ThinkTemplate.class.php 第 406 行.
[ 2019-09-05T21:06:50+08:00 ] /abcTest/index.php/Login/index | NOTIC: [8192] preg_replace(): The /e modifier is deprecated, use preg_replace_callback instead ThinkTemplate.class.php 第 406 行.
[ 2019-09-05T21:06:50+08:00 ] /abcTest/index.php/Login/index | NOTIC: [8192] preg_replace(): The /e modifier is deprecated, use preg_replace_callback instead ThinkTemplate.class.php 第 406 行.
[ 2019-09-05T21:06:50+08:00 ] /abcTest/index.php/Login/index | NOTIC: [8192] preg_replace(): The /e modifier is deprecated, use preg_replace_callback instead ThinkTemplate.class.php 第 406 行.
[ 2019-09-05T21:06:50+08:00 ] /abcTest/index.php/Login/index | NOTIC: [8192] preg_replace(): The /e modifier is deprecated, use preg_replace_callback instead ThinkTemplate.class.php 第 406 行.
[ 2019-09-05T21:06:50+08:00 ] /abcTest/index.php/Login/index | NOTIC: [8192] preg_replace(): The /e modifier is deprecated, use preg_replace_callback instead ThinkTemplate.class.php 第 406 行.
[ 2019-09-05T21:06:50+08:00 ] /abcTest/index.php/Login/index | NOTIC: [8192] preg_replace(): The /e modifier is deprecated, use preg_replace_callback instead ThinkTemplate.class.php 第 406 行.
[ 2019-09-05T21:06:50+08:00 ] /abcTest/index.php/Login/index | NOTIC: [8192] preg_replace(): The /e modifier is deprecated, use preg_replace_callback instead ThinkTemplate.class.php 第 406 行.
[ 2019-09-05T21:06:50+08:00 ] /abcTest/index.php/Login/index | NOTIC: [8192] preg_replace(): The /e modifier is deprecated, use preg_replace_callback instead ThinkTemplate.class.php 第 406 行.
[ 2019-09-05T21:06:50+08:00 ] /abcTest/index.php/Login/index | NOTIC: [8192] preg_replace(): The /e modifier is deprecated, use preg_replace_callback instead ThinkTemplate.class.php 第 406 行.
[ 2019-09-05T21:06:50+08:00 ] /abcTest/index.php/Login/index | NOTIC: [8192] preg_replace(): The /e modifier is deprecated, use preg_replace_callback instead ThinkTemplate.class.php 第 406 行.
[ 2019-09-05T21:06:50+08:00 ] /abcTest/index.php/Login/index | NOTIC: [8192] preg_replace(): The /e modifier is deprecated, use preg_replace_callback instead ThinkTemplate.class.php 第 406 行.
[ 2019-09-05T21:06:50+08:00 ] /abcTest/index.php/Login/index | NOTIC: [8192] preg_replace(): The /e modifier is deprecated, use preg_replace_callback instead ThinkTemplate.class.php 第 406 行.
[ 2019-09-05T21:06:50+08:00 ] /abcTest/index.php/Login/index | NOTIC: [8192] preg_replace(): The /e modifier is deprecated, use preg_replace_callback instead ThinkTemplate.class.php 第 406 行.
[ 2019-09-05T21:06:50+08:00 ] /abcTest/index.php/Login/index | NOTIC: [8192] preg_replace(): The /e modifier is deprecated, use preg_replace_callback instead ThinkTemplate.class.php 第 406 行.
[ 2019-09-05T21:06:50+08:00 ] /abcTest/index.php/Login/index | NOTIC: [8192] preg_replace(): The /e modifier is deprecated, use preg_replace_callback instead ThinkTemplate.class.php 第 406 行.
[ 2019-09-05T21:06:50+08:00 ] /abcTest/index.php/Login/index | NOTIC: [8192] preg_replace(): The /e modifier is deprecated, use preg_replace_callback instead ThinkTemplate.class.php 第 406 行.
[ 2019-09-05T21:06:50+08:00 ] /abcTest/index.php/Login/index | NOTIC: [8192] preg_replace(): The /e modifier is deprecated, use preg_replace_callback instead ThinkTemplate.class.php 第 406 行.
[ 2019-09-05T21:06:50+08:00 ] /abcTest/index.php/Login/index | NOTIC: [8192] preg_replace(): The /e modifier is deprecated, use preg_replace_callback instead ThinkTemplate.class.php 第 406 行.
[ 2019-09-05T21:06:50+08:00 ] /abcTest/index.php/Login/index | NOTIC: [8192] preg_replace(): The /e modifier is deprecated, use preg_replace_callback instead ThinkTemplate.class.php 第 406 行.
[ 2019-09-05T21:06:50+08:00 ] /abcTest/index.php/Login/index | NOTIC: [8192] preg_replace(): The /e modifier is deprecated, use preg_replace_callback instead ThinkTemplate.class.php 第 406 行.
[ 2019-09-05T21:06:50+08:00 ] /abcTest/index.php/Login/index | NOTIC: [8192] preg_replace(): The /e modifier is deprecated, use preg_replace_callback instead ThinkTemplate.class.php 第 406 行.
[ 2019-09-05T21:06:50+08:00 ] /abcTest/index.php/Login/index | NOTIC: [8192] preg_replace(): The /e modifier is deprecated, use preg_replace_callback instead ThinkTemplate.class.php 第 406 行.
[ 2019-09-05T21:06:50+08:00 ] /abcTest/index.php/Login/index | NOTIC: [8192] preg_replace(): The /e modifier is deprecated, use preg_replace_callback instead ThinkTemplate.class.php 第 406 行.
[ 2019-09-05T21:06:50+08:00 ] /abcTest/index.php/Login/index | NOTIC: [8192] preg_replace(): The /e modifier is deprecated, use preg_replace_callback instead ThinkTemplate.class.php 第 406 行.
[ 2019-09-05T21:06:50+08:00 ] /abcTest/index.php/Login/index | NOTIC: [8192] preg_replace(): The /e modifier is deprecated, use preg_replace_callback instead ThinkTemplate.class.php 第 406 行.
[ 2019-09-05T21:06:50+08:00 ] /abcTest/index.php/Login/index | NOTIC: [8192] preg_replace(): The /e modifier is deprecated, use preg_replace_callback instead ThinkTemplate.class.php 第 406 行.
[ 2019-09-05T21:06:50+08:00 ] /abcTest/index.php/Login/index | NOTIC: [8192] preg_replace(): The /e modifier is deprecated, use preg_replace_callback instead ThinkTemplate.class.php 第 406 行.
[ 2019-09-05T21:06:50+08:00 ] /abcTest/index.php/Login/index | NOTIC: [8192] preg_replace(): The /e modifier is deprecated, use preg_replace_callback instead ThinkTemplate.class.php 第 406 行.
[ 2019-09-05T21:06:50+08:00 ] /abcTest/index.php/Login/index | NOTIC: [8192] preg_replace(): The /e modifier is deprecated, use preg_replace_callback instead ThinkTemplate.class.php 第 406 行.
[ 2019-09-05T21:06:50+08:00 ] /abcTest/index.php/Login/index | NOTIC: [8192] preg_replace(): The /e modifier is deprecated, use preg_replace_callback instead ThinkTemplate.class.php 第 406 行.
[ 2019-09-05T21:06:50+08:00 ] /abcTest/index.php/Login/index | NOTIC: [8192] preg_replace(): The /e modifier is deprecated, use preg_replace_callback instead ThinkTemplate.class.php 第 406 行.
[ 2019-09-05T21:06:50+08:00 ] /abcTest/index.php/Login/index | NOTIC: [8192] preg_replace(): The /e modifier is deprecated, use preg_replace_callback instead ThinkTemplate.class.php 第 406 行.
[ 2019-09-05T21:06:50+08:00 ] /abcTest/index.php/Login/index | NOTIC: [8192] preg_replace(): The /e modifier is deprecated, use preg_replace_callback instead ThinkTemplate.class.php 第 406 行.
[ 2019-09-05T21:06:50+08:00 ] /abcTest/index.php/Login/index | NOTIC: [8192] preg_replace(): The /e modifier is deprecated, use preg_replace_callback instead ThinkTemplate.class.php 第 406 行.
[ 2019-09-05T21:06:50+08:00 ] /abcTest/index.php/Login/index | NOTIC: [8192] preg_replace(): The /e modifier is deprecated, use preg_replace_callback instead ThinkTemplate.class.php 第 406 行.
[ 2019-09-05T21:06:50+08:00 ] /abcTest/index.php/Login/index | NOTIC: [8192] preg_replace(): The /e modifier is deprecated, use preg_replace_callback instead ThinkTemplate.class.php 第 402 行.
[ 2019-09-05T21:06:50+08:00 ] /abcTest/index.php/Login/index | NOTIC: [8192] preg_replace(): The /e modifier is deprecated, use preg_replace_callback instead ThinkTemplate.class.php 第 402 行.
[ 2019-09-05T21:06:50+08:00 ] /abcTest/index.php/Login/index | NOTIC: [8192] preg_replace(): The /e modifier is deprecated, use preg_replace_callback instead ThinkTemplate.class.php 第 402 行.
[ 2019-09-05T21:06:50+08:00 ] /abcTest/index.php/Login/index | NOTIC: [8192] preg_replace(): The /e modifier is deprecated, use preg_replace_callback instead ThinkTemplate.class.php 第 402 行.
[ 2019-09-05T21:06:50+08:00 ] /abcTest/index.php/Login/index | NOTIC: [8192] preg_replace(): The /e modifier is deprecated, use preg_replace_callback instead ThinkTemplate.class.php 第 402 行.
[ 2019-09-05T21:06:50+08:00 ] /abcTest/index.php/Login/index | NOTIC: [8192] preg_replace(): The /e modifier is deprecated, use preg_replace_callback instead ThinkTemplate.class.php 第 402 行.
[ 2019-09-05T21:06:50+08:00 ] /abcTest/index.php/Login/index | NOTIC: [8192] preg_replace(): The /e modifier is deprecated, use preg_replace_callback instead ThinkTemplate.class.php 第 406 行.
[ 2019-09-05T21:06:50+08:00 ] /abcTest/index.php/Login/index | NOTIC: [8192] preg_replace(): The /e modifier is deprecated, use preg_replace_callback instead ThinkTemplate.class.php 第 406 行.
[ 2019-09-05T21:06:50+08:00 ] /abcTest/index.php/Login/index | NOTIC: [8192] preg_replace(): The /e modifier is deprecated, use preg_replace_callback instead ThinkTemplate.class.php 第 406 行.
[ 2019-09-05T21:06:50+08:00 ] /abcTest/index.php/Login/index | NOTIC: [8192] preg_replace(): The /e modifier is deprecated, use preg_replace_callback instead ThinkTemplate.class.php 第 220 行.
[ 2019-09-05T21:06:50+08:00 ] /abcTest/index.php/Login/index | NOTIC: [8192] preg_replace(): The /e modifier is deprecated, use preg_replace_callback instead ThinkTemplate.class.php 第 154 行.
[ 2019-09-05T21:06:50+08:00 ] /abcTest/index.php/Login/index | INFO: Run ParseTemplate Behavior [ RunTime:0.066803s ]
[ 2019-09-05T21:06:50+08:00 ] /abcTest/index.php/Login/index | INFO: Tag[ view_parse ] --END-- [ RunTime:0.067323s ]
[ 2019-09-05T21:06:50+08:00 ] /abcTest/index.php/Login/index | INFO: Tag[ view_filter ] --START--
[ 2019-09-05T21:06:50+08:00 ] /abcTest/index.php/Login/index | INFO: Run ContentReplace Behavior [ RunTime:0.002665s ]
[ 2019-09-05T21:06:50+08:00 ] /abcTest/index.php/Login/index | INFO: Run TokenBuild Behavior [ RunTime:0.002702s ]
[ 2019-09-05T21:06:50+08:00 ] /abcTest/index.php/Login/index | INFO: Run WriteHtmlCache Behavior [ RunTime:0.001634s ]
[ 2019-09-05T21:06:50+08:00 ] /abcTest/index.php/Login/index | INFO: Run ShowRuntime Behavior [ RunTime:0.002728s ]
[ 2019-09-05T21:06:50+08:00 ] /abcTest/index.php/Login/index | INFO: Tag[ view_filter ] --END-- [ RunTime:0.010925s ]
[ 2019-09-05T21:06:50+08:00 ] /abcTest/index.php/Login/index | INFO: Tag[ view_end ] --START--
[ 2019-09-05T21:06:50+08:00 ] /abcTest/index.php/Login/index | INFO: Run ShowPageTrace Behavior [ RunTime:0.002446s ]
[ 2019-09-05T21:06:50+08:00 ] /abcTest/index.php/Login/index | INFO: Tag[ view_end ] --END-- [ RunTime:0.002885s ]
[ 2019-09-05T21:06:57+08:00 ] /abcTest/index.php/Login/checkLogin | INFO: Tag[ route_check ] --START--
[ 2019-09-05T21:06:57+08:00 ] /abcTest/index.php/Login/checkLogin | INFO: Run CheckRoute Behavior [ RunTime:0.003425s ]
[ 2019-09-05T21:06:57+08:00 ] /abcTest/index.php/Login/checkLogin | INFO: Tag[ route_check ] --END-- [ RunTime:0.003953s ]
[ 2019-09-05T21:06:57+08:00 ] /abcTest/index.php/Login/checkLogin | NOTIC: [8192] preg_replace(): The /e modifier is deprecated, use preg_replace_callback instead Dispatcher.class.php 第 125 行.
[ 2019-09-05T21:06:57+08:00 ] /abcTest/index.php/Login/checkLogin | INFO: Tag[ app_begin ] --START--
[ 2019-09-05T21:06:57+08:00 ] /abcTest/index.php/Login/checkLogin | INFO: Run ReadHtmlCache Behavior [ RunTime:0.002686s ]
[ 2019-09-05T21:06:57+08:00 ] /abcTest/index.php/Login/checkLogin | INFO: Tag[ app_begin ] --END-- [ RunTime:0.003092s ]
[ 2019-09-05T21:06:57+08:00 ] /abcTest/index.php/Login/checkLogin | NOTIC: [8192] mysql_connect(): The mysql extension is deprecated and will be removed in the future: use mysqli or PDO instead DbMysql.class.php 第 67 行.
[ 2019-09-05T21:06:57+08:00 ] /abcTest/index.php/Login/checkLogin | SQL: SHOW COLUMNS FROM `t_user` [ RunTime:0.007254s ]
[ 2019-09-05T21:06:57+08:00 ] /abcTest/index.php/Login/checkLogin | NOTIC: [8192] preg_replace(): The /e modifier is deprecated, use preg_replace_callback instead Db.class.php 第 660 行.
[ 2019-09-05T21:06:57+08:00 ] /abcTest/index.php/Login/checkLogin | SQL: SELECT * FROM `t_user` WHERE userId ='888' LIMIT 1   [ RunTime:0.001311s ]
[ 2019-09-05T21:06:57+08:00 ] /abcTest/index.php/Login/checkLogin | NOTIC: [8192] preg_replace(): The /e modifier is deprecated, use preg_replace_callback instead Db.class.php 第 660 行.
[ 2019-09-05T21:06:57+08:00 ] /abcTest/index.php/Login/checkLogin | SQL: SELECT `userRole` FROM `t_user` WHERE userId ='888' LIMIT 1   [ RunTime:0.000813s ]
[ 2019-09-05T21:06:57+08:00 ] /abcTest/index.php/Login/checkLogin | INFO: Tag[ view_template ] --START--
[ 2019-09-05T21:06:57+08:00 ] /abcTest/index.php/Login/checkLogin | INFO: Run LocationTemplate Behavior [ RunTime:0.003210s ]
[ 2019-09-05T21:06:57+08:00 ] /abcTest/index.php/Login/checkLogin | INFO: Tag[ view_template ] --END-- [ RunTime:0.003643s ]
[ 2019-09-05T21:06:57+08:00 ] /abcTest/index.php/Login/checkLogin | INFO: Tag[ view_parse ] --START--
[ 2019-09-05T21:06:57+08:00 ] /abcTest/index.php/Login/checkLogin | NOTIC: [8192] preg_replace(): The /e modifier is deprecated, use preg_replace_callback instead ThinkTemplate.class.php 第 186 行.
[ 2019-09-05T21:06:57+08:00 ] /abcTest/index.php/Login/checkLogin | NOTIC: [8192] preg_replace(): The /e modifier is deprecated, use preg_replace_callback instead ThinkTemplate.class.php 第 406 行.
[ 2019-09-05T21:06:57+08:00 ] /abcTest/index.php/Login/checkLogin | NOTIC: [8192] preg_replace(): The /e modifier is deprecated, use preg_replace_callback instead ThinkTemplate.class.php 第 406 行.
[ 2019-09-05T21:06:57+08:00 ] /abcTest/index.php/Login/checkLogin | NOTIC: [8192] preg_replace(): The /e modifier is deprecated, use preg_replace_callback instead ThinkTemplate.class.php 第 406 行.
[ 2019-09-05T21:06:57+08:00 ] /abcTest/index.php/Login/checkLogin | NOTIC: [8192] preg_replace(): The /e modifier is deprecated, use preg_replace_callback instead ThinkTemplate.class.php 第 406 行.
[ 2019-09-05T21:06:57+08:00 ] /abcTest/index.php/Login/checkLogin | NOTIC: [8192] preg_replace(): The /e modifier is deprecated, use preg_replace_callback instead ThinkTemplate.class.php 第 406 行.
[ 2019-09-05T21:06:57+08:00 ] /abcTest/index.php/Login/checkLogin | NOTIC: [8192] preg_replace(): The /e modifier is deprecated, use preg_replace_callback instead ThinkTemplate.class.php 第 406 行.
[ 2019-09-05T21:06:57+08:00 ] /abcTest/index.php/Login/checkLogin | NOTIC: [8192] preg_replace(): The /e modifier is deprecated, use preg_replace_callback instead ThinkTemplate.class.php 第 406 行.
[ 2019-09-05T21:06:57+08:00 ] /abcTest/index.php/Login/checkLogin | NOTIC: [8192] preg_replace(): The /e modifier is deprecated, use preg_replace_callback instead ThinkTemplate.class.php 第 406 行.
[ 2019-09-05T21:06:57+08:00 ] /abcTest/index.php/Login/checkLogin | NOTIC: [8192] preg_replace(): The /e modifier is deprecated, use preg_replace_callback instead ThinkTemplate.class.php 第 406 行.
[ 2019-09-05T21:06:57+08:00 ] /abcTest/index.php/Login/checkLogin | NOTIC: [8192] preg_replace(): The /e modifier is deprecated, use preg_replace_callback instead ThinkTemplate.class.php 第 402 行.
[ 2019-09-05T21:06:57+08:00 ] /abcTest/index.php/Login/checkLogin | NOTIC: [8192] preg_replace(): The /e modifier is deprecated, use preg_replace_callback instead ThinkTemplate.class.php 第 402 行.
[ 2019-09-05T21:06:57+08:00 ] /abcTest/index.php/Login/checkLogin | NOTIC: [8192] preg_replace(): The /e modifier is deprecated, use preg_replace_callback instead ThinkTemplate.class.php 第 406 行.
[ 2019-09-05T21:06:57+08:00 ] /abcTest/index.php/Login/checkLogin | NOTIC: [8192] preg_replace(): The /e modifier is deprecated, use preg_replace_callback instead ThinkTemplate.class.php 第 406 行.
[ 2019-09-05T21:06:57+08:00 ] /abcTest/index.php/Login/checkLogin | NOTIC: [8192] preg_replace(): The /e modifier is deprecated, use preg_replace_callback instead ThinkTemplate.class.php 第 406 行.
[ 2019-09-05T21:06:57+08:00 ] /abcTest/index.php/Login/checkLogin | NOTIC: [8192] preg_replace(): The /e modifier is deprecated, use preg_replace_callback instead ThinkTemplate.class.php 第 402 行.
[ 2019-09-05T21:06:57+08:00 ] /abcTest/index.php/Login/checkLogin | NOTIC: [8192] preg_replace(): The /e modifier is deprecated, use preg_replace_callback instead ThinkTemplate.class.php 第 406 行.
[ 2019-09-05T21:06:57+08:00 ] /abcTest/index.php/Login/checkLogin | NOTIC: [8192] preg_replace(): The /e modifier is deprecated, use preg_replace_callback instead ThinkTemplate.class.php 第 406 行.
[ 2019-09-05T21:06:57+08:00 ] /abcTest/index.php/Login/checkLogin | NOTIC: [8192] preg_replace(): The /e modifier is deprecated, use preg_replace_callback instead ThinkTemplate.class.php 第 406 行.
[ 2019-09-05T21:06:57+08:00 ] /abcTest/index.php/Login/checkLogin | NOTIC: [8192] preg_replace(): The /e modifier is deprecated, use preg_replace_callback instead ThinkTemplate.class.php 第 406 行.
[ 2019-09-05T21:06:57+08:00 ] /abcTest/index.php/Login/checkLogin | NOTIC: [8192] preg_replace(): The /e modifier is deprecated, use preg_replace_callback instead ThinkTemplate.class.php 第 406 行.
[ 2019-09-05T21:06:57+08:00 ] /abcTest/index.php/Login/checkLogin | NOTIC: [8192] preg_replace(): The /e modifier is deprecated, use preg_replace_callback instead ThinkTemplate.class.php 第 406 行.
[ 2019-09-05T21:06:57+08:00 ] /abcTest/index.php/Login/checkLogin | NOTIC: [8192] preg_replace(): The /e modifier is deprecated, use preg_replace_callback instead ThinkTemplate.class.php 第 406 行.
[ 2019-09-05T21:06:57+08:00 ] /abcTest/index.php/Login/checkLogin | NOTIC: [8192] preg_replace(): The /e modifier is deprecated, use preg_replace_callback instead ThinkTemplate.class.php 第 406 行.
[ 2019-09-05T21:06:57+08:00 ] /abcTest/index.php/Login/checkLogin | NOTIC: [8192] preg_replace(): The /e modifier is deprecated, use preg_replace_callback instead ThinkTemplate.class.php 第 406 行.
[ 2019-09-05T21:06:57+08:00 ] /abcTest/index.php/Login/checkLogin | NOTIC: [8192] preg_replace(): The /e modifier is deprecated, use preg_replace_callback instead ThinkTemplate.class.php 第 406 行.
[ 2019-09-05T21:06:57+08:00 ] /abcTest/index.php/Login/checkLogin | NOTIC: [8192] preg_replace(): The /e modifier is deprecated, use preg_replace_callback instead ThinkTemplate.class.php 第 406 行.
[ 2019-09-05T21:06:57+08:00 ] /abcTest/index.php/Login/checkLogin | NOTIC: [8192] preg_replace(): The /e modifier is deprecated, use preg_replace_callback instead ThinkTemplate.class.php 第 406 行.
[ 2019-09-05T21:06:57+08:00 ] /abcTest/index.php/Login/checkLogin | NOTIC: [8192] preg_replace(): The /e modifier is deprecated, use preg_replace_callback instead ThinkTemplate.class.php 第 406 行.
[ 2019-09-05T21:06:57+08:00 ] /abcTest/index.php/Login/checkLogin | NOTIC: [8192] preg_replace(): The /e modifier is deprecated, use preg_replace_callback instead ThinkTemplate.class.php 第 406 行.
[ 2019-09-05T21:06:57+08:00 ] /abcTest/index.php/Login/checkLogin | NOTIC: [8192] preg_replace(): The /e modifier is deprecated, use preg_replace_callback instead ThinkTemplate.class.php 第 406 行.
[ 2019-09-05T21:06:57+08:00 ] /abcTest/index.php/Login/checkLogin | NOTIC: [8192] preg_replace(): The /e modifier is deprecated, use preg_replace_callback instead ThinkTemplate.class.php 第 406 行.
[ 2019-09-05T21:06:57+08:00 ] /abcTest/index.php/Login/checkLogin | NOTIC: [8192] preg_replace(): The /e modifier is deprecated, use preg_replace_callback instead ThinkTemplate.class.php 第 406 行.
[ 2019-09-05T21:06:57+08:00 ] /abcTest/index.php/Login/checkLogin | NOTIC: [8192] preg_replace(): The /e modifier is deprecated, use preg_replace_callback instead ThinkTemplate.class.php 第 406 行.
[ 2019-09-05T21:06:57+08:00 ] /abcTest/index.php/Login/checkLogin | NOTIC: [8192] preg_replace(): The /e modifier is deprecated, use preg_replace_callback instead ThinkTemplate.class.php 第 406 行.
[ 2019-09-05T21:06:57+08:00 ] /abcTest/index.php/Login/checkLogin | NOTIC: [8192] preg_replace(): The /e modifier is deprecated, use preg_replace_callback instead ThinkTemplate.class.php 第 406 行.
[ 2019-09-05T21:06:57+08:00 ] /abcTest/index.php/Login/checkLogin | NOTIC: [8192] preg_replace(): The /e modifier is deprecated, use preg_replace_callback instead ThinkTemplate.class.php 第 406 行.
[ 2019-09-05T21:06:57+08:00 ] /abcTest/index.php/Login/checkLogin | NOTIC: [8192] preg_replace(): The /e modifier is deprecated, use preg_replace_callback instead ThinkTemplate.class.php 第 406 行.
[ 2019-09-05T21:06:57+08:00 ] /abcTest/index.php/Login/checkLogin | NOTIC: [8192] preg_replace(): The /e modifier is deprecated, use preg_replace_callback instead ThinkTemplate.class.php 第 406 行.
[ 2019-09-05T21:06:57+08:00 ] /abcTest/index.php/Login/checkLogin | NOTIC: [8192] preg_replace(): The /e modifier is deprecated, use preg_replace_callback instead ThinkTemplate.class.php 第 406 行.
[ 2019-09-05T21:06:57+08:00 ] /abcTest/index.php/Login/checkLogin | NOTIC: [8192] preg_replace(): The /e modifier is deprecated, use preg_replace_callback instead ThinkTemplate.class.php 第 406 行.
[ 2019-09-05T21:06:57+08:00 ] /abcTest/index.php/Login/checkLogin | NOTIC: [8192] preg_replace(): The /e modifier is deprecated, use preg_replace_callback instead ThinkTemplate.class.php 第 406 行.
[ 2019-09-05T21:06:57+08:00 ] /abcTest/index.php/Login/checkLogin | NOTIC: [8192] preg_replace(): The /e modifier is deprecated, use preg_replace_callback instead ThinkTemplate.class.php 第 406 行.
[ 2019-09-05T21:06:57+08:00 ] /abcTest/index.php/Login/checkLogin | NOTIC: [8192] preg_replace(): The /e modifier is deprecated, use preg_replace_callback instead ThinkTemplate.class.php 第 406 行.
[ 2019-09-05T21:06:57+08:00 ] /abcTest/index.php/Login/checkLogin | NOTIC: [8192] preg_replace(): The /e modifier is deprecated, use preg_replace_callback instead ThinkTemplate.class.php 第 406 行.
[ 2019-09-05T21:06:57+08:00 ] /abcTest/index.php/Login/checkLogin | NOTIC: [8192] preg_replace(): The /e modifier is deprecated, use preg_replace_callback instead ThinkTemplate.class.php 第 406 行.
[ 2019-09-05T21:06:57+08:00 ] /abcTest/index.php/Login/checkLogin | NOTIC: [8192] preg_replace(): The /e modifier is deprecated, use preg_replace_callback instead ThinkTemplate.class.php 第 406 行.
[ 2019-09-05T21:06:57+08:00 ] /abcTest/index.php/Login/checkLogin | NOTIC: [8192] preg_replace(): The /e modifier is deprecated, use preg_replace_callback instead ThinkTemplate.class.php 第 406 行.
[ 2019-09-05T21:06:57+08:00 ] /abcTest/index.php/Login/checkLogin | NOTIC: [8192] preg_replace(): The /e modifier is deprecated, use preg_replace_callback instead ThinkTemplate.class.php 第 406 行.
[ 2019-09-05T21:06:57+08:00 ] /abcTest/index.php/Login/checkLogin | NOTIC: [8192] preg_replace(): The /e modifier is deprecated, use preg_replace_callback instead ThinkTemplate.class.php 第 406 行.
[ 2019-09-05T21:06:57+08:00 ] /abcTest/index.php/Login/checkLogin | NOTIC: [8192] preg_replace(): The /e modifier is deprecated, use preg_replace_callback instead ThinkTemplate.class.php 第 406 行.
[ 2019-09-05T21:06:57+08:00 ] /abcTest/index.php/Login/checkLogin | NOTIC: [8192] preg_replace(): The /e modifier is deprecated, use preg_replace_callback instead ThinkTemplate.class.php 第 406 行.
[ 2019-09-05T21:06:57+08:00 ] /abcTest/index.php/Login/checkLogin | NOTIC: [8192] preg_replace(): The /e modifier is deprecated, use preg_replace_callback instead ThinkTemplate.class.php 第 406 行.
[ 2019-09-05T21:06:57+08:00 ] /abcTest/index.php/Login/checkLogin | NOTIC: [8192] preg_replace(): The /e modifier is deprecated, use preg_replace_callback instead ThinkTemplate.class.php 第 406 行.
[ 2019-09-05T21:06:57+08:00 ] /abcTest/index.php/Login/checkLogin | NOTIC: [8192] preg_replace(): The /e modifier is deprecated, use preg_replace_callback instead ThinkTemplate.class.php 第 406 行.
[ 2019-09-05T21:06:57+08:00 ] /abcTest/index.php/Login/checkLogin | NOTIC: [8192] preg_replace(): The /e modifier is deprecated, use preg_replace_callback instead ThinkTemplate.class.php 第 406 行.
[ 2019-09-05T21:06:57+08:00 ] /abcTest/index.php/Login/checkLogin | NOTIC: [8192] preg_replace(): The /e modifier is deprecated, use preg_replace_callback instead ThinkTemplate.class.php 第 406 行.
[ 2019-09-05T21:06:57+08:00 ] /abcTest/index.php/Login/checkLogin | NOTIC: [8192] preg_replace(): The /e modifier is deprecated, use preg_replace_callback instead ThinkTemplate.class.php 第 406 行.
[ 2019-09-05T21:06:57+08:00 ] /abcTest/index.php/Login/checkLogin | NOTIC: [8192] preg_replace(): The /e modifier is deprecated, use preg_replace_callback instead ThinkTemplate.class.php 第 406 行.
[ 2019-09-05T21:06:57+08:00 ] /abcTest/index.php/Login/checkLogin | NOTIC: [8192] preg_replace(): The /e modifier is deprecated, use preg_replace_callback instead ThinkTemplate.class.php 第 406 行.
[ 2019-09-05T21:06:57+08:00 ] /abcTest/index.php/Login/checkLogin | NOTIC: [8192] preg_replace(): The /e modifier is deprecated, use preg_replace_callback instead ThinkTemplate.class.php 第 406 行.
[ 2019-09-05T21:06:57+08:00 ] /abcTest/index.php/Login/checkLogin | NOTIC: [8192] preg_replace(): The /e modifier is deprecated, use preg_replace_callback instead ThinkTemplate.class.php 第 406 行.
[ 2019-09-05T21:06:57+08:00 ] /abcTest/index.php/Login/checkLogin | NOTIC: [8192] preg_replace(): The /e modifier is deprecated, use preg_replace_callback instead ThinkTemplate.class.php 第 406 行.
[ 2019-09-05T21:06:57+08:00 ] /abcTest/index.php/Login/checkLogin | NOTIC: [8192] preg_replace(): The /e modifier is deprecated, use preg_replace_callback instead ThinkTemplate.class.php 第 406 行.
[ 2019-09-05T21:06:57+08:00 ] /abcTest/index.php/Login/checkLogin | NOTIC: [8192] preg_replace(): The /e modifier is deprecated, use preg_replace_callback instead ThinkTemplate.class.php 第 406 行.
[ 2019-09-05T21:06:57+08:00 ] /abcTest/index.php/Login/checkLogin | NOTIC: [8192] preg_replace(): The /e modifier is deprecated, use preg_replace_callback instead ThinkTemplate.class.php 第 406 行.
[ 2019-09-05T21:06:57+08:00 ] /abcTest/index.php/Login/checkLogin | NOTIC: [8192] preg_replace(): The /e modifier is deprecated, use preg_replace_callback instead ThinkTemplate.class.php 第 406 行.
[ 2019-09-05T21:06:57+08:00 ] /abcTest/index.php/Login/checkLogin | NOTIC: [8192] preg_replace(): The /e modifier is deprecated, use preg_replace_callback instead ThinkTemplate.class.php 第 406 行.
[ 2019-09-05T21:06:57+08:00 ] /abcTest/index.php/Login/checkLogin | NOTIC: [8192] preg_replace(): The /e modifier is deprecated, use preg_replace_callback instead ThinkTemplate.class.php 第 406 行.
[ 2019-09-05T21:06:57+08:00 ] /abcTest/index.php/Login/checkLogin | NOTIC: [8192] preg_replace(): The /e modifier is deprecated, use preg_replace_callback instead ThinkTemplate.class.php 第 406 行.
[ 2019-09-05T21:06:57+08:00 ] /abcTest/index.php/Login/checkLogin | NOTIC: [8192] preg_replace(): The /e modifier is deprecated, use preg_replace_callback instead ThinkTemplate.class.php 第 406 行.
[ 2019-09-05T21:06:57+08:00 ] /abcTest/index.php/Login/checkLogin | NOTIC: [8192] preg_replace(): The /e modifier is deprecated, use preg_replace_callback instead ThinkTemplate.class.php 第 406 行.
[ 2019-09-05T21:06:57+08:00 ] /abcTest/index.php/Login/checkLogin | NOTIC: [8192] preg_replace(): The /e modifier is deprecated, use preg_replace_callback instead ThinkTemplate.class.php 第 406 行.
[ 2019-09-05T21:06:57+08:00 ] /abcTest/index.php/Login/checkLogin | NOTIC: [8192] preg_replace(): The /e modifier is deprecated, use preg_replace_callback instead ThinkTemplate.class.php 第 406 行.
[ 2019-09-05T21:06:57+08:00 ] /abcTest/index.php/Login/checkLogin | NOTIC: [8192] preg_replace(): The /e modifier is deprecated, use preg_replace_callback instead ThinkTemplate.class.php 第 406 行.
[ 2019-09-05T21:06:57+08:00 ] /abcTest/index.php/Login/checkLogin | NOTIC: [8192] preg_replace(): The /e modifier is deprecated, use preg_replace_callback instead ThinkTemplate.class.php 第 406 行.
[ 2019-09-05T21:06:57+08:00 ] /abcTest/index.php/Login/checkLogin | NOTIC: [8192] preg_replace(): The /e modifier is deprecated, use preg_replace_callback instead ThinkTemplate.class.php 第 406 行.
[ 2019-09-05T21:06:57+08:00 ] /abcTest/index.php/Login/checkLogin | NOTIC: [8192] preg_replace(): The /e modifier is deprecated, use preg_replace_callback instead ThinkTemplate.class.php 第 406 行.
[ 2019-09-05T21:06:57+08:00 ] /abcTest/index.php/Login/checkLogin | NOTIC: [8192] preg_replace(): The /e modifier is deprecated, use preg_replace_callback instead ThinkTemplate.class.php 第 406 行.
[ 2019-09-05T21:06:57+08:00 ] /abcTest/index.php/Login/checkLogin | NOTIC: [8192] preg_replace(): The /e modifier is deprecated, use preg_replace_callback instead ThinkTemplate.class.php 第 406 行.
[ 2019-09-05T21:06:57+08:00 ] /abcTest/index.php/Login/checkLogin | NOTIC: [8192] preg_replace(): The /e modifier is deprecated, use preg_replace_callback instead ThinkTemplate.class.php 第 406 行.
[ 2019-09-05T21:06:57+08:00 ] /abcTest/index.php/Login/checkLogin | NOTIC: [8192] preg_replace(): The /e modifier is deprecated, use preg_replace_callback instead ThinkTemplate.class.php 第 406 行.
[ 2019-09-05T21:06:57+08:00 ] /abcTest/index.php/Login/checkLogin | NOTIC: [8192] preg_replace(): The /e modifier is deprecated, use preg_replace_callback instead ThinkTemplate.class.php 第 402 行.
[ 2019-09-05T21:06:57+08:00 ] /abcTest/index.php/Login/checkLogin | NOTIC: [8192] preg_replace(): The /e modifier is deprecated, use preg_replace_callback instead ThinkTemplate.class.php 第 402 行.
[ 2019-09-05T21:06:57+08:00 ] /abcTest/index.php/Login/checkLogin | NOTIC: [8192] preg_replace(): The /e modifier is deprecated, use preg_replace_callback instead ThinkTemplate.class.php 第 402 行.
[ 2019-09-05T21:06:57+08:00 ] /abcTest/index.php/Login/checkLogin | NOTIC: [8192] preg_replace(): The /e modifier is deprecated, use preg_replace_callback instead ThinkTemplate.class.php 第 402 行.
[ 2019-09-05T21:06:57+08:00 ] /abcTest/index.php/Login/checkLogin | NOTIC: [8192] preg_replace(): The /e modifier is deprecated, use preg_replace_callback instead ThinkTemplate.class.php 第 402 行.
[ 2019-09-05T21:06:57+08:00 ] /abcTest/index.php/Login/checkLogin | NOTIC: [8192] preg_replace(): The /e modifier is deprecated, use preg_replace_callback instead ThinkTemplate.class.php 第 402 行.
[ 2019-09-05T21:06:57+08:00 ] /abcTest/index.php/Login/checkLogin | NOTIC: [8192] preg_replace(): The /e modifier is deprecated, use preg_replace_callback instead ThinkTemplate.class.php 第 406 行.
[ 2019-09-05T21:06:57+08:00 ] /abcTest/index.php/Login/checkLogin | NOTIC: [8192] preg_replace(): The /e modifier is deprecated, use preg_replace_callback instead ThinkTemplate.class.php 第 406 行.
[ 2019-09-05T21:06:57+08:00 ] /abcTest/index.php/Login/checkLogin | NOTIC: [8192] preg_replace(): The /e modifier is deprecated, use preg_replace_callback instead ThinkTemplate.class.php 第 406 行.
[ 2019-09-05T21:06:57+08:00 ] /abcTest/index.php/Login/checkLogin | NOTIC: [8192] preg_replace(): The /e modifier is deprecated, use preg_replace_callback instead ThinkTemplate.class.php 第 220 行.
[ 2019-09-05T21:06:57+08:00 ] /abcTest/index.php/Login/checkLogin | NOTIC: [8192] preg_replace(): The /e modifier is deprecated, use preg_replace_callback instead ThinkTemplate.class.php 第 154 行.
[ 2019-09-05T21:06:57+08:00 ] /abcTest/index.php/Login/checkLogin | INFO: Run ParseTemplate Behavior [ RunTime:0.060922s ]
[ 2019-09-05T21:06:57+08:00 ] /abcTest/index.php/Login/checkLogin | INFO: Tag[ view_parse ] --END-- [ RunTime:0.061450s ]
[ 2019-09-05T21:06:57+08:00 ] /abcTest/index.php/Login/checkLogin | INFO: Tag[ view_filter ] --START--
[ 2019-09-05T21:06:57+08:00 ] /abcTest/index.php/Login/checkLogin | INFO: Run ContentReplace Behavior [ RunTime:0.002131s ]
[ 2019-09-05T21:06:57+08:00 ] /abcTest/index.php/Login/checkLogin | INFO: Run TokenBuild Behavior [ RunTime:0.003114s ]
[ 2019-09-05T21:06:57+08:00 ] /abcTest/index.php/Login/checkLogin | INFO: Run WriteHtmlCache Behavior [ RunTime:0.001898s ]
[ 2019-09-05T21:06:57+08:00 ] /abcTest/index.php/Login/checkLogin | INFO: Run ShowRuntime Behavior [ RunTime:0.002809s ]
[ 2019-09-05T21:06:57+08:00 ] /abcTest/index.php/Login/checkLogin | INFO: Tag[ view_filter ] --END-- [ RunTime:0.011246s ]
[ 2019-09-05T21:06:57+08:00 ] /abcTest/index.php/Login/checkLogin | INFO: Tag[ view_end ] --START--
[ 2019-09-05T21:06:57+08:00 ] /abcTest/index.php/Login/checkLogin | INFO: Run ShowPageTrace Behavior [ RunTime:0.002140s ]
[ 2019-09-05T21:06:57+08:00 ] /abcTest/index.php/Login/checkLogin | INFO: Tag[ view_end ] --END-- [ RunTime:0.002566s ]
[ 2019-09-05T21:06:57+08:00 ] /abcTest/index.php/Login/checkLogin | NOTIC: [8] Use of undefined constant adminUserId - assumed 'adminUserId' LoginAction.class.php 第 47 行.
