[ 2020-02-06T09:17:45+08:00 ] /abcTest/index.php/Login/index | INFO: Tag[ route_check ] --START--
[ 2020-02-06T09:17:45+08:00 ] /abcTest/index.php/Login/index | INFO: Run CheckRoute Behavior [ RunTime:0.028634s ]
[ 2020-02-06T09:17:45+08:00 ] /abcTest/index.php/Login/index | INFO: Tag[ route_check ] --END-- [ RunTime:0.094785s ]
[ 2020-02-06T09:17:46+08:00 ] /abcTest/index.php/Login/index | NOTIC: [8192] preg_replace(): The /e modifier is deprecated, use preg_replace_callback instead Dispatcher.class.php 第 125 行.
[ 2020-02-06T09:17:46+08:00 ] /abcTest/index.php/Login/index | INFO: Tag[ app_begin ] --START--
[ 2020-02-06T09:17:46+08:00 ] /abcTest/index.php/Login/index | INFO: Run ReadHtmlCache Behavior [ RunTime:0.025517s ]
[ 2020-02-06T09:17:46+08:00 ] /abcTest/index.php/Login/index | INFO: Tag[ app_begin ] --END-- [ RunTime:0.025771s ]
[ 2020-02-06T09:17:46+08:00 ] /abcTest/index.php/Login/index | INFO: Tag[ view_template ] --START--
[ 2020-02-06T09:17:46+08:00 ] /abcTest/index.php/Login/index | INFO: Run LocationTemplate Behavior [ RunTime:0.001832s ]
[ 2020-02-06T09:17:46+08:00 ] /abcTest/index.php/Login/index | INFO: Tag[ view_template ] --END-- [ RunTime:0.002063s ]
[ 2020-02-06T09:17:46+08:00 ] /abcTest/index.php/Login/index | INFO: Tag[ view_parse ] --START--
[ 2020-02-06T09:17:46+08:00 ] /abcTest/index.php/Login/index | NOTIC: [8192] preg_replace(): The /e modifier is deprecated, use preg_replace_callback instead ThinkTemplate.class.php 第 186 行.
[ 2020-02-06T09:17:46+08:00 ] /abcTest/index.php/Login/index | NOTIC: [8192] preg_replace(): The /e modifier is deprecated, use preg_replace_callback instead ThinkTemplate.class.php 第 406 行.
[ 2020-02-06T09:17:46+08:00 ] /abcTest/index.php/Login/index | NOTIC: [8192] preg_replace(): The /e modifier is deprecated, use preg_replace_callback instead ThinkTemplate.class.php 第 406 行.
[ 2020-02-06T09:17:46+08:00 ] /abcTest/index.php/Login/index | NOTIC: [8192] preg_replace(): The /e modifier is deprecated, use preg_replace_callback instead ThinkTemplate.class.php 第 406 行.
[ 2020-02-06T09:17:46+08:00 ] /abcTest/index.php/Login/index | NOTIC: [8192] preg_replace(): The /e modifier is deprecated, use preg_replace_callback instead ThinkTemplate.class.php 第 406 行.
[ 2020-02-06T09:17:46+08:00 ] /abcTest/index.php/Login/index | NOTIC: [8192] preg_replace(): The /e modifier is deprecated, use preg_replace_callback instead ThinkTemplate.class.php 第 406 行.
[ 2020-02-06T09:17:46+08:00 ] /abcTest/index.php/Login/index | NOTIC: [8192] preg_replace(): The /e modifier is deprecated, use preg_replace_callback instead ThinkTemplate.class.php 第 406 行.
[ 2020-02-06T09:17:46+08:00 ] /abcTest/index.php/Login/index | NOTIC: [8192] preg_replace(): The /e modifier is deprecated, use preg_replace_callback instead ThinkTemplate.class.php 第 406 行.
[ 2020-02-06T09:17:46+08:00 ] /abcTest/index.php/Login/index | NOTIC: [8192] preg_replace(): The /e modifier is deprecated, use preg_replace_callback instead ThinkTemplate.class.php 第 406 行.
[ 2020-02-06T09:17:46+08:00 ] /abcTest/index.php/Login/index | NOTIC: [8192] preg_replace(): The /e modifier is deprecated, use preg_replace_callback instead ThinkTemplate.class.php 第 406 行.
[ 2020-02-06T09:17:46+08:00 ] /abcTest/index.php/Login/index | NOTIC: [8192] preg_replace(): The /e modifier is deprecated, use preg_replace_callback instead ThinkTemplate.class.php 第 402 行.
[ 2020-02-06T09:17:46+08:00 ] /abcTest/index.php/Login/index | NOTIC: [8192] preg_replace(): The /e modifier is deprecated, use preg_replace_callback instead ThinkTemplate.class.php 第 402 行.
[ 2020-02-06T09:17:46+08:00 ] /abcTest/index.php/Login/index | NOTIC: [8192] preg_replace(): The /e modifier is deprecated, use preg_replace_callback instead ThinkTemplate.class.php 第 406 行.
[ 2020-02-06T09:17:46+08:00 ] /abcTest/index.php/Login/index | NOTIC: [8192] preg_replace(): The /e modifier is deprecated, use preg_replace_callback instead ThinkTemplate.class.php 第 406 行.
[ 2020-02-06T09:17:46+08:00 ] /abcTest/index.php/Login/index | NOTIC: [8192] preg_replace(): The /e modifier is deprecated, use preg_replace_callback instead ThinkTemplate.class.php 第 406 行.
[ 2020-02-06T09:17:46+08:00 ] /abcTest/index.php/Login/index | NOTIC: [8192] preg_replace(): The /e modifier is deprecated, use preg_replace_callback instead ThinkTemplate.class.php 第 402 行.
[ 2020-02-06T09:17:46+08:00 ] /abcTest/index.php/Login/index | NOTIC: [8192] preg_replace(): The /e modifier is deprecated, use preg_replace_callback instead ThinkTemplate.class.php 第 406 行.
[ 2020-02-06T09:17:46+08:00 ] /abcTest/index.php/Login/index | NOTIC: [8192] preg_replace(): The /e modifier is deprecated, use preg_replace_callback instead ThinkTemplate.class.php 第 406 行.
[ 2020-02-06T09:17:46+08:00 ] /abcTest/index.php/Login/index | NOTIC: [8192] preg_replace(): The /e modifier is deprecated, use preg_replace_callback instead ThinkTemplate.class.php 第 406 行.
[ 2020-02-06T09:17:46+08:00 ] /abcTest/index.php/Login/index | NOTIC: [8192] preg_replace(): The /e modifier is deprecated, use preg_replace_callback instead ThinkTemplate.class.php 第 406 行.
[ 2020-02-06T09:17:46+08:00 ] /abcTest/index.php/Login/index | NOTIC: [8192] preg_replace(): The /e modifier is deprecated, use preg_replace_callback instead ThinkTemplate.class.php 第 406 行.
[ 2020-02-06T09:17:46+08:00 ] /abcTest/index.php/Login/index | NOTIC: [8192] preg_replace(): The /e modifier is deprecated, use preg_replace_callback instead ThinkTemplate.class.php 第 406 行.
[ 2020-02-06T09:17:46+08:00 ] /abcTest/index.php/Login/index | NOTIC: [8192] preg_replace(): The /e modifier is deprecated, use preg_replace_callback instead ThinkTemplate.class.php 第 406 行.
[ 2020-02-06T09:17:46+08:00 ] /abcTest/index.php/Login/index | NOTIC: [8192] preg_replace(): The /e modifier is deprecated, use preg_replace_callback instead ThinkTemplate.class.php 第 406 行.
[ 2020-02-06T09:17:46+08:00 ] /abcTest/index.php/Login/index | NOTIC: [8192] preg_replace(): The /e modifier is deprecated, use preg_replace_callback instead ThinkTemplate.class.php 第 406 行.
[ 2020-02-06T09:17:46+08:00 ] /abcTest/index.php/Login/index | NOTIC: [8192] preg_replace(): The /e modifier is deprecated, use preg_replace_callback instead ThinkTemplate.class.php 第 406 行.
[ 2020-02-06T09:17:46+08:00 ] /abcTest/index.php/Login/index | NOTIC: [8192] preg_replace(): The /e modifier is deprecated, use preg_replace_callback instead ThinkTemplate.class.php 第 406 行.
[ 2020-02-06T09:17:46+08:00 ] /abcTest/index.php/Login/index | NOTIC: [8192] preg_replace(): The /e modifier is deprecated, use preg_replace_callback instead ThinkTemplate.class.php 第 406 行.
[ 2020-02-06T09:17:46+08:00 ] /abcTest/index.php/Login/index | NOTIC: [8192] preg_replace(): The /e modifier is deprecated, use preg_replace_callback instead ThinkTemplate.class.php 第 406 行.
[ 2020-02-06T09:17:46+08:00 ] /abcTest/index.php/Login/index | NOTIC: [8192] preg_replace(): The /e modifier is deprecated, use preg_replace_callback instead ThinkTemplate.class.php 第 406 行.
[ 2020-02-06T09:17:46+08:00 ] /abcTest/index.php/Login/index | NOTIC: [8192] preg_replace(): The /e modifier is deprecated, use preg_replace_callback instead ThinkTemplate.class.php 第 406 行.
[ 2020-02-06T09:17:46+08:00 ] /abcTest/index.php/Login/index | NOTIC: [8192] preg_replace(): The /e modifier is deprecated, use preg_replace_callback instead ThinkTemplate.class.php 第 406 行.
[ 2020-02-06T09:17:46+08:00 ] /abcTest/index.php/Login/index | NOTIC: [8192] preg_replace(): The /e modifier is deprecated, use preg_replace_callback instead ThinkTemplate.class.php 第 406 行.
[ 2020-02-06T09:17:46+08:00 ] /abcTest/index.php/Login/index | NOTIC: [8192] preg_replace(): The /e modifier is deprecated, use preg_replace_callback instead ThinkTemplate.class.php 第 406 行.
[ 2020-02-06T09:17:46+08:00 ] /abcTest/index.php/Login/index | NOTIC: [8192] preg_replace(): The /e modifier is deprecated, use preg_replace_callback instead ThinkTemplate.class.php 第 406 行.
[ 2020-02-06T09:17:46+08:00 ] /abcTest/index.php/Login/index | NOTIC: [8192] preg_replace(): The /e modifier is deprecated, use preg_replace_callback instead ThinkTemplate.class.php 第 406 行.
[ 2020-02-06T09:17:46+08:00 ] /abcTest/index.php/Login/index | NOTIC: [8192] preg_replace(): The /e modifier is deprecated, use preg_replace_callback instead ThinkTemplate.class.php 第 406 行.
[ 2020-02-06T09:17:46+08:00 ] /abcTest/index.php/Login/index | NOTIC: [8192] preg_replace(): The /e modifier is deprecated, use preg_replace_callback instead ThinkTemplate.class.php 第 406 行.
[ 2020-02-06T09:17:46+08:00 ] /abcTest/index.php/Login/index | NOTIC: [8192] preg_replace(): The /e modifier is deprecated, use preg_replace_callback instead ThinkTemplate.class.php 第 406 行.
[ 2020-02-06T09:17:46+08:00 ] /abcTest/index.php/Login/index | NOTIC: [8192] preg_replace(): The /e modifier is deprecated, use preg_replace_callback instead ThinkTemplate.class.php 第 406 行.
[ 2020-02-06T09:17:46+08:00 ] /abcTest/index.php/Login/index | NOTIC: [8192] preg_replace(): The /e modifier is deprecated, use preg_replace_callback instead ThinkTemplate.class.php 第 406 行.
[ 2020-02-06T09:17:46+08:00 ] /abcTest/index.php/Login/index | NOTIC: [8192] preg_replace(): The /e modifier is deprecated, use preg_replace_callback instead ThinkTemplate.class.php 第 406 行.
[ 2020-02-06T09:17:46+08:00 ] /abcTest/index.php/Login/index | NOTIC: [8192] preg_replace(): The /e modifier is deprecated, use preg_replace_callback instead ThinkTemplate.class.php 第 406 行.
[ 2020-02-06T09:17:46+08:00 ] /abcTest/index.php/Login/index | NOTIC: [8192] preg_replace(): The /e modifier is deprecated, use preg_replace_callback instead ThinkTemplate.class.php 第 406 行.
[ 2020-02-06T09:17:46+08:00 ] /abcTest/index.php/Login/index | NOTIC: [8192] preg_replace(): The /e modifier is deprecated, use preg_replace_callback instead ThinkTemplate.class.php 第 406 行.
[ 2020-02-06T09:17:46+08:00 ] /abcTest/index.php/Login/index | NOTIC: [8192] preg_replace(): The /e modifier is deprecated, use preg_replace_callback instead ThinkTemplate.class.php 第 406 行.
[ 2020-02-06T09:17:46+08:00 ] /abcTest/index.php/Login/index | NOTIC: [8192] preg_replace(): The /e modifier is deprecated, use preg_replace_callback instead ThinkTemplate.class.php 第 406 行.
[ 2020-02-06T09:17:46+08:00 ] /abcTest/index.php/Login/index | NOTIC: [8192] preg_replace(): The /e modifier is deprecated, use preg_replace_callback instead ThinkTemplate.class.php 第 406 行.
[ 2020-02-06T09:17:46+08:00 ] /abcTest/index.php/Login/index | NOTIC: [8192] preg_replace(): The /e modifier is deprecated, use preg_replace_callback instead ThinkTemplate.class.php 第 406 行.
[ 2020-02-06T09:17:46+08:00 ] /abcTest/index.php/Login/index | NOTIC: [8192] preg_replace(): The /e modifier is deprecated, use preg_replace_callback instead ThinkTemplate.class.php 第 406 行.
[ 2020-02-06T09:17:46+08:00 ] /abcTest/index.php/Login/index | NOTIC: [8192] preg_replace(): The /e modifier is deprecated, use preg_replace_callback instead ThinkTemplate.class.php 第 406 行.
[ 2020-02-06T09:17:46+08:00 ] /abcTest/index.php/Login/index | NOTIC: [8192] preg_replace(): The /e modifier is deprecated, use preg_replace_callback instead ThinkTemplate.class.php 第 406 行.
[ 2020-02-06T09:17:46+08:00 ] /abcTest/index.php/Login/index | NOTIC: [8192] preg_replace(): The /e modifier is deprecated, use preg_replace_callback instead ThinkTemplate.class.php 第 406 行.
[ 2020-02-06T09:17:46+08:00 ] /abcTest/index.php/Login/index | NOTIC: [8192] preg_replace(): The /e modifier is deprecated, use preg_replace_callback instead ThinkTemplate.class.php 第 406 行.
[ 2020-02-06T09:17:46+08:00 ] /abcTest/index.php/Login/index | NOTIC: [8192] preg_replace(): The /e modifier is deprecated, use preg_replace_callback instead ThinkTemplate.class.php 第 406 行.
[ 2020-02-06T09:17:46+08:00 ] /abcTest/index.php/Login/index | NOTIC: [8192] preg_replace(): The /e modifier is deprecated, use preg_replace_callback instead ThinkTemplate.class.php 第 406 行.
[ 2020-02-06T09:17:46+08:00 ] /abcTest/index.php/Login/index | NOTIC: [8192] preg_replace(): The /e modifier is deprecated, use preg_replace_callback instead ThinkTemplate.class.php 第 406 行.
[ 2020-02-06T09:17:46+08:00 ] /abcTest/index.php/Login/index | NOTIC: [8192] preg_replace(): The /e modifier is deprecated, use preg_replace_callback instead ThinkTemplate.class.php 第 406 行.
[ 2020-02-06T09:17:46+08:00 ] /abcTest/index.php/Login/index | NOTIC: [8192] preg_replace(): The /e modifier is deprecated, use preg_replace_callback instead ThinkTemplate.class.php 第 406 行.
[ 2020-02-06T09:17:46+08:00 ] /abcTest/index.php/Login/index | NOTIC: [8192] preg_replace(): The /e modifier is deprecated, use preg_replace_callback instead ThinkTemplate.class.php 第 406 行.
[ 2020-02-06T09:17:46+08:00 ] /abcTest/index.php/Login/index | NOTIC: [8192] preg_replace(): The /e modifier is deprecated, use preg_replace_callback instead ThinkTemplate.class.php 第 406 行.
[ 2020-02-06T09:17:46+08:00 ] /abcTest/index.php/Login/index | NOTIC: [8192] preg_replace(): The /e modifier is deprecated, use preg_replace_callback instead ThinkTemplate.class.php 第 406 行.
[ 2020-02-06T09:17:46+08:00 ] /abcTest/index.php/Login/index | NOTIC: [8192] preg_replace(): The /e modifier is deprecated, use preg_replace_callback instead ThinkTemplate.class.php 第 406 行.
[ 2020-02-06T09:17:46+08:00 ] /abcTest/index.php/Login/index | NOTIC: [8192] preg_replace(): The /e modifier is deprecated, use preg_replace_callback instead ThinkTemplate.class.php 第 406 行.
[ 2020-02-06T09:17:46+08:00 ] /abcTest/index.php/Login/index | NOTIC: [8192] preg_replace(): The /e modifier is deprecated, use preg_replace_callback instead ThinkTemplate.class.php 第 406 行.
[ 2020-02-06T09:17:46+08:00 ] /abcTest/index.php/Login/index | NOTIC: [8192] preg_replace(): The /e modifier is deprecated, use preg_replace_callback instead ThinkTemplate.class.php 第 406 行.
[ 2020-02-06T09:17:46+08:00 ] /abcTest/index.php/Login/index | NOTIC: [8192] preg_replace(): The /e modifier is deprecated, use preg_replace_callback instead ThinkTemplate.class.php 第 406 行.
[ 2020-02-06T09:17:46+08:00 ] /abcTest/index.php/Login/index | NOTIC: [8192] preg_replace(): The /e modifier is deprecated, use preg_replace_callback instead ThinkTemplate.class.php 第 406 行.
[ 2020-02-06T09:17:46+08:00 ] /abcTest/index.php/Login/index | NOTIC: [8192] preg_replace(): The /e modifier is deprecated, use preg_replace_callback instead ThinkTemplate.class.php 第 406 行.
[ 2020-02-06T09:17:46+08:00 ] /abcTest/index.php/Login/index | NOTIC: [8192] preg_replace(): The /e modifier is deprecated, use preg_replace_callback instead ThinkTemplate.class.php 第 406 行.
[ 2020-02-06T09:17:46+08:00 ] /abcTest/index.php/Login/index | NOTIC: [8192] preg_replace(): The /e modifier is deprecated, use preg_replace_callback instead ThinkTemplate.class.php 第 406 行.
[ 2020-02-06T09:17:46+08:00 ] /abcTest/index.php/Login/index | NOTIC: [8192] preg_replace(): The /e modifier is deprecated, use preg_replace_callback instead ThinkTemplate.class.php 第 406 行.
[ 2020-02-06T09:17:46+08:00 ] /abcTest/index.php/Login/index | NOTIC: [8192] preg_replace(): The /e modifier is deprecated, use preg_replace_callback instead ThinkTemplate.class.php 第 406 行.
[ 2020-02-06T09:17:46+08:00 ] /abcTest/index.php/Login/index | NOTIC: [8192] preg_replace(): The /e modifier is deprecated, use preg_replace_callback instead ThinkTemplate.class.php 第 406 行.
[ 2020-02-06T09:17:46+08:00 ] /abcTest/index.php/Login/index | NOTIC: [8192] preg_replace(): The /e modifier is deprecated, use preg_replace_callback instead ThinkTemplate.class.php 第 406 行.
[ 2020-02-06T09:17:46+08:00 ] /abcTest/index.php/Login/index | NOTIC: [8192] preg_replace(): The /e modifier is deprecated, use preg_replace_callback instead ThinkTemplate.class.php 第 406 行.
[ 2020-02-06T09:17:46+08:00 ] /abcTest/index.php/Login/index | NOTIC: [8192] preg_replace(): The /e modifier is deprecated, use preg_replace_callback instead ThinkTemplate.class.php 第 406 行.
[ 2020-02-06T09:17:46+08:00 ] /abcTest/index.php/Login/index | NOTIC: [8192] preg_replace(): The /e modifier is deprecated, use preg_replace_callback instead ThinkTemplate.class.php 第 406 行.
[ 2020-02-06T09:17:46+08:00 ] /abcTest/index.php/Login/index | NOTIC: [8192] preg_replace(): The /e modifier is deprecated, use preg_replace_callback instead ThinkTemplate.class.php 第 406 行.
[ 2020-02-06T09:17:46+08:00 ] /abcTest/index.php/Login/index | NOTIC: [8192] preg_replace(): The /e modifier is deprecated, use preg_replace_callback instead ThinkTemplate.class.php 第 406 行.
[ 2020-02-06T09:17:46+08:00 ] /abcTest/index.php/Login/index | NOTIC: [8192] preg_replace(): The /e modifier is deprecated, use preg_replace_callback instead ThinkTemplate.class.php 第 406 行.
[ 2020-02-06T09:17:46+08:00 ] /abcTest/index.php/Login/index | NOTIC: [8192] preg_replace(): The /e modifier is deprecated, use preg_replace_callback instead ThinkTemplate.class.php 第 406 行.
[ 2020-02-06T09:17:46+08:00 ] /abcTest/index.php/Login/index | NOTIC: [8192] preg_replace(): The /e modifier is deprecated, use preg_replace_callback instead ThinkTemplate.class.php 第 402 行.
[ 2020-02-06T09:17:46+08:00 ] /abcTest/index.php/Login/index | NOTIC: [8192] preg_replace(): The /e modifier is deprecated, use preg_replace_callback instead ThinkTemplate.class.php 第 402 行.
[ 2020-02-06T09:17:46+08:00 ] /abcTest/index.php/Login/index | NOTIC: [8192] preg_replace(): The /e modifier is deprecated, use preg_replace_callback instead ThinkTemplate.class.php 第 402 行.
[ 2020-02-06T09:17:46+08:00 ] /abcTest/index.php/Login/index | NOTIC: [8192] preg_replace(): The /e modifier is deprecated, use preg_replace_callback instead ThinkTemplate.class.php 第 402 行.
[ 2020-02-06T09:17:46+08:00 ] /abcTest/index.php/Login/index | NOTIC: [8192] preg_replace(): The /e modifier is deprecated, use preg_replace_callback instead ThinkTemplate.class.php 第 402 行.
[ 2020-02-06T09:17:46+08:00 ] /abcTest/index.php/Login/index | NOTIC: [8192] preg_replace(): The /e modifier is deprecated, use preg_replace_callback instead ThinkTemplate.class.php 第 402 行.
[ 2020-02-06T09:17:46+08:00 ] /abcTest/index.php/Login/index | NOTIC: [8192] preg_replace(): The /e modifier is deprecated, use preg_replace_callback instead ThinkTemplate.class.php 第 406 行.
[ 2020-02-06T09:17:46+08:00 ] /abcTest/index.php/Login/index | NOTIC: [8192] preg_replace(): The /e modifier is deprecated, use preg_replace_callback instead ThinkTemplate.class.php 第 406 行.
[ 2020-02-06T09:17:46+08:00 ] /abcTest/index.php/Login/index | NOTIC: [8192] preg_replace(): The /e modifier is deprecated, use preg_replace_callback instead ThinkTemplate.class.php 第 406 行.
[ 2020-02-06T09:17:46+08:00 ] /abcTest/index.php/Login/index | NOTIC: [8192] preg_replace(): The /e modifier is deprecated, use preg_replace_callback instead ThinkTemplate.class.php 第 220 行.
[ 2020-02-06T09:17:46+08:00 ] /abcTest/index.php/Login/index | NOTIC: [8192] preg_replace(): The /e modifier is deprecated, use preg_replace_callback instead ThinkTemplate.class.php 第 154 行.
[ 2020-02-06T09:17:46+08:00 ] /abcTest/index.php/Login/index | INFO: Run ParseTemplate Behavior [ RunTime:0.055641s ]
[ 2020-02-06T09:17:46+08:00 ] /abcTest/index.php/Login/index | INFO: Tag[ view_parse ] --END-- [ RunTime:0.055884s ]
[ 2020-02-06T09:17:46+08:00 ] /abcTest/index.php/Login/index | INFO: Tag[ view_filter ] --START--
[ 2020-02-06T09:17:46+08:00 ] /abcTest/index.php/Login/index | INFO: Run ContentReplace Behavior [ RunTime:0.134740s ]
[ 2020-02-06T09:17:46+08:00 ] /abcTest/index.php/Login/index | INFO: Run TokenBuild Behavior [ RunTime:0.030856s ]
[ 2020-02-06T09:17:46+08:00 ] /abcTest/index.php/Login/index | INFO: Run WriteHtmlCache Behavior [ RunTime:0.001362s ]
[ 2020-02-06T09:17:46+08:00 ] /abcTest/index.php/Login/index | INFO: Run ShowRuntime Behavior [ RunTime:0.029153s ]
[ 2020-02-06T09:17:46+08:00 ] /abcTest/index.php/Login/index | INFO: Tag[ view_filter ] --END-- [ RunTime:0.197026s ]
[ 2020-02-06T09:17:46+08:00 ] /abcTest/index.php/Login/index | INFO: Tag[ view_end ] --START--
[ 2020-02-06T09:17:46+08:00 ] /abcTest/index.php/Login/index | INFO: Run ShowPageTrace Behavior [ RunTime:0.032202s ]
[ 2020-02-06T09:17:46+08:00 ] /abcTest/index.php/Login/index | INFO: Tag[ view_end ] --END-- [ RunTime:0.032496s ]
[ 2020-02-06T09:17:56+08:00 ] /abcTest/index.php/Login/checkLogin | INFO: Tag[ route_check ] --START--
[ 2020-02-06T09:17:56+08:00 ] /abcTest/index.php/Login/checkLogin | INFO: Run CheckRoute Behavior [ RunTime:0.001759s ]
[ 2020-02-06T09:17:56+08:00 ] /abcTest/index.php/Login/checkLogin | INFO: Tag[ route_check ] --END-- [ RunTime:0.002109s ]
[ 2020-02-06T09:17:56+08:00 ] /abcTest/index.php/Login/checkLogin | NOTIC: [8192] preg_replace(): The /e modifier is deprecated, use preg_replace_callback instead Dispatcher.class.php 第 125 行.
[ 2020-02-06T09:17:56+08:00 ] /abcTest/index.php/Login/checkLogin | INFO: Tag[ app_begin ] --START--
[ 2020-02-06T09:17:56+08:00 ] /abcTest/index.php/Login/checkLogin | INFO: Run ReadHtmlCache Behavior [ RunTime:0.001569s ]
[ 2020-02-06T09:17:56+08:00 ] /abcTest/index.php/Login/checkLogin | INFO: Tag[ app_begin ] --END-- [ RunTime:0.001798s ]
[ 2020-02-06T09:17:57+08:00 ] /abcTest/index.php/Login/checkLogin | NOTIC: [8192] mysql_connect(): The mysql extension is deprecated and will be removed in the future: use mysqli or PDO instead DbMysql.class.php 第 67 行.
[ 2020-02-06T09:17:57+08:00 ] /abcTest/index.php/Login/checkLogin | SQL: SHOW COLUMNS FROM `t_admin` [ RunTime:0.028969s ]
[ 2020-02-06T09:17:57+08:00 ] /abcTest/index.php/Login/checkLogin | NOTIC: [8192] preg_replace(): The /e modifier is deprecated, use preg_replace_callback instead Db.class.php 第 660 行.
[ 2020-02-06T09:17:57+08:00 ] /abcTest/index.php/Login/checkLogin | SQL: SELECT * FROM `t_admin` WHERE adminID ='admin' LIMIT 1   [ RunTime:0.001704s ]
[ 2020-02-06T09:17:57+08:00 ] /abcTest/index.php/Login/checkLogin | INFO: Tag[ view_template ] --START--
[ 2020-02-06T09:17:57+08:00 ] /abcTest/index.php/Login/checkLogin | INFO: Run LocationTemplate Behavior [ RunTime:0.002584s ]
[ 2020-02-06T09:17:57+08:00 ] /abcTest/index.php/Login/checkLogin | INFO: Tag[ view_template ] --END-- [ RunTime:0.003026s ]
[ 2020-02-06T09:17:57+08:00 ] /abcTest/index.php/Login/checkLogin | INFO: Tag[ view_parse ] --START--
[ 2020-02-06T09:17:57+08:00 ] /abcTest/index.php/Login/checkLogin | NOTIC: [8192] preg_replace(): The /e modifier is deprecated, use preg_replace_callback instead ThinkTemplate.class.php 第 186 行.
[ 2020-02-06T09:17:57+08:00 ] /abcTest/index.php/Login/checkLogin | NOTIC: [8192] preg_replace(): The /e modifier is deprecated, use preg_replace_callback instead ThinkTemplate.class.php 第 406 行.
[ 2020-02-06T09:17:57+08:00 ] /abcTest/index.php/Login/checkLogin | NOTIC: [8192] preg_replace(): The /e modifier is deprecated, use preg_replace_callback instead ThinkTemplate.class.php 第 406 行.
[ 2020-02-06T09:17:57+08:00 ] /abcTest/index.php/Login/checkLogin | NOTIC: [8192] preg_replace(): The /e modifier is deprecated, use preg_replace_callback instead ThinkTemplate.class.php 第 406 行.
[ 2020-02-06T09:17:57+08:00 ] /abcTest/index.php/Login/checkLogin | NOTIC: [8192] preg_replace(): The /e modifier is deprecated, use preg_replace_callback instead ThinkTemplate.class.php 第 406 行.
[ 2020-02-06T09:17:57+08:00 ] /abcTest/index.php/Login/checkLogin | NOTIC: [8192] preg_replace(): The /e modifier is deprecated, use preg_replace_callback instead ThinkTemplate.class.php 第 406 行.
[ 2020-02-06T09:17:57+08:00 ] /abcTest/index.php/Login/checkLogin | NOTIC: [8192] preg_replace(): The /e modifier is deprecated, use preg_replace_callback instead ThinkTemplate.class.php 第 406 行.
[ 2020-02-06T09:17:57+08:00 ] /abcTest/index.php/Login/checkLogin | NOTIC: [8192] preg_replace(): The /e modifier is deprecated, use preg_replace_callback instead ThinkTemplate.class.php 第 406 行.
[ 2020-02-06T09:17:57+08:00 ] /abcTest/index.php/Login/checkLogin | NOTIC: [8192] preg_replace(): The /e modifier is deprecated, use preg_replace_callback instead ThinkTemplate.class.php 第 406 行.
[ 2020-02-06T09:17:57+08:00 ] /abcTest/index.php/Login/checkLogin | NOTIC: [8192] preg_replace(): The /e modifier is deprecated, use preg_replace_callback instead ThinkTemplate.class.php 第 406 行.
[ 2020-02-06T09:17:57+08:00 ] /abcTest/index.php/Login/checkLogin | NOTIC: [8192] preg_replace(): The /e modifier is deprecated, use preg_replace_callback instead ThinkTemplate.class.php 第 402 行.
[ 2020-02-06T09:17:57+08:00 ] /abcTest/index.php/Login/checkLogin | NOTIC: [8192] preg_replace(): The /e modifier is deprecated, use preg_replace_callback instead ThinkTemplate.class.php 第 402 行.
[ 2020-02-06T09:17:57+08:00 ] /abcTest/index.php/Login/checkLogin | NOTIC: [8192] preg_replace(): The /e modifier is deprecated, use preg_replace_callback instead ThinkTemplate.class.php 第 406 行.
[ 2020-02-06T09:17:57+08:00 ] /abcTest/index.php/Login/checkLogin | NOTIC: [8192] preg_replace(): The /e modifier is deprecated, use preg_replace_callback instead ThinkTemplate.class.php 第 406 行.
[ 2020-02-06T09:17:57+08:00 ] /abcTest/index.php/Login/checkLogin | NOTIC: [8192] preg_replace(): The /e modifier is deprecated, use preg_replace_callback instead ThinkTemplate.class.php 第 406 行.
[ 2020-02-06T09:17:57+08:00 ] /abcTest/index.php/Login/checkLogin | NOTIC: [8192] preg_replace(): The /e modifier is deprecated, use preg_replace_callback instead ThinkTemplate.class.php 第 402 行.
[ 2020-02-06T09:17:57+08:00 ] /abcTest/index.php/Login/checkLogin | NOTIC: [8192] preg_replace(): The /e modifier is deprecated, use preg_replace_callback instead ThinkTemplate.class.php 第 406 行.
[ 2020-02-06T09:17:57+08:00 ] /abcTest/index.php/Login/checkLogin | NOTIC: [8192] preg_replace(): The /e modifier is deprecated, use preg_replace_callback instead ThinkTemplate.class.php 第 406 行.
[ 2020-02-06T09:17:57+08:00 ] /abcTest/index.php/Login/checkLogin | NOTIC: [8192] preg_replace(): The /e modifier is deprecated, use preg_replace_callback instead ThinkTemplate.class.php 第 406 行.
[ 2020-02-06T09:17:57+08:00 ] /abcTest/index.php/Login/checkLogin | NOTIC: [8192] preg_replace(): The /e modifier is deprecated, use preg_replace_callback instead ThinkTemplate.class.php 第 406 行.
[ 2020-02-06T09:17:57+08:00 ] /abcTest/index.php/Login/checkLogin | NOTIC: [8192] preg_replace(): The /e modifier is deprecated, use preg_replace_callback instead ThinkTemplate.class.php 第 406 行.
[ 2020-02-06T09:17:57+08:00 ] /abcTest/index.php/Login/checkLogin | NOTIC: [8192] preg_replace(): The /e modifier is deprecated, use preg_replace_callback instead ThinkTemplate.class.php 第 406 行.
[ 2020-02-06T09:17:57+08:00 ] /abcTest/index.php/Login/checkLogin | NOTIC: [8192] preg_replace(): The /e modifier is deprecated, use preg_replace_callback instead ThinkTemplate.class.php 第 406 行.
[ 2020-02-06T09:17:57+08:00 ] /abcTest/index.php/Login/checkLogin | NOTIC: [8192] preg_replace(): The /e modifier is deprecated, use preg_replace_callback instead ThinkTemplate.class.php 第 406 行.
[ 2020-02-06T09:17:57+08:00 ] /abcTest/index.php/Login/checkLogin | NOTIC: [8192] preg_replace(): The /e modifier is deprecated, use preg_replace_callback instead ThinkTemplate.class.php 第 406 行.
[ 2020-02-06T09:17:57+08:00 ] /abcTest/index.php/Login/checkLogin | NOTIC: [8192] preg_replace(): The /e modifier is deprecated, use preg_replace_callback instead ThinkTemplate.class.php 第 406 行.
[ 2020-02-06T09:17:57+08:00 ] /abcTest/index.php/Login/checkLogin | NOTIC: [8192] preg_replace(): The /e modifier is deprecated, use preg_replace_callback instead ThinkTemplate.class.php 第 406 行.
[ 2020-02-06T09:17:57+08:00 ] /abcTest/index.php/Login/checkLogin | NOTIC: [8192] preg_replace(): The /e modifier is deprecated, use preg_replace_callback instead ThinkTemplate.class.php 第 406 行.
[ 2020-02-06T09:17:57+08:00 ] /abcTest/index.php/Login/checkLogin | NOTIC: [8192] preg_replace(): The /e modifier is deprecated, use preg_replace_callback instead ThinkTemplate.class.php 第 406 行.
[ 2020-02-06T09:17:57+08:00 ] /abcTest/index.php/Login/checkLogin | NOTIC: [8192] preg_replace(): The /e modifier is deprecated, use preg_replace_callback instead ThinkTemplate.class.php 第 406 行.
[ 2020-02-06T09:17:57+08:00 ] /abcTest/index.php/Login/checkLogin | NOTIC: [8192] preg_replace(): The /e modifier is deprecated, use preg_replace_callback instead ThinkTemplate.class.php 第 406 行.
[ 2020-02-06T09:17:57+08:00 ] /abcTest/index.php/Login/checkLogin | NOTIC: [8192] preg_replace(): The /e modifier is deprecated, use preg_replace_callback instead ThinkTemplate.class.php 第 406 行.
[ 2020-02-06T09:17:57+08:00 ] /abcTest/index.php/Login/checkLogin | NOTIC: [8192] preg_replace(): The /e modifier is deprecated, use preg_replace_callback instead ThinkTemplate.class.php 第 406 行.
[ 2020-02-06T09:17:57+08:00 ] /abcTest/index.php/Login/checkLogin | NOTIC: [8192] preg_replace(): The /e modifier is deprecated, use preg_replace_callback instead ThinkTemplate.class.php 第 406 行.
[ 2020-02-06T09:17:57+08:00 ] /abcTest/index.php/Login/checkLogin | NOTIC: [8192] preg_replace(): The /e modifier is deprecated, use preg_replace_callback instead ThinkTemplate.class.php 第 406 行.
[ 2020-02-06T09:17:57+08:00 ] /abcTest/index.php/Login/checkLogin | NOTIC: [8192] preg_replace(): The /e modifier is deprecated, use preg_replace_callback instead ThinkTemplate.class.php 第 406 行.
[ 2020-02-06T09:17:57+08:00 ] /abcTest/index.php/Login/checkLogin | NOTIC: [8192] preg_replace(): The /e modifier is deprecated, use preg_replace_callback instead ThinkTemplate.class.php 第 406 行.
[ 2020-02-06T09:17:57+08:00 ] /abcTest/index.php/Login/checkLogin | NOTIC: [8192] preg_replace(): The /e modifier is deprecated, use preg_replace_callback instead ThinkTemplate.class.php 第 406 行.
[ 2020-02-06T09:17:57+08:00 ] /abcTest/index.php/Login/checkLogin | NOTIC: [8192] preg_replace(): The /e modifier is deprecated, use preg_replace_callback instead ThinkTemplate.class.php 第 406 行.
[ 2020-02-06T09:17:57+08:00 ] /abcTest/index.php/Login/checkLogin | NOTIC: [8192] preg_replace(): The /e modifier is deprecated, use preg_replace_callback instead ThinkTemplate.class.php 第 406 行.
[ 2020-02-06T09:17:57+08:00 ] /abcTest/index.php/Login/checkLogin | NOTIC: [8192] preg_replace(): The /e modifier is deprecated, use preg_replace_callback instead ThinkTemplate.class.php 第 406 行.
[ 2020-02-06T09:17:57+08:00 ] /abcTest/index.php/Login/checkLogin | NOTIC: [8192] preg_replace(): The /e modifier is deprecated, use preg_replace_callback instead ThinkTemplate.class.php 第 406 行.
[ 2020-02-06T09:17:57+08:00 ] /abcTest/index.php/Login/checkLogin | NOTIC: [8192] preg_replace(): The /e modifier is deprecated, use preg_replace_callback instead ThinkTemplate.class.php 第 406 行.
[ 2020-02-06T09:17:57+08:00 ] /abcTest/index.php/Login/checkLogin | NOTIC: [8192] preg_replace(): The /e modifier is deprecated, use preg_replace_callback instead ThinkTemplate.class.php 第 406 行.
[ 2020-02-06T09:17:57+08:00 ] /abcTest/index.php/Login/checkLogin | NOTIC: [8192] preg_replace(): The /e modifier is deprecated, use preg_replace_callback instead ThinkTemplate.class.php 第 406 行.
[ 2020-02-06T09:17:57+08:00 ] /abcTest/index.php/Login/checkLogin | NOTIC: [8192] preg_replace(): The /e modifier is deprecated, use preg_replace_callback instead ThinkTemplate.class.php 第 406 行.
[ 2020-02-06T09:17:57+08:00 ] /abcTest/index.php/Login/checkLogin | NOTIC: [8192] preg_replace(): The /e modifier is deprecated, use preg_replace_callback instead ThinkTemplate.class.php 第 406 行.
[ 2020-02-06T09:17:57+08:00 ] /abcTest/index.php/Login/checkLogin | NOTIC: [8192] preg_replace(): The /e modifier is deprecated, use preg_replace_callback instead ThinkTemplate.class.php 第 406 行.
[ 2020-02-06T09:17:57+08:00 ] /abcTest/index.php/Login/checkLogin | NOTIC: [8192] preg_replace(): The /e modifier is deprecated, use preg_replace_callback instead ThinkTemplate.class.php 第 406 行.
[ 2020-02-06T09:17:57+08:00 ] /abcTest/index.php/Login/checkLogin | NOTIC: [8192] preg_replace(): The /e modifier is deprecated, use preg_replace_callback instead ThinkTemplate.class.php 第 406 行.
[ 2020-02-06T09:17:57+08:00 ] /abcTest/index.php/Login/checkLogin | NOTIC: [8192] preg_replace(): The /e modifier is deprecated, use preg_replace_callback instead ThinkTemplate.class.php 第 406 行.
[ 2020-02-06T09:17:57+08:00 ] /abcTest/index.php/Login/checkLogin | NOTIC: [8192] preg_replace(): The /e modifier is deprecated, use preg_replace_callback instead ThinkTemplate.class.php 第 406 行.
[ 2020-02-06T09:17:57+08:00 ] /abcTest/index.php/Login/checkLogin | NOTIC: [8192] preg_replace(): The /e modifier is deprecated, use preg_replace_callback instead ThinkTemplate.class.php 第 406 行.
[ 2020-02-06T09:17:57+08:00 ] /abcTest/index.php/Login/checkLogin | NOTIC: [8192] preg_replace(): The /e modifier is deprecated, use preg_replace_callback instead ThinkTemplate.class.php 第 406 行.
[ 2020-02-06T09:17:57+08:00 ] /abcTest/index.php/Login/checkLogin | NOTIC: [8192] preg_replace(): The /e modifier is deprecated, use preg_replace_callback instead ThinkTemplate.class.php 第 406 行.
[ 2020-02-06T09:17:57+08:00 ] /abcTest/index.php/Login/checkLogin | NOTIC: [8192] preg_replace(): The /e modifier is deprecated, use preg_replace_callback instead ThinkTemplate.class.php 第 406 行.
[ 2020-02-06T09:17:57+08:00 ] /abcTest/index.php/Login/checkLogin | NOTIC: [8192] preg_replace(): The /e modifier is deprecated, use preg_replace_callback instead ThinkTemplate.class.php 第 406 行.
[ 2020-02-06T09:17:57+08:00 ] /abcTest/index.php/Login/checkLogin | NOTIC: [8192] preg_replace(): The /e modifier is deprecated, use preg_replace_callback instead ThinkTemplate.class.php 第 406 行.
[ 2020-02-06T09:17:57+08:00 ] /abcTest/index.php/Login/checkLogin | NOTIC: [8192] preg_replace(): The /e modifier is deprecated, use preg_replace_callback instead ThinkTemplate.class.php 第 406 行.
[ 2020-02-06T09:17:57+08:00 ] /abcTest/index.php/Login/checkLogin | NOTIC: [8192] preg_replace(): The /e modifier is deprecated, use preg_replace_callback instead ThinkTemplate.class.php 第 406 行.
[ 2020-02-06T09:17:57+08:00 ] /abcTest/index.php/Login/checkLogin | NOTIC: [8192] preg_replace(): The /e modifier is deprecated, use preg_replace_callback instead ThinkTemplate.class.php 第 406 行.
[ 2020-02-06T09:17:57+08:00 ] /abcTest/index.php/Login/checkLogin | NOTIC: [8192] preg_replace(): The /e modifier is deprecated, use preg_replace_callback instead ThinkTemplate.class.php 第 406 行.
[ 2020-02-06T09:17:57+08:00 ] /abcTest/index.php/Login/checkLogin | NOTIC: [8192] preg_replace(): The /e modifier is deprecated, use preg_replace_callback instead ThinkTemplate.class.php 第 406 行.
[ 2020-02-06T09:17:57+08:00 ] /abcTest/index.php/Login/checkLogin | NOTIC: [8192] preg_replace(): The /e modifier is deprecated, use preg_replace_callback instead ThinkTemplate.class.php 第 406 行.
[ 2020-02-06T09:17:57+08:00 ] /abcTest/index.php/Login/checkLogin | NOTIC: [8192] preg_replace(): The /e modifier is deprecated, use preg_replace_callback instead ThinkTemplate.class.php 第 406 行.
[ 2020-02-06T09:17:57+08:00 ] /abcTest/index.php/Login/checkLogin | NOTIC: [8192] preg_replace(): The /e modifier is deprecated, use preg_replace_callback instead ThinkTemplate.class.php 第 406 行.
[ 2020-02-06T09:17:57+08:00 ] /abcTest/index.php/Login/checkLogin | NOTIC: [8192] preg_replace(): The /e modifier is deprecated, use preg_replace_callback instead ThinkTemplate.class.php 第 406 行.
[ 2020-02-06T09:17:57+08:00 ] /abcTest/index.php/Login/checkLogin | NOTIC: [8192] preg_replace(): The /e modifier is deprecated, use preg_replace_callback instead ThinkTemplate.class.php 第 406 行.
[ 2020-02-06T09:17:57+08:00 ] /abcTest/index.php/Login/checkLogin | NOTIC: [8192] preg_replace(): The /e modifier is deprecated, use preg_replace_callback instead ThinkTemplate.class.php 第 406 行.
[ 2020-02-06T09:17:57+08:00 ] /abcTest/index.php/Login/checkLogin | NOTIC: [8192] preg_replace(): The /e modifier is deprecated, use preg_replace_callback instead ThinkTemplate.class.php 第 406 行.
[ 2020-02-06T09:17:57+08:00 ] /abcTest/index.php/Login/checkLogin | NOTIC: [8192] preg_replace(): The /e modifier is deprecated, use preg_replace_callback instead ThinkTemplate.class.php 第 406 行.
[ 2020-02-06T09:17:57+08:00 ] /abcTest/index.php/Login/checkLogin | NOTIC: [8192] preg_replace(): The /e modifier is deprecated, use preg_replace_callback instead ThinkTemplate.class.php 第 406 行.
[ 2020-02-06T09:17:57+08:00 ] /abcTest/index.php/Login/checkLogin | NOTIC: [8192] preg_replace(): The /e modifier is deprecated, use preg_replace_callback instead ThinkTemplate.class.php 第 406 行.
[ 2020-02-06T09:17:57+08:00 ] /abcTest/index.php/Login/checkLogin | NOTIC: [8192] preg_replace(): The /e modifier is deprecated, use preg_replace_callback instead ThinkTemplate.class.php 第 406 行.
[ 2020-02-06T09:17:57+08:00 ] /abcTest/index.php/Login/checkLogin | NOTIC: [8192] preg_replace(): The /e modifier is deprecated, use preg_replace_callback instead ThinkTemplate.class.php 第 406 行.
[ 2020-02-06T09:17:57+08:00 ] /abcTest/index.php/Login/checkLogin | NOTIC: [8192] preg_replace(): The /e modifier is deprecated, use preg_replace_callback instead ThinkTemplate.class.php 第 406 行.
[ 2020-02-06T09:17:57+08:00 ] /abcTest/index.php/Login/checkLogin | NOTIC: [8192] preg_replace(): The /e modifier is deprecated, use preg_replace_callback instead ThinkTemplate.class.php 第 406 行.
[ 2020-02-06T09:17:57+08:00 ] /abcTest/index.php/Login/checkLogin | NOTIC: [8192] preg_replace(): The /e modifier is deprecated, use preg_replace_callback instead ThinkTemplate.class.php 第 406 行.
[ 2020-02-06T09:17:57+08:00 ] /abcTest/index.php/Login/checkLogin | NOTIC: [8192] preg_replace(): The /e modifier is deprecated, use preg_replace_callback instead ThinkTemplate.class.php 第 406 行.
[ 2020-02-06T09:17:57+08:00 ] /abcTest/index.php/Login/checkLogin | NOTIC: [8192] preg_replace(): The /e modifier is deprecated, use preg_replace_callback instead ThinkTemplate.class.php 第 406 行.
[ 2020-02-06T09:17:57+08:00 ] /abcTest/index.php/Login/checkLogin | NOTIC: [8192] preg_replace(): The /e modifier is deprecated, use preg_replace_callback instead ThinkTemplate.class.php 第 406 行.
[ 2020-02-06T09:17:57+08:00 ] /abcTest/index.php/Login/checkLogin | NOTIC: [8192] preg_replace(): The /e modifier is deprecated, use preg_replace_callback instead ThinkTemplate.class.php 第 406 行.
[ 2020-02-06T09:17:57+08:00 ] /abcTest/index.php/Login/checkLogin | NOTIC: [8192] preg_replace(): The /e modifier is deprecated, use preg_replace_callback instead ThinkTemplate.class.php 第 402 行.
[ 2020-02-06T09:17:57+08:00 ] /abcTest/index.php/Login/checkLogin | NOTIC: [8192] preg_replace(): The /e modifier is deprecated, use preg_replace_callback instead ThinkTemplate.class.php 第 402 行.
[ 2020-02-06T09:17:57+08:00 ] /abcTest/index.php/Login/checkLogin | NOTIC: [8192] preg_replace(): The /e modifier is deprecated, use preg_replace_callback instead ThinkTemplate.class.php 第 402 行.
[ 2020-02-06T09:17:57+08:00 ] /abcTest/index.php/Login/checkLogin | NOTIC: [8192] preg_replace(): The /e modifier is deprecated, use preg_replace_callback instead ThinkTemplate.class.php 第 402 行.
[ 2020-02-06T09:17:57+08:00 ] /abcTest/index.php/Login/checkLogin | NOTIC: [8192] preg_replace(): The /e modifier is deprecated, use preg_replace_callback instead ThinkTemplate.class.php 第 402 行.
[ 2020-02-06T09:17:57+08:00 ] /abcTest/index.php/Login/checkLogin | NOTIC: [8192] preg_replace(): The /e modifier is deprecated, use preg_replace_callback instead ThinkTemplate.class.php 第 402 行.
[ 2020-02-06T09:17:57+08:00 ] /abcTest/index.php/Login/checkLogin | NOTIC: [8192] preg_replace(): The /e modifier is deprecated, use preg_replace_callback instead ThinkTemplate.class.php 第 406 行.
[ 2020-02-06T09:17:57+08:00 ] /abcTest/index.php/Login/checkLogin | NOTIC: [8192] preg_replace(): The /e modifier is deprecated, use preg_replace_callback instead ThinkTemplate.class.php 第 406 行.
[ 2020-02-06T09:17:57+08:00 ] /abcTest/index.php/Login/checkLogin | NOTIC: [8192] preg_replace(): The /e modifier is deprecated, use preg_replace_callback instead ThinkTemplate.class.php 第 406 行.
[ 2020-02-06T09:17:57+08:00 ] /abcTest/index.php/Login/checkLogin | NOTIC: [8192] preg_replace(): The /e modifier is deprecated, use preg_replace_callback instead ThinkTemplate.class.php 第 220 行.
[ 2020-02-06T09:17:57+08:00 ] /abcTest/index.php/Login/checkLogin | NOTIC: [8192] preg_replace(): The /e modifier is deprecated, use preg_replace_callback instead ThinkTemplate.class.php 第 154 行.
[ 2020-02-06T09:17:57+08:00 ] /abcTest/index.php/Login/checkLogin | INFO: Run ParseTemplate Behavior [ RunTime:0.093301s ]
[ 2020-02-06T09:17:57+08:00 ] /abcTest/index.php/Login/checkLogin | INFO: Tag[ view_parse ] --END-- [ RunTime:0.093600s ]
[ 2020-02-06T09:17:57+08:00 ] /abcTest/index.php/Login/checkLogin | INFO: Tag[ view_filter ] --START--
[ 2020-02-06T09:17:57+08:00 ] /abcTest/index.php/Login/checkLogin | INFO: Run ContentReplace Behavior [ RunTime:0.000878s ]
[ 2020-02-06T09:17:57+08:00 ] /abcTest/index.php/Login/checkLogin | INFO: Run TokenBuild Behavior [ RunTime:0.000968s ]
[ 2020-02-06T09:17:57+08:00 ] /abcTest/index.php/Login/checkLogin | INFO: Run WriteHtmlCache Behavior [ RunTime:0.000608s ]
[ 2020-02-06T09:17:57+08:00 ] /abcTest/index.php/Login/checkLogin | INFO: Run ShowRuntime Behavior [ RunTime:0.001141s ]
[ 2020-02-06T09:17:57+08:00 ] /abcTest/index.php/Login/checkLogin | INFO: Tag[ view_filter ] --END-- [ RunTime:0.004114s ]
[ 2020-02-06T09:17:57+08:00 ] /abcTest/index.php/Login/checkLogin | INFO: Tag[ view_end ] --START--
[ 2020-02-06T09:17:57+08:00 ] /abcTest/index.php/Login/checkLogin | INFO: Run ShowPageTrace Behavior [ RunTime:0.000900s ]
[ 2020-02-06T09:17:57+08:00 ] /abcTest/index.php/Login/checkLogin | INFO: Tag[ view_end ] --END-- [ RunTime:0.001080s ]
[ 2020-02-06T09:17:57+08:00 ] /abcTest/index.php/Login/checkLogin | NOTIC: [8] Use of undefined constant adminName - assumed 'adminName' LoginAction.class.php 第 27 行.
